CPU: [AMD Ryzen 9 5900X 12-Core Processor]
12 threads with OpenMP
Training data: (2000,784) 6.0 MB
Validation data: (5000,784) 15.0 MB
Testing data: (10000,784) 29.9 MB
Network: mnistga-ff
Input, shape:[28,28], parameters: 0, memory:3.1 KB
Dense(softmax), shape:[10], parameters:7850, memory:61.3 KB

Number of bits in each bitstring: 200
Evolving 200 members for 150 generations...
Generation   1, time: 17.20s, fitness max: 0.607411, min: 0.295065, mean: 0.456005
Generation   2, time: 14.42s, fitness max: 0.607411, min: 0.279041, mean: 0.459787
Generation   3, time: 14.58s, fitness max: 0.607411, min: 0.285035, mean: 0.469747
Generation   4, time: 15.52s, fitness max: 0.607411, min: 0.298281, mean: 0.472485
Generation   5, time: 17.48s, fitness max: 0.607411, min: 0.339732, mean: 0.482551
Generation   6, time: 17.75s, fitness max: 0.607411, min: 0.310246, mean: 0.482273
Generation   7, time: 16.31s, fitness max: 0.607411, min: 0.292999, mean: 0.489939
Generation   8, time: 16.75s, fitness max: 0.614152, min: 0.355621, mean: 0.496564
Generation   9, time: 15.23s, fitness max: 0.614491, min: 0.326862, mean: 0.503315
Generation  10, time: 16.73s, fitness max: 0.618565, min: 0.329322, mean: 0.505143
Generation  11, time: 17.06s, fitness max: 0.620611, min: 0.342693, mean: 0.509800
Generation  12, time: 15.89s, fitness max: 0.634734, min: 0.348463, mean: 0.506023
Generation  13, time: 17.13s, fitness max: 0.634734, min: 0.369385, mean: 0.515145
Generation  14, time: 18.30s, fitness max: 0.634734, min: 0.334494, mean: 0.513137
Generation  15, time: 16.16s, fitness max: 0.634734, min: 0.348033, mean: 0.522610
Generation  16, time: 16.63s, fitness max: 0.634734, min: 0.312605, mean: 0.525299
Generation  17, time: 18.53s, fitness max: 0.634734, min: 0.379410, mean: 0.533135
Generation  18, time: 18.11s, fitness max: 0.634734, min: 0.371419, mean: 0.528582
Generation  19, time: 19.18s, fitness max: 0.638217, min: 0.328500, mean: 0.528158
Generation  20, time: 18.00s, fitness max: 0.638217, min: 0.372552, mean: 0.533522
Generation  21, time: 16.37s, fitness max: 0.638217, min: 0.408349, mean: 0.544015
Generation  22, time: 18.09s, fitness max: 0.638217, min: 0.356496, mean: 0.536681
Generation  23, time: 18.33s, fitness max: 0.638217, min: 0.349540, mean: 0.533658
Generation  24, time: 18.30s, fitness max: 0.638217, min: 0.331590, mean: 0.545684
Generation  25, time: 17.92s, fitness max: 0.638217, min: 0.369385, mean: 0.545362
Generation  26, time: 19.00s, fitness max: 0.644878, min: 0.412272, mean: 0.549702
Generation  27, time: 19.54s, fitness max: 0.646993, min: 0.422461, mean: 0.547840
Generation  28, time: 21.61s, fitness max: 0.646993, min: 0.425734, mean: 0.550652
Generation  29, time: 19.91s, fitness max: 0.646993, min: 0.354093, mean: 0.548637
Generation  30, time: 20.96s, fitness max: 0.648052, min: 0.419209, mean: 0.552507
Generation  31, time: 18.48s, fitness max: 0.648052, min: 0.395330, mean: 0.551963
Generation  32, time: 19.40s, fitness max: 0.648052, min: 0.391065, mean: 0.552008
Generation  33, time: 19.48s, fitness max: 0.648052, min: 0.403246, mean: 0.555189
Generation  34, time: 17.79s, fitness max: 0.648052, min: 0.465796, mean: 0.565686
Generation  35, time: 16.77s, fitness max: 0.664472, min: 0.393904, mean: 0.562892
Generation  36, time: 15.71s, fitness max: 0.664472, min: 0.405669, mean: 0.562570
Generation  37, time: 15.36s, fitness max: 0.664472, min: 0.378030, mean: 0.569973
Generation  38, time: 18.70s, fitness max: 0.664472, min: 0.423466, mean: 0.571318
Generation  39, time: 18.61s, fitness max: 0.664472, min: 0.451062, mean: 0.572037
Generation  40, time: 16.96s, fitness max: 0.664472, min: 0.445797, mean: 0.573521
Generation  41, time: 17.86s, fitness max: 0.664472, min: 0.448423, mean: 0.578242
Generation  42, time: 19.49s, fitness max: 0.664472, min: 0.436703, mean: 0.578422
Generation  43, time: 18.09s, fitness max: 0.668447, min: 0.430298, mean: 0.580270
Generation  44, time: 19.69s, fitness max: 0.668447, min: 0.481191, mean: 0.588217
Generation  45, time: 16.93s, fitness max: 0.672442, min: 0.471796, mean: 0.587469
Generation  46, time: 17.18s, fitness max: 0.672442, min: 0.482306, mean: 0.588186
Generation  47, time: 18.96s, fitness max: 0.672442, min: 0.424221, mean: 0.588145
Generation  48, time: 20.09s, fitness max: 0.672442, min: 0.444228, mean: 0.589277
Generation  49, time: 16.10s, fitness max: 0.672442, min: 0.438768, mean: 0.595931
Generation  50, time: 19.22s, fitness max: 0.672442, min: 0.473718, mean: 0.597794
Generation  51, time: 25.52s, fitness max: 0.672442, min: 0.459051, mean: 0.599138
Generation  52, time: 16.67s, fitness max: 0.672442, min: 0.417217, mean: 0.604432
Generation  53, time: 19.42s, fitness max: 0.672442, min: 0.475095, mean: 0.600505
Generation  54, time: 19.82s, fitness max: 0.672442, min: 0.457177, mean: 0.598203
Generation  55, time: 17.59s, fitness max: 0.682327, min: 0.480356, mean: 0.601241
Generation  56, time: 17.39s, fitness max: 0.683802, min: 0.485103, mean: 0.601062
Generation  57, time: 18.51s, fitness max: 0.683802, min: 0.475923, mean: 0.604293
Generation  58, time: 19.13s, fitness max: 0.687869, min: 0.502444, mean: 0.602090
Generation  59, time: 18.20s, fitness max: 0.687869, min: 0.484822, mean: 0.609505
Generation  60, time: 22.06s, fitness max: 0.687869, min: 0.514964, mean: 0.612766
Generation  61, time: 20.08s, fitness max: 0.687869, min: 0.473168, mean: 0.616392
Generation  62, time: 19.65s, fitness max: 0.687869, min: 0.481191, mean: 0.613737
Generation  63, time: 18.04s, fitness max: 0.687869, min: 0.510861, mean: 0.616245
Generation  64, time: 19.02s, fitness max: 0.699812, min: 0.469334, mean: 0.614527
Generation  65, time: 19.40s, fitness max: 0.699812, min: 0.506493, mean: 0.611699
Generation  66, time: 19.85s, fitness max: 0.699812, min: 0.485103, mean: 0.616168
Generation  67, time: 17.75s, fitness max: 0.699812, min: 0.487631, mean: 0.618684
Generation  68, time: 19.62s, fitness max: 0.699812, min: 0.493002, mean: 0.619368
Generation  69, time: 17.21s, fitness max: 0.699812, min: 0.507074, mean: 0.621737
Generation  70, time: 20.86s, fitness max: 0.699812, min: 0.481748, mean: 0.622785
Generation  71, time: 20.63s, fitness max: 0.699812, min: 0.482864, mean: 0.623548
Generation  72, time: 18.89s, fitness max: 0.699812, min: 0.532245, mean: 0.623749
Generation  73, time: 19.43s, fitness max: 0.699812, min: 0.504465, mean: 0.622316
Generation  74, time: 17.50s, fitness max: 0.699812, min: 0.501004, mean: 0.623710
Generation  75, time: 17.69s, fitness max: 0.699812, min: 0.544738, mean: 0.629445
Generation  76, time: 20.41s, fitness max: 0.699812, min: 0.482585, mean: 0.630378
Generation  77, time: 17.36s, fitness max: 0.699812, min: 0.554340, mean: 0.631244
Generation  78, time: 20.10s, fitness max: 0.699812, min: 0.551228, mean: 0.632793
Generation  79, time: 18.23s, fitness max: 0.699812, min: 0.523250, mean: 0.630715
Generation  80, time: 20.34s, fitness max: 0.699812, min: 0.554028, mean: 0.632480
Generation  81, time: 17.67s, fitness max: 0.699812, min: 0.543816, mean: 0.633480
Generation  82, time: 17.40s, fitness max: 0.699812, min: 0.543816, mean: 0.630438
Generation  83, time: 19.57s, fitness max: 0.699812, min: 0.494708, mean: 0.632963
Generation  84, time: 20.55s, fitness max: 0.699812, min: 0.505913, mean: 0.638892
Generation  85, time: 19.25s, fitness max: 0.699812, min: 0.528032, mean: 0.636053
Generation  86, time: 18.12s, fitness max: 0.699812, min: 0.542282, mean: 0.638534
Generation  87, time: 18.99s, fitness max: 0.699812, min: 0.560605, mean: 0.641060
Generation  88, time: 17.68s, fitness max: 0.699812, min: 0.500142, mean: 0.639552
Generation  89, time: 19.12s, fitness max: 0.699812, min: 0.480912, mean: 0.643075
Generation  90, time: 17.68s, fitness max: 0.699812, min: 0.543509, mean: 0.640041
Generation  91, time: 17.37s, fitness max: 0.705846, min: 0.544738, mean: 0.645679
Generation  92, time: 19.99s, fitness max: 0.705846, min: 0.486506, mean: 0.639662
Generation  93, time: 19.44s, fitness max: 0.705846, min: 0.512616, mean: 0.642156
Generation  94, time: 19.11s, fitness max: 0.705846, min: 0.540446, mean: 0.643000
Generation  95, time: 17.81s, fitness max: 0.705846, min: 0.536789, mean: 0.641958
Generation  96, time: 18.65s, fitness max: 0.705846, min: 0.570110, mean: 0.647211
Generation  97, time: 18.58s, fitness max: 0.705846, min: 0.542589, mean: 0.645397
Generation  98, time: 20.14s, fitness max: 0.705846, min: 0.557465, mean: 0.650249
Generation  99, time: 19.93s, fitness max: 0.705846, min: 0.570748, mean: 0.648602
Generation 100, time: 19.12s, fitness max: 0.705846, min: 0.543816, mean: 0.649660
Generation 101, time: 22.40s, fitness max: 0.705846, min: 0.572666, mean: 0.653083
Generation 102, time: 20.91s, fitness max: 0.705846, min: 0.563128, mean: 0.651140
Generation 103, time: 16.22s, fitness max: 0.705846, min: 0.553405, mean: 0.652618
Generation 104, time: 16.45s, fitness max: 0.710779, min: 0.559662, mean: 0.656930
Generation 105, time: 16.87s, fitness max: 0.710779, min: 0.581686, mean: 0.653816
Generation 106, time: 18.14s, fitness max: 0.710779, min: 0.563443, mean: 0.652637
Generation 107, time: 21.60s, fitness max: 0.710779, min: 0.576196, mean: 0.653527
Generation 108, time: 17.80s, fitness max: 0.710779, min: 0.565025, mean: 0.656626
Generation 109, time: 19.15s, fitness max: 0.710779, min: 0.569473, mean: 0.659500
Generation 110, time: 19.36s, fitness max: 0.713065, min: 0.577162, mean: 0.655975
Generation 111, time: 18.81s, fitness max: 0.713065, min: 0.577162, mean: 0.656680
Generation 112, time: 18.62s, fitness max: 0.716505, min: 0.553093, mean: 0.653629
Generation 113, time: 21.29s, fitness max: 0.716505, min: 0.553405, mean: 0.658200
Generation 114, time: 21.10s, fitness max: 0.716505, min: 0.586890, mean: 0.660144
Generation 115, time: 22.44s, fitness max: 0.716505, min: 0.531641, mean: 0.659802
Generation 116, time: 21.29s, fitness max: 0.716888, min: 0.591803, mean: 0.663279
Generation 117, time: 19.72s, fitness max: 0.716888, min: 0.567245, mean: 0.664163
Generation 118, time: 20.55s, fitness max: 0.716888, min: 0.544431, mean: 0.665508
Generation 119, time: 17.64s, fitness max: 0.716888, min: 0.576518, mean: 0.664243
Generation 120, time: 19.36s, fitness max: 0.716888, min: 0.560605, mean: 0.667992
Generation 121, time: 18.82s, fitness max: 0.718421, min: 0.587217, mean: 0.666031
Generation 122, time: 18.48s, fitness max: 0.720342, min: 0.543509, mean: 0.664205
Generation 123, time: 19.95s, fitness max: 0.720342, min: 0.584609, mean: 0.667909
Generation 124, time: 20.93s, fitness max: 0.720342, min: 0.568835, mean: 0.671241
Generation 125, time: 21.55s, fitness max: 0.720342, min: 0.524740, mean: 0.668719
Generation 126, time: 20.39s, fitness max: 0.720342, min: 0.591475, mean: 0.670609
Generation 127, time: 21.37s, fitness max: 0.720342, min: 0.584609, mean: 0.669687
Generation 128, time: 18.74s, fitness max: 0.722653, min: 0.582334, mean: 0.670661
Generation 129, time: 16.84s, fitness max: 0.722653, min: 0.579420, mean: 0.670013
Generation 130, time: 18.80s, fitness max: 0.722653, min: 0.557779, mean: 0.671747
Generation 131, time: 18.33s, fitness max: 0.722653, min: 0.592790, mean: 0.673122
Generation 132, time: 19.29s, fitness max: 0.722653, min: 0.586890, mean: 0.672975
Generation 133, time: 19.02s, fitness max: 0.722653, min: 0.603062, mean: 0.674905
Generation 134, time: 19.28s, fitness max: 0.722653, min: 0.580714, mean: 0.675528
Generation 135, time: 18.57s, fitness max: 0.722653, min: 0.612461, mean: 0.676919
Generation 136, time: 19.42s, fitness max: 0.722653, min: 0.608419, mean: 0.677350
Generation 137, time: 19.62s, fitness max: 0.722653, min: 0.612123, mean: 0.677651
Generation 138, time: 20.96s, fitness max: 0.722653, min: 0.611786, mean: 0.676122
Generation 139, time: 20.37s, fitness max: 0.722653, min: 0.573948, mean: 0.676953
Generation 140, time: 19.55s, fitness max: 0.722653, min: 0.567245, mean: 0.674681
Generation 141, time: 18.53s, fitness max: 0.722653, min: 0.564708, mean: 0.675661
Generation 142, time: 16.72s, fitness max: 0.722653, min: 0.603062, mean: 0.679917
Generation 143, time: 17.73s, fitness max: 0.722653, min: 0.614152, mean: 0.677408
Generation 144, time: 20.69s, fitness max: 0.722653, min: 0.560920, mean: 0.677331
Generation 145, time: 18.76s, fitness max: 0.722653, min: 0.536789, mean: 0.675958
Generation 146, time: 16.74s, fitness max: 0.722653, min: 0.607076, mean: 0.677712
Generation 147, time: 17.20s, fitness max: 0.722653, min: 0.602395, mean: 0.677210
Generation 148, time: 18.38s, fitness max: 0.722653, min: 0.612799, mean: 0.675885
Generation 149, time: 17.90s, fitness max: 0.722653, min: 0.610774, mean: 0.677093
Generation 150, time: 16.59s, fitness max: 0.723810, min: 0.566293, mean: 0.678641
Evolution finished, top-10 members:
member   1, fitness=0.72381
member   2, fitness=0.722653
member   3, fitness=0.721882
member   4, fitness=0.721497
member   5, fitness=0.720342
member   6, fitness=0.720342
member   7, fitness=0.718421
member   8, fitness=0.716122
member   9, fitness=0.710018
member  10, fitness=0.709258
Trained in  0.20s.
Validation set predicted with 0.8656 accuracy.
Test set
Accuracy  = 0.8342
Precision = 0.835989
Recall    = 0.832526
F1        = 0.834254
Confusion matrix:
 909    0   14    4    1   14   30    2    6    0
   0 1020   16   22    7   37   10    6   14    3
  14    1  890   12   18    1   19   27   44    6
  15    0   45  794    3   68   12   48   14   11
   3    1   13    1  834    7   10   25   18   70
  23    1   11   37   10  688   43   40   27   12
  18    2   58    0   24   13  836    4    3    0
   2    7   52    3    7    2    0  934    1   20
  19    7   35   42   12   76   19   37  688   39
  19    2   17   18   38   21    5  125   15  749
CNN trained in  2.85s.
Accuracy  = 0.8661
Precision = 0.872826
Recall    = 0.866235
F1        = 0.869518
Confusion matrix:
 895    0    7    0    1    3   56   11    4    3
   5 1037    6    3    5   15   15   30   18    1
   5    0  933    8    7    2   13   38   24    2
   2    0   46  741   15   87   14   58   16   31
   7    1   20    0  853    6   16   30   14   35
   2    1    0    3    3  826   32   18    4    3
   9    2   15    1    7   11  906    0    3    4
   0    0   48    0   16    0    0  943    2   19
  18    5   30   14   10   40   38   51  748   20
  11    2    7    4   56   24    9  106   11  779
