Network: c10-bpga-cnn
Input, shape:[32,32,3], parameters: 0, memory:12.0 KB
Conv2D(ReLU), shape:[28,28,32] (k:5,s:1,pad:no), parameters:2400, memory:116.8 KB
Maxpool2D shape:[14,14,32] (k:2,s:2), parameters:0, memory:24.5 KB
Conv2D(ReLU), shape:[12,12,64] (k:3,s:1,pad:no), parameters:18432, memory:180.0 KB
Maxpool2D shape:[6,6,64] (k:2,s:2), parameters:0, memory:9.0 KB
Conv2D(ReLU), shape:[4,4,128] (k:3,s:1,pad:no), parameters:73728, memory:584.0 KB
Maxpool2D shape:[2,2,128] (k:2,s:2), parameters:0, memory:2.0 KB
Dense(ReLU), shape:[128], parameters:65664, memory:513.0 KB
Dropout, ratio:0.5, shape:[128], parameters:0, memory:512 bytes
Dense(softmax), shape:[10], parameters:1290, memory:10.1 KB

Mutation probability: 0.2
Learning rate: 0.0005

SEED=48
epochs: 5, accuracy (training, validation, test): 0.67845, 0.6509, 0.6449
epochs: 10, accuracy (training, validation, test): 0.77815, 0.7065, 0.7034
epochs: 15, accuracy (training, validation, test): 0.837975, 0.7267, 0.722
epochs: 20, accuracy (training, validation, test): 0.88405, 0.7343, 0.7298
epochs: 25, accuracy (training, validation, test): 0.9108, 0.734, 0.7283
epochs: 30, accuracy (training, validation, test): 0.9355, 0.7323, 0.7288
epochs: 35, accuracy (training, validation, test): 0.94455, 0.7262, 0.7207
epochs: 40, accuracy (training, validation, test): 0.95525, 0.7262, 0.7223
epochs: 45, accuracy (training, validation, test): 0.9513, 0.7202, 0.715
epochs: 50, accuracy (training, validation, test): 0.970875, 0.7239, 0.7249
epochs: 55, accuracy (training, validation, test): 0.972675, 0.7292, 0.7221
epochs: 60, accuracy (training, validation, test): 0.980075, 0.7265, 0.7232
epochs: 65, accuracy (training, validation, test): 0.974725, 0.7215, 0.7212
epochs: 70, accuracy (training, validation, test): 0.979875, 0.7168, 0.7176
epochs: 75, accuracy (training, validation, test): 0.978175, 0.718, 0.713
epochs: 80, accuracy (training, validation, test): 0.985875, 0.7206, 0.7118
epochs: 85, accuracy (training, validation, test): 0.986925, 0.7219, 0.7128
epochs: 90, accuracy (training, validation, test): 0.9873, 0.7197, 0.7179
epochs: 95, accuracy (training, validation, test): 0.98675, 0.7154, 0.7135
epochs: 100, accuracy (training, validation, test): 0.9934, 0.7269, 0.7262
epochs: 105, accuracy (training, validation, test): 0.9923, 0.7207, 0.7131
epochs: 110, accuracy (training, validation, test): 0.988225, 0.7145, 0.7169
epochs: 115, accuracy (training, validation, test): 0.992975, 0.7172, 0.7138
epochs: 120, accuracy (training, validation, test): 0.99095, 0.7149, 0.7162
epochs: 125, accuracy (training, validation, test): 0.9915, 0.718, 0.7092
epochs: 130, accuracy (training, validation, test): 0.9923, 0.7182, 0.7113
epochs: 135, accuracy (training, validation, test): 0.993625, 0.7162, 0.714
epochs: 140, accuracy (training, validation, test): 0.987025, 0.7142, 0.711
epochs: 145, accuracy (training, validation, test): 0.989225, 0.712, 0.7104
epochs: 150, accuracy (training, validation, test): 0.989625, 0.7153, 0.7127
epochs: 155, accuracy (training, validation, test): 0.994175, 0.7172, 0.7184
epochs: 160, accuracy (training, validation, test): 0.995275, 0.7225, 0.7174
epochs: 165, accuracy (training, validation, test): 0.995325, 0.7204, 0.7207
epochs: 170, accuracy (training, validation, test): 0.993575, 0.7203, 0.7149
epochs: 175, accuracy (training, validation, test): 0.99435, 0.7214, 0.7176
epochs: 180, accuracy (training, validation, test): 0.9955, 0.7225, 0.7173
epochs: 185, accuracy (training, validation, test): 0.995975, 0.7207, 0.7146
epochs: 190, accuracy (training, validation, test): 0.995275, 0.7211, 0.7124
epochs: 195, accuracy (training, validation, test): 0.99625, 0.7212, 0.7173
epochs: 200, accuracy (training, validation, test): 0.99595, 0.7195, 0.7149
epochs: 205, accuracy (training, validation, test): 0.993175, 0.7132, 0.7124
epochs: 210, accuracy (training, validation, test): 0.994, 0.7146, 0.7108
epochs: 215, accuracy (training, validation, test): 0.992975, 0.7113, 0.7148
epochs: 220, accuracy (training, validation, test): 0.992575, 0.7103, 0.7134
epochs: 225, accuracy (training, validation, test): 0.994275, 0.7133, 0.7113
epochs: 230, accuracy (training, validation, test): 0.995875, 0.719, 0.719
epochs: 235, accuracy (training, validation, test): 0.9909, 0.7092, 0.7054
epochs: 240, accuracy (training, validation, test): 0.995925, 0.7179, 0.716
epochs: 245, accuracy (training, validation, test): 0.993625, 0.7143, 0.7133
epochs: 250, accuracy (training, validation, test): 0.992375, 0.7122, 0.7085
epochs: 255, accuracy (training, validation, test): 0.995225, 0.7142, 0.7097
epochs: 260, accuracy (training, validation, test): 0.995075, 0.7178, 0.7138
epochs: 265, accuracy (training, validation, test): 0.99585, 0.7079, 0.7148
epochs: 270, accuracy (training, validation, test): 0.996, 0.7099, 0.718
epochs: 275, accuracy (training, validation, test): 0.99615, 0.711, 0.7134
epochs: 280, accuracy (training, validation, test): 0.9962, 0.7109, 0.719
epochs: 285, accuracy (training, validation, test): 0.9956, 0.7112, 0.7151
epochs: 290, accuracy (training, validation, test): 0.98975, 0.702, 0.708
epochs: 295, accuracy (training, validation, test): 0.99595, 0.7073, 0.7137
epochs: 300, accuracy (training, validation, test): 0.996675, 0.7123, 0.7163
epochs: 305, accuracy (training, validation, test): 0.995475, 0.7099, 0.7121
epochs: 310, accuracy (training, validation, test): 0.995225, 0.7105, 0.7107
epochs: 315, accuracy (training, validation, test): 0.995525, 0.7098, 0.7109
epochs: 320, accuracy (training, validation, test): 0.994375, 0.7075, 0.7107
epochs: 325, accuracy (training, validation, test): 0.992, 0.71, 0.7103
epochs: 330, accuracy (training, validation, test): 0.9959, 0.7112, 0.7159
epochs: 335, accuracy (training, validation, test): 0.9952, 0.7119, 0.7174
