Network: c10-bpga-cnn
Input, shape:[32,32,3], parameters: 0, memory:12.0 KB
Conv2D(ReLU), shape:[28,28,32] (k:5,s:1,pad:no), parameters:2400, memory:116.8 KB
Maxpool2D shape:[14,14,32] (k:2,s:2), parameters:0, memory:24.5 KB
Conv2D(ReLU), shape:[12,12,64] (k:3,s:1,pad:no), parameters:18432, memory:180.0 KB
Maxpool2D shape:[6,6,64] (k:2,s:2), parameters:0, memory:9.0 KB
Conv2D(ReLU), shape:[4,4,128] (k:3,s:1,pad:no), parameters:73728, memory:584.0 KB
Maxpool2D shape:[2,2,128] (k:2,s:2), parameters:0, memory:2.0 KB
Dense(ReLU), shape:[128], parameters:65664, memory:513.0 KB
Dense(softmax), shape:[10], parameters:1290, memory:10.1 KB

Mutation probability: 0.2
Learning rate: 0.0005

SEED=48
epochs: 5, accuracy (training, validation, test): 0.72535, 0.6637, 0.6668
epochs: 10, accuracy (training, validation, test): 0.83095, 0.7043, 0.6992
epochs: 15, accuracy (training, validation, test): 0.894, 0.7021, 0.6999
epochs: 20, accuracy (training, validation, test): 0.949225, 0.7039, 0.6983
epochs: 25, accuracy (training, validation, test): 0.9649, 0.6973, 0.6951
epochs: 30, accuracy (training, validation, test): 0.9734, 0.6939, 0.6915
epochs: 35, accuracy (training, validation, test): 0.9754, 0.6881, 0.6831
epochs: 40, accuracy (training, validation, test): 0.97295, 0.687, 0.6869
epochs: 45, accuracy (training, validation, test): 0.96785, 0.6903, 0.6852
epochs: 50, accuracy (training, validation, test): 0.9838, 0.6965, 0.6877
epochs: 55, accuracy (training, validation, test): 0.9747, 0.6886, 0.685
epochs: 60, accuracy (training, validation, test): 0.9805, 0.688, 0.6903
epochs: 65, accuracy (training, validation, test): 0.98405, 0.6871, 0.6894
epochs: 70, accuracy (training, validation, test): 0.98365, 0.6928, 0.6853
epochs: 75, accuracy (training, validation, test): 0.984475, 0.6878, 0.6845
epochs: 80, accuracy (training, validation, test): 0.98305, 0.6908, 0.6939
epochs: 85, accuracy (training, validation, test): 0.9862, 0.6851, 0.689
epochs: 90, accuracy (training, validation, test): 0.981475, 0.6863, 0.6884
epochs: 95, accuracy (training, validation, test): 0.984975, 0.6828, 0.6833
epochs: 100, accuracy (training, validation, test): 0.9764, 0.6914, 0.6871
epochs: 105, accuracy (training, validation, test): 0.9888, 0.6897, 0.6871
epochs: 110, accuracy (training, validation, test): 0.985925, 0.6887, 0.6895
epochs: 115, accuracy (training, validation, test): 0.98865, 0.6903, 0.6877
epochs: 120, accuracy (training, validation, test): 0.9915, 0.6907, 0.6962
epochs: 125, accuracy (training, validation, test): 0.984425, 0.687, 0.6872
epochs: 130, accuracy (training, validation, test): 0.982825, 0.6928, 0.6883
epochs: 135, accuracy (training, validation, test): 0.993, 0.6966, 0.6926
epochs: 140, accuracy (training, validation, test): 0.9874, 0.6898, 0.6916
epochs: 145, accuracy (training, validation, test): 0.987675, 0.6894, 0.6846
epochs: 150, accuracy (training, validation, test): 0.9877, 0.6857, 0.6877
epochs: 155, accuracy (training, validation, test): 0.9879, 0.6863, 0.6891
epochs: 160, accuracy (training, validation, test): 0.988775, 0.687, 0.6896
epochs: 165, accuracy (training, validation, test): 0.988875, 0.6901, 0.6873
epochs: 170, accuracy (training, validation, test): 0.98175, 0.6871, 0.6816
epochs: 175, accuracy (training, validation, test): 0.990625, 0.6969, 0.6888
epochs: 180, accuracy (training, validation, test): 0.993625, 0.7033, 0.6882
epochs: 185, accuracy (training, validation, test): 0.99065, 0.6926, 0.692
epochs: 190, accuracy (training, validation, test): 0.9914, 0.6894, 0.6872
epochs: 195, accuracy (training, validation, test): 0.99255, 0.6952, 0.6921
epochs: 200, accuracy (training, validation, test): 0.993475, 0.6945, 0.6884
epochs: 205, accuracy (training, validation, test): 0.989525, 0.6929, 0.6897
epochs: 210, accuracy (training, validation, test): 0.989475, 0.6971, 0.692
epochs: 215, accuracy (training, validation, test): 0.99315, 0.6905, 0.6931
epochs: 220, accuracy (training, validation, test): 0.983775, 0.6863, 0.6828
epochs: 225, accuracy (training, validation, test): 0.989375, 0.694, 0.6892
epochs: 230, accuracy (training, validation, test): 0.9965, 0.6995, 0.6958
epochs: 235, accuracy (training, validation, test): 0.993275, 0.6969, 0.6924
epochs: 240, accuracy (training, validation, test): 0.995025, 0.695, 0.6906
epochs: 245, accuracy (training, validation, test): 0.993425, 0.6935, 0.6904
epochs: 250, accuracy (training, validation, test): 0.9912, 0.6918, 0.6886
epochs: 255, accuracy (training, validation, test): 0.9872, 0.6968, 0.6899
epochs: 260, accuracy (training, validation, test): 0.9867, 0.6839, 0.6826
epochs: 265, accuracy (training, validation, test): 0.994875, 0.6937, 0.691
epochs: 270, accuracy (training, validation, test): 0.991475, 0.6909, 0.6841
epochs: 275, accuracy (training, validation, test): 0.995675, 0.6967, 0.6948
epochs: 280, accuracy (training, validation, test): 0.979, 0.6779, 0.6721
epochs: 285, accuracy (training, validation, test): 0.9917, 0.6971, 0.6938
epochs: 290, accuracy (training, validation, test): 0.993575, 0.6933, 0.6901
epochs: 295, accuracy (training, validation, test): 0.99165, 0.6921, 0.6883
epochs: 300, accuracy (training, validation, test): 0.994, 0.6993, 0.6953
epochs: 305, accuracy (training, validation, test): 0.9958, 0.6982, 0.694
epochs: 310, accuracy (training, validation, test): 0.9934, 0.697, 0.6883
epochs: 315, accuracy (training, validation, test): 0.993725, 0.6957, 0.6872
epochs: 320, accuracy (training, validation, test): 0.995425, 0.7024, 0.6948
