Network: mnist-bpga-mlp
Input, shape:[28,28], parameters: 0, memory:3.1 KB
Dense(ReLU), shape:[64], parameters:50240, memory:392.5 KB
Dense(softmax), shape:[10], parameters:650, memory:5.1 KB

Mutation probability: 0.2
Learning rate: 0.4

SEED=48
1 epochs, accuracy: training=0.11384, validation=0.1064, test=0.1138
Stats for mnist-bpga-mlp
Layer 1 Dense
variance : 0.00383883
magnitude: 14.4713
min: -0.643443
max: 0.565235
w:-0.64,1
w:-0.58,3
w:-0.52,8
w:-0.46,9
w:-0.40,15
w:-0.34,18
w:-0.28,44
w:-0.22,103
w:-0.16,327
w:-0.10,8750
w:-0.04,16811
w:0.02,17304
w:0.08,5806
w:0.14,681
w:0.20,154
w:0.26,88
w:0.32,35
w:0.38,10
w:0.44,7
w:0.50,2
Layer 2 Dense(softmax)
variance : 0.073864
magnitude: 6.87606
min: -2.51369
max: 1.03906
w:-2.51,2
w:-2.34,0
w:-2.16,0
w:-1.98,0
w:-1.80,0
w:-1.63,0
w:-1.45,1
w:-1.27,1
w:-1.09,0
w:-0.91,2
w:-0.74,5
w:-0.56,11
w:-0.38,87
w:-0.20,174
w:-0.03,192
w:0.15,133
w:0.33,21
w:0.51,8
w:0.68,1
w:0.86,2

2 epochs, accuracy: training=0.11356, validation=0.1064, test=0.1135
Stats for mnist-bpga-mlp
Layer 1 Dense
variance : 0.00397193
magnitude: 14.7255
min: -0.642581
max: 0.564386
w:-0.64,1
w:-0.58,3
w:-0.52,9
w:-0.46,12
w:-0.40,18
w:-0.34,18
w:-0.28,51
w:-0.22,115
w:-0.16,327
w:-0.10,8719
w:-0.04,16691
w:0.02,17238
w:0.08,5901
w:0.14,747
w:0.20,172
w:0.26,85
w:0.32,43
w:0.38,14
w:0.44,8
w:0.50,4
Layer 2 Dense(softmax)
variance : 0.0761914
magnitude: 6.98353
min: -2.51369
max: 1.03906
w:-2.51,2
w:-2.34,0
w:-2.16,0
w:-1.98,0
w:-1.80,0
w:-1.63,0
w:-1.45,1
w:-1.27,1
w:-1.09,1
w:-0.91,3
w:-0.74,3
w:-0.56,12
w:-0.38,86
w:-0.20,174
w:-0.03,190
w:0.15,134
w:0.33,20
w:0.51,10
w:0.68,1
w:0.86,2

3 epochs, accuracy: training=0.11356, validation=0.1064, test=0.1135
Stats for mnist-bpga-mlp
Layer 1 Dense
variance : 0.00397283
magnitude: 14.7257
min: -0.643104
max: 0.564901
w:-0.64,1
w:-0.58,3
w:-0.52,9
w:-0.46,11
w:-0.40,19
w:-0.34,18
w:-0.28,51
w:-0.22,115
w:-0.16,327
w:-0.10,8723
w:-0.04,16703
w:0.02,17257
w:0.08,5870
w:0.14,747
w:0.20,167
w:0.26,86
w:0.32,43
w:0.38,15
w:0.44,7
w:0.50,4
Layer 2 Dense(softmax)
variance : 0.0761992
magnitude: 6.98389
min: -2.51369
max: 1.03906
w:-2.51,2
w:-2.34,0
w:-2.16,0
w:-1.98,0
w:-1.80,0
w:-1.63,0
w:-1.45,1
w:-1.27,1
w:-1.09,1
w:-0.91,3
w:-0.74,3
w:-0.56,12
w:-0.38,86
w:-0.20,174
w:-0.03,189
w:0.15,135
w:0.33,20
w:0.51,10
w:0.68,1
w:0.86,2

4 epochs, accuracy: training=0.11356, validation=0.1064, test=0.1135
Stats for mnist-bpga-mlp
Layer 1 Dense
variance : 0.004499
magnitude: 15.614
min: -0.780184
max: 0.832583
w:-0.78,2
w:-0.70,4
w:-0.62,7
w:-0.54,16
w:-0.46,34
w:-0.38,51
w:-0.30,79
w:-0.22,231
w:-0.14,5189
w:-0.05,21639
w:0.03,20064
w:0.11,2341
w:0.19,320
w:0.27,115
w:0.35,54
w:0.43,17
w:0.51,8
w:0.59,0
w:0.67,3
w:0.75,2
Layer 2 Dense(softmax)
variance : 0.0838172
magnitude: 7.32463
min: -2.51369
max: 1.1135
w:-2.51,2
w:-2.33,0
w:-2.15,0
w:-1.97,0
w:-1.79,0
w:-1.61,0
w:-1.43,1
w:-1.24,1
w:-1.06,3
w:-0.88,5
w:-0.70,6
w:-0.52,13
w:-0.34,126
w:-0.16,196
w:0.03,161
w:0.21,96
w:0.39,20
w:0.57,6
w:0.75,1
w:0.93,3

5 epochs, accuracy: training=0.11356, validation=0.1064, test=0.1135
Stats for mnist-bpga-mlp
Layer 1 Dense
variance : 0.00449785
magnitude: 15.6135
min: -0.777831
max: 0.830263
w:-0.78,2
w:-0.70,4
w:-0.62,7
w:-0.54,16
w:-0.46,34
w:-0.38,50
w:-0.30,82
w:-0.21,231
w:-0.13,5233
w:-0.05,21595
w:0.03,20030
w:0.11,2367
w:0.19,325
w:0.27,115
w:0.35,56
w:0.43,16
w:0.51,8
w:0.59,0
w:0.67,3
w:0.75,2
Layer 2 Dense(softmax)
variance : 0.0837823
magnitude: 7.32311
min: -2.51369
max: 1.10196
w:-2.51,2
w:-2.33,0
w:-2.15,0
w:-1.97,0
w:-1.79,0
w:-1.61,0
w:-1.43,1
w:-1.25,1
w:-1.07,2
w:-0.89,6
w:-0.71,5
w:-0.53,13
w:-0.34,122
w:-0.16,186
w:0.02,172
w:0.20,97
w:0.38,23
w:0.56,5
w:0.74,3
w:0.92,2

6 epochs, accuracy: training=0.1158, validation=0.1089, test=0.1155
Stats for mnist-bpga-mlp
Layer 1 Dense
variance : 0.00450752
magnitude: 15.6176
min: -0.777703
max: 0.830123
w:-0.78,2
w:-0.70,4
w:-0.62,9
w:-0.54,16
w:-0.46,33
w:-0.38,50
w:-0.30,84
w:-0.21,230
w:-0.13,5235
w:-0.05,21642
w:0.03,20026
w:0.11,2345
w:0.19,293
w:0.27,116
w:0.35,59
w:0.43,18
w:0.51,9
w:0.59,0
w:0.67,3
w:0.75,2
Layer 2 Dense(softmax)
variance : 0.0838921
magnitude: 7.3279
min: -2.51369
max: 1.09593
w:-2.51,2
w:-2.33,0
w:-2.15,0
w:-1.97,0
w:-1.79,0
w:-1.61,0
w:-1.43,1
w:-1.25,1
w:-1.07,2
w:-0.89,7
w:-0.71,4
w:-0.53,12
w:-0.35,116
w:-0.17,188
w:0.01,175
w:0.19,98
w:0.37,23
w:0.55,5
w:0.73,4
w:0.92,2

7 epochs, accuracy: training=0.2416, validation=0.2315, test=0.243
Stats for mnist-bpga-mlp
Layer 1 Dense
variance : 0.00474798
magnitude: 15.9264
min: -1.04228
max: 0.829828
w:-1.04,1
w:-0.95,3
w:-0.86,4
w:-0.76,5
w:-0.67,10
w:-0.57,20
w:-0.48,33
w:-0.39,70
w:-0.29,125
w:-0.20,439
w:-0.11,15772
w:-0.01,26634
w:0.08,6467
w:0.17,401
w:0.27,108
w:0.36,56
w:0.46,21
w:0.55,1
w:0.64,4
w:0.74,2
Layer 2 Dense(softmax)
variance : 0.0894739
magnitude: 7.56773
min: -2.51369
max: 1.52132
w:-2.51,2
w:-2.31,0
w:-2.11,0
w:-1.91,0
w:-1.71,0
w:-1.50,2
w:-1.30,1
w:-1.10,3
w:-0.90,5
w:-0.70,5
w:-0.50,18
w:-0.29,186
w:-0.09,206
w:0.11,168
w:0.31,29
w:0.51,10
w:0.71,2
w:0.92,2
w:1.12,0
w:1.32,1

8 epochs, accuracy: training=0.19814, validation=0.1924, test=0.1991
Stats for mnist-bpga-mlp
Layer 1 Dense
variance : 0.00510166
magnitude: 16.4916
min: -1.04274
max: 0.915617
w:-1.04,5
w:-0.94,2
w:-0.85,8
w:-0.75,8
w:-0.65,17
w:-0.55,21
w:-0.46,49
w:-0.36,90
w:-0.26,197
w:-0.16,3292
w:-0.06,26017
w:0.03,19040
w:0.13,1111
w:0.23,176
w:0.33,78
w:0.43,38
w:0.52,16
w:0.62,5
w:0.72,4
w:0.82,2
Layer 2 Dense(softmax)
variance : 0.0912754
magnitude: 7.64352
min: -2.51369
max: 1.78415
w:-2.51,2
w:-2.30,0
w:-2.08,0
w:-1.87,0
w:-1.65,1
w:-1.44,1
w:-1.22,2
w:-1.01,4
w:-0.79,3
w:-0.58,15
w:-0.36,136
w:-0.15,221
w:0.07,202
w:0.28,35
w:0.49,11
w:0.71,4
w:0.92,2
w:1.14,0
w:1.35,0
w:1.57,1

9 epochs, accuracy: training=0.20862, validation=0.2019, test=0.2096
Stats for mnist-bpga-mlp
Layer 1 Dense
variance : 0.00533505
magnitude: 16.838
min: -1.11068
max: 0.902916
w:-1.11,8
w:-1.01,4
w:-0.91,7
w:-0.81,10
w:-0.71,9
w:-0.61,17
w:-0.51,37
w:-0.41,68
w:-0.31,132
w:-0.20,454
w:-0.10,18335
w:-0.00,27385
w:0.10,3270
w:0.20,267
w:0.30,96
w:0.40,33
w:0.50,26
w:0.60,11
w:0.70,5
w:0.80,2
Layer 2 Dense(softmax)
variance : 0.0904182
magnitude: 7.60755
min: -2.51369
max: 1.69857
w:-2.51,2
w:-2.30,0
w:-2.09,0
w:-1.88,0
w:-1.67,1
w:-1.46,1
w:-1.25,1
w:-1.04,4
w:-0.83,4
w:-0.62,10
w:-0.41,97
w:-0.20,213
w:0.01,193
w:0.22,89
w:0.43,17
w:0.65,4
w:0.86,2
w:1.07,1
w:1.28,0
w:1.49,1

10 epochs, accuracy: training=0.21438, validation=0.2064, test=0.2168
Stats for mnist-bpga-mlp
Layer 1 Dense
variance : 0.00549445
magnitude: 17.0667
min: -1.29995
max: 0.996181
w:-1.30,3
w:-1.19,5
w:-1.07,4
w:-0.96,7
w:-0.84,7
w:-0.73,16
w:-0.61,25
w:-0.50,46
w:-0.38,101
w:-0.27,252
w:-0.15,9521
w:-0.04,32109
w:0.08,7607
w:0.19,303
w:0.31,100
w:0.42,41
w:0.54,14
w:0.65,11
w:0.77,3
w:0.88,1
Layer 2 Dense(softmax)
variance : 0.0894941
magnitude: 7.56858
min: -2.51369
max: 1.53502
w:-2.51,2
w:-2.31,0
w:-2.11,0
w:-1.91,0
w:-1.70,0
w:-1.50,2
w:-1.30,1
w:-1.10,2
w:-0.89,6
w:-0.69,5
w:-0.49,18
w:-0.29,199
w:-0.08,199
w:0.12,164
w:0.32,26
w:0.52,11
w:0.73,2
w:0.93,2
w:1.13,0
w:1.33,1

11 epochs, accuracy: training=0.2293, validation=0.2182, test=0.2298
Stats for mnist-bpga-mlp
Layer 1 Dense
variance : 0.00563853
magnitude: 17.2702
min: -1.54207
max: 1.04712
w:-1.54,3
w:-1.41,3
w:-1.28,2
w:-1.15,2
w:-1.02,6
w:-0.89,6
w:-0.77,22
w:-0.64,28
w:-0.51,51
w:-0.38,114
w:-0.25,422
w:-0.12,22546
w:0.01,25746
w:0.14,1013
w:0.27,135
w:0.40,49
w:0.53,14
w:0.66,10
w:0.79,3
w:0.92,1
Layer 2 Dense(softmax)
variance : 0.0899339
magnitude: 7.58715
min: -2.51369
max: 1.52005
w:-2.51,2
w:-2.31,0
w:-2.11,0
w:-1.91,0
w:-1.71,0
w:-1.51,2
w:-1.30,1
w:-1.10,2
w:-0.90,5
w:-0.70,6
w:-0.50,20
w:-0.30,185
w:-0.09,205
w:0.11,168
w:0.31,27
w:0.51,12
w:0.71,2
w:0.91,2
w:1.12,0
w:1.32,1

12 epochs, accuracy: training=0.26824, validation=0.2602, test=0.2673
Stats for mnist-bpga-mlp
Layer 1 Dense
variance : 0.00588122
magnitude: 17.6198
min: -1.73777
max: 1.08633
w:-1.74,4
w:-1.60,2
w:-1.46,2
w:-1.31,3
w:-1.17,2
w:-1.03,5
w:-0.89,12
w:-0.75,22
w:-0.61,39
w:-0.47,75
w:-0.33,199
w:-0.18,8095
w:-0.04,38039
w:0.10,3386
w:0.24,194
w:0.38,62
w:0.52,23
w:0.66,8
w:0.80,2
w:0.95,2
Layer 2 Dense(softmax)
variance : 0.089358
magnitude: 7.56282
min: -2.51369
max: 1.54427
w:-2.51,2
w:-2.31,0
w:-2.11,0
w:-1.90,0
w:-1.70,0
w:-1.50,1
w:-1.30,2
w:-1.09,2
w:-0.89,5
w:-0.69,8
w:-0.48,22
w:-0.28,196
w:-0.08,203
w:0.12,159
w:0.33,24
w:0.53,10
w:0.73,3
w:0.94,2
w:1.14,0
w:1.34,1

13 epochs, accuracy: training=0.2771, validation=0.2743, test=0.2733
Stats for mnist-bpga-mlp
Layer 1 Dense
variance : 0.00608841
magnitude: 17.9048
min: -1.97684
max: 0.975857
w:-1.98,3
w:-1.83,2
w:-1.68,2
w:-1.53,2
w:-1.39,1
w:-1.24,1
w:-1.09,7
w:-0.94,9
w:-0.80,20
w:-0.65,40
w:-0.50,66
w:-0.35,175
w:-0.21,4716
w:-0.06,40107
w:0.09,4722
w:0.24,216
w:0.39,57
w:0.53,17
w:0.68,7
w:0.83,6
Layer 2 Dense(softmax)
variance : 0.0893706
magnitude: 7.56335
min: -2.51369
max: 1.4511
w:-2.51,2
w:-2.32,0
w:-2.12,0
w:-1.92,0
w:-1.72,0
w:-1.52,1
w:-1.32,2
w:-1.13,2
w:-0.93,5
w:-0.73,5
w:-0.53,16
w:-0.33,146
w:-0.13,203
w:0.06,184
w:0.26,49
w:0.46,16
w:0.66,6
w:0.86,2
w:1.05,0
w:1.25,1

14 epochs, accuracy: training=0.40322, validation=0.4007, test=0.4069
Stats for mnist-bpga-mlp
Layer 1 Dense
variance : 0.00644304
magnitude: 18.3555
min: -2.21472
max: 1.04698
w:-2.21,1
w:-2.05,3
w:-1.89,3
w:-1.73,1
w:-1.56,1
w:-1.40,1
w:-1.24,4
w:-1.07,6
w:-0.91,22
w:-0.75,25
w:-0.58,69
w:-0.42,135
w:-0.26,640
w:-0.09,38726
w:0.07,10200
w:0.23,259
w:0.39,44
w:0.56,21
w:0.72,10
w:0.88,5
Layer 2 Dense(softmax)
variance : 0.0910793
magnitude: 7.63531
min: -2.51369
max: 1.65056
w:-2.51,2
w:-2.31,0
w:-2.10,0
w:-1.89,0
w:-1.68,1
w:-1.47,1
w:-1.26,1
w:-1.06,4
w:-0.85,3
w:-0.64,11
w:-0.43,72
w:-0.22,210
w:-0.02,202
w:0.19,103
w:0.40,20
w:0.61,6
w:0.82,1
w:1.03,2
w:1.23,0
w:1.44,1

15 epochs, accuracy: training=0.11356, validation=0.1064, test=0.1135
Stats for mnist-bpga-mlp
Layer 1 Dense
variance : 0.00652699
magnitude: 18.5841
min: -2.08449
max: 1.03895
w:-2.08,1
w:-1.93,3
w:-1.77,1
w:-1.62,3
w:-1.46,1
w:-1.30,1
w:-1.15,4
w:-0.99,7
w:-0.84,19
w:-0.68,26
w:-0.52,67
w:-0.37,181
w:-0.21,5470
w:-0.05,40978
w:0.10,2955
w:0.26,356
w:0.41,68
w:0.57,18
w:0.73,12
w:0.88,5
Layer 2 Dense(softmax)
variance : 0.0900993
magnitude: 7.59413
min: -2.51369
max: 1.24263
w:-2.51,2
w:-2.33,0
w:-2.14,0
w:-1.95,0
w:-1.76,0
w:-1.57,1
w:-1.39,1
w:-1.20,2
w:-1.01,3
w:-0.82,3
w:-0.64,9
w:-0.45,34
w:-0.26,190
w:-0.07,187
w:0.12,162
w:0.30,25
w:0.49,13
w:0.68,4
w:0.87,3
w:1.05,1

16 epochs, accuracy: training=0.11356, validation=0.1064, test=0.1135
Stats for mnist-bpga-mlp
Layer 1 Dense
variance : 0.00652856
magnitude: 18.584
min: -2.09047
max: 1.03524
w:-2.09,1
w:-1.93,3
w:-1.78,1
w:-1.62,3
w:-1.47,1
w:-1.31,1
w:-1.15,4
w:-1.00,7
w:-0.84,19
w:-0.68,24
w:-0.53,68
w:-0.37,175
w:-0.22,4438
w:-0.06,41547
w:0.10,3422
w:0.25,359
w:0.41,67
w:0.57,19
w:0.72,12
w:0.88,5
Layer 2 Dense(softmax)
variance : 0.0900479
magnitude: 7.59196
min: -2.51369
max: 1.23838
w:-2.51,2
w:-2.33,0
w:-2.14,0
w:-1.95,0
w:-1.76,0
w:-1.58,1
w:-1.39,1
w:-1.20,2
w:-1.01,3
w:-0.83,3
w:-0.64,9
w:-0.45,32
w:-0.26,189
w:-0.07,189
w:0.11,163
w:0.30,24
w:0.49,15
w:0.68,4
w:0.86,2
w:1.05,1

17 epochs, accuracy: training=0.2077, validation=0.1997, test=0.2103
Stats for mnist-bpga-mlp
Layer 1 Dense
variance : 0.00666501
magnitude: 18.7153
min: -2.26026
max: 1.01537
w:-2.26,1
w:-2.10,3
w:-1.93,2
w:-1.77,2
w:-1.61,2
w:-1.44,1
w:-1.28,5
w:-1.11,9
w:-0.95,12
w:-0.79,24
w:-0.62,41
w:-0.46,104
w:-0.29,405
w:-0.13,28617
w:0.03,20340
w:0.20,472
w:0.36,97
w:0.52,24
w:0.69,8
w:0.85,7
Layer 2 Dense(softmax)
variance : 0.0947331
magnitude: 7.78693
min: -2.51369
max: 1.99723
w:-2.51,2
w:-2.29,0
w:-2.06,0
w:-1.84,0
w:-1.61,1
w:-1.39,1
w:-1.16,4
w:-0.93,5
w:-0.71,7
w:-0.48,39
w:-0.26,218
w:-0.03,231
w:0.19,105
w:0.42,19
w:0.64,4
w:0.87,2
w:1.10,1
w:1.32,0
w:1.55,0
w:1.77,1

18 epochs, accuracy: training=0.2014, validation=0.1957, test=0.2037
Stats for mnist-bpga-mlp
Layer 1 Dense
variance : 0.00678325
magnitude: 18.8701
min: -2.41953
max: 1.0596
w:-2.42,1
w:-2.25,2
w:-2.07,2
w:-1.90,1
w:-1.72,3
w:-1.55,1
w:-1.38,2
w:-1.20,8
w:-1.03,12
w:-0.85,18
w:-0.68,42
w:-0.51,95
w:-0.33,291
w:-0.16,24006
w:0.02,25008
w:0.19,551
w:0.36,98
w:0.54,19
w:0.71,10
w:0.89,6
Layer 2 Dense(softmax)
variance : 0.091987
magnitude: 7.67326
min: -2.51369
max: 1.51946
w:-2.51,2
w:-2.31,0
w:-2.11,0
w:-1.91,0
w:-1.71,0
w:-1.51,2
w:-1.30,1
w:-1.10,4
w:-0.90,4
w:-0.70,5
w:-0.50,19
w:-0.30,185
w:-0.09,205
w:0.11,168
w:0.31,27
w:0.51,13
w:0.71,1
w:0.91,2
w:1.12,1
w:1.32,1

19 epochs, accuracy: training=0.20942, validation=0.2015, test=0.2126
Stats for mnist-bpga-mlp
Layer 1 Dense
variance : 0.00705161
magnitude: 19.2254
min: -2.5378
max: 1.07666
w:-2.54,1
w:-2.36,1
w:-2.18,3
w:-2.00,1
w:-1.81,3
w:-1.63,1
w:-1.45,4
w:-1.27,5
w:-1.09,9
w:-0.91,20
w:-0.73,34
w:-0.55,83
w:-0.37,228
w:-0.19,17413
w:-0.01,31480
w:0.17,742
w:0.35,105
w:0.53,27
w:0.72,12
w:0.90,4
Layer 2 Dense(softmax)
variance : 0.0943404
magnitude: 7.77078
min: -2.51369
max: 1.91969
w:-2.51,2
w:-2.29,0
w:-2.07,0
w:-1.85,0
w:-1.63,1
w:-1.41,1
w:-1.18,4
w:-0.96,5
w:-0.74,6
w:-0.52,19
w:-0.30,204
w:-0.08,223
w:0.15,140
w:0.37,25
w:0.59,6
w:0.81,1
w:1.03,2
w:1.25,0
w:1.48,0
w:1.70,1

20 epochs, accuracy: training=0.2164, validation=0.2096, test=0.2164
Stats for mnist-bpga-mlp
Layer 1 Dense
variance : 0.00734113
magnitude: 19.5951
min: -2.59141
max: 1.09117
w:-2.59,1
w:-2.41,2
w:-2.22,3
w:-2.04,1
w:-1.85,2
w:-1.67,2
w:-1.49,3
w:-1.30,6
w:-1.12,6
w:-0.93,23
w:-0.75,37
w:-0.57,85
w:-0.38,203
w:-0.20,15842
w:-0.01,33050
w:0.17,759
w:0.35,98
w:0.54,36
w:0.72,12
w:0.91,5
Layer 2 Dense(softmax)
variance : 0.092875
magnitude: 7.7102
min: -2.51369
max: 1.52885
w:-2.51,2
w:-2.31,0
w:-2.11,0
w:-1.91,0
w:-1.71,1
w:-1.50,1
w:-1.30,1
w:-1.10,3
w:-0.90,4
w:-0.69,6
w:-0.49,20
w:-0.29,192
w:-0.09,202
w:0.11,165
w:0.32,25
w:0.52,11
w:0.72,2
w:0.92,3
w:1.12,1
w:1.33,1

21 epochs, accuracy: training=0.11356, validation=0.1064, test=0.1135
Stats for mnist-bpga-mlp
Layer 1 Dense
variance : 0.00731323
magnitude: 19.6147
min: -2.58409
max: 1.10538
w:-2.58,1
w:-2.40,3
w:-2.22,2
w:-2.03,1
w:-1.85,2
w:-1.66,1
w:-1.48,1
w:-1.29,6
w:-1.11,4
w:-0.92,20
w:-0.74,31
w:-0.55,84
w:-0.37,217
w:-0.19,19189
w:-0.00,29759
w:0.18,617
w:0.37,190
w:0.55,29
w:0.74,12
w:0.92,7
Layer 2 Dense(softmax)
variance : 0.0886945
magnitude: 7.5347
min: -2.51369
max: 1.21942
w:-2.51,2
w:-2.33,0
w:-2.14,0
w:-1.95,0
w:-1.77,0
w:-1.58,0
w:-1.39,1
w:-1.21,3
w:-1.02,3
w:-0.83,3
w:-0.65,9
w:-0.46,26
w:-0.27,184
w:-0.09,186
w:0.10,173
w:0.29,25
w:0.47,16
w:0.66,4
w:0.85,3
w:1.03,2

22 epochs, accuracy: training=0.11356, validation=0.1064, test=0.1135
Stats for mnist-bpga-mlp
Layer 1 Dense
variance : 0.00731192
magnitude: 19.6143
min: -2.57957
max: 1.10459
w:-2.58,1
w:-2.40,3
w:-2.21,2
w:-2.03,1
w:-1.84,2
w:-1.66,1
w:-1.47,1
w:-1.29,6
w:-1.11,4
w:-0.92,20
w:-0.74,31
w:-0.55,84
w:-0.37,221
w:-0.18,19435
w:-0.00,29513
w:0.18,607
w:0.37,196
w:0.55,29
w:0.74,12
w:0.92,7
Layer 2 Dense(softmax)
variance : 0.0886847
magnitude: 7.53428
min: -2.51369
max: 1.213
w:-2.51,2
w:-2.33,0
w:-2.14,0
w:-1.95,0
w:-1.77,0
w:-1.58,0
w:-1.40,1
w:-1.21,3
w:-1.02,3
w:-0.84,3
w:-0.65,9
w:-0.46,23
w:-0.28,181
w:-0.09,186
w:0.09,178
w:0.28,25
w:0.47,17
w:0.65,4
w:0.84,3
w:1.03,2

23 epochs, accuracy: training=0.11356, validation=0.1064, test=0.1135
Stats for mnist-bpga-mlp
Layer 1 Dense
variance : 0.00731199
magnitude: 19.6144
min: -2.57957
max: 1.10459
w:-2.58,1
w:-2.40,3
w:-2.21,2
w:-2.03,1
w:-1.84,2
w:-1.66,1
w:-1.47,1
w:-1.29,6
w:-1.11,4
w:-0.92,20
w:-0.74,31
w:-0.55,84
w:-0.37,221
w:-0.18,19436
w:-0.00,29513
w:0.18,606
w:0.37,196
w:0.55,29
w:0.74,12
w:0.92,7
Layer 2 Dense(softmax)
variance : 0.0886862
magnitude: 7.53435
min: -2.51369
max: 1.20611
w:-2.51,2
w:-2.33,0
w:-2.14,0
w:-1.96,0
w:-1.77,0
w:-1.58,0
w:-1.40,1
w:-1.21,3
w:-1.03,3
w:-0.84,3
w:-0.65,9
w:-0.47,20
w:-0.28,180
w:-0.10,188
w:0.09,177
w:0.28,28
w:0.46,17
w:0.65,4
w:0.83,3
w:1.02,2

24 epochs, accuracy: training=0.11356, validation=0.1064, test=0.1135
Stats for mnist-bpga-mlp
Layer 1 Dense
variance : 0.0073121
magnitude: 19.6144
min: -2.57957
max: 1.10459
w:-2.58,1
w:-2.40,3
w:-2.21,2
w:-2.03,1
w:-1.84,2
w:-1.66,1
w:-1.47,1
w:-1.29,6
w:-1.11,4
w:-0.92,20
w:-0.74,31
w:-0.55,84
w:-0.37,221
w:-0.18,19436
w:-0.00,29513
w:0.18,606
w:0.37,196
w:0.55,29
w:0.74,12
w:0.92,7
Layer 2 Dense(softmax)
variance : 0.088688
magnitude: 7.53442
min: -2.51369
max: 1.19858
w:-2.51,2
w:-2.33,0
w:-2.14,0
w:-1.96,0
w:-1.77,0
w:-1.59,0
w:-1.40,1
w:-1.21,3
w:-1.03,3
w:-0.84,3
w:-0.66,8
w:-0.47,17
w:-0.29,178
w:-0.10,192
w:0.08,170
w:0.27,37
w:0.46,17
w:0.64,4
w:0.83,3
w:1.01,2

25 epochs, accuracy: training=0.11356, validation=0.1064, test=0.1135
Stats for mnist-bpga-mlp
Layer 1 Dense
variance : 0.00732044
magnitude: 19.6148
min: -2.57957
max: 1.10459
w:-2.58,1
w:-2.40,3
w:-2.21,2
w:-2.03,1
w:-1.84,2
w:-1.66,1
w:-1.47,1
w:-1.29,6
w:-1.11,4
w:-0.92,20
w:-0.74,32
w:-0.55,88
w:-0.37,218
w:-0.18,19441
w:-0.00,29550
w:0.18,563
w:0.37,195
w:0.55,29
w:0.74,12
w:0.92,7
Layer 2 Dense(softmax)
variance : 0.0886017
magnitude: 7.53076
min: -2.51369
max: 1.06694
w:-2.51,2
w:-2.33,0
w:-2.16,0
w:-1.98,0
w:-1.80,0
w:-1.62,0
w:-1.44,1
w:-1.26,2
w:-1.08,3
w:-0.90,4
w:-0.72,4
w:-0.54,13
w:-0.37,101
w:-0.19,181
w:-0.01,185
w:0.17,109
w:0.35,18
w:0.53,10
w:0.71,2
w:0.89,5

26 epochs, accuracy: training=0.11356, validation=0.1064, test=0.1135
Stats for mnist-bpga-mlp
Layer 1 Dense
variance : 0.00746177
magnitude: 19.8135
min: -2.57957
max: 1.10459
w:-2.58,1
w:-2.40,3
w:-2.21,2
w:-2.03,1
w:-1.84,2
w:-1.66,1
w:-1.47,1
w:-1.29,6
w:-1.11,6
w:-0.92,22
w:-0.74,30
w:-0.55,80
w:-0.37,212
w:-0.18,19448
w:-0.00,29468
w:0.18,641
w:0.37,203
w:0.55,30
w:0.74,10
w:0.92,9
Layer 2 Dense(softmax)
variance : 0.0904604
magnitude: 7.60933
min: -2.51369
max: 1.3911
w:-2.51,2
w:-2.32,0
w:-2.12,0
w:-1.93,0
w:-1.73,0
w:-1.54,1
w:-1.34,1
w:-1.15,5
w:-0.95,3
w:-0.76,1
w:-0.56,15
w:-0.37,115
w:-0.17,209
w:0.02,173
w:0.22,88
w:0.41,15
w:0.61,6
w:0.81,3
w:1.00,2
w:1.20,1

27 epochs, accuracy: training=0.11356, validation=0.1064, test=0.1135
Stats for mnist-bpga-mlp
Layer 1 Dense
variance : 0.00746177
magnitude: 19.8135
min: -2.57957
max: 1.10459
w:-2.58,1
w:-2.40,3
w:-2.21,2
w:-2.03,1
w:-1.84,2
w:-1.66,1
w:-1.47,1
w:-1.29,6
w:-1.11,6
w:-0.92,22
w:-0.74,30
w:-0.55,80
w:-0.37,212
w:-0.18,19448
w:-0.00,29468
w:0.18,641
w:0.37,203
w:0.55,30
w:0.74,10
w:0.92,9
Layer 2 Dense(softmax)
variance : 0.0904604
magnitude: 7.60933
min: -2.51369
max: 1.3911
w:-2.51,2
w:-2.32,0
w:-2.12,0
w:-1.93,0
w:-1.73,0
w:-1.54,1
w:-1.34,1
w:-1.15,5
w:-0.95,3
w:-0.76,1
w:-0.56,15
w:-0.37,115
w:-0.17,209
w:0.02,173
w:0.22,88
w:0.41,15
w:0.61,6
w:0.81,3
w:1.00,2
w:1.20,1

28 epochs, accuracy: training=0.11356, validation=0.1064, test=0.1135
Stats for mnist-bpga-mlp
Layer 1 Dense
variance : 0.00746177
magnitude: 19.8135
min: -2.57957
max: 1.10459
w:-2.58,1
w:-2.40,3
w:-2.21,2
w:-2.03,1
w:-1.84,2
w:-1.66,1
w:-1.47,1
w:-1.29,6
w:-1.11,6
w:-0.92,22
w:-0.74,30
w:-0.55,80
w:-0.37,212
w:-0.18,19448
w:-0.00,29468
w:0.18,641
w:0.37,203
w:0.55,30
w:0.74,10
w:0.92,9
Layer 2 Dense(softmax)
variance : 0.0904604
magnitude: 7.60933
min: -2.51369
max: 1.3911
w:-2.51,2
w:-2.32,0
w:-2.12,0
w:-1.93,0
w:-1.73,0
w:-1.54,1
w:-1.34,1
w:-1.15,5
w:-0.95,3
w:-0.76,1
w:-0.56,15
w:-0.37,115
w:-0.17,209
w:0.02,173
w:0.22,88
w:0.41,15
w:0.61,6
w:0.81,3
w:1.00,2
w:1.20,1

29 epochs, accuracy: training=0.11356, validation=0.1064, test=0.1135
Stats for mnist-bpga-mlp
Layer 1 Dense
variance : 0.00746177
magnitude: 19.8135
min: -2.57957
max: 1.10459
w:-2.58,1
w:-2.40,3
w:-2.21,2
w:-2.03,1
w:-1.84,2
w:-1.66,1
w:-1.47,1
w:-1.29,6
w:-1.11,6
w:-0.92,22
w:-0.74,30
w:-0.55,80
w:-0.37,212
w:-0.18,19448
w:-0.00,29468
w:0.18,641
w:0.37,203
w:0.55,30
w:0.74,10
w:0.92,9
Layer 2 Dense(softmax)
variance : 0.0904604
magnitude: 7.60933
min: -2.51369
max: 1.3911
w:-2.51,2
w:-2.32,0
w:-2.12,0
w:-1.93,0
w:-1.73,0
w:-1.54,1
w:-1.34,1
w:-1.15,5
w:-0.95,3
w:-0.76,1
w:-0.56,15
w:-0.37,115
w:-0.17,209
w:0.02,173
w:0.22,88
w:0.41,15
w:0.61,6
w:0.81,3
w:1.00,2
w:1.20,1

30 epochs, accuracy: training=0.11356, validation=0.1064, test=0.1135
Stats for mnist-bpga-mlp
Layer 1 Dense
variance : 0.00746177
magnitude: 19.8135
min: -2.57957
max: 1.10459
w:-2.58,1
w:-2.40,3
w:-2.21,2
w:-2.03,1
w:-1.84,2
w:-1.66,1
w:-1.47,1
w:-1.29,6
w:-1.11,6
w:-0.92,22
w:-0.74,30
w:-0.55,80
w:-0.37,212
w:-0.18,19448
w:-0.00,29468
w:0.18,641
w:0.37,203
w:0.55,30
w:0.74,10
w:0.92,9
Layer 2 Dense(softmax)
variance : 0.0904604
magnitude: 7.60933
min: -2.51369
max: 1.3911
w:-2.51,2
w:-2.32,0
w:-2.12,0
w:-1.93,0
w:-1.73,0
w:-1.54,1
w:-1.34,1
w:-1.15,5
w:-0.95,3
w:-0.76,1
w:-0.56,15
w:-0.37,115
w:-0.17,209
w:0.02,173
w:0.22,88
w:0.41,15
w:0.61,6
w:0.81,3
w:1.00,2
w:1.20,1

31 epochs, accuracy: training=0.11356, validation=0.1064, test=0.1135
Stats for mnist-bpga-mlp
Layer 1 Dense
variance : 0.00746177
magnitude: 19.8135
min: -2.57957
max: 1.10459
w:-2.58,1
w:-2.40,3
w:-2.21,2
w:-2.03,1
w:-1.84,2
w:-1.66,1
w:-1.47,1
w:-1.29,6
w:-1.11,6
w:-0.92,22
w:-0.74,30
w:-0.55,80
w:-0.37,212
w:-0.18,19448
w:-0.00,29468
w:0.18,641
w:0.37,203
w:0.55,30
w:0.74,10
w:0.92,9
Layer 2 Dense(softmax)
variance : 0.0904604
magnitude: 7.60933
min: -2.51369
max: 1.3911
w:-2.51,2
w:-2.32,0
w:-2.12,0
w:-1.93,0
w:-1.73,0
w:-1.54,1
w:-1.34,1
w:-1.15,5
w:-0.95,3
w:-0.76,1
w:-0.56,15
w:-0.37,115
w:-0.17,209
w:0.02,173
w:0.22,88
w:0.41,15
w:0.61,6
w:0.81,3
w:1.00,2
w:1.20,1

32 epochs, accuracy: training=0.11356, validation=0.1064, test=0.1135
Stats for mnist-bpga-mlp
Layer 1 Dense
variance : 0.00746177
magnitude: 19.8135
min: -2.57957
max: 1.10459
w:-2.58,1
w:-2.40,3
w:-2.21,2
w:-2.03,1
w:-1.84,2
w:-1.66,1
w:-1.47,1
w:-1.29,6
w:-1.11,6
w:-0.92,22
w:-0.74,30
w:-0.55,80
w:-0.37,212
w:-0.18,19448
w:-0.00,29468
w:0.18,641
w:0.37,203
w:0.55,30
w:0.74,10
w:0.92,9
Layer 2 Dense(softmax)
variance : 0.0904604
magnitude: 7.60933
min: -2.51369
max: 1.3911
w:-2.51,2
w:-2.32,0
w:-2.12,0
w:-1.93,0
w:-1.73,0
w:-1.54,1
w:-1.34,1
w:-1.15,5
w:-0.95,3
w:-0.76,1
w:-0.56,15
w:-0.37,115
w:-0.17,209
w:0.02,173
w:0.22,88
w:0.41,15
w:0.61,6
w:0.81,3
w:1.00,2
w:1.20,1

33 epochs, accuracy: training=0.11356, validation=0.1064, test=0.1135
Stats for mnist-bpga-mlp
Layer 1 Dense
variance : 0.00746177
magnitude: 19.8135
min: -2.57957
max: 1.10459
w:-2.58,1
w:-2.40,3
w:-2.21,2
w:-2.03,1
w:-1.84,2
w:-1.66,1
w:-1.47,1
w:-1.29,6
w:-1.11,6
w:-0.92,22
w:-0.74,30
w:-0.55,80
w:-0.37,212
w:-0.18,19448
w:-0.00,29468
w:0.18,641
w:0.37,203
w:0.55,30
w:0.74,10
w:0.92,9
Layer 2 Dense(softmax)
variance : 0.0904604
magnitude: 7.60933
min: -2.51369
max: 1.3911
w:-2.51,2
w:-2.32,0
w:-2.12,0
w:-1.93,0
w:-1.73,0
w:-1.54,1
w:-1.34,1
w:-1.15,5
w:-0.95,3
w:-0.76,1
w:-0.56,15
w:-0.37,115
w:-0.17,209
w:0.02,173
w:0.22,88
w:0.41,15
w:0.61,6
w:0.81,3
w:1.00,2
w:1.20,1

34 epochs, accuracy: training=0.11356, validation=0.1064, test=0.1135
Stats for mnist-bpga-mlp
Layer 1 Dense
variance : 0.00746177
magnitude: 19.8135
min: -2.57957
max: 1.10459
w:-2.58,1
w:-2.40,3
w:-2.21,2
w:-2.03,1
w:-1.84,2
w:-1.66,1
w:-1.47,1
w:-1.29,6
w:-1.11,6
w:-0.92,22
w:-0.74,30
w:-0.55,80
w:-0.37,212
w:-0.18,19448
w:-0.00,29468
w:0.18,641
w:0.37,203
w:0.55,30
w:0.74,10
w:0.92,9
Layer 2 Dense(softmax)
variance : 0.0904604
magnitude: 7.60933
min: -2.51369
max: 1.3911
w:-2.51,2
w:-2.32,0
w:-2.12,0
w:-1.93,0
w:-1.73,0
w:-1.54,1
w:-1.34,1
w:-1.15,5
w:-0.95,3
w:-0.76,1
w:-0.56,15
w:-0.37,115
w:-0.17,209
w:0.02,173
w:0.22,88
w:0.41,15
w:0.61,6
w:0.81,3
w:1.00,2
w:1.20,1

35 epochs, accuracy: training=0.11356, validation=0.1064, test=0.1135
Stats for mnist-bpga-mlp
Layer 1 Dense
variance : 0.00746177
magnitude: 19.8135
min: -2.57957
max: 1.10459
w:-2.58,1
w:-2.40,3
w:-2.21,2
w:-2.03,1
w:-1.84,2
w:-1.66,1
w:-1.47,1
w:-1.29,6
w:-1.11,6
w:-0.92,22
w:-0.74,30
w:-0.55,80
w:-0.37,212
w:-0.18,19448
w:-0.00,29468
w:0.18,641
w:0.37,203
w:0.55,30
w:0.74,10
w:0.92,9
Layer 2 Dense(softmax)
variance : 0.0904604
magnitude: 7.60933
min: -2.51369
max: 1.3911
w:-2.51,2
w:-2.32,0
w:-2.12,0
w:-1.93,0
w:-1.73,0
w:-1.54,1
w:-1.34,1
w:-1.15,5
w:-0.95,3
w:-0.76,1
w:-0.56,15
w:-0.37,115
w:-0.17,209
w:0.02,173
w:0.22,88
w:0.41,15
w:0.61,6
w:0.81,3
w:1.00,2
w:1.20,1

36 epochs, accuracy: training=0.11356, validation=0.1064, test=0.1135
Stats for mnist-bpga-mlp
Layer 1 Dense
variance : 0.00746177
magnitude: 19.8135
min: -2.57957
max: 1.10459
w:-2.58,1
w:-2.40,3
w:-2.21,2
w:-2.03,1
w:-1.84,2
w:-1.66,1
w:-1.47,1
w:-1.29,6
w:-1.11,6
w:-0.92,22
w:-0.74,30
w:-0.55,80
w:-0.37,212
w:-0.18,19448
w:-0.00,29468
w:0.18,641
w:0.37,203
w:0.55,30
w:0.74,10
w:0.92,9
Layer 2 Dense(softmax)
variance : 0.0904604
magnitude: 7.60933
min: -2.51369
max: 1.3911
w:-2.51,2
w:-2.32,0
w:-2.12,0
w:-1.93,0
w:-1.73,0
w:-1.54,1
w:-1.34,1
w:-1.15,5
w:-0.95,3
w:-0.76,1
w:-0.56,15
w:-0.37,115
w:-0.17,209
w:0.02,173
w:0.22,88
w:0.41,15
w:0.61,6
w:0.81,3
w:1.00,2
w:1.20,1

37 epochs, accuracy: training=0.11356, validation=0.1064, test=0.1135
Stats for mnist-bpga-mlp
Layer 1 Dense
variance : 0.00746177
magnitude: 19.8135
min: -2.57957
max: 1.10459
w:-2.58,1
w:-2.40,3
w:-2.21,2
w:-2.03,1
w:-1.84,2
w:-1.66,1
w:-1.47,1
w:-1.29,6
w:-1.11,6
w:-0.92,22
w:-0.74,30
w:-0.55,80
w:-0.37,212
w:-0.18,19448
w:-0.00,29468
w:0.18,641
w:0.37,203
w:0.55,30
w:0.74,10
w:0.92,9
Layer 2 Dense(softmax)
variance : 0.0904604
magnitude: 7.60933
min: -2.51369
max: 1.3911
w:-2.51,2
w:-2.32,0
w:-2.12,0
w:-1.93,0
w:-1.73,0
w:-1.54,1
w:-1.34,1
w:-1.15,5
w:-0.95,3
w:-0.76,1
w:-0.56,15
w:-0.37,115
w:-0.17,209
w:0.02,173
w:0.22,88
w:0.41,15
w:0.61,6
w:0.81,3
w:1.00,2
w:1.20,1

38 epochs, accuracy: training=0.11356, validation=0.1064, test=0.1135
Stats for mnist-bpga-mlp
Layer 1 Dense
variance : 0.00746177
magnitude: 19.8135
min: -2.57957
max: 1.10459
w:-2.58,1
w:-2.40,3
w:-2.21,2
w:-2.03,1
w:-1.84,2
w:-1.66,1
w:-1.47,1
w:-1.29,6
w:-1.11,6
w:-0.92,22
w:-0.74,30
w:-0.55,80
w:-0.37,212
w:-0.18,19448
w:-0.00,29468
w:0.18,641
w:0.37,203
w:0.55,30
w:0.74,10
w:0.92,9
Layer 2 Dense(softmax)
variance : 0.0904604
magnitude: 7.60933
min: -2.51369
max: 1.3911
w:-2.51,2
w:-2.32,0
w:-2.12,0
w:-1.93,0
w:-1.73,0
w:-1.54,1
w:-1.34,1
w:-1.15,5
w:-0.95,3
w:-0.76,1
w:-0.56,15
w:-0.37,115
w:-0.17,209
w:0.02,173
w:0.22,88
w:0.41,15
w:0.61,6
w:0.81,3
w:1.00,2
w:1.20,1

39 epochs, accuracy: training=0.11356, validation=0.1064, test=0.1135
Stats for mnist-bpga-mlp
Layer 1 Dense
variance : 0.00746177
magnitude: 19.8135
min: -2.57957
max: 1.10459
w:-2.58,1
w:-2.40,3
w:-2.21,2
w:-2.03,1
w:-1.84,2
w:-1.66,1
w:-1.47,1
w:-1.29,6
w:-1.11,6
w:-0.92,22
w:-0.74,30
w:-0.55,80
w:-0.37,212
w:-0.18,19448
w:-0.00,29468
w:0.18,641
w:0.37,203
w:0.55,30
w:0.74,10
w:0.92,9
Layer 2 Dense(softmax)
variance : 0.0904604
magnitude: 7.60933
min: -2.51369
max: 1.3911
w:-2.51,2
w:-2.32,0
w:-2.12,0
w:-1.93,0
w:-1.73,0
w:-1.54,1
w:-1.34,1
w:-1.15,5
w:-0.95,3
w:-0.76,1
w:-0.56,15
w:-0.37,115
w:-0.17,209
w:0.02,173
w:0.22,88
w:0.41,15
w:0.61,6
w:0.81,3
w:1.00,2
w:1.20,1

40 epochs, accuracy: training=0.11356, validation=0.1064, test=0.1135
Stats for mnist-bpga-mlp
Layer 1 Dense
variance : 0.00746177
magnitude: 19.8135
min: -2.57957
max: 1.10459
w:-2.58,1
w:-2.40,3
w:-2.21,2
w:-2.03,1
w:-1.84,2
w:-1.66,1
w:-1.47,1
w:-1.29,6
w:-1.11,6
w:-0.92,22
w:-0.74,30
w:-0.55,80
w:-0.37,212
w:-0.18,19448
w:-0.00,29468
w:0.18,641
w:0.37,203
w:0.55,30
w:0.74,10
w:0.92,9
Layer 2 Dense(softmax)
variance : 0.0904604
magnitude: 7.60933
min: -2.51369
max: 1.3911
w:-2.51,2
w:-2.32,0
w:-2.12,0
w:-1.93,0
w:-1.73,0
w:-1.54,1
w:-1.34,1
w:-1.15,5
w:-0.95,3
w:-0.76,1
w:-0.56,15
w:-0.37,115
w:-0.17,209
w:0.02,173
w:0.22,88
w:0.41,15
w:0.61,6
w:0.81,3
w:1.00,2
w:1.20,1

41 epochs, accuracy: training=0.11356, validation=0.1064, test=0.1135
Stats for mnist-bpga-mlp
Layer 1 Dense
variance : 0.00746177
magnitude: 19.8135
min: -2.57957
max: 1.10459
w:-2.58,1
w:-2.40,3
w:-2.21,2
w:-2.03,1
w:-1.84,2
w:-1.66,1
w:-1.47,1
w:-1.29,6
w:-1.11,6
w:-0.92,22
w:-0.74,30
w:-0.55,80
w:-0.37,212
w:-0.18,19448
w:-0.00,29468
w:0.18,641
w:0.37,203
w:0.55,30
w:0.74,10
w:0.92,9
Layer 2 Dense(softmax)
variance : 0.0904604
magnitude: 7.60933
min: -2.51369
max: 1.3911
w:-2.51,2
w:-2.32,0
w:-2.12,0
w:-1.93,0
w:-1.73,0
w:-1.54,1
w:-1.34,1
w:-1.15,5
w:-0.95,3
w:-0.76,1
w:-0.56,15
w:-0.37,115
w:-0.17,209
w:0.02,173
w:0.22,88
w:0.41,15
w:0.61,6
w:0.81,3
w:1.00,2
w:1.20,1

42 epochs, accuracy: training=0.11356, validation=0.1064, test=0.1135
Stats for mnist-bpga-mlp
Layer 1 Dense
variance : 0.00746177
magnitude: 19.8135
min: -2.57957
max: 1.10459
w:-2.58,1
w:-2.40,3
w:-2.21,2
w:-2.03,1
w:-1.84,2
w:-1.66,1
w:-1.47,1
w:-1.29,6
w:-1.11,6
w:-0.92,22
w:-0.74,30
w:-0.55,80
w:-0.37,212
w:-0.18,19448
w:-0.00,29468
w:0.18,641
w:0.37,203
w:0.55,30
w:0.74,10
w:0.92,9
Layer 2 Dense(softmax)
variance : 0.0904604
magnitude: 7.60933
min: -2.51369
max: 1.3911
w:-2.51,2
w:-2.32,0
w:-2.12,0
w:-1.93,0
w:-1.73,0
w:-1.54,1
w:-1.34,1
w:-1.15,5
w:-0.95,3
w:-0.76,1
w:-0.56,15
w:-0.37,115
w:-0.17,209
w:0.02,173
w:0.22,88
w:0.41,15
w:0.61,6
w:0.81,3
w:1.00,2
w:1.20,1

43 epochs, accuracy: training=0.11356, validation=0.1064, test=0.1135
Stats for mnist-bpga-mlp
Layer 1 Dense
variance : 0.00746177
magnitude: 19.8135
min: -2.57957
max: 1.10459
w:-2.58,1
w:-2.40,3
w:-2.21,2
w:-2.03,1
w:-1.84,2
w:-1.66,1
w:-1.47,1
w:-1.29,6
w:-1.11,6
w:-0.92,22
w:-0.74,30
w:-0.55,80
w:-0.37,212
w:-0.18,19448
w:-0.00,29468
w:0.18,641
w:0.37,203
w:0.55,30
w:0.74,10
w:0.92,9
Layer 2 Dense(softmax)
variance : 0.0904604
magnitude: 7.60933
min: -2.51369
max: 1.3911
w:-2.51,2
w:-2.32,0
w:-2.12,0
w:-1.93,0
w:-1.73,0
w:-1.54,1
w:-1.34,1
w:-1.15,5
w:-0.95,3
w:-0.76,1
w:-0.56,15
w:-0.37,115
w:-0.17,209
w:0.02,173
w:0.22,88
w:0.41,15
w:0.61,6
w:0.81,3
w:1.00,2
w:1.20,1

44 epochs, accuracy: training=0.11356, validation=0.1064, test=0.1135
Stats for mnist-bpga-mlp
Layer 1 Dense
variance : 0.00746177
magnitude: 19.8135
min: -2.57957
max: 1.10459
w:-2.58,1
w:-2.40,3
w:-2.21,2
w:-2.03,1
w:-1.84,2
w:-1.66,1
w:-1.47,1
w:-1.29,6
w:-1.11,6
w:-0.92,22
w:-0.74,30
w:-0.55,80
w:-0.37,212
w:-0.18,19448
w:-0.00,29468
w:0.18,641
w:0.37,203
w:0.55,30
w:0.74,10
w:0.92,9
Layer 2 Dense(softmax)
variance : 0.0904604
magnitude: 7.60933
min: -2.51369
max: 1.3911
w:-2.51,2
w:-2.32,0
w:-2.12,0
w:-1.93,0
w:-1.73,0
w:-1.54,1
w:-1.34,1
w:-1.15,5
w:-0.95,3
w:-0.76,1
w:-0.56,15
w:-0.37,115
w:-0.17,209
w:0.02,173
w:0.22,88
w:0.41,15
w:0.61,6
w:0.81,3
w:1.00,2
w:1.20,1

45 epochs, accuracy: training=0.11356, validation=0.1064, test=0.1135
Stats for mnist-bpga-mlp
Layer 1 Dense
variance : 0.00746177
magnitude: 19.8135
min: -2.57957
max: 1.10459
w:-2.58,1
w:-2.40,3
w:-2.21,2
w:-2.03,1
w:-1.84,2
w:-1.66,1
w:-1.47,1
w:-1.29,6
w:-1.11,6
w:-0.92,22
w:-0.74,30
w:-0.55,80
w:-0.37,212
w:-0.18,19448
w:-0.00,29468
w:0.18,641
w:0.37,203
w:0.55,30
w:0.74,10
w:0.92,9
Layer 2 Dense(softmax)
variance : 0.0904604
magnitude: 7.60933
min: -2.51369
max: 1.3911
w:-2.51,2
w:-2.32,0
w:-2.12,0
w:-1.93,0
w:-1.73,0
w:-1.54,1
w:-1.34,1
w:-1.15,5
w:-0.95,3
w:-0.76,1
w:-0.56,15
w:-0.37,115
w:-0.17,209
w:0.02,173
w:0.22,88
w:0.41,15
w:0.61,6
w:0.81,3
w:1.00,2
w:1.20,1

46 epochs, accuracy: training=0.11356, validation=0.1064, test=0.1135
Stats for mnist-bpga-mlp
Layer 1 Dense
variance : 0.00746177
magnitude: 19.8135
min: -2.57957
max: 1.10459
w:-2.58,1
w:-2.40,3
w:-2.21,2
w:-2.03,1
w:-1.84,2
w:-1.66,1
w:-1.47,1
w:-1.29,6
w:-1.11,6
w:-0.92,22
w:-0.74,30
w:-0.55,80
w:-0.37,212
w:-0.18,19448
w:-0.00,29468
w:0.18,641
w:0.37,203
w:0.55,30
w:0.74,10
w:0.92,9
Layer 2 Dense(softmax)
variance : 0.0904604
magnitude: 7.60933
min: -2.51369
max: 1.3911
w:-2.51,2
w:-2.32,0
w:-2.12,0
w:-1.93,0
w:-1.73,0
w:-1.54,1
w:-1.34,1
w:-1.15,5
w:-0.95,3
w:-0.76,1
w:-0.56,15
w:-0.37,115
w:-0.17,209
w:0.02,173
w:0.22,88
w:0.41,15
w:0.61,6
w:0.81,3
w:1.00,2
w:1.20,1

47 epochs, accuracy: training=0.11356, validation=0.1064, test=0.1135
Stats for mnist-bpga-mlp
Layer 1 Dense
variance : 0.00746177
magnitude: 19.8135
min: -2.57957
max: 1.10459
w:-2.58,1
w:-2.40,3
w:-2.21,2
w:-2.03,1
w:-1.84,2
w:-1.66,1
w:-1.47,1
w:-1.29,6
w:-1.11,6
w:-0.92,22
w:-0.74,30
w:-0.55,80
w:-0.37,212
w:-0.18,19448
w:-0.00,29468
w:0.18,641
w:0.37,203
w:0.55,30
w:0.74,10
w:0.92,9
Layer 2 Dense(softmax)
variance : 0.0904604
magnitude: 7.60933
min: -2.51369
max: 1.3911
w:-2.51,2
w:-2.32,0
w:-2.12,0
w:-1.93,0
w:-1.73,0
w:-1.54,1
w:-1.34,1
w:-1.15,5
w:-0.95,3
w:-0.76,1
w:-0.56,15
w:-0.37,115
w:-0.17,209
w:0.02,173
w:0.22,88
w:0.41,15
w:0.61,6
w:0.81,3
w:1.00,2
w:1.20,1

48 epochs, accuracy: training=0.11356, validation=0.1064, test=0.1135
Stats for mnist-bpga-mlp
Layer 1 Dense
variance : 0.00746177
magnitude: 19.8135
min: -2.57957
max: 1.10459
w:-2.58,1
w:-2.40,3
w:-2.21,2
w:-2.03,1
w:-1.84,2
w:-1.66,1
w:-1.47,1
w:-1.29,6
w:-1.11,6
w:-0.92,22
w:-0.74,30
w:-0.55,80
w:-0.37,212
w:-0.18,19448
w:-0.00,29468
w:0.18,641
w:0.37,203
w:0.55,30
w:0.74,10
w:0.92,9
Layer 2 Dense(softmax)
variance : 0.0904604
magnitude: 7.60933
min: -2.51369
max: 1.3911
w:-2.51,2
w:-2.32,0
w:-2.12,0
w:-1.93,0
w:-1.73,0
w:-1.54,1
w:-1.34,1
w:-1.15,5
w:-0.95,3
w:-0.76,1
w:-0.56,15
w:-0.37,115
w:-0.17,209
w:0.02,173
w:0.22,88
w:0.41,15
w:0.61,6
w:0.81,3
w:1.00,2
w:1.20,1

49 epochs, accuracy: training=0.11356, validation=0.1064, test=0.1135
Stats for mnist-bpga-mlp
Layer 1 Dense
variance : 0.00746177
magnitude: 19.8135
min: -2.57957
max: 1.10459
w:-2.58,1
w:-2.40,3
w:-2.21,2
w:-2.03,1
w:-1.84,2
w:-1.66,1
w:-1.47,1
w:-1.29,6
w:-1.11,6
w:-0.92,22
w:-0.74,30
w:-0.55,80
w:-0.37,212
w:-0.18,19448
w:-0.00,29468
w:0.18,641
w:0.37,203
w:0.55,30
w:0.74,10
w:0.92,9
Layer 2 Dense(softmax)
variance : 0.0904604
magnitude: 7.60933
min: -2.51369
max: 1.3911
w:-2.51,2
w:-2.32,0
w:-2.12,0
w:-1.93,0
w:-1.73,0
w:-1.54,1
w:-1.34,1
w:-1.15,5
w:-0.95,3
w:-0.76,1
w:-0.56,15
w:-0.37,115
w:-0.17,209
w:0.02,173
w:0.22,88
w:0.41,15
w:0.61,6
w:0.81,3
w:1.00,2
w:1.20,1

50 epochs, accuracy: training=0.11356, validation=0.1064, test=0.1135
Stats for mnist-bpga-mlp
Layer 1 Dense
variance : 0.00746177
magnitude: 19.8135
min: -2.57957
max: 1.10459
w:-2.58,1
w:-2.40,3
w:-2.21,2
w:-2.03,1
w:-1.84,2
w:-1.66,1
w:-1.47,1
w:-1.29,6
w:-1.11,6
w:-0.92,22
w:-0.74,30
w:-0.55,80
w:-0.37,212
w:-0.18,19448
w:-0.00,29468
w:0.18,641
w:0.37,203
w:0.55,30
w:0.74,10
w:0.92,9
Layer 2 Dense(softmax)
variance : 0.0904604
magnitude: 7.60933
min: -2.51369
max: 1.3911
w:-2.51,2
w:-2.32,0
w:-2.12,0
w:-1.93,0
w:-1.73,0
w:-1.54,1
w:-1.34,1
w:-1.15,5
w:-0.95,3
w:-0.76,1
w:-0.56,15
w:-0.37,115
w:-0.17,209
w:0.02,173
w:0.22,88
w:0.41,15
w:0.61,6
w:0.81,3
w:1.00,2
w:1.20,1

Total values needed to encode all trainable parameters: 50890


Seed: 48
----------

Crossover: AvgFull, learning rate: 0.4, mutation epochs: 5
evolving 40 members for 15 generations...
Generation   1, time:  0.80s, fitness max: 0.146200, min: 0.042700, mean: 0.095160
best member:
Stats for mnist-bpga-mlp
Layer 1 Dense
variance : 0.00235494
magnitude: 10.8703
min: -0.0841126
max: 0.0841148
w:-0.08,2452
w:-0.08,2493
w:-0.07,2560
w:-0.06,2528
w:-0.05,2549
w:-0.04,2558
w:-0.03,2591
w:-0.03,2427
w:-0.02,2513
w:-0.01,2443
w:0.00,2596
w:0.01,2551
w:0.02,2450
w:0.03,2422
w:0.03,2530
w:0.04,2489
w:0.05,2468
w:0.06,2557
w:0.07,2532
w:0.08,2467
Layer 2 Dense(softmax)
variance : 0.0260144
magnitude: 4.10237
min: -0.284043
max: 0.281361
w:-0.28,25
w:-0.26,27
w:-0.23,25
w:-0.20,24
w:-0.17,34
w:-0.14,28
w:-0.11,44
w:-0.09,25
w:-0.06,32
w:-0.03,23
w:-0.00,36
w:0.03,33
w:0.06,39
w:0.08,27
w:0.11,25
w:0.14,39
w:0.17,42
w:0.20,40
w:0.22,40
w:0.25,32

Generation   2, time: 1m 35s, fitness max: 0.756200, min: 0.043100, mean: 0.155305
best member:
Stats for mnist-bpga-mlp
Layer 1 Dense
variance : 0.0159375
magnitude: 28.5595
min: -3.25268
max: 1.40318
w:-3.25,1
w:-3.02,3
w:-2.79,5
w:-2.55,5
w:-2.32,5
w:-2.09,3
w:-1.86,1
w:-1.62,7
w:-1.39,18
w:-1.16,30
w:-0.92,91
w:-0.69,204
w:-0.46,518
w:-0.23,20701
w:0.01,27285
w:0.24,951
w:0.47,255
w:0.70,76
w:0.94,16
w:1.17,1
Layer 2 Dense(softmax)
variance : 0.0964592
magnitude: 7.85722
min: -1.98249
max: 1.37033
w:-1.98,1
w:-1.81,0
w:-1.65,0
w:-1.48,4
w:-1.31,1
w:-1.14,2
w:-0.98,5
w:-0.81,5
w:-0.64,18
w:-0.47,11
w:-0.31,75
w:-0.14,230
w:0.03,200
w:0.20,46
w:0.36,19
w:0.53,8
w:0.70,3
w:0.87,4
w:1.04,6
w:1.20,2

Generation   3, time: 1m 21s, fitness max: 0.756200, min: 0.070500, mean: 0.287417
best member:
Stats for mnist-bpga-mlp
Layer 1 Dense
variance : 0.0159375
magnitude: 28.5595
min: -3.25268
max: 1.40318
w:-3.25,1
w:-3.02,3
w:-2.79,5
w:-2.55,5
w:-2.32,5
w:-2.09,3
w:-1.86,1
w:-1.62,7
w:-1.39,18
w:-1.16,30
w:-0.92,91
w:-0.69,204
w:-0.46,518
w:-0.23,20701
w:0.01,27285
w:0.24,951
w:0.47,255
w:0.70,76
w:0.94,16
w:1.17,1
Layer 2 Dense(softmax)
variance : 0.0964592
magnitude: 7.85722
min: -1.98249
max: 1.37033
w:-1.98,1
w:-1.81,0
w:-1.65,0
w:-1.48,4
w:-1.31,1
w:-1.14,2
w:-0.98,5
w:-0.81,5
w:-0.64,18
w:-0.47,11
w:-0.31,75
w:-0.14,230
w:0.03,200
w:0.20,46
w:0.36,19
w:0.53,8
w:0.70,3
w:0.87,4
w:1.04,6
w:1.20,2

Generation   4, time: 1m 25s, fitness max: 0.883300, min: 0.098300, mean: 0.314402
best member:
Stats for mnist-bpga-mlp
Layer 1 Dense
variance : 0.0183865
magnitude: 30.4865
min: -3.36976
max: 1.38046
w:-3.37,2
w:-3.13,2
w:-2.89,1
w:-2.66,6
w:-2.42,4
w:-2.18,7
w:-1.94,11
w:-1.71,13
w:-1.47,16
w:-1.23,35
w:-0.99,73
w:-0.76,230
w:-0.52,564
w:-0.28,2599
w:-0.04,44933
w:0.19,1156
w:0.43,384
w:0.67,121
w:0.91,18
w:1.14,1
Layer 2 Dense(softmax)
variance : 0.0695897
magnitude: 6.67379
min: -1.98448
max: 1.14823
w:-1.98,1
w:-1.83,0
w:-1.67,0
w:-1.51,1
w:-1.36,2
w:-1.20,0
w:-1.04,2
w:-0.89,7
w:-0.73,4
w:-0.57,6
w:-0.42,26
w:-0.26,80
w:-0.10,298
w:0.05,157
w:0.21,20
w:0.37,16
w:0.52,8
w:0.68,4
w:0.83,3
w:0.99,5

Generation   5, time: 1m 33s, fitness max: 0.894100, min: 0.100600, mean: 0.398340
best member:
Stats for mnist-bpga-mlp
Layer 1 Dense
variance : 0.0235285
magnitude: 34.5242
min: -4.22272
max: 1.38435
w:-4.22,2
w:-3.94,2
w:-3.66,5
w:-3.38,1
w:-3.10,2
w:-2.82,3
w:-2.54,3
w:-2.26,5
w:-1.98,10
w:-1.70,15
w:-1.42,34
w:-1.14,78
w:-0.86,232
w:-0.58,682
w:-0.30,9758
w:-0.02,37956
w:0.26,1017
w:0.54,282
w:0.82,76
w:1.10,13
Layer 2 Dense(softmax)
variance : 0.0779499
magnitude: 7.06328
min: -1.89224
max: 1.18616
w:-1.89,1
w:-1.74,0
w:-1.58,0
w:-1.43,0
w:-1.28,2
w:-1.12,4
w:-0.97,2
w:-0.81,5
w:-0.66,11
w:-0.51,21
w:-0.35,31
w:-0.20,149
w:-0.05,264
w:0.11,98
w:0.26,18
w:0.42,11
w:0.57,8
w:0.72,6
w:0.88,8
w:1.03,1

Generation   6, time: 67.22s, fitness max: 0.909300, min: 0.110900, mean: 0.446095
best member:
Stats for mnist-bpga-mlp
Layer 1 Dense
variance : 0.0235503
magnitude: 34.5059
min: -4.06107
max: 1.37456
w:-4.06,2
w:-3.79,2
w:-3.52,3
w:-3.25,3
w:-2.97,4
w:-2.70,2
w:-2.43,2
w:-2.16,7
w:-1.89,12
w:-1.62,20
w:-1.34,40
w:-1.07,103
w:-0.80,301
w:-0.53,835
w:-0.26,25544
w:0.02,21990
w:0.29,990
w:0.56,256
w:0.83,48
w:1.10,12
Layer 2 Dense(softmax)
variance : 0.0770525
magnitude: 7.02252
min: -1.32349
max: 1.09307
w:-1.32,4
w:-1.20,3
w:-1.08,1
w:-0.96,2
w:-0.84,2
w:-0.72,5
w:-0.60,7
w:-0.48,17
w:-0.36,22
w:-0.24,64
w:-0.12,183
w:0.01,212
w:0.13,59
w:0.25,14
w:0.37,13
w:0.49,10
w:0.61,10
w:0.73,5
w:0.85,4
w:0.97,3

Generation   7, time: 55.79s, fitness max: 0.930000, min: 0.157600, mean: 0.502577
best member:
Stats for mnist-bpga-mlp
Layer 1 Dense
variance : 0.0285186
magnitude: 37.9328
min: -4.82597
max: 1.45464
w:-4.83,2
w:-4.51,0
w:-4.20,2
w:-3.88,5
w:-3.57,3
w:-3.26,3
w:-2.94,1
w:-2.63,4
w:-2.31,7
w:-2.00,14
w:-1.69,35
w:-1.37,57
w:-1.06,174
w:-0.74,521
w:-0.43,1745
w:-0.12,45426
w:0.20,1696
w:0.51,391
w:0.83,74
w:1.14,16
Layer 2 Dense(softmax)
variance : 0.0794488
magnitude: 7.13087
min: -1.63523
max: 1.03348
w:-1.64,1
w:-1.50,0
w:-1.37,2
w:-1.23,3
w:-1.10,1
w:-0.97,1
w:-0.83,2
w:-0.70,11
w:-0.57,18
w:-0.43,14
w:-0.30,42
w:-0.17,154
w:-0.03,230
w:0.10,97
w:0.23,18
w:0.37,17
w:0.50,6
w:0.63,9
w:0.77,10
w:0.90,4

Generation   8, time: 53.06s, fitness max: 0.930000, min: 0.171800, mean: 0.710440
best member:
Stats for mnist-bpga-mlp
Layer 1 Dense
variance : 0.0285186
magnitude: 37.9328
min: -4.82597
max: 1.45464
w:-4.83,2
w:-4.51,0
w:-4.20,2
w:-3.88,5
w:-3.57,3
w:-3.26,3
w:-2.94,1
w:-2.63,4
w:-2.31,7
w:-2.00,14
w:-1.69,35
w:-1.37,57
w:-1.06,174
w:-0.74,521
w:-0.43,1745
w:-0.12,45426
w:0.20,1696
w:0.51,391
w:0.83,74
w:1.14,16
Layer 2 Dense(softmax)
variance : 0.0794488
magnitude: 7.13087
min: -1.63523
max: 1.03348
w:-1.64,1
w:-1.50,0
w:-1.37,2
w:-1.23,3
w:-1.10,1
w:-0.97,1
w:-0.83,2
w:-0.70,11
w:-0.57,18
w:-0.43,14
w:-0.30,42
w:-0.17,154
w:-0.03,230
w:0.10,97
w:0.23,18
w:0.37,17
w:0.50,6
w:0.63,9
w:0.77,10
w:0.90,4

Generation   9, time: 1m 17s, fitness max: 0.932600, min: 0.317700, mean: 0.778125
best member:
Stats for mnist-bpga-mlp
Layer 1 Dense
variance : 0.0287865
magnitude: 38.0908
min: -4.74329
max: 1.37486
w:-4.74,2
w:-4.44,0
w:-4.13,2
w:-3.83,1
w:-3.52,1
w:-3.21,5
w:-2.91,5
w:-2.60,4
w:-2.30,10
w:-1.99,21
w:-1.68,28
w:-1.38,54
w:-1.07,153
w:-0.77,553
w:-0.46,1640
w:-0.15,44516
w:0.15,2567
w:0.46,499
w:0.76,103
w:1.07,12
Layer 2 Dense(softmax)
variance : 0.078337
magnitude: 7.08104
min: -1.77828
max: 1.14654
w:-1.78,1
w:-1.63,0
w:-1.49,0
w:-1.34,2
w:-1.19,2
w:-1.05,2
w:-0.90,1
w:-0.75,9
w:-0.61,12
w:-0.46,19
w:-0.32,43
w:-0.17,158
w:-0.02,275
w:0.12,54
w:0.27,23
w:0.42,11
w:0.56,11
w:0.71,11
w:0.85,4
w:1.00,2

Generation  10, time: 1m 17s, fitness max: 0.937900, min: 0.506500, mean: 0.797870
best member:
Stats for mnist-bpga-mlp
Layer 1 Dense
variance : 0.029954
magnitude: 38.8434
min: -4.70405
max: 1.41582
w:-4.70,3
w:-4.40,0
w:-4.09,3
w:-3.79,2
w:-3.48,3
w:-3.17,4
w:-2.87,1
w:-2.56,8
w:-2.26,9
w:-1.95,18
w:-1.64,33
w:-1.34,58
w:-1.03,198
w:-0.73,658
w:-0.42,2000
w:-0.11,44825
w:0.19,1830
w:0.50,429
w:0.80,84
w:1.11,10
Layer 2 Dense(softmax)
variance : 0.0772275
magnitude: 7.03058
min: -1.73864
max: 1.23458
w:-1.74,1
w:-1.59,1
w:-1.44,1
w:-1.29,1
w:-1.14,1
w:-1.00,4
w:-0.85,4
w:-0.70,5
w:-0.55,9
w:-0.40,34
w:-0.25,71
w:-0.10,276
w:0.05,164
w:0.19,28
w:0.34,8
w:0.49,14
w:0.64,10
w:0.79,2
w:0.94,3
w:1.09,3

Generation  11, time: 32.18s, fitness max: 0.937900, min: 0.628100, mean: 0.829085
best member:
Stats for mnist-bpga-mlp
Layer 1 Dense
variance : 0.029954
magnitude: 38.8434
min: -4.70405
max: 1.41582
w:-4.70,3
w:-4.40,0
w:-4.09,3
w:-3.79,2
w:-3.48,3
w:-3.17,4
w:-2.87,1
w:-2.56,8
w:-2.26,9
w:-1.95,18
w:-1.64,33
w:-1.34,58
w:-1.03,198
w:-0.73,658
w:-0.42,2000
w:-0.11,44825
w:0.19,1830
w:0.50,429
w:0.80,84
w:1.11,10
Layer 2 Dense(softmax)
variance : 0.0772275
magnitude: 7.03058
min: -1.73864
max: 1.23458
w:-1.74,1
w:-1.59,1
w:-1.44,1
w:-1.29,1
w:-1.14,1
w:-1.00,4
w:-0.85,4
w:-0.70,5
w:-0.55,9
w:-0.40,34
w:-0.25,71
w:-0.10,276
w:0.05,164
w:0.19,28
w:0.34,8
w:0.49,14
w:0.64,10
w:0.79,2
w:0.94,3
w:1.09,3

Generation  12, time: 56.31s, fitness max: 0.942100, min: 0.695600, mean: 0.857023
best member:
Stats for mnist-bpga-mlp
Layer 1 Dense
variance : 0.0288322
magnitude: 38.1081
min: -4.67651
max: 1.31911
w:-4.68,2
w:-4.38,1
w:-4.08,2
w:-3.78,4
w:-3.48,2
w:-3.18,4
w:-2.88,1
w:-2.58,6
w:-2.28,9
w:-1.98,14
w:-1.68,31
w:-1.38,55
w:-1.08,126
w:-0.78,528
w:-0.48,1518
w:-0.18,43848
w:0.12,3322
w:0.42,558
w:0.72,120
w:1.02,25
Layer 2 Dense(softmax)
variance : 0.0786102
magnitude: 7.09328
min: -1.65196
max: 1.20509
w:-1.65,1
w:-1.51,1
w:-1.37,1
w:-1.22,2
w:-1.08,2
w:-0.94,3
w:-0.79,3
w:-0.65,7
w:-0.51,22
w:-0.37,27
w:-0.22,95
w:-0.08,278
w:0.06,137
w:0.21,18
w:0.35,11
w:0.49,12
w:0.63,7
w:0.78,7
w:0.92,4
w:1.06,2

Generation  13, time: 52.97s, fitness max: 0.946100, min: 0.769000, mean: 0.888922
best member:
Stats for mnist-bpga-mlp
Layer 1 Dense
variance : 0.0350168
magnitude: 41.9813
min: -5.05065
max: 1.60177
w:-5.05,2
w:-4.72,1
w:-4.39,5
w:-4.05,1
w:-3.72,2
w:-3.39,4
w:-3.05,1
w:-2.72,5
w:-2.39,16
w:-2.06,17
w:-1.72,40
w:-1.39,59
w:-1.06,261
w:-0.73,787
w:-0.39,3046
w:-0.06,44211
w:0.27,1372
w:0.60,275
w:0.94,64
w:1.27,7
Layer 2 Dense(softmax)
variance : 0.0863719
magnitude: 7.43515
min: -1.82605
max: 1.13142
w:-1.83,1
w:-1.68,0
w:-1.53,1
w:-1.38,1
w:-1.23,1
w:-1.09,4
w:-0.94,3
w:-0.79,5
w:-0.64,10
w:-0.50,23
w:-0.35,41
w:-0.20,127
w:-0.05,270
w:0.10,87
w:0.24,20
w:0.39,14
w:0.54,15
w:0.69,9
w:0.84,4
w:0.98,4

Generation  14, time: 46.64s, fitness max: 0.948600, min: 0.731500, mean: 0.891215
best member:
Stats for mnist-bpga-mlp
Layer 1 Dense
variance : 0.0362962
magnitude: 42.736
min: -4.96374
max: 1.57413
w:-4.96,3
w:-4.64,0
w:-4.31,3
w:-3.98,4
w:-3.66,2
w:-3.33,5
w:-3.00,2
w:-2.68,7
w:-2.35,16
w:-2.02,25
w:-1.69,30
w:-1.37,76
w:-1.04,267
w:-0.71,873
w:-0.39,2914
w:-0.06,44175
w:0.27,1382
w:0.59,321
w:0.92,63
w:1.25,8
Layer 2 Dense(softmax)
variance : 0.0834541
magnitude: 7.30849
min: -1.90343
max: 1.0794
w:-1.90,1
w:-1.75,0
w:-1.61,0
w:-1.46,1
w:-1.31,4
w:-1.16,2
w:-1.01,3
w:-0.86,3
w:-0.71,4
w:-0.56,11
w:-0.41,33
w:-0.26,69
w:-0.11,247
w:0.04,188
w:0.18,26
w:0.33,13
w:0.48,13
w:0.63,10
w:0.78,8
w:0.93,4

Generation  15, time: 68.60s, fitness max: 0.949300, min: 0.832400, mean: 0.913715
evolution finished, top-5 members:
member   1, fitness=0.949300
member   2, fitness=0.948600
member   3, fitness=0.948000
member   4, fitness=0.947500
member   5, fitness=0.946500
member  40, fitness=0.832400
Training set predicted with 0.94954 accuracy.
Validation set predicted with 0.9493 accuracy.
Test set predicted with 0.9396 accuracy.

Crossover: Uniform, learning rate: 0.4, mutation epochs: 5
evolving 40 members for 15 generations...
Generation   1, time:  0.64s, fitness max: 0.146200, min: 0.042700, mean: 0.095160
best member:
Stats for mnist-bpga-mlp
Layer 1 Dense
variance : 0.00235494
magnitude: 10.8703
min: -0.0841126
max: 0.0841148
w:-0.08,2452
w:-0.08,2493
w:-0.07,2560
w:-0.06,2528
w:-0.05,2549
w:-0.04,2558
w:-0.03,2591
w:-0.03,2427
w:-0.02,2513
w:-0.01,2443
w:0.00,2596
w:0.01,2551
w:0.02,2450
w:0.03,2422
w:0.03,2530
w:0.04,2489
w:0.05,2468
w:0.06,2557
w:0.07,2532
w:0.08,2467
Layer 2 Dense(softmax)
variance : 0.0260144
magnitude: 4.10237
min: -0.284043
max: 0.281361
w:-0.28,25
w:-0.26,27
w:-0.23,25
w:-0.20,24
w:-0.17,34
w:-0.14,28
w:-0.11,44
w:-0.09,25
w:-0.06,32
w:-0.03,23
w:-0.00,36
w:0.03,33
w:0.06,39
w:0.08,27
w:0.11,25
w:0.14,39
w:0.17,42
w:0.20,40
w:0.22,40
w:0.25,32

Generation   2, time: 1m 19s, fitness max: 0.473500, min: 0.069600, mean: 0.153387
best member:
Stats for mnist-bpga-mlp
Layer 1 Dense
variance : 0.0136283
magnitude: 26.5247
min: -2.86031
max: 1.13297
w:-2.86,1
w:-2.66,2
w:-2.46,3
w:-2.26,0
w:-2.06,8
w:-1.86,5
w:-1.66,4
w:-1.46,6
w:-1.26,12
w:-1.06,24
w:-0.86,59
w:-0.66,156
w:-0.46,427
w:-0.26,3669
w:-0.07,42655
w:0.13,2598
w:0.33,386
w:0.53,112
w:0.73,39
w:0.93,10
Layer 2 Dense(softmax)
variance : 0.0935949
magnitude: 7.75273
min: -1.53915
max: 1.78725
w:-1.54,1
w:-1.37,2
w:-1.21,2
w:-1.04,6
w:-0.87,2
w:-0.71,6
w:-0.54,15
w:-0.37,57
w:-0.21,159
w:-0.04,195
w:0.12,144
w:0.29,24
w:0.46,7
w:0.62,8
w:0.79,4
w:0.96,4
w:1.12,1
w:1.29,1
w:1.45,0
w:1.62,2

Generation   3, time: 47.61s, fitness max: 0.555700, min: 0.063200, mean: 0.214825
best member:
Stats for mnist-bpga-mlp
Layer 1 Dense
variance : 0.0126676
magnitude: 25.5721
min: -2.35989
max: 1.1663
w:-2.36,2
w:-2.18,3
w:-2.01,3
w:-1.83,3
w:-1.65,4
w:-1.48,7
w:-1.30,15
w:-1.13,17
w:-0.95,43
w:-0.77,77
w:-0.60,162
w:-0.42,311
w:-0.24,2790
w:-0.07,42807
w:0.11,3139
w:0.28,493
w:0.46,198
w:0.64,73
w:0.81,24
w:0.99,5
Layer 2 Dense(softmax)
variance : 0.125364
magnitude: 8.9573
min: -1.76941
max: 1.8835
w:-1.77,3
w:-1.59,1
w:-1.40,7
w:-1.22,6
w:-1.04,4
w:-0.86,4
w:-0.67,6
w:-0.49,12
w:-0.31,117
w:-0.13,205
w:0.06,188
w:0.24,54
w:0.42,13
w:0.60,5
w:0.79,4
w:0.97,5
w:1.15,5
w:1.34,0
w:1.52,0
w:1.70,1

Generation   4, time: 58.67s, fitness max: 0.555700, min: 0.044900, mean: 0.192905
best member:
Stats for mnist-bpga-mlp
Layer 1 Dense
variance : 0.0126676
magnitude: 25.5721
min: -2.35989
max: 1.1663
w:-2.36,2
w:-2.18,3
w:-2.01,3
w:-1.83,3
w:-1.65,4
w:-1.48,7
w:-1.30,15
w:-1.13,17
w:-0.95,43
w:-0.77,77
w:-0.60,162
w:-0.42,311
w:-0.24,2790
w:-0.07,42807
w:0.11,3139
w:0.28,493
w:0.46,198
w:0.64,73
w:0.81,24
w:0.99,5
Layer 2 Dense(softmax)
variance : 0.125364
magnitude: 8.9573
min: -1.76941
max: 1.8835
w:-1.77,3
w:-1.59,1
w:-1.40,7
w:-1.22,6
w:-1.04,4
w:-0.86,4
w:-0.67,6
w:-0.49,12
w:-0.31,117
w:-0.13,205
w:0.06,188
w:0.24,54
w:0.42,13
w:0.60,5
w:0.79,4
w:0.97,5
w:1.15,5
w:1.34,0
w:1.52,0
w:1.70,1

Generation   5, time: 66.10s, fitness max: 0.555700, min: 0.088400, mean: 0.194123
best member:
Stats for mnist-bpga-mlp
Layer 1 Dense
variance : 0.0126676
magnitude: 25.5721
min: -2.35989
max: 1.1663
w:-2.36,2
w:-2.18,3
w:-2.01,3
w:-1.83,3
w:-1.65,4
w:-1.48,7
w:-1.30,15
w:-1.13,17
w:-0.95,43
w:-0.77,77
w:-0.60,162
w:-0.42,311
w:-0.24,2790
w:-0.07,42807
w:0.11,3139
w:0.28,493
w:0.46,198
w:0.64,73
w:0.81,24
w:0.99,5
Layer 2 Dense(softmax)
variance : 0.125364
magnitude: 8.9573
min: -1.76941
max: 1.8835
w:-1.77,3
w:-1.59,1
w:-1.40,7
w:-1.22,6
w:-1.04,4
w:-0.86,4
w:-0.67,6
w:-0.49,12
w:-0.31,117
w:-0.13,205
w:0.06,188
w:0.24,54
w:0.42,13
w:0.60,5
w:0.79,4
w:0.97,5
w:1.15,5
w:1.34,0
w:1.52,0
w:1.70,1

Generation   6, time: 1m 12s, fitness max: 0.761700, min: 0.098300, mean: 0.197818
best member:
Stats for mnist-bpga-mlp
Layer 1 Dense
variance : 0.0215001
magnitude: 33.1296
min: -4.10641
max: 1.52618
w:-4.11,2
w:-3.82,1
w:-3.54,3
w:-3.26,2
w:-2.98,0
w:-2.70,1
w:-2.42,4
w:-2.14,6
w:-1.85,7
w:-1.57,20
w:-1.29,29
w:-1.01,117
w:-0.73,361
w:-0.45,1112
w:-0.16,43916
w:0.12,3909
w:0.40,526
w:0.68,132
w:0.96,21
w:1.24,7
Layer 2 Dense(softmax)
variance : 0.107678
magnitude: 8.31041
min: -1.53915
max: 1.78725
w:-1.54,2
w:-1.37,2
w:-1.21,4
w:-1.04,3
w:-0.87,5
w:-0.71,4
w:-0.54,12
w:-0.37,71
w:-0.21,157
w:-0.04,190
w:0.12,130
w:0.29,24
w:0.46,13
w:0.62,5
w:0.79,10
w:0.96,2
w:1.12,2
w:1.29,2
w:1.45,0
w:1.62,2

Generation   7, time: 42.00s, fitness max: 0.761700, min: 0.094900, mean: 0.199293
best member:
Stats for mnist-bpga-mlp
Layer 1 Dense
variance : 0.0215001
magnitude: 33.1296
min: -4.10641
max: 1.52618
w:-4.11,2
w:-3.82,1
w:-3.54,3
w:-3.26,2
w:-2.98,0
w:-2.70,1
w:-2.42,4
w:-2.14,6
w:-1.85,7
w:-1.57,20
w:-1.29,29
w:-1.01,117
w:-0.73,361
w:-0.45,1112
w:-0.16,43916
w:0.12,3909
w:0.40,526
w:0.68,132
w:0.96,21
w:1.24,7
Layer 2 Dense(softmax)
variance : 0.107678
magnitude: 8.31041
min: -1.53915
max: 1.78725
w:-1.54,2
w:-1.37,2
w:-1.21,4
w:-1.04,3
w:-0.87,5
w:-0.71,4
w:-0.54,12
w:-0.37,71
w:-0.21,157
w:-0.04,190
w:0.12,130
w:0.29,24
w:0.46,13
w:0.62,5
w:0.79,10
w:0.96,2
w:1.12,2
w:1.29,2
w:1.45,0
w:1.62,2

Generation   8, time: 1m 15s, fitness max: 0.844600, min: 0.093900, mean: 0.284385
best member:
Stats for mnist-bpga-mlp
Layer 1 Dense
variance : 0.0297149
magnitude: 38.8814
min: -3.84986
max: 2.06747
w:-3.85,2
w:-3.55,2
w:-3.26,3
w:-2.96,3
w:-2.67,6
w:-2.37,8
w:-2.07,16
w:-1.78,11
w:-1.48,36
w:-1.19,94
w:-0.89,281
w:-0.60,773
w:-0.30,18050
w:-0.00,29322
w:0.29,1141
w:0.59,317
w:0.88,83
w:1.18,21
w:1.48,5
w:1.77,2
Layer 2 Dense(softmax)
variance : 0.105807
magnitude: 8.23285
min: -2.12378
max: 1.26065
w:-2.12,1
w:-1.95,0
w:-1.79,2
w:-1.62,0
w:-1.45,0
w:-1.28,2
w:-1.11,4
w:-0.94,6
w:-0.77,7
w:-0.60,10
w:-0.43,33
w:-0.26,135
w:-0.09,181
w:0.08,161
w:0.25,56
w:0.41,19
w:0.58,8
w:0.75,7
w:0.92,5
w:1.09,3

Generation   9, time: 1m 24s, fitness max: 0.844600, min: 0.087300, mean: 0.312410
best member:
Stats for mnist-bpga-mlp
Layer 1 Dense
variance : 0.0297149
magnitude: 38.8814
min: -3.84986
max: 2.06747
w:-3.85,2
w:-3.55,2
w:-3.26,3
w:-2.96,3
w:-2.67,6
w:-2.37,8
w:-2.07,16
w:-1.78,11
w:-1.48,36
w:-1.19,94
w:-0.89,281
w:-0.60,773
w:-0.30,18050
w:-0.00,29322
w:0.29,1141
w:0.59,317
w:0.88,83
w:1.18,21
w:1.48,5
w:1.77,2
Layer 2 Dense(softmax)
variance : 0.105807
magnitude: 8.23285
min: -2.12378
max: 1.26065
w:-2.12,1
w:-1.95,0
w:-1.79,2
w:-1.62,0
w:-1.45,0
w:-1.28,2
w:-1.11,4
w:-0.94,6
w:-0.77,7
w:-0.60,10
w:-0.43,33
w:-0.26,135
w:-0.09,181
w:0.08,161
w:0.25,56
w:0.41,19
w:0.58,8
w:0.75,7
w:0.92,5
w:1.09,3

Generation  10, time: 1m 20s, fitness max: 0.907400, min: 0.108100, mean: 0.368322
best member:
Stats for mnist-bpga-mlp
Layer 1 Dense
variance : 0.0351078
magnitude: 42.1265
min: -5.51183
max: 1.62197
w:-5.51,1
w:-5.16,0
w:-4.80,2
w:-4.44,3
w:-4.09,3
w:-3.73,0
w:-3.37,1
w:-3.01,3
w:-2.66,7
w:-2.30,13
w:-1.94,20
w:-1.59,61
w:-1.23,148
w:-0.87,475
w:-0.52,1596
w:-0.16,45096
w:0.20,2239
w:0.55,409
w:0.91,88
w:1.27,11
Layer 2 Dense(softmax)
variance : 0.107201
magnitude: 8.28786
min: -1.53915
max: 1.48649
w:-1.54,3
w:-1.39,0
w:-1.24,3
w:-1.09,4
w:-0.93,3
w:-0.78,5
w:-0.63,9
w:-0.48,23
w:-0.33,84
w:-0.18,149
w:-0.03,163
w:0.12,128
w:0.28,26
w:0.43,15
w:0.58,8
w:0.73,4
w:0.88,4
w:1.03,4
w:1.18,3
w:1.34,2

Generation  11, time: 1m 22s, fitness max: 0.907400, min: 0.144100, mean: 0.410885
best member:
Stats for mnist-bpga-mlp
Layer 1 Dense
variance : 0.0351078
magnitude: 42.1265
min: -5.51183
max: 1.62197
w:-5.51,1
w:-5.16,0
w:-4.80,2
w:-4.44,3
w:-4.09,3
w:-3.73,0
w:-3.37,1
w:-3.01,3
w:-2.66,7
w:-2.30,13
w:-1.94,20
w:-1.59,61
w:-1.23,148
w:-0.87,475
w:-0.52,1596
w:-0.16,45096
w:0.20,2239
w:0.55,409
w:0.91,88
w:1.27,11
Layer 2 Dense(softmax)
variance : 0.107201
magnitude: 8.28786
min: -1.53915
max: 1.48649
w:-1.54,3
w:-1.39,0
w:-1.24,3
w:-1.09,4
w:-0.93,3
w:-0.78,5
w:-0.63,9
w:-0.48,23
w:-0.33,84
w:-0.18,149
w:-0.03,163
w:0.12,128
w:0.28,26
w:0.43,15
w:0.58,8
w:0.73,4
w:0.88,4
w:1.03,4
w:1.18,3
w:1.34,2

Generation  12, time: 1m 44s, fitness max: 0.921400, min: 0.109100, mean: 0.479775
best member:
Stats for mnist-bpga-mlp
Layer 1 Dense
variance : 0.0375399
magnitude: 43.561
min: -5.58551
max: 2.10383
w:-5.59,2
w:-5.20,0
w:-4.82,1
w:-4.43,2
w:-4.05,1
w:-3.66,3
w:-3.28,2
w:-2.89,4
w:-2.51,7
w:-2.13,22
w:-1.74,40
w:-1.36,135
w:-0.97,441
w:-0.59,1642
w:-0.20,44385
w:0.18,2977
w:0.57,425
w:0.95,73
w:1.33,11
w:1.72,3
Layer 2 Dense(softmax)
variance : 0.13468
magnitude: 9.2901
min: -1.89263
max: 2.08438
w:-1.89,2
w:-1.69,2
w:-1.49,0
w:-1.30,3
w:-1.10,2
w:-0.90,11
w:-0.70,10
w:-0.50,35
w:-0.30,140
w:-0.10,194
w:0.10,164
w:0.29,37
w:0.49,23
w:0.69,4
w:0.89,6
w:1.09,2
w:1.29,2
w:1.49,0
w:1.69,2
w:1.89,1

Generation  13, time: 1m 22s, fitness max: 0.923200, min: 0.184600, mean: 0.516088
best member:
Stats for mnist-bpga-mlp
Layer 1 Dense
variance : 0.0397072
magnitude: 44.796
min: -6.01257
max: 2.39588
w:-6.01,2
w:-5.59,0
w:-5.17,0
w:-4.75,0
w:-4.33,0
w:-3.91,1
w:-3.49,3
w:-3.07,5
w:-2.65,11
w:-2.23,28
w:-1.81,47
w:-1.39,159
w:-0.97,542
w:-0.55,2234
w:-0.13,45326
w:0.29,1531
w:0.71,239
w:1.13,40
w:1.56,5
w:1.98,3
Layer 2 Dense(softmax)
variance : 0.12147
magnitude: 8.81758
min: -2.0458
max: 2.08438
w:-2.05,2
w:-1.84,1
w:-1.63,2
w:-1.43,1
w:-1.22,2
w:-1.01,3
w:-0.81,13
w:-0.60,21
w:-0.39,86
w:-0.19,195
w:0.02,200
w:0.23,77
w:0.43,18
w:0.64,6
w:0.85,8
w:1.05,2
w:1.26,2
w:1.46,0
w:1.67,0
w:1.88,1

Generation  14, time: 1m 33s, fitness max: 0.925600, min: 0.154500, mean: 0.604160
best member:
Stats for mnist-bpga-mlp
Layer 1 Dense
variance : 0.0426749
magnitude: 46.4333
min: -5.96553
max: 2.50315
w:-5.97,2
w:-5.54,0
w:-5.12,0
w:-4.70,2
w:-4.27,0
w:-3.85,5
w:-3.42,2
w:-3.00,9
w:-2.58,11
w:-2.15,21
w:-1.73,60
w:-1.31,228
w:-0.88,760
w:-0.46,10511
w:-0.04,37298
w:0.39,1056
w:0.81,178
w:1.23,25
w:1.66,6
w:2.08,2
Layer 2 Dense(softmax)
variance : 0.121544
magnitude: 8.83839
min: -1.53915
max: 2.08439
w:-1.54,2
w:-1.36,3
w:-1.18,3
w:-1.00,6
w:-0.81,8
w:-0.63,12
w:-0.45,33
w:-0.27,138
w:-0.09,179
w:0.09,169
w:0.27,45
w:0.45,18
w:0.63,7
w:0.82,10
w:1.00,2
w:1.18,2
w:1.36,1
w:1.54,0
w:1.72,1
w:1.90,1

Generation  15, time: 1m 25s, fitness max: 0.929500, min: 0.332100, mean: 0.622415
evolution finished, top-5 members:
member   1, fitness=0.929500
member   2, fitness=0.927600
member   3, fitness=0.925600
member   4, fitness=0.923200
member   5, fitness=0.922600
member  40, fitness=0.332100
Training set predicted with 0.92588 accuracy.
Validation set predicted with 0.9295 accuracy.
Test set predicted with 0.9243 accuracy.
sums_valid[0] = 0
sums_test[0] = 0
sums_valid[1] = 0
sums_test[1] = 0
sums_valid[2] = 0
sums_test[2] = 0
sums_valid[3] = 0
sums_test[3] = 0
sums_valid[4] = 0
sums_test[4] = 0
sums_valid[5] = 0
sums_test[5] = 0
sums_valid[6] = 0
sums_test[6] = 0

RESULTS:
AvgFull:
 mean valid accuracy: 0
 mean test accuracy:  0
AvgSome:
 mean valid accuracy: 0
 mean test accuracy:  0
Uniform:
 mean valid accuracy: 0
 mean test accuracy:  0
Full+Some:
 mean valid accuracy: 0
 mean test accuracy:  0
Full+Uniform:
 mean valid accuracy: 0
 mean test accuracy:  0
Some+Uniform:
 mean valid accuracy: 0
 mean test accuracy:  0
Full+Some+Uniform:
 mean valid accuracy: 0
 mean test accuracy:  0
