Network: mnist-bpga-mlp
Input, shape:[28,28], parameters: 0, memory:3.1 KB
Dense(ReLU), shape:[64], parameters:50240, memory:392.5 KB
Dense(softmax), shape:[10], parameters:650, memory:5.1 KB

Mutation probability: 0.2
Learning rate: 0.3

SEED=48
10 epochs, accuracy:  validation=0.9136, test=0.9055
20 epochs, accuracy:  validation=0.9326, test=0.9278
30 epochs, accuracy:  validation=0.9361, test=0.9319
40 epochs, accuracy:  validation=0.9390, test=0.9322
50 epochs, accuracy:  validation=0.9423, test=0.9351
60 epochs, accuracy:  validation=0.9410, test=0.9351
70 epochs, accuracy:  validation=0.9442, test=0.938
80 epochs, accuracy:  validation=0.9376, test=0.9333
90 epochs, accuracy:  validation=0.9370, test=0.9319
100 epochs, accuracy: validation=0.9435, test=0.9362
110 epochs, accuracy: validation=0.9400, test=0.9328
120 epochs, accuracy: validation=0.9423, test=0.9358
130 epochs, accuracy: validation=0.9483, test=0.9406
140 epochs, accuracy: validation=0.9438, test=0.9384
150 epochs, accuracy: validation=0.9428, test=0.9392
160 epochs, accuracy: validation=0.9410, test=0.9356
170 epochs, accuracy: validation=0.9388, test=0.9316
180 epochs, accuracy: validation=0.9436, test=0.9395
190 epochs, accuracy: validation=0.9424, test=0.936
200 epochs, accuracy: validation=0.9410, test=0.9366
210 epochs, accuracy: validation=0.9459, test=0.9367
220 epochs, accuracy: validation=0.9453, test=0.9386
230 epochs, accuracy: validation=0.9409, test=0.9359
240 epochs, accuracy: validation=0.9458, test=0.9389
250 epochs, accuracy: validation=0.9416, test=0.9392
260 epochs, accuracy: validation=0.9445, test=0.9387
270 epochs, accuracy: validation=0.9402, test=0.9358
280 epochs, accuracy: validation=0.9450, test=0.937
290 epochs, accuracy: validation=0.9453, test=0.9382
300 epochs, accuracy: validation=0.9437, test=0.9385
310 epochs, accuracy: validation=0.9426, test=0.9367
320 epochs, accuracy: validation=0.9420, test=0.9362
330 epochs, accuracy: validation=0.9421, test=0.9367
340 epochs, accuracy: validation=0.9436, test=0.9366
350 epochs, accuracy: validation=0.9393, test=0.9367
360 epochs, accuracy: validation=0.9447, test=0.9383
370 epochs, accuracy: validation=0.9423, test=0.9371
380 epochs, accuracy: validation=0.9450, test=0.9401
390 epochs, accuracy: validation=0.9437, test=0.9386
400 epochs, accuracy: validation=0.9418, test=0.9345

SEED=96
10 epochs, accuracy:  validation=0.9346, test=0.9288
20 epochs, accuracy:  validation=0.9410, test=0.9362
30 epochs, accuracy:  validation=0.9445, test=0.9401
40 epochs, accuracy:  validation=0.9445, test=0.9405
50 epochs, accuracy:  validation=0.9436, test=0.9404
60 epochs, accuracy:  validation=0.9444, test=0.9398
70 epochs, accuracy:  validation=0.9434, test=0.9387
80 epochs, accuracy:  validation=0.9436, test=0.9368
90 epochs, accuracy:  validation=0.9406, test=0.9361
100 epochs, accuracy: validation=0.9364, test=0.9282
110 epochs, accuracy: validation=0.9448, test=0.9398
120 epochs, accuracy: validation=0.9402, test=0.9365
130 epochs, accuracy: validation=0.9412, test=0.9356
140 epochs, accuracy: validation=0.9398, test=0.9359
150 epochs, accuracy: validation=0.9457, test=0.9416
160 epochs, accuracy: validation=0.9424, test=0.9368
170 epochs, accuracy: validation=0.9341, test=0.9301
180 epochs, accuracy: validation=0.9364, test=0.9296
190 epochs, accuracy: validation=0.9402, test=0.9352
200 epochs, accuracy: validation=0.9432, test=0.9369
210 epochs, accuracy: validation=0.9325, test=0.9255
220 epochs, accuracy: validation=0.9434, test=0.937
230 epochs, accuracy: validation=0.9438, test=0.9384
240 epochs, accuracy: validation=0.9432, test=0.9383
250 epochs, accuracy: validation=0.9442, test=0.9404
260 epochs, accuracy: validation=0.9450, test=0.9395
270 epochs, accuracy: validation=0.9459, test=0.9418
280 epochs, accuracy: validation=0.9418, test=0.9413
290 epochs, accuracy: validation=0.9460, test=0.9411
300 epochs, accuracy: validation=0.9444, test=0.9392
310 epochs, accuracy: validation=0.9448, test=0.9398
320 epochs, accuracy: validation=0.9467, test=0.9404
330 epochs, accuracy: validation=0.9420, test=0.9361
340 epochs, accuracy: validation=0.9454, test=0.939
350 epochs, accuracy: validation=0.9429, test=0.9374
360 epochs, accuracy: validation=0.9462, test=0.9402
370 epochs, accuracy: validation=0.9455, test=0.937
380 epochs, accuracy: validation=0.9445, test=0.9388
390 epochs, accuracy: validation=0.9478, test=0.9416
400 epochs, accuracy: validation=0.9466, test=0.9409

SEED=144
10 epochs, accuracy:  validation=0.9237, test=0.9178
20 epochs, accuracy:  validation=0.9347, test=0.9283
30 epochs, accuracy:  validation=0.9376, test=0.9325
40 epochs, accuracy:  validation=0.9342, test=0.9297
50 epochs, accuracy:  validation=0.9367, test=0.9332
60 epochs, accuracy:  validation=0.9366, test=0.9329
70 epochs, accuracy:  validation=0.9343, test=0.9309
80 epochs, accuracy:  validation=0.9363, test=0.9309
90 epochs, accuracy:  validation=0.9345, test=0.9294
100 epochs, accuracy: validation=0.9403, test=0.9353
110 epochs, accuracy: validation=0.9376, test=0.9342
120 epochs, accuracy: validation=0.9386, test=0.9365
130 epochs, accuracy: validation=0.9367, test=0.9331
140 epochs, accuracy: validation=0.9377, test=0.9338
150 epochs, accuracy: validation=0.9319, test=0.9269
160 epochs, accuracy: validation=0.9309, test=0.926
170 epochs, accuracy: validation=0.9348, test=0.9329
180 epochs, accuracy: validation=0.9332, test=0.9295
190 epochs, accuracy: validation=0.9299, test=0.927
200 epochs, accuracy: validation=0.9326, test=0.9267
210 epochs, accuracy: validation=0.9339, test=0.9299
220 epochs, accuracy: validation=0.9326, test=0.9305
230 epochs, accuracy: validation=0.9310, test=0.9293
240 epochs, accuracy: validation=0.9286, test=0.9256
250 epochs, accuracy: validation=0.9340, test=0.9325
260 epochs, accuracy: validation=0.9314, test=0.9294
270 epochs, accuracy: validation=0.9335, test=0.9317
280 epochs, accuracy: validation=0.9311, test=0.9279
290 epochs, accuracy: validation=0.9324, test=0.9317
300 epochs, accuracy: validation=0.9288, test=0.9252
310 epochs, accuracy: validation=0.9290, test=0.9261
320 epochs, accuracy: validation=0.9308, test=0.9299
330 epochs, accuracy: validation=0.9325, test=0.9298
340 epochs, accuracy: validation=0.9339, test=0.9322
350 epochs, accuracy: validation=0.9327, test=0.929
360 epochs, accuracy: validation=0.9349, test=0.9319
370 epochs, accuracy: validation=0.9336, test=0.9347
380 epochs, accuracy: validation=0.9350, test=0.933
390 epochs, accuracy: validation=0.9296, test=0.9312
400 epochs, accuracy: validation=0.9336, test=0.9315

SEED=192
10 epochs, accuracy:  validation=0.8977, test=0.8959
20 epochs, accuracy:  validation=0.9189, test=0.9161
30 epochs, accuracy:  validation=0.9240, test=0.9194
40 epochs, accuracy:  validation=0.9249, test=0.9193
50 epochs, accuracy:  validation=0.9257, test=0.9194
60 epochs, accuracy:  validation=0.9239, test=0.9181
70 epochs, accuracy:  validation=0.9236, test=0.9169
80 epochs, accuracy:  validation=0.9279, test=0.9215
90 epochs, accuracy:  validation=0.9300, test=0.9247
100 epochs, accuracy: validation=0.9304, test=0.924
110 epochs, accuracy: validation=0.9292, test=0.9247
120 epochs, accuracy: validation=0.9290, test=0.9235
130 epochs, accuracy: validation=0.9309, test=0.9283
140 epochs, accuracy: validation=0.9291, test=0.9261
150 epochs, accuracy: validation=0.9309, test=0.9251
160 epochs, accuracy: validation=0.9292, test=0.925
170 epochs, accuracy: validation=0.9288, test=0.9261
180 epochs, accuracy: validation=0.9303, test=0.9274
190 epochs, accuracy: validation=0.9298, test=0.9275
200 epochs, accuracy: validation=0.9280, test=0.9257
210 epochs, accuracy: validation=0.9268, test=0.9236
220 epochs, accuracy: validation=0.9269, test=0.9246
230 epochs, accuracy: validation=0.9267, test=0.9252
240 epochs, accuracy: validation=0.9294, test=0.9252
250 epochs, accuracy: validation=0.9273, test=0.9239
260 epochs, accuracy: validation=0.9286, test=0.9243
270 epochs, accuracy: validation=0.9277, test=0.9227
280 epochs, accuracy: validation=0.9247, test=0.924
290 epochs, accuracy: validation=0.9233, test=0.9182
300 epochs, accuracy: validation=0.9225, test=0.9196
310 epochs, accuracy: validation=0.9253, test=0.9226
320 epochs, accuracy: validation=0.9217, test=0.9195
330 epochs, accuracy: validation=0.9239, test=0.9215
340 epochs, accuracy: validation=0.9233, test=0.9218
350 epochs, accuracy: validation=0.9239, test=0.9208
360 epochs, accuracy: validation=0.9213, test=0.9196
370 epochs, accuracy: validation=0.9229, test=0.9166
380 epochs, accuracy: validation=0.9283, test=0.924
390 epochs, accuracy: validation=0.9245, test=0.9208
400 epochs, accuracy: validation=0.9231, test=0.9187

SEED=240
10 epochs, accuracy:  validation=0.9281, test=0.9203
20 epochs, accuracy:  validation=0.9433, test=0.9424
30 epochs, accuracy:  validation=0.9487, test=0.9475
40 epochs, accuracy:  validation=0.9514, test=0.9497
50 epochs, accuracy:  validation=0.9520, test=0.9482
60 epochs, accuracy:  validation=0.9501, test=0.9473
70 epochs, accuracy:  validation=0.9528, test=0.9524
80 epochs, accuracy:  validation=0.9538, test=0.9548
90 epochs, accuracy:  validation=0.9541, test=0.9558
100 epochs, accuracy: validation=0.9505, test=0.9493
110 epochs, accuracy: validation=0.9503, test=0.9509
120 epochs, accuracy: validation=0.9523, test=0.951
130 epochs, accuracy: validation=0.9512, test=0.9493
140 epochs, accuracy: validation=0.9484, test=0.9505
150 epochs, accuracy: validation=0.9498, test=0.9481
160 epochs, accuracy: validation=0.9494, test=0.9506
170 epochs, accuracy: validation=0.9514, test=0.9524
180 epochs, accuracy: validation=0.9528, test=0.9528
190 epochs, accuracy: validation=0.9521, test=0.9514
200 epochs, accuracy: validation=0.9489, test=0.9503
210 epochs, accuracy: validation=0.9497, test=0.9494
220 epochs, accuracy: validation=0.9493, test=0.9506
230 epochs, accuracy: validation=0.9492, test=0.9485
240 epochs, accuracy: validation=0.9477, test=0.9513
250 epochs, accuracy: validation=0.9490, test=0.9482
260 epochs, accuracy: validation=0.9428, test=0.944
270 epochs, accuracy: validation=0.9445, test=0.9454
280 epochs, accuracy: validation=0.9495, test=0.9516
290 epochs, accuracy: validation=0.9462, test=0.9467
300 epochs, accuracy: validation=0.9470, test=0.9503
310 epochs, accuracy: validation=0.9467, test=0.9478
320 epochs, accuracy: validation=0.9472, test=0.9459
330 epochs, accuracy: validation=0.9480, test=0.9486
340 epochs, accuracy: validation=0.9426, test=0.9433
350 epochs, accuracy: validation=0.9482, test=0.9485
360 epochs, accuracy: validation=0.9469, test=0.9485
370 epochs, accuracy: validation=0.9477, test=0.9481
380 epochs, accuracy: validation=0.9473, test=0.9498
390 epochs, accuracy: validation=0.9502, test=0.9492
400 epochs, accuracy: validation=0.9464, test=0.9476
Total values needed to encode all trainable parameters: 50890

