Network: mnist-bpga-mlp
Input, shape:[28,28], parameters: 0, memory:3.1 KB
Dense(ReLU), shape:[64], parameters:50240, memory:392.5 KB
Dense(softmax), shape:[10], parameters:650, memory:5.1 KB

Mutation probability: 0.2
Learning rate: 0.5

SEED=48
1 epochs, accuracy: training=0.11356, validation=0.1064, test=0.1135
2 epochs, accuracy: training=0.11356, validation=0.1064, test=0.1135
3 epochs, accuracy: training=0.11356, validation=0.1064, test=0.1135
4 epochs, accuracy: training=0.11356, validation=0.1064, test=0.1135
5 epochs, accuracy: training=0.11356, validation=0.1064, test=0.1135
6 epochs, accuracy: training=0.11356, validation=0.1064, test=0.1135
7 epochs, accuracy: training=0.11356, validation=0.1064, test=0.1135
8 epochs, accuracy: training=0.11356, validation=0.1064, test=0.1135
9 epochs, accuracy: training=0.11356, validation=0.1064, test=0.1135
10 epochs, accuracy: training=0.11356, validation=0.1064, test=0.1135
11 epochs, accuracy: training=0.11356, validation=0.1064, test=0.1135
12 epochs, accuracy: training=0.11356, validation=0.1064, test=0.1135
13 epochs, accuracy: training=0.11356, validation=0.1064, test=0.1135
14 epochs, accuracy: training=0.11356, validation=0.1064, test=0.1135
15 epochs, accuracy: training=0.11356, validation=0.1064, test=0.1135
Total values needed to encode all trainable parameters: 50890


Seed: 48
----------

Crossover: Full+Some+Uniform, learning rate: 0.5, mutation epochs: 1
evolving 40 members for 140 generations...
Generation   1, time:  0.72s, fitness max: 0.146200, min: 0.042700, mean: 0.095160
Generation   2, time: 10.73s, fitness max: 0.198300, min: 0.054600, mean: 0.110560
Generation   3, time: 12.67s, fitness max: 0.201600, min: 0.061400, mean: 0.128320
Generation   4, time:  5.90s, fitness max: 0.280000, min: 0.050100, mean: 0.144898
Generation   5, time:  8.90s, fitness max: 0.281700, min: 0.083400, mean: 0.148295
Generation   6, time:  4.08s, fitness max: 0.281700, min: 0.102600, mean: 0.152310
Generation   7, time:  5.61s, fitness max: 0.281700, min: 0.072900, mean: 0.143595
Generation   8, time: 22.73s, fitness max: 0.281700, min: 0.096700, mean: 0.160220
Generation   9, time: 14.55s, fitness max: 0.287200, min: 0.096200, mean: 0.178730
Generation  10, time:  7.24s, fitness max: 0.287200, min: 0.106400, mean: 0.182372
Generation  11, time: 12.27s, fitness max: 0.339900, min: 0.106400, mean: 0.188885
Generation  12, time: 21.01s, fitness max: 0.339900, min: 0.099800, mean: 0.178662
Generation  13, time: 11.79s, fitness max: 0.340600, min: 0.100800, mean: 0.186707
Generation  14, time: 15.23s, fitness max: 0.340600, min: 0.098300, mean: 0.194380
Generation  15, time: 16.42s, fitness max: 0.340600, min: 0.098800, mean: 0.188273
Generation  16, time: 15.47s, fitness max: 0.349000, min: 0.106400, mean: 0.209540
Generation  17, time: 14.35s, fitness max: 0.354900, min: 0.106400, mean: 0.225013
Generation  18, time: 13.99s, fitness max: 0.354900, min: 0.106400, mean: 0.210730
Generation  19, time: 12.95s, fitness max: 0.354900, min: 0.106600, mean: 0.219093
Generation  20, time: 20.02s, fitness max: 0.354900, min: 0.106600, mean: 0.234027
Generation  21, time: 19.27s, fitness max: 0.354900, min: 0.106700, mean: 0.240645
Generation  22, time:  9.87s, fitness max: 0.354900, min: 0.101300, mean: 0.226495
Generation  23, time: 16.16s, fitness max: 0.354900, min: 0.106600, mean: 0.207288
Generation  24, time: 12.37s, fitness max: 0.354900, min: 0.106500, mean: 0.218437
Generation  25, time: 15.91s, fitness max: 0.354900, min: 0.107500, mean: 0.220313
Generation  26, time: 10.87s, fitness max: 0.354900, min: 0.118700, mean: 0.211170
Generation  27, time: 12.97s, fitness max: 0.364900, min: 0.125100, mean: 0.224740
Generation  28, time: 14.78s, fitness max: 0.364900, min: 0.111200, mean: 0.224947
Generation  29, time: 14.84s, fitness max: 0.380700, min: 0.111100, mean: 0.232068
Generation  30, time: 20.28s, fitness max: 0.380700, min: 0.127200, mean: 0.249005
Generation  31, time: 23.46s, fitness max: 0.382100, min: 0.135200, mean: 0.261613
Generation  32, time: 14.01s, fitness max: 0.382100, min: 0.168500, mean: 0.261220
Generation  33, time: 13.07s, fitness max: 0.382100, min: 0.186500, mean: 0.272495
Generation  34, time: 18.98s, fitness max: 0.382100, min: 0.106400, mean: 0.256612
Generation  35, time: 15.48s, fitness max: 0.382100, min: 0.106400, mean: 0.257050
Generation  36, time: 11.83s, fitness max: 0.382100, min: 0.110500, mean: 0.255240
Generation  37, time:  9.92s, fitness max: 0.432300, min: 0.106700, mean: 0.242375
Generation  38, time:  4.92s, fitness max: 0.432300, min: 0.100300, mean: 0.245698
Generation  39, time:  5.13s, fitness max: 0.432300, min: 0.099100, mean: 0.247802
Generation  40, time: 19.55s, fitness max: 0.432300, min: 0.121500, mean: 0.268498
Generation  41, time: 10.05s, fitness max: 0.432300, min: 0.106800, mean: 0.253892
Generation  42, time:  9.30s, fitness max: 0.432300, min: 0.143800, mean: 0.255305
Generation  43, time: 12.81s, fitness max: 0.432300, min: 0.129900, mean: 0.253783
Generation  44, time: 10.77s, fitness max: 0.432300, min: 0.117000, mean: 0.255920
Generation  45, time:  9.73s, fitness max: 0.434900, min: 0.112000, mean: 0.278597
Generation  46, time: 11.00s, fitness max: 0.434900, min: 0.180400, mean: 0.282713
Generation  47, time: 14.02s, fitness max: 0.434900, min: 0.174000, mean: 0.301157
Generation  48, time: 12.45s, fitness max: 0.469900, min: 0.148500, mean: 0.307000
Generation  49, time: 14.88s, fitness max: 0.469900, min: 0.186300, mean: 0.299695
Generation  50, time: 13.77s, fitness max: 0.469900, min: 0.179800, mean: 0.314058
Generation  51, time: 17.01s, fitness max: 0.469900, min: 0.217300, mean: 0.331707
Generation  52, time: 13.16s, fitness max: 0.469900, min: 0.205500, mean: 0.323607
Generation  53, time: 14.11s, fitness max: 0.469900, min: 0.197400, mean: 0.339782
Generation  54, time: 10.81s, fitness max: 0.469900, min: 0.190800, mean: 0.327147
Generation  55, time: 16.77s, fitness max: 0.469900, min: 0.192300, mean: 0.369143
Generation  56, time:  8.30s, fitness max: 0.469900, min: 0.232700, mean: 0.367738
Generation  57, time:  9.52s, fitness max: 0.474100, min: 0.226600, mean: 0.360627
Generation  58, time: 14.18s, fitness max: 0.474100, min: 0.208500, mean: 0.355635
Generation  59, time: 21.73s, fitness max: 0.474100, min: 0.196400, mean: 0.364752
Generation  60, time:  8.05s, fitness max: 0.474100, min: 0.240700, mean: 0.367110
Generation  61, time:  9.55s, fitness max: 0.474100, min: 0.262400, mean: 0.357950
Generation  62, time:  6.71s, fitness max: 0.488300, min: 0.248300, mean: 0.370430
Generation  63, time: 11.00s, fitness max: 0.488300, min: 0.213900, mean: 0.359912
Generation  64, time: 15.33s, fitness max: 0.488300, min: 0.220400, mean: 0.362602
Generation  65, time: 16.52s, fitness max: 0.488300, min: 0.250400, mean: 0.368625
Generation  66, time: 13.45s, fitness max: 0.488300, min: 0.241600, mean: 0.367915
Generation  67, time: 12.85s, fitness max: 0.488300, min: 0.200400, mean: 0.364465
Generation  68, time: 21.02s, fitness max: 0.488300, min: 0.127700, mean: 0.359975
Generation  69, time: 11.66s, fitness max: 0.488300, min: 0.267200, mean: 0.367892
Generation  70, time: 15.13s, fitness max: 0.504500, min: 0.232300, mean: 0.368658
Generation  71, time: 12.10s, fitness max: 0.504500, min: 0.261300, mean: 0.367275
Generation  72, time:  9.69s, fitness max: 0.504500, min: 0.278600, mean: 0.373823
Generation  73, time:  8.53s, fitness max: 0.504500, min: 0.215100, mean: 0.369990
Generation  74, time:  9.89s, fitness max: 0.504500, min: 0.232100, mean: 0.367127
Generation  75, time: 13.98s, fitness max: 0.504500, min: 0.211700, mean: 0.357975
Generation  76, time: 14.09s, fitness max: 0.504500, min: 0.284600, mean: 0.374208
Generation  77, time:  8.44s, fitness max: 0.504500, min: 0.213700, mean: 0.379357
Generation  78, time:  5.13s, fitness max: 0.504500, min: 0.293300, mean: 0.399127
Generation  79, time:  8.19s, fitness max: 0.521100, min: 0.261100, mean: 0.412748
Generation  80, time: 14.53s, fitness max: 0.530800, min: 0.272900, mean: 0.416687
Generation  81, time:  8.29s, fitness max: 0.530800, min: 0.237300, mean: 0.422363
Generation  82, time: 15.77s, fitness max: 0.530800, min: 0.289100, mean: 0.423632
Generation  83, time:  8.12s, fitness max: 0.530800, min: 0.273000, mean: 0.431330
Generation  84, time: 12.80s, fitness max: 0.530800, min: 0.200400, mean: 0.419338
Generation  85, time: 11.83s, fitness max: 0.530800, min: 0.189600, mean: 0.441153
Generation  86, time: 10.87s, fitness max: 0.546200, min: 0.329600, mean: 0.457185
Generation  87, time: 11.04s, fitness max: 0.546200, min: 0.372400, mean: 0.461980
Generation  88, time:  8.09s, fitness max: 0.546200, min: 0.367000, mean: 0.457712
Generation  89, time: 13.85s, fitness max: 0.552100, min: 0.301500, mean: 0.455660
Generation  90, time:  8.53s, fitness max: 0.552100, min: 0.361400, mean: 0.462575
Generation  91, time: 12.85s, fitness max: 0.552100, min: 0.285000, mean: 0.447205
Generation  92, time: 12.33s, fitness max: 0.552100, min: 0.232800, mean: 0.434148
Generation  93, time:  2.19s, fitness max: 0.552100, min: 0.326700, mean: 0.441673
Generation  94, time: 13.03s, fitness max: 0.552100, min: 0.347100, mean: 0.457982
Generation  95, time: 10.46s, fitness max: 0.552100, min: 0.373000, mean: 0.469657
Generation  96, time: 16.05s, fitness max: 0.552100, min: 0.377700, mean: 0.470822
Generation  97, time: 16.22s, fitness max: 0.552100, min: 0.374100, mean: 0.471827
Generation  98, time: 12.85s, fitness max: 0.552100, min: 0.357500, mean: 0.469520
Generation  99, time: 12.35s, fitness max: 0.552100, min: 0.325800, mean: 0.465242
Generation 100, time: 11.12s, fitness max: 0.552100, min: 0.259600, mean: 0.459997
Generation 101, time: 18.72s, fitness max: 0.552100, min: 0.365000, mean: 0.467108
Generation 102, time: 19.89s, fitness max: 0.552100, min: 0.254400, mean: 0.454025
Generation 103, time: 13.02s, fitness max: 0.552100, min: 0.300200, mean: 0.453280
Generation 104, time: 13.07s, fitness max: 0.552100, min: 0.296400, mean: 0.456842
Generation 105, time: 12.76s, fitness max: 0.552100, min: 0.332200, mean: 0.476485
Generation 106, time:  3.71s, fitness max: 0.552100, min: 0.331400, mean: 0.487953
Generation 107, time: 17.54s, fitness max: 0.552100, min: 0.363000, mean: 0.477615
Generation 108, time: 15.63s, fitness max: 0.552100, min: 0.294200, mean: 0.471535
Generation 109, time: 17.66s, fitness max: 0.552100, min: 0.276800, mean: 0.462990
Generation 110, time:  6.86s, fitness max: 0.552100, min: 0.146900, mean: 0.460928
Generation 111, time: 11.29s, fitness max: 0.552100, min: 0.358900, mean: 0.476240
Generation 112, time:  9.71s, fitness max: 0.552100, min: 0.194200, mean: 0.475622
Generation 113, time:  9.95s, fitness max: 0.552100, min: 0.399500, mean: 0.485395
Generation 114, time: 11.75s, fitness max: 0.552100, min: 0.392700, mean: 0.492818
Generation 115, time: 15.75s, fitness max: 0.552100, min: 0.307000, mean: 0.486148
Generation 116, time: 11.18s, fitness max: 0.552100, min: 0.317400, mean: 0.469213
Generation 117, time:  5.05s, fitness max: 0.560300, min: 0.314000, mean: 0.469458
Generation 118, time:  9.60s, fitness max: 0.560300, min: 0.367200, mean: 0.465013
Generation 119, time: 18.19s, fitness max: 0.560300, min: 0.378700, mean: 0.472150
Generation 120, time:  7.41s, fitness max: 0.560300, min: 0.374900, mean: 0.476027
