Network: mnist-bpga-mlp
Input, shape:[28,28], parameters: 0, memory:3.1 KB
Dense(ReLU), shape:[64], parameters:50240, memory:392.5 KB
Dense(softmax), shape:[10], parameters:650, memory:5.1 KB

Mutation probability: 0.5
Learning rate: 0.3

Total values needed to encode all trainable parameters: 50890


Seed: 48
----------

Crossover: Full+Some+Uniform, learning rate: 0.3, mutation epochs: 5
evolving 40 members for 40 generations...
Generation   1, time:  0.65s, fitness max: 0.146200, min: 0.042700, mean: 0.095160
Generation   2, time: 2m 48s, fitness max: 0.938900, min: 0.054600, mean: 0.491850
Generation   3, time: 2m 13s, fitness max: 0.959200, min: 0.373100, mean: 0.765132
Generation   4, time: 2m 29s, fitness max: 0.963500, min: 0.219900, mean: 0.749482
Generation   5, time: 2m 33s, fitness max: 0.966700, min: 0.266200, mean: 0.772910
Generation   6, time: 2m 15s, fitness max: 0.970100, min: 0.110600, mean: 0.759512
Generation   7, time: 2m 21s, fitness max: 0.970100, min: 0.196300, mean: 0.799265
Generation   8, time: 2m 39s, fitness max: 0.970700, min: 0.266200, mean: 0.838352
Generation   9, time: 2m 31s, fitness max: 0.972700, min: 0.227100, mean: 0.838950
Generation  10, time: 2m 29s, fitness max: 0.973000, min: 0.249800, mean: 0.868862
Generation  11, time: 2m 20s, fitness max: 0.973700, min: 0.384000, mean: 0.873805
Generation  12, time: 3m 46s, fitness max: 0.973900, min: 0.743900, mean: 0.937708
Generation  13, time: 1m 40s, fitness max: 0.973900, min: 0.772200, mean: 0.924697
Generation  14, time: 2m 26s, fitness max: 0.974200, min: 0.740900, mean: 0.930520
Generation  15, time: 3m 12s, fitness max: 0.975200, min: 0.808400, mean: 0.950667
Generation  16, time: 3m 14s, fitness max: 0.975200, min: 0.923900, mean: 0.965705
Generation  17, time: 2m 05s, fitness max: 0.976600, min: 0.949400, mean: 0.968017
Generation  18, time: 2m 18s, fitness max: 0.977200, min: 0.928700, mean: 0.967110
Generation  19, time: 2m 53s, fitness max: 0.977200, min: 0.938800, mean: 0.967540
Generation  20, time: 2m 42s, fitness max: 0.977200, min: 0.957000, mean: 0.970050
Generation  21, time: 2m 20s, fitness max: 0.977200, min: 0.961400, mean: 0.970585
Generation  22, time: 2m 57s, fitness max: 0.977200, min: 0.962300, mean: 0.972465
Generation  23, time: 2m 24s, fitness max: 0.977200, min: 0.969700, mean: 0.973770
Generation  24, time: 2m 23s, fitness max: 0.977400, min: 0.968000, mean: 0.974150
Generation  25, time: 2m 45s, fitness max: 0.977800, min: 0.970400, mean: 0.974885
Generation  26, time: 2m 26s, fitness max: 0.977900, min: 0.968600, mean: 0.974647
Generation  27, time: 1m 42s, fitness max: 0.978800, min: 0.972800, mean: 0.975733
Generation  28, time: 2m 03s, fitness max: 0.978800, min: 0.972300, mean: 0.976412
Generation  29, time: 2m 36s, fitness max: 0.978800, min: 0.972400, mean: 0.976575
Generation  30, time: 1m 57s, fitness max: 0.978800, min: 0.974000, mean: 0.977002
Generation  31, time: 2m 35s, fitness max: 0.979700, min: 0.971800, mean: 0.977335
Generation  32, time: 2m 10s, fitness max: 0.979700, min: 0.974000, mean: 0.977957
Generation  33, time: 3m 03s, fitness max: 0.979700, min: 0.975000, mean: 0.978630
Generation  34, time: 2m 05s, fitness max: 0.980500, min: 0.975300, mean: 0.978987
Generation  35, time: 2m 30s, fitness max: 0.980500, min: 0.977600, mean: 0.979387
Generation  36, time: 2m 31s, fitness max: 0.980500, min: 0.978700, mean: 0.979520
Generation  37, time: 1m 54s, fitness max: 0.980500, min: 0.978500, mean: 0.979495
Generation  38, time: 2m 40s, fitness max: 0.980500, min: 0.978700, mean: 0.979483
Generation  39, time: 2m 53s, fitness max: 0.980600, min: 0.978500, mean: 0.979460
Generation  40, time: 2m 07s, fitness max: 0.980600, min: 0.978900, mean: 0.979495
evolution finished, top-5 members:
member   1, fitness=0.980600
member   2, fitness=0.980500
member   3, fitness=0.979900
member   4, fitness=0.979800
member   5, fitness=0.979700
member  40, fitness=0.978900
Training set predicted with 0.99984 accuracy.
Validation set predicted with 0.9806 accuracy.
Test set predicted with 0.9774 accuracy.
sums_valid[0] = 0
sums_test[0] = 0
sums_valid[1] = 0
sums_test[1] = 0
sums_valid[2] = 0
sums_test[2] = 0
sums_valid[3] = 0
sums_test[3] = 0
sums_valid[4] = 0
sums_test[4] = 0
sums_valid[5] = 0
sums_test[5] = 0
sums_valid[6] = 0
sums_test[6] = 0

RESULTS:
AvgFull:
 mean valid accuracy: 0
 mean test accuracy:  0
AvgSome:
 mean valid accuracy: 0
 mean test accuracy:  0
Uniform:
 mean valid accuracy: 0
 mean test accuracy:  0
Full+Some:
 mean valid accuracy: 0
 mean test accuracy:  0
Full+Uniform:
 mean valid accuracy: 0
 mean test accuracy:  0
Some+Uniform:
 mean valid accuracy: 0
 mean test accuracy:  0
Full+Some+Uniform:
 mean valid accuracy: 0
 mean test accuracy:  0
