Network: mnist-bpga-mlp
Input, shape:[28,28], parameters: 0, memory:3.1 KB
Dense(ReLU), shape:[64], parameters:50240, memory:392.5 KB
Dense(softmax), shape:[10], parameters:650, memory:5.1 KB

Mutation probability: 0.01
Learning rate: 0.3

Total values needed to encode all trainable parameters: 50890


Seed: 48
----------

Crossover: Full+Some+Uniform, learning rate: 0.3, mutation epochs: 5
evolving 40 members for 40 generations...
Generation   1, time:  0.65s, fitness max: 0.146200, min: 0.042700, mean: 0.095160
Generation   2, time:  0.69s, fitness max: 0.152900, min: 0.054600, mean: 0.106590
Generation   3, time:  0.74s, fitness max: 0.168000, min: 0.039500, mean: 0.108382
Generation   4, time:  0.71s, fitness max: 0.168000, min: 0.056700, mean: 0.116418
Generation   5, time:  8.27s, fitness max: 0.926700, min: 0.058800, mean: 0.138643
Generation   6, time:  0.69s, fitness max: 0.926700, min: 0.063200, mean: 0.232450
Generation   7, time: 16.57s, fitness max: 0.943200, min: 0.071500, mean: 0.541577
Generation   8, time:  8.47s, fitness max: 0.943200, min: 0.191000, mean: 0.752718
Generation   9, time: 16.37s, fitness max: 0.944600, min: 0.589700, mean: 0.816270
Generation  10, time:  0.74s, fitness max: 0.944600, min: 0.732100, mean: 0.860712
Generation  11, time:  0.69s, fitness max: 0.944600, min: 0.618100, mean: 0.871130
Generation  12, time: 10.12s, fitness max: 0.949800, min: 0.717600, mean: 0.897268
Generation  13, time:  8.33s, fitness max: 0.949800, min: 0.754200, mean: 0.905293
Generation  14, time: 16.66s, fitness max: 0.958300, min: 0.834300, mean: 0.912962
Generation  15, time:  0.74s, fitness max: 0.958300, min: 0.886700, mean: 0.920347
Generation  16, time:  0.89s, fitness max: 0.958300, min: 0.891000, mean: 0.924897
Generation  17, time:  0.74s, fitness max: 0.958300, min: 0.898500, mean: 0.926800
Generation  18, time:  0.71s, fitness max: 0.958300, min: 0.901300, mean: 0.927560
Generation  19, time: 16.52s, fitness max: 0.958300, min: 0.899300, mean: 0.931933
Generation  20, time:  0.71s, fitness max: 0.958300, min: 0.895700, mean: 0.932923
Generation  21, time:  0.74s, fitness max: 0.958300, min: 0.914300, mean: 0.934893
Generation  22, time:  0.69s, fitness max: 0.958300, min: 0.914800, mean: 0.934982
Generation  23, time: 16.45s, fitness max: 0.958800, min: 0.925000, mean: 0.939962
Generation  24, time:  0.71s, fitness max: 0.958800, min: 0.929400, mean: 0.940588
Generation  25, time:  8.94s, fitness max: 0.958800, min: 0.933800, mean: 0.943620
Generation  26, time:  0.70s, fitness max: 0.960200, min: 0.929700, mean: 0.945978
Generation  27, time:  8.37s, fitness max: 0.960200, min: 0.935500, mean: 0.946797
Generation  28, time:  0.71s, fitness max: 0.960200, min: 0.937100, mean: 0.947972
Generation  29, time:  0.70s, fitness max: 0.960200, min: 0.923600, mean: 0.948790
Generation  30, time:  8.53s, fitness max: 0.963300, min: 0.932900, mean: 0.951225
Generation  31, time:  0.70s, fitness max: 0.963300, min: 0.934700, mean: 0.951673
Generation  32, time:  0.71s, fitness max: 0.963300, min: 0.944800, mean: 0.953130
Generation  33, time:  0.69s, fitness max: 0.963300, min: 0.945100, mean: 0.954313
Generation  34, time:  0.69s, fitness max: 0.963300, min: 0.948800, mean: 0.954510
Generation  35, time:  0.70s, fitness max: 0.964000, min: 0.951300, mean: 0.955360
Generation  36, time:  8.45s, fitness max: 0.964000, min: 0.949800, mean: 0.955905
Generation  37, time:  8.38s, fitness max: 0.964000, min: 0.953500, mean: 0.956752
Generation  38, time:  0.71s, fitness max: 0.964000, min: 0.953500, mean: 0.957285
Generation  39, time:  0.69s, fitness max: 0.964000, min: 0.947100, mean: 0.957327
Generation  40, time:  0.74s, fitness max: 0.964000, min: 0.938500, mean: 0.957500
evolution finished, top-5 members:
member   1, fitness=0.964000
member   2, fitness=0.963300
member   3, fitness=0.963200
member   4, fitness=0.961600
member   5, fitness=0.961500
member  40, fitness=0.938500
Training set predicted with 0.96988 accuracy.
Validation set predicted with 0.964 accuracy.
Test set predicted with 0.9587 accuracy.
sums_valid[0] = 0
sums_test[0] = 0
sums_valid[1] = 0
sums_test[1] = 0
sums_valid[2] = 0
sums_test[2] = 0
sums_valid[3] = 0
sums_test[3] = 0
sums_valid[4] = 0
sums_test[4] = 0
sums_valid[5] = 0
sums_test[5] = 0
sums_valid[6] = 0
sums_test[6] = 0

RESULTS:
AvgFull:
 mean valid accuracy: 0
 mean test accuracy:  0
AvgSome:
 mean valid accuracy: 0
 mean test accuracy:  0
Uniform:
 mean valid accuracy: 0
 mean test accuracy:  0
Full+Some:
 mean valid accuracy: 0
 mean test accuracy:  0
Full+Uniform:
 mean valid accuracy: 0
 mean test accuracy:  0
Some+Uniform:
 mean valid accuracy: 0
 mean test accuracy:  0
Full+Some+Uniform:
 mean valid accuracy: 0
 mean test accuracy:  0
