CPU: [AMD Ryzen 9 5900X 12-Core Processor]
12 threads with OpenMP
Training data: (2000,784) 6.0 MB
Validation data: (5000,784) 15.0 MB
Testing data: (10000,784) 29.9 MB
Network: mnistga-ff-1to10-200p
Input, shape:[28,28], parameters: 0, memory:3.1 KB
Dense(softmax), shape:[10], parameters:7850, memory:61.3 KB

Number of bits in each bitstring: 200
Evolving 200 members for 150 generations...
Generation   1, time: 20.17s, fitness max: 0.901093, min: 0.580356, mean: 0.785584
Generation   2, time: 17.42s, fitness max: 0.915744, min: 0.581681, mean: 0.790283
Generation   3, time: 20.73s, fitness max: 0.915744, min: 0.542365, mean: 0.794559
Generation   4, time: 23.79s, fitness max: 0.915744, min: 0.601184, mean: 0.793133
Generation   5, time: 22.35s, fitness max: 0.944963, min: 0.598303, mean: 0.805011
Generation   6, time: 30.13s, fitness max: 0.944963, min: 0.642253, mean: 0.812543
Generation   7, time: 26.17s, fitness max: 0.944963, min: 0.635149, mean: 0.811601
Generation   8, time: 27.79s, fitness max: 0.944963, min: 0.586950, mean: 0.819160
Generation   9, time: 26.19s, fitness max: 0.944963, min: 0.651845, mean: 0.828492
Generation  10, time: 34.81s, fitness max: 0.944963, min: 0.652132, mean: 0.832664
Generation  11, time: 33.37s, fitness max: 0.944963, min: 0.652420, mean: 0.835716
Generation  12, time: 30.90s, fitness max: 0.944963, min: 0.601184, mean: 0.837959
Generation  13, time: 31.09s, fitness max: 0.944963, min: 0.587932, mean: 0.847973
Generation  14, time: 32.54s, fitness max: 0.944963, min: 0.724237, mean: 0.849748
Generation  15, time: 30.14s, fitness max: 0.944963, min: 0.744054, mean: 0.860737
Generation  16, time: 34.37s, fitness max: 0.944963, min: 0.710157, mean: 0.861540
Generation  17, time: 33.71s, fitness max: 0.952909, min: 0.711147, mean: 0.865958
Generation  18, time: 35.42s, fitness max: 0.952909, min: 0.751329, mean: 0.872896
Generation  19, time: 23.97s, fitness max: 0.952909, min: 0.756294, mean: 0.872141
Generation  20, time: 18.30s, fitness max: 0.952909, min: 0.711147, mean: 0.872484
Generation  21, time: 19.05s, fitness max: 0.952909, min: 0.703653, mean: 0.874287
Generation  22, time: 18.65s, fitness max: 0.952909, min: 0.731060, mean: 0.875378
Generation  23, time: 22.30s, fitness max: 0.952909, min: 0.737967, mean: 0.878058
Generation  24, time: 16.88s, fitness max: 0.952909, min: 0.769255, mean: 0.880599
Generation  25, time: 17.34s, fitness max: 0.956748, min: 0.792270, mean: 0.883969
Generation  26, time: 18.24s, fitness max: 0.956748, min: 0.782970, mean: 0.881545
Generation  27, time: 20.72s, fitness max: 0.956748, min: 0.771491, mean: 0.885120
Generation  28, time: 18.29s, fitness max: 0.956748, min: 0.755007, mean: 0.885852
Generation  29, time: 20.05s, fitness max: 0.956748, min: 0.758851, mean: 0.887006
Generation  30, time: 16.40s, fitness max: 0.956748, min: 0.776304, mean: 0.888504
Generation  31, time: 16.15s, fitness max: 0.956748, min: 0.753715, mean: 0.893136
Generation  32, time: 18.47s, fitness max: 0.956748, min: 0.799599, mean: 0.896649
Generation  33, time: 17.55s, fitness max: 0.956748, min: 0.790026, mean: 0.895282
Generation  34, time: 18.04s, fitness max: 0.956748, min: 0.827924, mean: 0.901524
Generation  35, time: 20.08s, fitness max: 0.956748, min: 0.828709, mean: 0.901150
Generation  36, time: 16.14s, fitness max: 0.956748, min: 0.802644, mean: 0.900490
Generation  37, time: 15.62s, fitness max: 0.956748, min: 0.819075, mean: 0.907353
Generation  38, time: 17.30s, fitness max: 0.956748, min: 0.808437, mean: 0.907117
Generation  39, time: 16.07s, fitness max: 0.956748, min: 0.770274, mean: 0.909262
Generation  40, time: 16.23s, fitness max: 0.956748, min: 0.795230, mean: 0.907842
Generation  41, time: 18.51s, fitness max: 0.956748, min: 0.792270, mean: 0.906688
Generation  42, time: 17.65s, fitness max: 0.956748, min: 0.803354, mean: 0.910439
Generation  43, time: 19.81s, fitness max: 0.956748, min: 0.801037, mean: 0.912602
Generation  44, time: 19.21s, fitness max: 0.956748, min: 0.838915, mean: 0.915487
Generation  45, time: 19.67s, fitness max: 0.961920, min: 0.859388, mean: 0.918571
Generation  46, time: 17.51s, fitness max: 0.961920, min: 0.827294, mean: 0.916184
Generation  47, time: 17.21s, fitness max: 0.961920, min: 0.841998, mean: 0.917882
Generation  48, time: 15.26s, fitness max: 0.962255, min: 0.858075, mean: 0.920906
Generation  49, time: 15.01s, fitness max: 0.965277, min: 0.821528, mean: 0.919218
Generation  50, time: 18.48s, fitness max: 0.965277, min: 0.836079, mean: 0.921604
Generation  51, time: 16.45s, fitness max: 0.965277, min: 0.804768, mean: 0.922344
Generation  52, time: 17.76s, fitness max: 0.965277, min: 0.862749, mean: 0.922164
Generation  53, time: 17.98s, fitness max: 0.965277, min: 0.851064, mean: 0.928264
Generation  54, time: 15.59s, fitness max: 0.965277, min: 0.851889, mean: 0.928505
Generation  55, time: 16.50s, fitness max: 0.965277, min: 0.851202, mean: 0.928646
Generation  56, time: 14.32s, fitness max: 0.965277, min: 0.808610, mean: 0.929937
Generation  57, time: 16.90s, fitness max: 0.965277, min: 0.880052, mean: 0.930704
Generation  58, time: 14.36s, fitness max: 0.965277, min: 0.890015, mean: 0.933147
Generation  59, time: 14.81s, fitness max: 0.965277, min: 0.842869, mean: 0.933102
Generation  60, time: 14.44s, fitness max: 0.965277, min: 0.891461, mean: 0.934362
Generation  61, time: 15.13s, fitness max: 0.965277, min: 0.887706, mean: 0.936801
Generation  62, time: 16.60s, fitness max: 0.967427, min: 0.878578, mean: 0.937343
Generation  63, time: 14.95s, fitness max: 0.967427, min: 0.887918, mean: 0.939502
Generation  64, time: 14.30s, fitness max: 0.967427, min: 0.896775, mean: 0.940525
Generation  65, time: 16.79s, fitness max: 0.967427, min: 0.888024, mean: 0.939637
Generation  66, time: 14.67s, fitness max: 0.967427, min: 0.852982, mean: 0.939295
Generation  67, time: 14.88s, fitness max: 0.967427, min: 0.848143, mean: 0.939926
Generation  68, time: 14.54s, fitness max: 0.967427, min: 0.858733, mean: 0.941723
Generation  69, time: 14.32s, fitness max: 0.967427, min: 0.894700, mean: 0.942663
Generation  70, time: 14.40s, fitness max: 0.967427, min: 0.889076, mean: 0.943041
Generation  71, time: 14.19s, fitness max: 0.967427, min: 0.872868, mean: 0.943493
Generation  72, time: 16.31s, fitness max: 0.968030, min: 0.884593, mean: 0.943576
Generation  73, time: 14.08s, fitness max: 0.968030, min: 0.876045, mean: 0.942995
Generation  74, time: 14.77s, fitness max: 0.968030, min: 0.892991, mean: 0.944705
Generation  75, time: 14.06s, fitness max: 0.968030, min: 0.880390, mean: 0.946303
Generation  76, time: 14.06s, fitness max: 0.968030, min: 0.912707, mean: 0.946801
Generation  77, time: 14.30s, fitness max: 0.968030, min: 0.902308, mean: 0.946394
Generation  78, time: 14.50s, fitness max: 0.968030, min: 0.898040, mean: 0.946015
Generation  79, time: 14.05s, fitness max: 0.968030, min: 0.897750, mean: 0.946937
Generation  80, time: 14.31s, fitness max: 0.968030, min: 0.890223, mean: 0.946642
Generation  81, time: 15.93s, fitness max: 0.968030, min: 0.908436, mean: 0.946794
Generation  82, time: 14.29s, fitness max: 0.968030, min: 0.881621, mean: 0.948743
Generation  83, time: 13.84s, fitness max: 0.968030, min: 0.912036, mean: 0.948814
Generation  84, time: 14.04s, fitness max: 0.968062, min: 0.854204, mean: 0.949159
Generation  85, time: 14.31s, fitness max: 0.968062, min: 0.920988, mean: 0.949034
Generation  86, time: 14.03s, fitness max: 0.968062, min: 0.900338, mean: 0.949265
Generation  87, time: 14.35s, fitness max: 0.968746, min: 0.900810, mean: 0.948365
Generation  88, time: 14.31s, fitness max: 0.968746, min: 0.906850, mean: 0.949374
Generation  89, time: 13.91s, fitness max: 0.970042, min: 0.870950, mean: 0.950673
Generation  90, time: 16.04s, fitness max: 0.970306, min: 0.905779, mean: 0.951585
Generation  91, time: 14.22s, fitness max: 0.970306, min: 0.916227, mean: 0.952922
Generation  92, time: 13.93s, fitness max: 0.970306, min: 0.912790, mean: 0.953316
Generation  93, time: 15.94s, fitness max: 0.970306, min: 0.917264, mean: 0.954051
Generation  94, time: 14.16s, fitness max: 0.970306, min: 0.891256, mean: 0.953941
Generation  95, time: 14.21s, fitness max: 0.970306, min: 0.925058, mean: 0.954287
Generation  96, time: 16.25s, fitness max: 0.970306, min: 0.907116, mean: 0.954451
Generation  97, time: 14.10s, fitness max: 0.970306, min: 0.926770, mean: 0.955431
Generation  98, time: 16.04s, fitness max: 0.970306, min: 0.917026, mean: 0.956271
Generation  99, time: 13.96s, fitness max: 0.970306, min: 0.927263, mean: 0.956459
Generation 100, time: 14.34s, fitness max: 0.970306, min: 0.925562, mean: 0.956917
Generation 101, time: 14.26s, fitness max: 0.970510, min: 0.935221, mean: 0.957512
Generation 102, time: 13.84s, fitness max: 0.970510, min: 0.917264, mean: 0.957700
Generation 103, time: 16.58s, fitness max: 0.970828, min: 0.938403, mean: 0.957799
Generation 104, time: 14.06s, fitness max: 0.970828, min: 0.928789, mean: 0.958355
Generation 105, time: 14.09s, fitness max: 0.970828, min: 0.925848, mean: 0.958799
Generation 106, time: 15.82s, fitness max: 0.970828, min: 0.898137, mean: 0.958449
Generation 107, time: 14.00s, fitness max: 0.971369, min: 0.927682, mean: 0.959038
Generation 108, time: 13.53s, fitness max: 0.971369, min: 0.927682, mean: 0.958461
Generation 109, time: 13.71s, fitness max: 0.971369, min: 0.898523, mean: 0.959142
Generation 110, time: 13.74s, fitness max: 0.971369, min: 0.932862, mean: 0.959871
Generation 111, time: 13.94s, fitness max: 0.971369, min: 0.922492, mean: 0.960384
Generation 112, time: 16.11s, fitness max: 0.971369, min: 0.910851, mean: 0.960301
Generation 113, time: 13.71s, fitness max: 0.971454, min: 0.943883, mean: 0.961168
Generation 114, time: 13.93s, fitness max: 0.971566, min: 0.930284, mean: 0.961797
Generation 115, time: 13.79s, fitness max: 0.971566, min: 0.925130, mean: 0.961365
Generation 116, time: 14.07s, fitness max: 0.971566, min: 0.939644, mean: 0.962103
Generation 117, time: 15.65s, fitness max: 0.971845, min: 0.932471, mean: 0.961616
Generation 118, time: 13.57s, fitness max: 0.971845, min: 0.941603, mean: 0.963194
Generation 119, time: 13.65s, fitness max: 0.971845, min: 0.934970, mean: 0.962751
Generation 120, time: 13.63s, fitness max: 0.972204, min: 0.934465, mean: 0.963741
Generation 121, time: 13.34s, fitness max: 0.972204, min: 0.944910, mean: 0.963931
Generation 122, time: 13.31s, fitness max: 0.972531, min: 0.943500, mean: 0.964199
Generation 123, time: 15.02s, fitness max: 0.972531, min: 0.942167, mean: 0.963643
Generation 124, time: 13.70s, fitness max: 0.972531, min: 0.940052, mean: 0.964120
Generation 125, time: 13.68s, fitness max: 0.972531, min: 0.939233, mean: 0.963799
Generation 126, time: 13.34s, fitness max: 0.972531, min: 0.943280, mean: 0.964198
Generation 127, time: 13.53s, fitness max: 0.972531, min: 0.938760, mean: 0.963513
Generation 128, time: 13.58s, fitness max: 0.972531, min: 0.943390, mean: 0.964013
Generation 129, time: 13.22s, fitness max: 0.972531, min: 0.944046, mean: 0.964024
Generation 130, time: 14.15s, fitness max: 0.972531, min: 0.943335, mean: 0.964517
Generation 131, time: 13.88s, fitness max: 0.972531, min: 0.944372, mean: 0.964555
Generation 132, time: 15.38s, fitness max: 0.972639, min: 0.945390, mean: 0.965117
Generation 133, time: 13.31s, fitness max: 0.972639, min: 0.946024, mean: 0.965501
Generation 134, time: 13.30s, fitness max: 0.972639, min: 0.950264, mean: 0.965485
Generation 135, time: 15.03s, fitness max: 0.972639, min: 0.954714, mean: 0.965825
Generation 136, time: 13.22s, fitness max: 0.972639, min: 0.941489, mean: 0.965707
Generation 137, time: 13.54s, fitness max: 0.972639, min: 0.949924, mean: 0.965838
Generation 138, time: 15.17s, fitness max: 0.974007, min: 0.930352, mean: 0.965526
Generation 139, time: 13.29s, fitness max: 0.974007, min: 0.949581, mean: 0.966311
Generation 140, time: 13.62s, fitness max: 0.974007, min: 0.947270, mean: 0.965988
Generation 141, time: 13.03s, fitness max: 0.974007, min: 0.945813, mean: 0.966235
Generation 142, time: 13.03s, fitness max: 0.974007, min: 0.950021, mean: 0.966212
Generation 143, time: 12.92s, fitness max: 0.974007, min: 0.955678, mean: 0.966537
Generation 144, time: 12.79s, fitness max: 0.974007, min: 0.921744, mean: 0.966247
Generation 145, time: 13.77s, fitness max: 0.974007, min: 0.950891, mean: 0.966186
Generation 146, time: 15.21s, fitness max: 0.974007, min: 0.935907, mean: 0.965981
Generation 147, time: 12.92s, fitness max: 0.974007, min: 0.949630, mean: 0.966063
Generation 148, time: 12.95s, fitness max: 0.974007, min: 0.946338, mean: 0.966443
Generation 149, time: 15.69s, fitness max: 0.974007, min: 0.950747, mean: 0.966709
Generation 150, time: 13.57s, fitness max: 0.974007, min: 0.940746, mean: 0.966343
Evolution finished, top-10 members:
member   1, fitness=0.974007
member   2, fitness=0.973173
member   3, fitness=0.972934
member   4, fitness=0.972934
member   5, fitness=0.972746
member   6, fitness=0.972368
member   7, fitness=0.972368
member   8, fitness=0.972176
member   9, fitness=0.971956
member  10, fitness=0.971928
Trained in  0.10s.
Validation set predicted with 0.8538 accuracy.
Accuracy  = 0.8208
Precision = 0.828004
Recall    = 0.81858
F1        = 0.823265
Confusion matrix:
 922    0    3   11    2    8   22    0    6    6
   0 1082    5    9    3    4    6    0   23    3
  17   24  767   46   23    1   65   11   64   14
   6    8   13  854    4   54   19    9   34    9
   5   57    2    1  712    1   12    4   13  175
  28   38    2   48    8  630   36   27   57   18
  29   10   12    1   10   15  876    0    3    2
   4   33   20  112   11    0    2  751   18   77
  11   35   13   39    3   32   26   15  759   41
  18   16    8   29   27    2    3   23   28  855
CNN trained in  1.53s.
Accuracy  = 0.867
Precision = 0.871511
Recall    = 0.865591
F1        = 0.868541
Confusion matrix:
 947    0    0    6    0    2   15    1    6    3
   0 1104    4    4    0    2    7    2    8    4
  13    1  848   46   17    0   50   11   36   10
   6    4   20  894    0   28   16   13   15   14
   2   85    2    0  762    0   20    2    9  100
  31    8    0   22    4  719   30   45   20   13
  27    2    1    2    7   15  894    2    2    6
   4   15   31  144    2    0    0  777    3   52
  14    8    8   30    4   21   17   19  825   28
   6    5    3   11   12    0    3   31   38  900
