CPU: [AMD Ryzen 9 5900X 12-Core Processor]
12 threads with OpenMP
Training data: (2000,784) 6.0 MB
Validation data: (5000,784) 15.0 MB
Testing data: (10000,784) 29.9 MB
Network: mnistga-mlp
Input, shape:[28,28], parameters: 0, memory:3.1 KB
Dense(softmax), shape:[10], parameters:7850, memory:61.3 KB

Number of bits in each bitstring: 200
Evolving 200 members for 150 generations...
Generation   1, time: 15.66s, fitness max: 0.591200, min: 0.265200, mean: 0.431396
Generation   2, time: 14.56s, fitness max: 0.591200, min: 0.279000, mean: 0.433625
Generation   3, time: 14.80s, fitness max: 0.610000, min: 0.233000, mean: 0.436472
Generation   4, time: 16.75s, fitness max: 0.610000, min: 0.289000, mean: 0.452446
Generation   5, time: 14.98s, fitness max: 0.639000, min: 0.314200, mean: 0.462892
Generation   6, time: 15.10s, fitness max: 0.639000, min: 0.300200, mean: 0.478058
Generation   7, time: 14.86s, fitness max: 0.666000, min: 0.342600, mean: 0.494731
Generation   8, time: 15.90s, fitness max: 0.693000, min: 0.314400, mean: 0.506834
Generation   9, time: 14.67s, fitness max: 0.693000, min: 0.389600, mean: 0.521131
Generation  10, time: 14.45s, fitness max: 0.693000, min: 0.356800, mean: 0.521877
Generation  11, time: 14.56s, fitness max: 0.693000, min: 0.378400, mean: 0.534946
Generation  12, time: 14.29s, fitness max: 0.693000, min: 0.347800, mean: 0.548715
Generation  13, time: 14.69s, fitness max: 0.715400, min: 0.387600, mean: 0.553926
Generation  14, time: 16.42s, fitness max: 0.715400, min: 0.384800, mean: 0.563332
Generation  15, time: 14.29s, fitness max: 0.715400, min: 0.327400, mean: 0.564348
Generation  16, time: 14.42s, fitness max: 0.715400, min: 0.369600, mean: 0.569074
Generation  17, time: 14.11s, fitness max: 0.715400, min: 0.405400, mean: 0.579654
Generation  18, time: 14.13s, fitness max: 0.717000, min: 0.383000, mean: 0.578004
Generation  19, time: 13.63s, fitness max: 0.722400, min: 0.402800, mean: 0.585309
Generation  20, time: 13.61s, fitness max: 0.722400, min: 0.421400, mean: 0.593306
Generation  21, time: 13.81s, fitness max: 0.732400, min: 0.430200, mean: 0.592190
Generation  22, time: 13.88s, fitness max: 0.735200, min: 0.449800, mean: 0.597960
Generation  23, time: 13.69s, fitness max: 0.735200, min: 0.389600, mean: 0.601129
Generation  24, time: 15.85s, fitness max: 0.757200, min: 0.404200, mean: 0.601227
Generation  25, time: 13.99s, fitness max: 0.757200, min: 0.396800, mean: 0.605202
Generation  26, time: 14.37s, fitness max: 0.774600, min: 0.448400, mean: 0.610055
Generation  27, time: 13.76s, fitness max: 0.774600, min: 0.428200, mean: 0.614719
Generation  28, time: 13.46s, fitness max: 0.774600, min: 0.434800, mean: 0.627145
Generation  29, time: 13.20s, fitness max: 0.774600, min: 0.455600, mean: 0.632388
Generation  30, time: 13.47s, fitness max: 0.774600, min: 0.474000, mean: 0.630533
Generation  31, time: 13.86s, fitness max: 0.774600, min: 0.504400, mean: 0.641378
Generation  32, time: 13.66s, fitness max: 0.775600, min: 0.463600, mean: 0.652939
Generation  33, time: 15.71s, fitness max: 0.775600, min: 0.520200, mean: 0.651524
Generation  34, time: 13.95s, fitness max: 0.775600, min: 0.492400, mean: 0.650483
Generation  35, time: 16.10s, fitness max: 0.788200, min: 0.501200, mean: 0.663430
Generation  36, time: 13.50s, fitness max: 0.788200, min: 0.530400, mean: 0.665316
Generation  37, time: 14.28s, fitness max: 0.788200, min: 0.504800, mean: 0.670043
Generation  38, time: 14.34s, fitness max: 0.788200, min: 0.500800, mean: 0.668664
Generation  39, time: 13.39s, fitness max: 0.788200, min: 0.533200, mean: 0.674055
Generation  40, time: 13.40s, fitness max: 0.788200, min: 0.525000, mean: 0.680133
Generation  41, time: 15.86s, fitness max: 0.797000, min: 0.533800, mean: 0.686008
Generation  42, time: 13.95s, fitness max: 0.808200, min: 0.541000, mean: 0.691792
Generation  43, time: 14.08s, fitness max: 0.810200, min: 0.507400, mean: 0.693863
Generation  44, time: 13.80s, fitness max: 0.810200, min: 0.563400, mean: 0.704546
Generation  45, time: 13.90s, fitness max: 0.811800, min: 0.581600, mean: 0.711430
Generation  46, time: 15.93s, fitness max: 0.811800, min: 0.512200, mean: 0.705663
Generation  47, time: 13.73s, fitness max: 0.811800, min: 0.563000, mean: 0.706520
Generation  48, time: 14.08s, fitness max: 0.811800, min: 0.567800, mean: 0.709172
Generation  49, time: 15.63s, fitness max: 0.811800, min: 0.585000, mean: 0.717486
Generation  50, time: 13.34s, fitness max: 0.824200, min: 0.596800, mean: 0.717792
Generation  51, time: 13.88s, fitness max: 0.824200, min: 0.593800, mean: 0.724122
Generation  52, time: 13.77s, fitness max: 0.824200, min: 0.544000, mean: 0.725011
Generation  53, time: 14.15s, fitness max: 0.824400, min: 0.629000, mean: 0.734426
Generation  54, time: 14.40s, fitness max: 0.824400, min: 0.613800, mean: 0.739251
Generation  55, time: 13.59s, fitness max: 0.824400, min: 0.611800, mean: 0.741283
Generation  56, time: 15.87s, fitness max: 0.832600, min: 0.642200, mean: 0.743076
Generation  57, time: 13.46s, fitness max: 0.832600, min: 0.626800, mean: 0.748285
Generation  58, time: 13.65s, fitness max: 0.832600, min: 0.621600, mean: 0.751014
Generation  59, time: 13.38s, fitness max: 0.832600, min: 0.656800, mean: 0.757103
Generation  60, time: 13.33s, fitness max: 0.832600, min: 0.658200, mean: 0.757285
Generation  61, time: 12.84s, fitness max: 0.832600, min: 0.641400, mean: 0.763905
Generation  62, time: 13.17s, fitness max: 0.841200, min: 0.678800, mean: 0.769338
Generation  63, time: 13.28s, fitness max: 0.841200, min: 0.587200, mean: 0.769930
Generation  64, time: 13.34s, fitness max: 0.841200, min: 0.651400, mean: 0.769714
Generation  65, time: 13.56s, fitness max: 0.841200, min: 0.599800, mean: 0.773252
Generation  66, time: 15.04s, fitness max: 0.841200, min: 0.671200, mean: 0.774573
Generation  67, time: 14.22s, fitness max: 0.843800, min: 0.617400, mean: 0.776436
Generation  68, time: 13.29s, fitness max: 0.843800, min: 0.701200, mean: 0.777578
Generation  69, time: 13.06s, fitness max: 0.851600, min: 0.677400, mean: 0.778889
Generation  70, time: 13.12s, fitness max: 0.851600, min: 0.658800, mean: 0.780201
Generation  71, time: 13.47s, fitness max: 0.851600, min: 0.652200, mean: 0.777790
Generation  72, time: 13.37s, fitness max: 0.851600, min: 0.666200, mean: 0.782251
Generation  73, time: 13.52s, fitness max: 0.851600, min: 0.709800, mean: 0.785680
Generation  74, time: 13.23s, fitness max: 0.851600, min: 0.649400, mean: 0.783223
Generation  75, time: 15.31s, fitness max: 0.851600, min: 0.634800, mean: 0.785666
Generation  76, time: 13.46s, fitness max: 0.851600, min: 0.639800, mean: 0.785202
Generation  77, time: 13.41s, fitness max: 0.851600, min: 0.665000, mean: 0.786227
Generation  78, time: 16.00s, fitness max: 0.851600, min: 0.681400, mean: 0.784135
Generation  79, time: 13.01s, fitness max: 0.851600, min: 0.655800, mean: 0.788157
Generation  80, time: 13.32s, fitness max: 0.851600, min: 0.679800, mean: 0.791128
Generation  81, time: 13.20s, fitness max: 0.851600, min: 0.694200, mean: 0.793365
Generation  82, time: 13.12s, fitness max: 0.856200, min: 0.679800, mean: 0.794400
Generation  83, time: 13.19s, fitness max: 0.856200, min: 0.698200, mean: 0.795289
Generation  84, time: 15.28s, fitness max: 0.856200, min: 0.701200, mean: 0.796453
Generation  85, time: 13.23s, fitness max: 0.856200, min: 0.727400, mean: 0.795556
Generation  86, time: 13.09s, fitness max: 0.856200, min: 0.684400, mean: 0.796623
Generation  87, time: 13.01s, fitness max: 0.856200, min: 0.685000, mean: 0.798090
Generation  88, time: 13.60s, fitness max: 0.856200, min: 0.707400, mean: 0.800997
Generation  89, time: 15.59s, fitness max: 0.856200, min: 0.704400, mean: 0.800593
Generation  90, time: 13.06s, fitness max: 0.856200, min: 0.696600, mean: 0.802992
Generation  91, time: 13.18s, fitness max: 0.856200, min: 0.694000, mean: 0.804805
Generation  92, time: 14.06s, fitness max: 0.856200, min: 0.746400, mean: 0.808123
Generation  93, time: 14.55s, fitness max: 0.856200, min: 0.721800, mean: 0.812664
Generation  94, time: 13.12s, fitness max: 0.865800, min: 0.743000, mean: 0.814543
Generation  95, time: 13.44s, fitness max: 0.865800, min: 0.756400, mean: 0.817666
Generation  96, time: 13.33s, fitness max: 0.865800, min: 0.718800, mean: 0.820785
Generation  97, time: 13.02s, fitness max: 0.865800, min: 0.741600, mean: 0.822121
Generation  98, time: 13.64s, fitness max: 0.865800, min: 0.754800, mean: 0.821993
Generation  99, time: 13.56s, fitness max: 0.865800, min: 0.746600, mean: 0.825480
Generation 100, time: 14.61s, fitness max: 0.865800, min: 0.762400, mean: 0.825014
Generation 101, time: 12.63s, fitness max: 0.865800, min: 0.729600, mean: 0.827408
Generation 102, time: 13.09s, fitness max: 0.865800, min: 0.745800, mean: 0.829655
Generation 103, time: 13.11s, fitness max: 0.865800, min: 0.740800, mean: 0.830269
Generation 104, time: 14.98s, fitness max: 0.865800, min: 0.748400, mean: 0.828590
Generation 105, time: 13.02s, fitness max: 0.865800, min: 0.761800, mean: 0.831846
Generation 106, time: 13.17s, fitness max: 0.869600, min: 0.762200, mean: 0.832017
Generation 107, time: 13.04s, fitness max: 0.869600, min: 0.759800, mean: 0.831752
Generation 108, time: 12.96s, fitness max: 0.869600, min: 0.765000, mean: 0.831321
Generation 109, time: 13.09s, fitness max: 0.869600, min: 0.763000, mean: 0.831109
Generation 110, time: 15.44s, fitness max: 0.869600, min: 0.761400, mean: 0.831710
Generation 111, time: 12.98s, fitness max: 0.869600, min: 0.754200, mean: 0.831153
Generation 112, time: 12.87s, fitness max: 0.869600, min: 0.774400, mean: 0.833573
Generation 113, time: 12.85s, fitness max: 0.869600, min: 0.761400, mean: 0.835012
Generation 114, time: 13.96s, fitness max: 0.869600, min: 0.766600, mean: 0.831757
Generation 115, time: 12.54s, fitness max: 0.869600, min: 0.759000, mean: 0.834618
Generation 116, time: 13.18s, fitness max: 0.869600, min: 0.784800, mean: 0.834981
Generation 117, time: 12.95s, fitness max: 0.873400, min: 0.750000, mean: 0.836457
Generation 118, time: 12.52s, fitness max: 0.873400, min: 0.785000, mean: 0.836534
Generation 119, time: 15.33s, fitness max: 0.873400, min: 0.741000, mean: 0.836358
Generation 120, time: 13.01s, fitness max: 0.873400, min: 0.774000, mean: 0.836637
Generation 121, time: 12.94s, fitness max: 0.873400, min: 0.768000, mean: 0.837128
Generation 122, time: 12.94s, fitness max: 0.873400, min: 0.765200, mean: 0.836069
Generation 123, time: 15.02s, fitness max: 0.873400, min: 0.744400, mean: 0.838562
Generation 124, time: 12.91s, fitness max: 0.873400, min: 0.772200, mean: 0.837353
Generation 125, time: 13.17s, fitness max: 0.873400, min: 0.757200, mean: 0.837575
Generation 126, time: 13.06s, fitness max: 0.873400, min: 0.742600, mean: 0.836375
Generation 127, time: 13.29s, fitness max: 0.873400, min: 0.769400, mean: 0.838345
Generation 128, time: 15.77s, fitness max: 0.873400, min: 0.766200, mean: 0.839575
Generation 129, time: 13.49s, fitness max: 0.873400, min: 0.763600, mean: 0.838768
Generation 130, time: 13.43s, fitness max: 0.873400, min: 0.761800, mean: 0.838987
Generation 131, time: 13.18s, fitness max: 0.873400, min: 0.786800, mean: 0.839925
Generation 132, time: 13.18s, fitness max: 0.873400, min: 0.776200, mean: 0.840404
Generation 133, time: 13.50s, fitness max: 0.873400, min: 0.780000, mean: 0.838777
Generation 134, time: 15.11s, fitness max: 0.873400, min: 0.783600, mean: 0.839741
Generation 135, time: 13.00s, fitness max: 0.873400, min: 0.788400, mean: 0.840219
Generation 136, time: 13.12s, fitness max: 0.873400, min: 0.713600, mean: 0.840851
Generation 137, time: 14.60s, fitness max: 0.873400, min: 0.787400, mean: 0.840651
Generation 138, time: 13.36s, fitness max: 0.873400, min: 0.768600, mean: 0.838662
Generation 139, time: 13.17s, fitness max: 0.873400, min: 0.742000, mean: 0.840618
Generation 140, time: 12.82s, fitness max: 0.873400, min: 0.764200, mean: 0.840698
Generation 141, time: 13.22s, fitness max: 0.873400, min: 0.782600, mean: 0.842289
Generation 142, time: 12.72s, fitness max: 0.873400, min: 0.773400, mean: 0.839340
Generation 143, time: 12.93s, fitness max: 0.873400, min: 0.752000, mean: 0.838718
Generation 144, time: 12.92s, fitness max: 0.873400, min: 0.779800, mean: 0.839390
Generation 145, time: 14.93s, fitness max: 0.873400, min: 0.748600, mean: 0.839824
Generation 146, time: 13.33s, fitness max: 0.873400, min: 0.715200, mean: 0.838951
Generation 147, time: 12.97s, fitness max: 0.873400, min: 0.769400, mean: 0.838809
Generation 148, time: 15.01s, fitness max: 0.873400, min: 0.768800, mean: 0.840563
Generation 149, time: 12.90s, fitness max: 0.873400, min: 0.749400, mean: 0.839756
Generation 150, time: 13.22s, fitness max: 0.873400, min: 0.758800, mean: 0.840026
Evolution finished, top-10 members:
member   1, fitness=0.8734
member   2, fitness=0.8714
member   3, fitness=0.871
member   4, fitness=0.8704
member   5, fitness=0.8704
member   6, fitness=0.8702
member   7, fitness=0.8676
member   8, fitness=0.8654
member   9, fitness=0.8654
member  10, fitness=0.8636
Trained in  0.09s.
Validation set predicted with 0.865 accuracy.
Accuracy  = 0.8357
Precision = 0.841016
Recall    = 0.834833
F1        = 0.837913
Confusion matrix:
 881    0    3   12    2   44   28    0    7    3
   0 1046    4    9    2    8    7    0   58    1
  11   11  755   12   34    2   99   16   71   21
   6    2   27  804    3   88   23    6   35   16
   2    5    0    0  782    1   18    2   13  159
  17    7    3   30   21  702   39   15   43   15
  23    3   11    2   14   16  886    0    2    1
   1   22   26   11   11    0    2  821   28  106
   7    9   10   43    8   33   26    7  795   36
   9    6    4   19   33    7    5   20   21  885
CNN trained in  1.52s.
Accuracy  = 0.8806
Precision = 0.883101
Recall    = 0.8808
F1        = 0.881949
Confusion matrix:
 922    0    1    3    0   17   20    1    9    7
   0 1072    3    1    3    1    7    0   41    7
   7    1  816    7   17    3  121   20   25   15
   5    5   88  793    1   51    8    8   23   28
   0    0    1    0  902    0    2    0    2   75
   4    0    1    7    7  831   10    9    8   15
  10    3    0    0   56   56  826    0    7    0
   3    9   45   12    2    0    0  865   22   70
   2    6    3   16    6   38   13   16  840   34
   2    3    4    3   21   13    3    7   14  939
