CPU: [AMD Ryzen 9 5900X 12-Core Processor]
12 threads with OpenMP
Training data: (2000,784) 6.0 MB
Validation data: (5000,784) 15.0 MB
Testing data: (10000,784) 29.9 MB
Network: mnistga-ffnn
Input, shape:[28,28], parameters: 0, memory:3.1 KB
Dense(softmax), shape:[10], parameters:7850, memory:61.3 KB

Number of symbols in each bitstring: 200
Evolving 1000 members for 100 generations...
Generation   1, time: 1m 16s, fitness max: 0.686000, min: 0.221400, mean: 0.432357
Generation   2, time: 60.84s, fitness max: 0.686000, min: 0.250800, mean: 0.459342
Generation   3, time: 58.10s, fitness max: 0.686000, min: 0.228400, mean: 0.464984
Generation   4, time: 57.09s, fitness max: 0.686000, min: 0.228000, mean: 0.468848
Generation   5, time: 56.40s, fitness max: 0.686000, min: 0.286400, mean: 0.470113
Generation   6, time: 55.91s, fitness max: 0.686000, min: 0.289000, mean: 0.475925
Generation   7, time: 59.89s, fitness max: 0.686000, min: 0.265600, mean: 0.474157
Generation   8, time: 57.65s, fitness max: 0.687400, min: 0.256400, mean: 0.480365
Generation   9, time: 59.17s, fitness max: 0.687400, min: 0.270400, mean: 0.477134
Generation  10, time: 59.66s, fitness max: 0.687400, min: 0.284800, mean: 0.480933
Generation  11, time: 58.24s, fitness max: 0.687400, min: 0.271800, mean: 0.479317
Generation  12, time: 67.17s, fitness max: 0.687400, min: 0.239400, mean: 0.481617
Generation  13, time: 64.27s, fitness max: 0.687400, min: 0.279600, mean: 0.483259
Generation  14, time: 64.42s, fitness max: 0.687400, min: 0.199600, mean: 0.482706
Generation  15, time: 61.40s, fitness max: 0.687400, min: 0.208000, mean: 0.484381
Generation  16, time: 62.51s, fitness max: 0.687400, min: 0.267600, mean: 0.486378
Generation  17, time: 62.13s, fitness max: 0.687400, min: 0.251600, mean: 0.487481
Generation  18, time: 57.01s, fitness max: 0.687400, min: 0.276200, mean: 0.483508
Generation  19, time: 57.74s, fitness max: 0.691000, min: 0.259800, mean: 0.487128
Generation  20, time: 58.84s, fitness max: 0.691000, min: 0.276800, mean: 0.490384
Generation  21, time: 58.21s, fitness max: 0.691000, min: 0.248000, mean: 0.488587
Generation  22, time: 60.75s, fitness max: 0.691000, min: 0.268400, mean: 0.488860
Generation  23, time: 59.80s, fitness max: 0.691000, min: 0.222200, mean: 0.487740
Generation  24, time: 59.14s, fitness max: 0.691000, min: 0.254000, mean: 0.489270
Generation  25, time: 61.36s, fitness max: 0.691000, min: 0.247000, mean: 0.486829
Generation  26, time: 62.05s, fitness max: 0.691000, min: 0.254800, mean: 0.492821
Generation  27, time: 60.63s, fitness max: 0.691000, min: 0.274000, mean: 0.494801
Generation  28, time: 55.61s, fitness max: 0.691000, min: 0.231600, mean: 0.495480
Generation  29, time: 57.96s, fitness max: 0.691000, min: 0.300600, mean: 0.493062
Generation  30, time: 55.85s, fitness max: 0.691000, min: 0.270000, mean: 0.492600
Generation  31, time: 64.97s, fitness max: 0.691000, min: 0.273400, mean: 0.494696
Generation  32, time: 56.63s, fitness max: 0.691000, min: 0.294400, mean: 0.495224
Generation  33, time: 56.01s, fitness max: 0.691000, min: 0.287600, mean: 0.495919
Generation  34, time: 55.91s, fitness max: 0.691000, min: 0.271800, mean: 0.493450
Generation  35, time: 55.80s, fitness max: 0.691000, min: 0.285800, mean: 0.493595
Generation  36, time: 53.44s, fitness max: 0.691000, min: 0.269200, mean: 0.495079
Generation  37, time: 58.62s, fitness max: 0.691000, min: 0.276600, mean: 0.494497
Generation  38, time: 56.71s, fitness max: 0.691000, min: 0.275400, mean: 0.491849
Generation  39, time: 54.24s, fitness max: 0.691000, min: 0.244600, mean: 0.493299
Generation  40, time: 55.30s, fitness max: 0.691000, min: 0.305000, mean: 0.494704
Generation  41, time: 55.27s, fitness max: 0.691000, min: 0.246200, mean: 0.491733
Generation  42, time: 58.13s, fitness max: 0.691000, min: 0.288400, mean: 0.494172
Generation  43, time: 54.79s, fitness max: 0.691000, min: 0.289800, mean: 0.503815
Generation  44, time: 64.58s, fitness max: 0.691000, min: 0.261200, mean: 0.496749
Generation  45, time: 57.04s, fitness max: 0.691000, min: 0.246000, mean: 0.498905
Generation  46, time: 57.23s, fitness max: 0.692800, min: 0.272200, mean: 0.496605
Generation  47, time: 64.44s, fitness max: 0.692800, min: 0.272400, mean: 0.494016
Generation  48, time: 63.19s, fitness max: 0.692800, min: 0.269200, mean: 0.499388
Generation  49, time: 62.04s, fitness max: 0.692800, min: 0.266600, mean: 0.501514
Generation  50, time: 60.11s, fitness max: 0.692800, min: 0.269200, mean: 0.498593
Generation  51, time: 59.89s, fitness max: 0.692800, min: 0.285400, mean: 0.498340
Generation  52, time: 64.58s, fitness max: 0.692800, min: 0.273200, mean: 0.499440
Generation  53, time: 62.56s, fitness max: 0.692800, min: 0.303600, mean: 0.501776
Generation  54, time: 62.63s, fitness max: 0.692800, min: 0.267000, mean: 0.499262
Generation  55, time: 58.69s, fitness max: 0.692800, min: 0.293800, mean: 0.497214
Generation  56, time: 62.06s, fitness max: 0.692800, min: 0.261400, mean: 0.495457
Generation  57, time: 61.91s, fitness max: 0.692800, min: 0.259000, mean: 0.497731
Generation  58, time: 65.52s, fitness max: 0.692800, min: 0.263000, mean: 0.499602
Generation  59, time: 61.07s, fitness max: 0.692800, min: 0.257600, mean: 0.498702
Generation  60, time: 62.43s, fitness max: 0.692800, min: 0.272800, mean: 0.497148
Generation  61, time: 67.62s, fitness max: 0.692800, min: 0.266400, mean: 0.501323
Generation  62, time: 67.58s, fitness max: 0.692800, min: 0.288800, mean: 0.499743
Generation  63, time: 60.61s, fitness max: 0.692800, min: 0.277200, mean: 0.502194
Generation  64, time: 63.51s, fitness max: 0.692800, min: 0.240000, mean: 0.500525
Generation  65, time: 63.54s, fitness max: 0.692800, min: 0.279600, mean: 0.499682
Generation  66, time: 63.56s, fitness max: 0.692800, min: 0.276400, mean: 0.498102
Generation  67, time: 62.66s, fitness max: 0.692800, min: 0.241800, mean: 0.500943
Generation  68, time: 61.42s, fitness max: 0.692800, min: 0.284800, mean: 0.503566
Generation  69, time: 61.16s, fitness max: 0.692800, min: 0.263400, mean: 0.502025
Generation  70, time: 61.42s, fitness max: 0.692800, min: 0.275000, mean: 0.500941
Generation  71, time: 63.69s, fitness max: 0.692800, min: 0.259600, mean: 0.503026
Generation  72, time: 60.67s, fitness max: 0.692800, min: 0.287000, mean: 0.506005
Generation  73, time: 61.43s, fitness max: 0.692800, min: 0.231800, mean: 0.499247
Generation  74, time: 61.61s, fitness max: 0.692800, min: 0.289600, mean: 0.503536
Generation  75, time: 59.28s, fitness max: 0.692800, min: 0.250200, mean: 0.502739
Generation  76, time: 64.34s, fitness max: 0.692800, min: 0.300000, mean: 0.505937
Generation  77, time: 59.39s, fitness max: 0.692800, min: 0.274800, mean: 0.502333
Generation  78, time: 61.40s, fitness max: 0.692800, min: 0.290600, mean: 0.503779
Generation  79, time: 60.74s, fitness max: 0.692800, min: 0.261400, mean: 0.501355
Generation  80, time: 62.87s, fitness max: 0.692800, min: 0.271200, mean: 0.496795
Generation  81, time: 65.82s, fitness max: 0.692800, min: 0.244400, mean: 0.502248
Generation  82, time: 60.80s, fitness max: 0.692800, min: 0.273200, mean: 0.500323
Generation  83, time: 63.72s, fitness max: 0.692800, min: 0.243000, mean: 0.501753
Generation  84, time: 62.38s, fitness max: 0.692800, min: 0.250800, mean: 0.498137
Generation  85, time: 59.27s, fitness max: 0.692800, min: 0.221400, mean: 0.500850
Generation  86, time: 61.13s, fitness max: 0.692800, min: 0.270200, mean: 0.504243
Generation  87, time: 64.02s, fitness max: 0.692800, min: 0.267200, mean: 0.502871
Generation  88, time: 59.88s, fitness max: 0.692800, min: 0.260000, mean: 0.503215
Generation  89, time: 64.02s, fitness max: 0.692800, min: 0.253400, mean: 0.500240
Generation  90, time: 60.23s, fitness max: 0.692800, min: 0.285600, mean: 0.498437
Generation  91, time: 65.53s, fitness max: 0.692800, min: 0.271000, mean: 0.500557
Generation  92, time: 61.69s, fitness max: 0.692800, min: 0.287000, mean: 0.501914
Generation  93, time: 64.67s, fitness max: 0.692800, min: 0.285000, mean: 0.500524
Generation  94, time: 65.76s, fitness max: 0.692800, min: 0.263400, mean: 0.499026
Generation  95, time: 62.75s, fitness max: 0.692800, min: 0.280400, mean: 0.501545
Generation  96, time: 64.61s, fitness max: 0.692800, min: 0.250000, mean: 0.501427
Generation  97, time: 64.20s, fitness max: 0.692800, min: 0.257400, mean: 0.500528
Generation  98, time: 63.96s, fitness max: 0.692800, min: 0.255800, mean: 0.497674
Generation  99, time: 64.70s, fitness max: 0.692800, min: 0.277800, mean: 0.504572
Generation 100, time: 63.88s, fitness max: 0.692800, min: 0.273200, mean: 0.503103
Evolution finished, top-10 members:
G.O.A.T.  fitness=0.6928
member   1, fitness=0.6928
member   2, fitness=0.691
member   3, fitness=0.6896
member   4, fitness=0.6876
member   5, fitness=0.6874
member   6, fitness=0.6862
member   7, fitness=0.686
member   8, fitness=0.6854
member   9, fitness=0.6834
member  10, fitness=0.6814
Trained in  0.11s.
Validation set predicted with 0.6666 accuracy.
Accuracy  = 0.6525
Precision = 0.698516
Recall    = 0.647563
F1        = 0.672075
Confusion matrix:
 859    3   31   15   12   18   15    1    5   21
   0 1094   12    8    0    0    5    0   16    0
   6   48  808   22    4    1   96   12   27    8
   3   15  570  346    0   51    2    6   12    5
   2  575   14    4  224    1    3    2   29  128
  19   88   46   75    5  601   17    4   18   19
  22   55   24    1    6   20  605    0    4  221
   1   80   79   64    6    1    0  765    8   24
  11   44   60  201    7   20   28    6  563   34
   9  104   26   71   39    4    5   21   70  660
CNN trained in  1.62s.
Accuracy  = 0.6775
Precision = 0.690768
Recall    = 0.674159
F1        = 0.682363
Confusion matrix:
 924    3    2    7   22    1    4    4   12    1
   0 1121    5    2    0    0    5    1    1    0
  10   12  953   28    2    0   16    6    3    2
   2    4  716  251    0   18    0   11    6    2
   0  922    3    0   28    0    8    1    4   16
   3   19   15   51    3  765    5   10   15    6
  15   40   12    2   23   18  673    0    8  167
   4   20   73  110    1    0    0  785   10   25
   0   33   30  204    4   16    6    5  652   24
   8  114   11   29    1    8    2   10  203  623
