CPU: [AMD Ryzen 9 5900X 12-Core Processor]
12 threads with OpenMP
Training data: (2000,784) 6.0 MB
Validation data: (5000,784) 15.0 MB
Testing data: (10000,784) 29.9 MB
Network: mnistga-ffnn
Input, shape:[28,28], parameters: 0, memory:3.1 KB
Dense(softmax), shape:[10], parameters:7850, memory:61.3 KB

Number of bits in each bitstring: 20
Evolving 200 members for 15 generations...
Generation   1, time: 16.74s, fitness max: 0.934147, min: 0.216041, mean: 0.661255
Generation   2, time: 15.49s, fitness max: 0.935284, min: 0.216041, mean: 0.702114
Generation   3, time: 14.29s, fitness max: 0.946286, min: 0.334157, mean: 0.738603
Generation   4, time: 14.21s, fitness max: 0.947679, min: 0.392287, mean: 0.745551
Generation   5, time: 14.09s, fitness max: 0.953001, min: 0.366609, mean: 0.776823
Generation   6, time: 13.81s, fitness max: 0.953001, min: 0.484999, mean: 0.800645
Generation   7, time: 14.35s, fitness max: 0.953001, min: 0.419018, mean: 0.812013
Generation   8, time: 14.86s, fitness max: 0.959929, min: 0.340360, mean: 0.828190
Generation   9, time: 14.23s, fitness max: 0.965380, min: 0.564559, mean: 0.839783
Generation  10, time: 14.79s, fitness max: 0.965380, min: 0.508348, mean: 0.853910
Generation  11, time: 15.64s, fitness max: 0.965380, min: 0.573351, mean: 0.860739
Generation  12, time: 17.96s, fitness max: 0.965380, min: 0.566939, mean: 0.867044
Generation  13, time: 14.53s, fitness max: 0.968125, min: 0.658692, mean: 0.881492
Generation  14, time: 14.31s, fitness max: 0.973879, min: 0.644013, mean: 0.882912
Generation  15, time: 13.38s, fitness max: 0.973879, min: 0.636638, mean: 0.886797
Evolution finished, top-10 members:
member   1, fitness=0.973879
member   2, fitness=0.968715
member   3, fitness=0.968125
member   4, fitness=0.968125
member   5, fitness=0.968125
member   6, fitness=0.96538
member   7, fitness=0.962989
member   8, fitness=0.962989
member   9, fitness=0.961318
member  10, fitness=0.960629
Trained in  0.12s.
Validation set predicted with 0.8768 accuracy.
Accuracy  = 0.8467
Precision = 0.846378
Recall    = 0.845415
F1        = 0.845896
Confusion matrix:
 892    0   13   11    0   44   15    2    2    1
   0 1085    6    6    0    9    4    0   25    0
  12   31  849   14   20    2   20   27   52    5
   5   11   30  834    3   82    5   15   21    4
   3   20    7    0  818    5   10   13   13   93
  13   14    4   33   12  761   19   13   15    8
  22   10   21    3   20   31  846    2    2    1
   1   40   30    7   13    1    3  887   12   34
  12   22   23   56    6   61   15   16  726   37
  12   18   21   16   68   18    4   69   14  769
CNN trained in  1.35s.
Accuracy  = 0.9001
Precision = 0.900924
Recall    = 0.899341
F1        = 0.900132
Confusion matrix:
 962    1    5    0    0    1    7    2    1    1
   0 1114    1    4    0    1    3    1   10    1
  14    7  920   14    7    0   20   35   13    2
   0    0   21  932    0   44    0    7    3    3
   6   12    1    0  891    0   11   11    9   41
   6    5    1   41    0  823    3    7    6    0
  30    4   12    1   13   13  881    1    2    1
   2   15   38   15    1    0    0  916    4   37
  16   21   21   54   11   11   14   39  767   20
  12    8    1    9   38   11    7  103   25  795