CPU: [AMD Ryzen 9 5900X 12-Core Processor]
12 threads with OpenMP
Training data: (2000,784) 6.0 MB
Validation data: (5000,784) 15.0 MB
Testing data: (10000,784) 29.9 MB
Network: mnistga-ffnn
Input, shape:[28,28], parameters: 0, memory:3.1 KB
Dense(softmax), shape:[10], parameters:7850, memory:61.3 KB

Number of bits in each bitstring: 20
Evolving 200 members for 15 generations...
Generation   1, time: 15.22s, fitness max: 0.143130, min: 0.004198, mean: 0.022787
Generation   2, time: 14.71s, fitness max: 0.264901, min: 0.004705, mean: 0.035137
Generation   3, time: 14.27s, fitness max: 0.264901, min: 0.008093, mean: 0.051352
Generation   4, time: 16.64s, fitness max: 0.301194, min: 0.010768, mean: 0.080823
Generation   5, time: 14.47s, fitness max: 0.346594, min: 0.018018, mean: 0.112037
Generation   6, time: 14.09s, fitness max: 0.444858, min: 0.022362, mean: 0.138020
Generation   7, time: 13.01s, fitness max: 0.444858, min: 0.033227, mean: 0.185238
Generation   8, time:  8.73s, fitness max: 0.444858, min: 0.046440, mean: 0.230477
Generation   9, time:  4.78s, fitness max: 0.444858, min: 0.038511, mean: 0.288523
Generation  10, time:  5.99s, fitness max: 0.444858, min: 0.082513, mean: 0.313767
Generation  11, time:  2.54s, fitness max: 0.444858, min: 0.082513, mean: 0.340037
Generation  12, time:  1.82s, fitness max: 0.444858, min: 0.129717, mean: 0.366429
Generation  13, time:  2.09s, fitness max: 0.444858, min: 0.127862, mean: 0.368953
Generation  14, time:  0.84s, fitness max: 0.444858, min: 0.126793, mean: 0.373728
Generation  15, time:  1.64s, fitness max: 0.444858, min: 0.127403, mean: 0.377824
Evolution finished, top-10 members:
member   1, fitness=0.444858
member   2, fitness=0.444858
member   3, fitness=0.444858
member   4, fitness=0.444858
member   5, fitness=0.444858
member   6, fitness=0.444858
member   7, fitness=0.444858
member   8, fitness=0.444858
member   9, fitness=0.444858
member  10, fitness=0.444858
Trained in  0.11s.
Validation set predicted with 0.8768 accuracy.
Accuracy  = 0.8467
Precision = 0.846378
Recall    = 0.845415
F1        = 0.845896
Confusion matrix:
 892    0   13   11    0   44   15    2    2    1
   0 1085    6    6    0    9    4    0   25    0
  12   31  849   14   20    2   20   27   52    5
   5   11   30  834    3   82    5   15   21    4
   3   20    7    0  818    5   10   13   13   93
  13   14    4   33   12  761   19   13   15    8
  22   10   21    3   20   31  846    2    2    1
   1   40   30    7   13    1    3  887   12   34
  12   22   23   56    6   61   15   16  726   37
  12   18   21   16   68   18    4   69   14  769
CNN trained in  1.63s.
Accuracy  = 0.9001
Precision = 0.900924
Recall    = 0.899341
F1        = 0.900132
Confusion matrix:
 962    1    5    0    0    1    7    2    1    1
   0 1114    1    4    0    1    3    1   10    1
  14    7  920   14    7    0   20   35   13    2
   0    0   21  932    0   44    0    7    3    3
   6   12    1    0  891    0   11   11    9   41
   6    5    1   41    0  823    3    7    6    0
  30    4   12    1   13   13  881    1    2    1
   2   15   38   15    1    0    0  916    4   37
  16   21   21   54   11   11   14   39  767   20
  12    8    1    9   38   11    7  103   25  795
