CPU: [AMD Ryzen 9 5900X 12-Core Processor]
12 threads with OpenMP
Training data: (2000,784) 6.0 MB
Validation data: (5000,784) 15.0 MB
Testing data: (10000,784) 29.9 MB
Network: mnistga-ffnn
Input, shape:[28,28], parameters: 0, memory:3.1 KB
Dense(softmax), shape:[10], parameters:7850, memory:61.3 KB

Number of bits in each bitstring: 20
Evolving 200 members for 15 generations...
Generation   1, time: 17.07s, fitness max: 0.676000, min: 0.087800, mean: 0.335598
Generation   2, time: 16.79s, fitness max: 0.676000, min: 0.104200, mean: 0.377450
Generation   3, time: 16.07s, fitness max: 0.731200, min: 0.144000, mean: 0.407031
Generation   4, time: 14.83s, fitness max: 0.731200, min: 0.138400, mean: 0.416781
Generation   5, time: 15.13s, fitness max: 0.731200, min: 0.220000, mean: 0.454855
Generation   6, time: 14.93s, fitness max: 0.731200, min: 0.216200, mean: 0.472500
Generation   7, time: 15.42s, fitness max: 0.773800, min: 0.175400, mean: 0.497346
Generation   8, time: 15.32s, fitness max: 0.784800, min: 0.220800, mean: 0.513476
Generation   9, time: 15.39s, fitness max: 0.800400, min: 0.216400, mean: 0.547588
Generation  10, time: 15.66s, fitness max: 0.820600, min: 0.266200, mean: 0.564019
Generation  11, time: 15.12s, fitness max: 0.825600, min: 0.334800, mean: 0.572594
Generation  12, time: 17.11s, fitness max: 0.825600, min: 0.294000, mean: 0.600247
Generation  13, time: 14.65s, fitness max: 0.841800, min: 0.343200, mean: 0.607049
Generation  14, time: 16.55s, fitness max: 0.865000, min: 0.369400, mean: 0.627232
Generation  15, time: 14.36s, fitness max: 0.865000, min: 0.301800, mean: 0.633739
Evolution finished, top-10 members:
member   1, fitness=0.865
member   2, fitness=0.865
member   3, fitness=0.8418
member   4, fitness=0.8418
member   5, fitness=0.8256
member   6, fitness=0.8256
member   7, fitness=0.8256
member   8, fitness=0.8234
member   9, fitness=0.8234
member  10, fitness=0.8206
Trained in  0.11s.
Validation set predicted with 0.8768 accuracy.
Accuracy  = 0.8467
Precision = 0.846378
Recall    = 0.845415
F1        = 0.845896
Confusion matrix:
 892    0   13   11    0   44   15    2    2    1
   0 1085    6    6    0    9    4    0   25    0
  12   31  849   14   20    2   20   27   52    5
   5   11   30  834    3   82    5   15   21    4
   3   20    7    0  818    5   10   13   13   93
  13   14    4   33   12  761   19   13   15    8
  22   10   21    3   20   31  846    2    2    1
   1   40   30    7   13    1    3  887   12   34
  12   22   23   56    6   61   15   16  726   37
  12   18   21   16   68   18    4   69   14  769
CNN trained in  1.48s.
Accuracy  = 0.9001
Precision = 0.900924
Recall    = 0.899341
F1        = 0.900132
Confusion matrix:
 962    1    5    0    0    1    7    2    1    1
   0 1114    1    4    0    1    3    1   10    1
  14    7  920   14    7    0   20   35   13    2
   0    0   21  932    0   44    0    7    3    3
   6   12    1    0  891    0   11   11    9   41
   6    5    1   41    0  823    3    7    6    0
  30    4   12    1   13   13  881    1    2    1
   2   15   38   15    1    0    0  916    4   37
  16   21   21   54   11   11   14   39  767   20
  12    8    1    9   38   11    7  103   25  795
