CPU: [AMD Ryzen 5 1600X Six-Core Processor]
12 threads with OpenMP
Teacher data: X (40000,3072) 468.8 MB, Y (40000,10)
Student data: X (40000,3072) 468.8 MB, Y (40000,10)
Validation data: X (10000,3072) 117.2 MB, Y (10000,10)
Testing data: X (10000,3072) 117.2 MB, Y (10000,10)
Trained teacher test set predicted in 2.51 secs with 0.7664 accuracy.

Network: c10kdga-trained-teacher(dropout)
Input, shape:[32,32,3], parameters: 0, memory:12.0 KB
Conv2D(ReLU), shape:[28,28,32] (k:5,s:1,pad:no), parameters:2400, memory:116.8 KB
Maxpool2D shape:[14,14,32] (k:2,s:2), parameters:0, memory:24.5 KB
Dropout, ratio:0.25, shape:[14,14,32], parameters:0, memory:24.5 KB
Conv2D(ReLU), shape:[12,12,64] (k:3,s:1,pad:no), parameters:18432, memory:180.0 KB
Maxpool2D shape:[6,6,64] (k:2,s:2), parameters:0, memory:9.0 KB
Dropout, ratio:0.25, shape:[6,6,64], parameters:0, memory:9.0 KB
Conv2D(ReLU), shape:[4,4,128] (k:3,s:1,pad:no), parameters:73728, memory:584.0 KB
Maxpool2D shape:[2,2,128] (k:2,s:2), parameters:0, memory:2.0 KB
Dropout, ratio:0.25, shape:[2,2,128], parameters:0, memory:2.0 KB
Dense(ReLU), shape:[128], parameters:65664, memory:513.0 KB
Dense(Linear), shape:[10], parameters:1290, memory:10.1 KB

Stats for c10kdga-trained-teacher(dropout)
Layer 1 Conv2D
variance: 0.0043314
Bin  1 (-0.195,-0.156): **
Bin  2 (-0.156,-0.118): ***********
Bin  3 (-0.118,-0.080): *******************************
Bin  4 (-0.080,-0.042): **********************************************************
Bin  5 (-0.042,-0.003): ******************************************************************************
Bin  6 (-0.003, 0.035): ********************************************************************************
Bin  7 ( 0.035, 0.073): *********************************************************************
Bin  8 ( 0.073, 0.111): *********************************
Bin  9 ( 0.111, 0.150): ***************
Bin 10 ( 0.150, 0.188): ***
Layer 4 Conv2D
variance: 0.00471153
Bin  1 (-0.680,-0.573): 
Bin  2 (-0.573,-0.466): 
Bin  3 (-0.466,-0.359): 
Bin  4 (-0.359,-0.252): *
Bin  5 (-0.252,-0.145): ****
Bin  6 (-0.145,-0.039): ****************************
Bin  7 (-0.039, 0.068): ********************************************************************************
Bin  8 ( 0.068, 0.175): ***********
Bin  9 ( 0.175, 0.282): 
Bin 10 ( 0.282, 0.389): 
Layer 7 Conv2D
variance: 0.00309278
Bin  1 (-0.321,-0.267): 
Bin  2 (-0.267,-0.213): 
Bin  3 (-0.213,-0.159): **
Bin  4 (-0.159,-0.105): *********
Bin  5 (-0.105,-0.051): **********************************
Bin  6 (-0.051, 0.003): ********************************************************************************
Bin  7 ( 0.003, 0.057): ***************************************************************************
Bin  8 ( 0.057, 0.111): **********************
Bin  9 ( 0.111, 0.165): **
Bin 10 ( 0.165, 0.218): 
Layer 10 Dense
variance: 0.0194899
Bin  1 (-0.501,-0.404): 
Bin  2 (-0.404,-0.307): **
Bin  3 (-0.307,-0.210): *****************
Bin  4 (-0.210,-0.113): ********************************************************
Bin  5 (-0.113,-0.017): *******************************************************************************
Bin  6 (-0.017, 0.080): ********************************************************************************
Bin  7 ( 0.080, 0.177): ************************************************************************
Bin  8 ( 0.177, 0.274): **************************************
Bin  9 ( 0.274, 0.371): ******
Bin 10 ( 0.371, 0.467): 
Layer 11 Dense
variance: 0.0357276
Bin  1 (-0.502,-0.405): ****
Bin  2 (-0.405,-0.308): *******************
Bin  3 (-0.308,-0.212): *******************************************************
Bin  4 (-0.212,-0.115): ********************************************************************************
Bin  5 (-0.115,-0.018): **************************************************************
Bin  6 (-0.018, 0.078): *********************************************************************
Bin  7 ( 0.078, 0.175): ************************************************************
Bin  8 ( 0.175, 0.272): ************************************************************
Bin  9 ( 0.272, 0.369): ********************
Bin 10 ( 0.369, 0.465): **

Network: c10kdga-student
Input, shape:[32,32,3], parameters: 0, memory:12.0 KB
Conv2D(ReLU), shape:[28,28,8] (k:5,s:1,pad:no), parameters:600, memory:29.2 KB
Maxpool2D shape:[14,14,8] (k:2,s:2), parameters:0, memory:6.1 KB
Conv2D(ReLU), shape:[12,12,16] (k:3,s:1,pad:no), parameters:1152, memory:18.0 KB
Maxpool2D shape:[6,6,16] (k:2,s:2), parameters:0, memory:2.2 KB
Conv2D(ReLU), shape:[4,4,32] (k:3,s:1,pad:no), parameters:4608, memory:38.0 KB
Maxpool2D shape:[2,2,32] (k:2,s:2), parameters:0, memory:512 bytes
Dense(ReLU), shape:[64], parameters:8256, memory:64.5 KB
Dense(Linear), shape:[10], parameters:650, memory:5.1 KB


Stats for c10kdga-student
Layer 1 Conv2D
variance: 0.000325388
Bin  1 (-0.031,-0.025): ********************************************************************************
Bin  2 (-0.025,-0.019): ********************************************************************************
Bin  3 (-0.019,-0.013): **************************************************************
Bin  4 (-0.013,-0.006): ****************************************************************
Bin  5 (-0.006,-0.000): ***********************************************************************
Bin  6 (-0.000, 0.006): ***************************************************************
Bin  7 ( 0.006, 0.012): ***********************************************************************
Bin  8 ( 0.012, 0.019): *********************************************************************
Bin  9 ( 0.019, 0.025): *******************************************************************
Bin 10 ( 0.025, 0.031): ***********************************************************
Layer 3 Conv2D
variance: 0.000617398
Bin  1 (-0.044,-0.035): *************************************************************
Bin  2 (-0.035,-0.026): ****************************************************************************
Bin  3 (-0.026,-0.017): **********************************************************************
Bin  4 (-0.017,-0.009): ****************************************************************************
Bin  5 (-0.009, 0.000): ******************************************************************
Bin  6 ( 0.000, 0.009): ********************************************************************************
Bin  7 ( 0.009, 0.018): **************************************************************************
Bin  8 ( 0.018, 0.026): *****************************************************************************
Bin  9 ( 0.026, 0.035): *******************************************************************************
Bin 10 ( 0.035, 0.044): *******************************************************************
Layer 5 Conv2D
variance: 0.00172442
Bin  1 (-0.072,-0.058): **********************************************************************
Bin  2 (-0.058,-0.043): ********************************************************************************
Bin  3 (-0.043,-0.029): *******************************************************************************
Bin  4 (-0.029,-0.014): ***********************************************************************
Bin  5 (-0.014,-0.000): ***************************************************************************
Bin  6 (-0.000, 0.014): *******************************************************************************
Bin  7 ( 0.014, 0.029): ***************************************************************************
Bin  8 ( 0.029, 0.043): *****************************************************************************
Bin  9 ( 0.043, 0.058): **************************************************************************
Bin 10 ( 0.058, 0.072): *******************************************************************************
Layer 7 Dense
variance: 0.0288011
Bin  1 (-0.297,-0.238): *************************************************************************
Bin  2 (-0.238,-0.178): *************************************************************************
Bin  3 (-0.178,-0.119): ******************************************************************************
Bin  4 (-0.119,-0.059): *******************************************************************************
Bin  5 (-0.059,-0.000): ************************************************************************
Bin  6 (-0.000, 0.059): ******************************************************************************
Bin  7 ( 0.059, 0.119): ***************************************************************************
Bin  8 ( 0.119, 0.178): ********************************************************************************
Bin  9 ( 0.178, 0.237): ************************************************************************
Bin 10 ( 0.237, 0.297): **************************************************************************
Layer 8 Dense
variance: 0.0284984
Bin  1 (-0.285,-0.228): ********************************************************************************
Bin  2 (-0.228,-0.171): *****************************************************************
Bin  3 (-0.171,-0.114): ******************************************************************
Bin  4 (-0.114,-0.057): **************************************************************************
Bin  5 (-0.057, 0.000): ***********************************************************************
Bin  6 ( 0.000, 0.057): **********************************************************
Bin  7 ( 0.057, 0.114): ***************************************************
Bin  8 ( 0.114, 0.171): *********************************************************
Bin  9 ( 0.171, 0.228): ********************************************************************
Bin 10 ( 0.228, 0.285): *******************************************************************

Number of indeces in each chain: 56
Evolving 20 members for 100 generations...
Generation 1, time: 62 mins and 42 secs, fitness max: 0.623900, min: 0.590200, mean: 0.603615
Generation 2, time: 2.4 hours, fitness max: 0.623900, min: 0.586400, mean: 0.600865
