CPU: [AMD Ryzen 5 1600X Six-Core Processor]
12 threads with OpenMP
Training data: (40000,3072) 468.8 MB
Validation data: (10000,3072) 117.2 MB
Testing data: (10000,3072) 117.2 MB

Network: cifar10cnn-student
Input, shape:[32,32,3], parameters: 0, memory:12.0 KB
Conv2D(ReLU), shape:[28,28,8] (k:5,s:1,pad:no), parameters:600, memory:29.2 KB
Maxpool2D shape:[14,14,8] (k:2,s:2), parameters:0, memory:6.1 KB
Conv2D(ReLU), shape:[12,12,16] (k:3,s:1,pad:no), parameters:1152, memory:18.0 KB
Maxpool2D shape:[6,6,16] (k:2,s:2), parameters:0, memory:2.2 KB
Conv2D(ReLU), shape:[4,4,32] (k:3,s:1,pad:no), parameters:4608, memory:38.0 KB
Maxpool2D shape:[2,2,32] (k:2,s:2), parameters:0, memory:512 bytes
Dense(ReLU), shape:[64], parameters:8256, memory:64.5 KB
Dense(Softmax), shape:[10], parameters:650, memory:5.1 KB

Training...
Backprop: batch_size:16 epochs:100, Adam (α:0.0005 β1:0.9 β2:0.999), CCE

Training on CPU...
epoch: 1, time: 9.95 secs (speed 4291.6), loss (CCE): 69874.6562, validation accuracy: 0.4235
epoch: 2, time: 9.83 secs (speed 4337.1), loss (CCE): 58513.6719, validation accuracy: 0.4932
epoch: 3, time: 10.94 secs (speed 3872.0), loss (CCE): 53825.4062, validation accuracy: 0.5267
epoch: 4, time: 10.88 secs (speed 3849.2), loss (CCE): 50413.6602, validation accuracy: 0.5467
epoch: 5, time: 10.39 secs (speed 4103.0), loss (CCE): 47789.0625, validation accuracy: 0.5695
epoch: 6, time: 10.21 secs (speed 4137.4), loss (CCE): 45738.2656, validation accuracy: 0.5880
epoch: 7, time: 9.69 secs (speed 4408.4), loss (CCE): 43980.7148, validation accuracy: 0.5940
epoch: 8, time: 9.57 secs (speed 4456.8), loss (CCE): 42631.3867, validation accuracy: 0.6044
epoch: 9, time: 9.66 secs (speed 4412.6), loss (CCE): 41535.9102, validation accuracy: 0.6157
epoch: 10, time: 9.90 secs (speed 4299.0), loss (CCE): 40444.6602, validation accuracy: 0.6192
epoch: 11, time: 9.82 secs (speed 4330.5), loss (CCE): 39461.0273, validation accuracy: 0.6316
epoch: 12, time: 9.81 secs (speed 4327.3), loss (CCE): 38645.6172, validation accuracy: 0.6322
epoch: 13, time: 9.77 secs (speed 4364.1), loss (CCE): 37863.0625, validation accuracy: 0.6326
epoch: 14, time: 9.80 secs (speed 4322.4), loss (CCE): 37264.8164, validation accuracy: 0.6425
epoch: 15, time: 9.79 secs (speed 4374.6), loss (CCE): 36509.3594, validation accuracy: 0.6434
epoch: 16, time: 9.79 secs (speed 4340.7), loss (CCE): 35890.2109, validation accuracy: 0.6510
epoch: 17, time: 9.72 secs (speed 4422.9), loss (CCE): 35419.7773, validation accuracy: 0.6520
epoch: 18, time: 10.04 secs (speed 4246.4), loss (CCE): 34882.1719, validation accuracy: 0.6530
epoch: 19, time: 9.65 secs (speed 4413.3), loss (CCE): 34271.5312, validation accuracy: 0.6478
epoch: 20, time: 9.82 secs (speed 4367.7), loss (CCE): 33827.4961, validation accuracy: 0.6467
epoch: 21, time: 9.66 secs (speed 4429.0), loss (CCE): 33468.8867, validation accuracy: 0.6525
epoch: 22, time: 9.85 secs (speed 4319.3), loss (CCE): 33060.0938, validation accuracy: 0.6489
epoch: 23, time: 9.80 secs (speed 4348.4), loss (CCE): 32665.3301, validation accuracy: 0.6525
epoch: 24, time: 9.79 secs (speed 4347.5), loss (CCE): 32161.2598, validation accuracy: 0.6600
epoch: 25, time: 9.63 secs (speed 4402.9), loss (CCE): 31984.5117, validation accuracy: 0.6620
epoch: 26, time: 9.74 secs (speed 4372.6), loss (CCE): 31624.0117, validation accuracy: 0.6636
epoch: 27, time: 9.91 secs (speed 4308.9), loss (CCE): 31144.6445, validation accuracy: 0.6677
epoch: 28, time: 10.00 secs (speed 4246.5), loss (CCE): 30853.9590, validation accuracy: 0.6503
epoch: 29, time: 9.93 secs (speed 4281.6), loss (CCE): 30736.6836, validation accuracy: 0.6597
epoch: 30, time: 9.98 secs (speed 4264.1), loss (CCE): 30256.5508, validation accuracy: 0.6615
epoch: 31, time: 9.70 secs (speed 4413.3), loss (CCE): 29928.5449, validation accuracy: 0.6589
epoch: 32, time: 9.74 secs (speed 4380.1), loss (CCE): 29633.8145, validation accuracy: 0.6652
epoch: 33, time: 9.89 secs (speed 4322.0), loss (CCE): 29379.3613, validation accuracy: 0.6629
epoch: 34, time: 9.97 secs (speed 4273.5), loss (CCE): 29248.8672, validation accuracy: 0.6606
epoch: 35, time: 9.68 secs (speed 4407.4), loss (CCE): 28955.4551, validation accuracy: 0.6582
epoch: 36, time: 9.84 secs (speed 4326.0), loss (CCE): 28617.1719, validation accuracy: 0.6630
epoch: 37, time: 9.86 secs (speed 4320.2), loss (CCE): 28355.8848, validation accuracy: 0.6672
epoch: 38, time: 9.72 secs (speed 4383.6), loss (CCE): 28299.4844, validation accuracy: 0.6597
epoch: 39, time: 9.65 secs (speed 4423.9), loss (CCE): 28031.2344, validation accuracy: 0.6602
epoch: 40, time: 9.73 secs (speed 4399.6), loss (CCE): 27819.9980, validation accuracy: 0.6612
epoch: 41, time: 9.76 secs (speed 4396.0), loss (CCE): 27566.4414, validation accuracy: 0.6636
epoch: 42, time: 9.85 secs (speed 4322.1), loss (CCE): 27417.4453, validation accuracy: 0.6596
epoch: 43, time: 9.73 secs (speed 4383.8), loss (CCE): 27216.0488, validation accuracy: 0.6584
epoch: 44, time: 9.78 secs (speed 4344.3), loss (CCE): 27050.5664, validation accuracy: 0.6636
epoch: 45, time: 9.70 secs (speed 4400.5), loss (CCE): 26936.0586, validation accuracy: 0.6488
epoch: 46, time: 9.87 secs (speed 4295.7), loss (CCE): 26757.3496, validation accuracy: 0.6567
epoch: 47, time: 9.69 secs (speed 4404.7), loss (CCE): 26634.7656, validation accuracy: 0.6635
epoch: 48, time: 10.12 secs (speed 4214.4), loss (CCE): 26475.3984, validation accuracy: 0.6662
epoch: 49, time: 9.91 secs (speed 4296.8), loss (CCE): 26330.7676, validation accuracy: 0.6540
epoch: 50, time: 9.87 secs (speed 4310.7), loss (CCE): 26075.1875, validation accuracy: 0.6588
epoch: 51, time: 9.71 secs (speed 4392.4), loss (CCE): 26011.6523, validation accuracy: 0.6625
epoch: 52, time: 10.01 secs (speed 4246.5), loss (CCE): 25764.7871, validation accuracy: 0.6547
epoch: 53, time: 9.74 secs (speed 4378.7), loss (CCE): 25673.6680, validation accuracy: 0.6654
epoch: 54, time: 9.70 secs (speed 4400.8), loss (CCE): 25472.2285, validation accuracy: 0.6565
epoch: 55, time: 9.73 secs (speed 4391.0), loss (CCE): 25507.3691, validation accuracy: 0.6561
epoch: 56, time: 9.86 secs (speed 4310.6), loss (CCE): 25294.3633, validation accuracy: 0.6489
epoch: 57, time: 9.72 secs (speed 4373.0), loss (CCE): 25057.3730, validation accuracy: 0.6564
epoch: 58, time: 9.85 secs (speed 4330.8), loss (CCE): 25094.5176, validation accuracy: 0.6510
epoch: 59, time: 9.83 secs (speed 4337.5), loss (CCE): 24865.4688, validation accuracy: 0.6618
epoch: 60, time: 9.78 secs (speed 4348.1), loss (CCE): 24685.4375, validation accuracy: 0.6484
epoch: 61, time: 9.71 secs (speed 4402.1), loss (CCE): 24600.1582, validation accuracy: 0.6566
epoch: 62, time: 9.77 secs (speed 4365.5), loss (CCE): 24591.3301, validation accuracy: 0.6621
epoch: 63, time: 9.76 secs (speed 4367.8), loss (CCE): 24384.2500, validation accuracy: 0.6604
epoch: 64, time: 9.71 secs (speed 4415.1), loss (CCE): 24249.5039, validation accuracy: 0.6570
epoch: 65, time: 9.68 secs (speed 4404.5), loss (CCE): 24205.5469, validation accuracy: 0.6524
epoch: 66, time: 9.81 secs (speed 4387.5), loss (CCE): 24131.7988, validation accuracy: 0.6497
epoch: 67, time: 9.79 secs (speed 4353.7), loss (CCE): 23918.3867, validation accuracy: 0.6603
epoch: 68, time: 9.76 secs (speed 4369.8), loss (CCE): 23658.0684, validation accuracy: 0.6574
epoch: 69, time: 9.80 secs (speed 4337.7), loss (CCE): 23706.0371, validation accuracy: 0.6559
epoch: 70, time: 9.97 secs (speed 4263.3), loss (CCE): 23528.1953, validation accuracy: 0.6527
epoch: 71, time: 9.65 secs (speed 4414.3), loss (CCE): 23530.9316, validation accuracy: 0.6494
epoch: 72, time: 9.96 secs (speed 4275.4), loss (CCE): 23316.6230, validation accuracy: 0.6565
epoch: 73, time: 9.62 secs (speed 4443.9), loss (CCE): 23232.7207, validation accuracy: 0.6492
epoch: 74, time: 9.89 secs (speed 4294.2), loss (CCE): 23257.7969, validation accuracy: 0.6571
epoch: 75, time: 9.68 secs (speed 4387.5), loss (CCE): 23072.5918, validation accuracy: 0.6580
epoch: 76, time: 9.87 secs (speed 4326.0), loss (CCE): 22913.6562, validation accuracy: 0.6570
epoch: 77, time: 9.79 secs (speed 4361.5), loss (CCE): 22992.1641, validation accuracy: 0.6555
epoch: 78, time: 9.81 secs (speed 4365.2), loss (CCE): 22821.6641, validation accuracy: 0.6598
epoch: 79, time: 9.73 secs (speed 4369.8), loss (CCE): 22535.4629, validation accuracy: 0.6578
epoch: 80, time: 10.04 secs (speed 4249.4), loss (CCE): 22573.4512, validation accuracy: 0.6600
epoch: 81, time: 10.03 secs (speed 4238.1), loss (CCE): 22383.3496, validation accuracy: 0.6481
epoch: 82, time: 9.83 secs (speed 4341.1), loss (CCE): 22348.3516, validation accuracy: 0.6560
epoch: 83, time: 9.87 secs (speed 4319.5), loss (CCE): 22226.4961, validation accuracy: 0.6526
epoch: 84, time: 9.72 secs (speed 4398.4), loss (CCE): 22263.8496, validation accuracy: 0.6570
epoch: 85, time: 9.84 secs (speed 4319.2), loss (CCE): 22089.9434, validation accuracy: 0.6561
epoch: 86, time: 9.90 secs (speed 4299.8), loss (CCE): 21971.4512, validation accuracy: 0.6505
epoch: 87, time: 9.67 secs (speed 4405.3), loss (CCE): 21985.2910, validation accuracy: 0.6506
epoch: 88, time: 9.73 secs (speed 4378.3), loss (CCE): 21824.0234, validation accuracy: 0.6548
epoch: 89, time: 9.82 secs (speed 4348.4), loss (CCE): 21896.7070, validation accuracy: 0.6540
epoch: 90, time: 9.83 secs (speed 4326.9), loss (CCE): 21778.3945, validation accuracy: 0.6500
epoch: 91, time: 9.90 secs (speed 4311.2), loss (CCE): 21635.4375, validation accuracy: 0.6496
epoch: 92, time: 9.96 secs (speed 4274.1), loss (CCE): 21489.1797, validation accuracy: 0.6476
epoch: 93, time: 9.82 secs (speed 4336.2), loss (CCE): 21613.5664, validation accuracy: 0.6546
epoch: 94, time: 9.94 secs (speed 4285.6), loss (CCE): 21414.7051, validation accuracy: 0.6475
epoch: 95, time: 9.69 secs (speed 4396.3), loss (CCE): 21356.2344, validation accuracy: 0.6517
epoch: 96, time: 9.79 secs (speed 4360.7), loss (CCE): 21284.2051, validation accuracy: 0.6520
epoch: 97, time: 9.62 secs (speed 4419.5), loss (CCE): 21263.5527, validation accuracy: 0.6531
epoch: 98, time: 9.60 secs (speed 4436.7), loss (CCE): 21118.1016, validation accuracy: 0.6546
epoch: 99, time: 9.80 secs (speed 4348.2), loss (CCE): 21040.3047, validation accuracy: 0.6499
epoch: 100, time: 9.84 secs (speed 4325.6), loss (CCE): 20980.9766, validation accuracy: 0.6430
Trained in 16 mins and 23 secs.
Training set predicted in 2.45 secs with 0.789975 accuracy.
Test set predicted in 0.61 secs with 0.634 accuracy.
Accuracy  = 0.634
Precision = 0.637963
Recall    = 0.634
F1        = 0.635975
Confusion matrix:
 707   64   14   10   14    3   22   16  125   25
  30  834    9    8    7    8   25   15   30   34
  27    5  704   14   79   40   62   39   11   19
   7   11   18  772   28   10   79   60    7    8
  18    9   77   45  538   23  210   57    6   17
  16   27  124  100   61  416   94  118   11   33
  26   24   55   76  178   29  512   63   13   24
  11   50   42   86   78   55   81  529   11   57
 103   52    3   11    5    1   14    6  778   27
  50  204   13   13   12   18   29   77   34  550
