CPU: [11th Gen Intel(R) Core(TM) i5-11400F @ 2.60GHz]
12 threads with OpenMP
Training data: (40000,3072) 468.8 MB
Validation data: (10000,3072) 117.2 MB
Testing data: (10000,3072) 117.2 MB

Network: cifar10cnn-student
Input, shape:[32,32,3], parameters: 0, memory:12.0 KB
Conv2D(ReLU), shape:[28,28,8] (k:5,s:1,pad:no), parameters:600, memory:29.2 KB
Maxpool2D shape:[14,14,8] (k:2,s:2), parameters:0, memory:6.1 KB
Conv2D(ReLU), shape:[12,12,16] (k:3,s:1,pad:no), parameters:1152, memory:18.0 KB
Maxpool2D shape:[6,6,16] (k:2,s:2), parameters:0, memory:2.2 KB
Conv2D(ReLU), shape:[4,4,32] (k:3,s:1,pad:no), parameters:4608, memory:38.0 KB
Maxpool2D shape:[2,2,32] (k:2,s:2), parameters:0, memory:512 bytes
Dense(ReLU), shape:[64], parameters:8256, memory:64.5 KB
Dense(Softmax), shape:[10], parameters:650, memory:5.1 KB

Training...
epoch: 1, time: 21.70 secs (speed 2007.3), loss (CCE): 84844.8281, validation accuracy: 0.3069
epoch: 2, time: 26.38 secs (speed 1574.4), loss (CCE): 68184.1875, validation accuracy: 0.4235
epoch: 3, time: 14.84 secs (speed 2731.7), loss (CCE): 61305.5859, validation accuracy: 0.4650
epoch: 4, time: 6.85 secs (speed 6285.7), loss (CCE): 56724.9844, validation accuracy: 0.4735
epoch: 5, time: 6.80 secs (speed 6299.9), loss (CCE): 53525.8477, validation accuracy: 0.5166
epoch: 6, time: 6.83 secs (speed 6318.4), loss (CCE): 50964.2812, validation accuracy: 0.5391
epoch: 7, time: 6.82 secs (speed 6323.4), loss (CCE): 48839.0781, validation accuracy: 0.5643
epoch: 8, time: 7.02 secs (speed 6138.5), loss (CCE): 47207.8711, validation accuracy: 0.5867
epoch: 9, time: 7.63 secs (speed 5575.8), loss (CCE): 45940.2695, validation accuracy: 0.5743
epoch: 10, time: 7.68 secs (speed 5575.1), loss (CCE): 44704.0938, validation accuracy: 0.5937
epoch: 11, time: 7.58 secs (speed 5623.6), loss (CCE): 43718.0117, validation accuracy: 0.5933
epoch: 12, time: 7.30 secs (speed 5815.5), loss (CCE): 42755.0938, validation accuracy: 0.5908
epoch: 13, time: 6.90 secs (speed 6268.6), loss (CCE): 41929.0625, validation accuracy: 0.6128
epoch: 14, time: 6.90 secs (speed 6232.6), loss (CCE): 41247.5273, validation accuracy: 0.6220
epoch: 15, time: 7.58 secs (speed 5646.5), loss (CCE): 40568.2539, validation accuracy: 0.6211
epoch: 16, time: 7.58 secs (speed 5635.8), loss (CCE): 40004.5898, validation accuracy: 0.6230
epoch: 17, time: 7.61 secs (speed 5648.1), loss (CCE): 39475.4141, validation accuracy: 0.6285
epoch: 18, time: 7.63 secs (speed 5597.6), loss (CCE): 38948.1875, validation accuracy: 0.6351
epoch: 19, time: 7.65 secs (speed 5566.0), loss (CCE): 38442.8672, validation accuracy: 0.6298
epoch: 20, time: 7.07 secs (speed 6061.9), loss (CCE): 38044.0859, validation accuracy: 0.6337
epoch: 21, time: 6.81 secs (speed 6316.5), loss (CCE): 37516.5898, validation accuracy: 0.6263
epoch: 22, time: 6.87 secs (speed 6271.2), loss (CCE): 37099.1641, validation accuracy: 0.6310
epoch: 23, time: 6.81 secs (speed 6294.1), loss (CCE): 36744.5742, validation accuracy: 0.6375
epoch: 24, time: 7.08 secs (speed 6029.9), loss (CCE): 36370.9023, validation accuracy: 0.6216
epoch: 25, time: 6.84 secs (speed 6300.8), loss (CCE): 35915.8633, validation accuracy: 0.6339
epoch: 26, time: 6.83 secs (speed 6299.5), loss (CCE): 35560.5898, validation accuracy: 0.6222
epoch: 27, time: 6.80 secs (speed 6321.1), loss (CCE): 35315.5547, validation accuracy: 0.6320
epoch: 28, time: 6.89 secs (speed 6301.7), loss (CCE): 34953.8828, validation accuracy: 0.6440
epoch: 29, time: 7.08 secs (speed 6090.8), loss (CCE): 34609.2148, validation accuracy: 0.6360
epoch: 30, time: 6.88 secs (speed 6282.0), loss (CCE): 34429.8008, validation accuracy: 0.6465
epoch: 31, time: 6.92 secs (speed 6248.3), loss (CCE): 34092.1758, validation accuracy: 0.6381
epoch: 32, time: 7.67 secs (speed 5547.7), loss (CCE): 33851.9219, validation accuracy: 0.6488
epoch: 33, time: 7.11 secs (speed 5998.7), loss (CCE): 33487.6680, validation accuracy: 0.6347
epoch: 34, time: 6.93 secs (speed 6271.9), loss (CCE): 33404.1523, validation accuracy: 0.6460
epoch: 35, time: 6.90 secs (speed 6251.6), loss (CCE): 33101.4375, validation accuracy: 0.6467
epoch: 36, time: 7.66 secs (speed 5569.9), loss (CCE): 32853.7969, validation accuracy: 0.6461
epoch: 37, time: 7.65 secs (speed 5585.6), loss (CCE): 32636.2871, validation accuracy: 0.6484
epoch: 38, time: 7.69 secs (speed 5555.5), loss (CCE): 32481.5605, validation accuracy: 0.6407
epoch: 39, time: 7.65 secs (speed 5590.2), loss (CCE): 32122.9395, validation accuracy: 0.6467
epoch: 40, time: 7.63 secs (speed 5585.6), loss (CCE): 31912.7305, validation accuracy: 0.6468
epoch: 41, time: 7.61 secs (speed 5613.6), loss (CCE): 31826.0840, validation accuracy: 0.6398
epoch: 42, time: 7.72 secs (speed 5564.4), loss (CCE): 31558.0469, validation accuracy: 0.6442
epoch: 43, time: 7.63 secs (speed 5595.6), loss (CCE): 31266.1035, validation accuracy: 0.6301
epoch: 44, time: 7.52 secs (speed 5627.7), loss (CCE): 31173.4141, validation accuracy: 0.6438
epoch: 45, time: 7.05 secs (speed 6073.5), loss (CCE): 30989.8672, validation accuracy: 0.6388
epoch: 46, time: 6.88 secs (speed 6289.9), loss (CCE): 30755.2109, validation accuracy: 0.6327
epoch: 47, time: 6.88 secs (speed 6253.9), loss (CCE): 30643.9824, validation accuracy: 0.6397
epoch: 48, time: 6.86 secs (speed 6293.1), loss (CCE): 30444.0820, validation accuracy: 0.6448
epoch: 49, time: 6.85 secs (speed 6251.1), loss (CCE): 30319.6699, validation accuracy: 0.6466
epoch: 50, time: 7.11 secs (speed 6016.3), loss (CCE): 30083.7617, validation accuracy: 0.6506
epoch: 51, time: 7.33 secs (speed 5875.0), loss (CCE): 29945.2637, validation accuracy: 0.6372
epoch: 52, time: 7.69 secs (speed 5569.6), loss (CCE): 29722.1426, validation accuracy: 0.6260
epoch: 53, time: 7.62 secs (speed 5587.8), loss (CCE): 29595.8887, validation accuracy: 0.6315
epoch: 54, time: 7.70 secs (speed 5557.7), loss (CCE): 29437.8984, validation accuracy: 0.6431
epoch: 55, time: 7.02 secs (speed 6113.4), loss (CCE): 29338.4629, validation accuracy: 0.6302
epoch: 56, time: 6.89 secs (speed 6279.1), loss (CCE): 29153.4805, validation accuracy: 0.6363
epoch: 57, time: 6.88 secs (speed 6268.4), loss (CCE): 29040.4785, validation accuracy: 0.6360
epoch: 58, time: 6.84 secs (speed 6286.7), loss (CCE): 28863.2129, validation accuracy: 0.6409
epoch: 59, time: 6.86 secs (speed 6271.5), loss (CCE): 28738.8398, validation accuracy: 0.6463
epoch: 60, time: 6.89 secs (speed 6259.4), loss (CCE): 28666.2480, validation accuracy: 0.6471
epoch: 61, time: 6.83 secs (speed 6298.2), loss (CCE): 28381.1035, validation accuracy: 0.6413
epoch: 62, time: 6.88 secs (speed 6281.9), loss (CCE): 28318.8105, validation accuracy: 0.6314
epoch: 63, time: 7.14 secs (speed 5982.5), loss (CCE): 28302.7227, validation accuracy: 0.6419
epoch: 64, time: 6.91 secs (speed 6245.1), loss (CCE): 28122.2793, validation accuracy: 0.6504
epoch: 65, time: 7.26 secs (speed 5923.5), loss (CCE): 27944.2930, validation accuracy: 0.6475
epoch: 66, time: 7.37 secs (speed 5740.3), loss (CCE): 27819.6641, validation accuracy: 0.6349
epoch: 67, time: 7.05 secs (speed 6072.4), loss (CCE): 27770.6504, validation accuracy: 0.6375
epoch: 68, time: 6.89 secs (speed 6264.8), loss (CCE): 27668.6074, validation accuracy: 0.6411
epoch: 69, time: 7.03 secs (speed 6148.1), loss (CCE): 27501.4863, validation accuracy: 0.6403
epoch: 70, time: 7.77 secs (speed 5495.9), loss (CCE): 27397.9160, validation accuracy: 0.6388
epoch: 71, time: 6.92 secs (speed 6231.4), loss (CCE): 27324.1484, validation accuracy: 0.6388
epoch: 72, time: 6.94 secs (speed 6190.2), loss (CCE): 27137.6836, validation accuracy: 0.6412
epoch: 73, time: 6.85 secs (speed 6289.8), loss (CCE): 26961.0879, validation accuracy: 0.6320
epoch: 74, time: 7.39 secs (speed 5798.2), loss (CCE): 26890.6797, validation accuracy: 0.6382
epoch: 75, time: 7.31 secs (speed 5942.3), loss (CCE): 26835.7617, validation accuracy: 0.6410
epoch: 76, time: 6.88 secs (speed 6270.2), loss (CCE): 26615.0176, validation accuracy: 0.6396
epoch: 77, time: 6.86 secs (speed 6272.1), loss (CCE): 26569.6914, validation accuracy: 0.6361
epoch: 78, time: 6.89 secs (speed 6260.2), loss (CCE): 26528.0820, validation accuracy: 0.6337
epoch: 79, time: 6.85 secs (speed 6283.5), loss (CCE): 26380.2051, validation accuracy: 0.6398
epoch: 80, time: 6.95 secs (speed 6224.4), loss (CCE): 26301.9102, validation accuracy: 0.6391
epoch: 81, time: 6.87 secs (speed 6259.5), loss (CCE): 26309.1465, validation accuracy: 0.6398
epoch: 82, time: 6.94 secs (speed 6227.5), loss (CCE): 26175.6387, validation accuracy: 0.6400
epoch: 83, time: 6.91 secs (speed 6223.6), loss (CCE): 26040.3145, validation accuracy: 0.6375
epoch: 84, time: 6.91 secs (speed 6235.8), loss (CCE): 26013.1328, validation accuracy: 0.6308
epoch: 85, time: 6.88 secs (speed 6266.1), loss (CCE): 25813.6953, validation accuracy: 0.6390
epoch: 86, time: 6.88 secs (speed 6254.9), loss (CCE): 25739.1543, validation accuracy: 0.6322
epoch: 87, time: 7.39 secs (speed 5746.8), loss (CCE): 25761.2734, validation accuracy: 0.6312
epoch: 88, time: 7.69 secs (speed 5559.0), loss (CCE): 25687.3145, validation accuracy: 0.6412
epoch: 89, time: 7.70 secs (speed 5537.2), loss (CCE): 25494.8379, validation accuracy: 0.6409
epoch: 90, time: 7.76 secs (speed 5533.1), loss (CCE): 25509.9863, validation accuracy: 0.6341
epoch: 91, time: 7.68 secs (speed 5551.5), loss (CCE): 25332.8652, validation accuracy: 0.6380
epoch: 92, time: 7.76 secs (speed 5517.2), loss (CCE): 25293.1387, validation accuracy: 0.6289
epoch: 93, time: 7.68 secs (speed 5541.5), loss (CCE): 25138.4238, validation accuracy: 0.6389
epoch: 94, time: 7.74 secs (speed 5518.8), loss (CCE): 25131.5332, validation accuracy: 0.6433
epoch: 95, time: 7.66 secs (speed 5575.5), loss (CCE): 25092.8516, validation accuracy: 0.6333
epoch: 96, time: 7.43 secs (speed 5676.3), loss (CCE): 25105.6445, validation accuracy: 0.6354
epoch: 97, time: 7.49 secs (speed 5750.3), loss (CCE): 24830.1406, validation accuracy: 0.6303
epoch: 98, time: 7.61 secs (speed 5616.0), loss (CCE): 24866.1641, validation accuracy: 0.6344
epoch: 99, time: 6.87 secs (speed 6249.0), loss (CCE): 24783.3281, validation accuracy: 0.6249
epoch: 100, time: 6.88 secs (speed 6269.7), loss (CCE): 24677.5371, validation accuracy: 0.6375
epoch: 101, time: 7.10 secs (speed 6068.3), loss (CCE): 24591.3984, validation accuracy: 0.6306
epoch: 102, time: 7.79 secs (speed 5500.9), loss (CCE): 24630.7422, validation accuracy: 0.6271
epoch: 103, time: 6.96 secs (speed 6204.4), loss (CCE): 24518.5703, validation accuracy: 0.6289
epoch: 104, time: 6.94 secs (speed 6221.7), loss (CCE): 24390.0430, validation accuracy: 0.6298
epoch: 105, time: 6.87 secs (speed 6252.4), loss (CCE): 24470.1191, validation accuracy: 0.6328
epoch: 106, time: 6.87 secs (speed 6275.1), loss (CCE): 24243.8184, validation accuracy: 0.6256
epoch: 107, time: 7.23 secs (speed 5960.4), loss (CCE): 24087.0254, validation accuracy: 0.6245
epoch: 108, time: 7.76 secs (speed 5523.3), loss (CCE): 24293.3906, validation accuracy: 0.6319
epoch: 109, time: 7.67 secs (speed 5539.6), loss (CCE): 24179.7949, validation accuracy: 0.6288
epoch: 110, time: 7.73 secs (speed 5520.0), loss (CCE): 24092.7773, validation accuracy: 0.6357
epoch: 111, time: 7.32 secs (speed 5822.3), loss (CCE): 23964.2676, validation accuracy: 0.6397
epoch: 112, time: 6.93 secs (speed 6248.5), loss (CCE): 23982.3574, validation accuracy: 0.6305
epoch: 113, time: 6.91 secs (speed 6204.9), loss (CCE): 23892.6465, validation accuracy: 0.6331
epoch: 114, time: 7.09 secs (speed 6045.3), loss (CCE): 23844.2891, validation accuracy: 0.6349
epoch: 115, time: 6.90 secs (speed 6224.7), loss (CCE): 23783.2539, validation accuracy: 0.6313
epoch: 116, time: 6.90 secs (speed 6241.6), loss (CCE): 23775.0371, validation accuracy: 0.6270
epoch: 117, time: 6.91 secs (speed 6239.4), loss (CCE): 23647.6660, validation accuracy: 0.6333
epoch: 118, time: 6.95 secs (speed 6204.1), loss (CCE): 23706.8750, validation accuracy: 0.6303
epoch: 119, time: 6.89 secs (speed 6264.2), loss (CCE): 23679.4609, validation accuracy: 0.6366
epoch: 120, time: 6.95 secs (speed 6201.9), loss (CCE): 23688.0605, validation accuracy: 0.6190
epoch: 121, time: 6.88 secs (speed 6258.4), loss (CCE): 23579.9609, validation accuracy: 0.6308
epoch: 122, time: 6.94 secs (speed 6207.5), loss (CCE): 23473.9180, validation accuracy: 0.6326
epoch: 123, time: 7.38 secs (speed 5801.4), loss (CCE): 23480.5820, validation accuracy: 0.6300
epoch: 124, time: 6.95 secs (speed 6237.5), loss (CCE): 23398.4512, validation accuracy: 0.6216
epoch: 125, time: 6.89 secs (speed 6258.3), loss (CCE): 23352.7461, validation accuracy: 0.6296
epoch: 126, time: 7.02 secs (speed 6157.8), loss (CCE): 23227.9785, validation accuracy: 0.6293
epoch: 127, time: 7.66 secs (speed 5572.0), loss (CCE): 23201.8320, validation accuracy: 0.6335
epoch: 128, time: 7.67 secs (speed 5571.8), loss (CCE): 23168.8145, validation accuracy: 0.6169
epoch: 129, time: 7.68 secs (speed 5567.0), loss (CCE): 23160.5605, validation accuracy: 0.6277
epoch: 130, time: 6.92 secs (speed 6207.8), loss (CCE): 23132.8418, validation accuracy: 0.6276
epoch: 131, time: 7.18 secs (speed 6003.9), loss (CCE): 22996.3633, validation accuracy: 0.6277
epoch: 132, time: 7.70 secs (speed 5563.2), loss (CCE): 22982.5527, validation accuracy: 0.6233
epoch: 133, time: 7.68 secs (speed 5565.5), loss (CCE): 23062.0996, validation accuracy: 0.6212
epoch: 134, time: 7.42 secs (speed 5789.9), loss (CCE): 23002.2930, validation accuracy: 0.6265
epoch: 135, time: 7.64 secs (speed 5590.9), loss (CCE): 22957.2793, validation accuracy: 0.6300
epoch: 136, time: 7.67 secs (speed 5586.0), loss (CCE): 22750.5762, validation accuracy: 0.6159
epoch: 137, time: 7.67 secs (speed 5569.8), loss (CCE): 22982.6270, validation accuracy: 0.6339
epoch: 138, time: 7.05 secs (speed 6113.5), loss (CCE): 22901.2188, validation accuracy: 0.6278
epoch: 139, time: 6.87 secs (speed 6272.8), loss (CCE): 22763.4844, validation accuracy: 0.6288
epoch: 140, time: 6.89 secs (speed 6250.5), loss (CCE): 22698.2832, validation accuracy: 0.6306
epoch: 141, time: 7.28 secs (speed 5925.5), loss (CCE): 22801.6270, validation accuracy: 0.6355
epoch: 142, time: 7.80 secs (speed 5485.2), loss (CCE): 22828.4570, validation accuracy: 0.6241
epoch: 143, time: 7.66 secs (speed 5553.8), loss (CCE): 22613.1113, validation accuracy: 0.6236
epoch: 144, time: 7.74 secs (speed 5509.6), loss (CCE): 22564.5059, validation accuracy: 0.6222
epoch: 145, time: 7.73 secs (speed 5517.9), loss (CCE): 22590.6055, validation accuracy: 0.6151
epoch: 146, time: 7.71 secs (speed 5549.3), loss (CCE): 22445.9609, validation accuracy: 0.6248
epoch: 147, time: 6.90 secs (speed 6242.7), loss (CCE): 22623.3945, validation accuracy: 0.6267
epoch: 148, time: 6.91 secs (speed 6224.8), loss (CCE): 22523.8926, validation accuracy: 0.6255
epoch: 149, time: 6.87 secs (speed 6264.2), loss (CCE): 22499.1270, validation accuracy: 0.6178
epoch: 150, time: 7.42 secs (speed 5691.5), loss (CCE): 22533.8125, validation accuracy: 0.6302
epoch: 151, time: 6.91 secs (speed 6243.8), loss (CCE): 22362.4258, validation accuracy: 0.6301
epoch: 152, time: 6.96 secs (speed 6201.1), loss (CCE): 22374.9551, validation accuracy: 0.6302
epoch: 153, time: 6.87 secs (speed 6288.0), loss (CCE): 22221.8965, validation accuracy: 0.6294
epoch: 154, time: 6.95 secs (speed 6195.7), loss (CCE): 22355.9473, validation accuracy: 0.6186
epoch: 155, time: 6.88 secs (speed 6229.1), loss (CCE): 22250.3164, validation accuracy: 0.6196
epoch: 156, time: 6.93 secs (speed 6188.8), loss (CCE): 22234.6133, validation accuracy: 0.6196
epoch: 157, time: 7.28 secs (speed 5954.1), loss (CCE): 22313.8184, validation accuracy: 0.6204
epoch: 158, time: 7.76 secs (speed 5529.4), loss (CCE): 22220.5117, validation accuracy: 0.6235
epoch: 159, time: 7.68 secs (speed 5550.2), loss (CCE): 22188.0508, validation accuracy: 0.6310
epoch: 160, time: 7.68 secs (speed 5558.8), loss (CCE): 22041.1094, validation accuracy: 0.6048
epoch: 161, time: 6.91 secs (speed 6242.5), loss (CCE): 22172.6562, validation accuracy: 0.6201
epoch: 162, time: 6.91 secs (speed 6240.6), loss (CCE): 21912.4062, validation accuracy: 0.6220
epoch: 163, time: 6.85 secs (speed 6291.6), loss (CCE): 22113.8789, validation accuracy: 0.6265
epoch: 164, time: 7.27 secs (speed 5946.0), loss (CCE): 22053.0352, validation accuracy: 0.6271
epoch: 165, time: 7.44 secs (speed 5655.2), loss (CCE): 22012.2871, validation accuracy: 0.6228
epoch: 166, time: 7.68 secs (speed 5564.8), loss (CCE): 21996.1543, validation accuracy: 0.6256
epoch: 167, time: 7.67 secs (speed 5545.2), loss (CCE): 21999.0879, validation accuracy: 0.6269
epoch: 168, time: 7.67 secs (speed 5588.6), loss (CCE): 21932.1406, validation accuracy: 0.6184
epoch: 169, time: 7.73 secs (speed 5524.2), loss (CCE): 21892.9805, validation accuracy: 0.6277
epoch: 170, time: 7.74 secs (speed 5513.5), loss (CCE): 21998.1094, validation accuracy: 0.6225
epoch: 171, time: 7.68 secs (speed 5552.0), loss (CCE): 21833.2090, validation accuracy: 0.6274
epoch: 172, time: 7.71 secs (speed 5559.0), loss (CCE): 21922.8477, validation accuracy: 0.6247
epoch: 173, time: 7.69 secs (speed 5562.8), loss (CCE): 21750.2812, validation accuracy: 0.6160
epoch: 174, time: 7.71 secs (speed 5529.4), loss (CCE): 21810.5605, validation accuracy: 0.6231
epoch: 175, time: 7.66 secs (speed 5576.3), loss (CCE): 21891.6855, validation accuracy: 0.6198
epoch: 176, time: 7.07 secs (speed 6048.5), loss (CCE): 21762.4219, validation accuracy: 0.6274
epoch: 177, time: 6.92 secs (speed 6264.3), loss (CCE): 21661.5938, validation accuracy: 0.6182
epoch: 178, time: 7.73 secs (speed 5532.0), loss (CCE): 21641.6133, validation accuracy: 0.6155
epoch: 179, time: 7.66 secs (speed 5575.6), loss (CCE): 21678.5273, validation accuracy: 0.6283
epoch: 180, time: 7.67 secs (speed 5575.4), loss (CCE): 21620.2695, validation accuracy: 0.6197
epoch: 181, time: 7.67 secs (speed 5595.5), loss (CCE): 21548.6250, validation accuracy: 0.6249
epoch: 182, time: 7.65 secs (speed 5590.0), loss (CCE): 21722.6504, validation accuracy: 0.6221
epoch: 183, time: 7.66 secs (speed 5559.7), loss (CCE): 21544.5312, validation accuracy: 0.6137
epoch: 184, time: 7.68 secs (speed 5582.6), loss (CCE): 21745.1836, validation accuracy: 0.6267
epoch: 185, time: 7.68 secs (speed 5547.3), loss (CCE): 21474.2051, validation accuracy: 0.6148
epoch: 186, time: 7.72 secs (speed 5533.2), loss (CCE): 21560.7461, validation accuracy: 0.6072
epoch: 187, time: 7.66 secs (speed 5584.9), loss (CCE): 21629.6621, validation accuracy: 0.6234
epoch: 188, time: 7.71 secs (speed 5554.9), loss (CCE): 21479.5410, validation accuracy: 0.6152
epoch: 189, time: 7.62 secs (speed 5611.9), loss (CCE): 21466.1133, validation accuracy: 0.6181
epoch: 190, time: 7.69 secs (speed 5569.6), loss (CCE): 21490.5586, validation accuracy: 0.6173
epoch: 191, time: 7.64 secs (speed 5570.4), loss (CCE): 21493.5176, validation accuracy: 0.6169
epoch: 192, time: 7.72 secs (speed 5520.8), loss (CCE): 21383.1250, validation accuracy: 0.6182
epoch: 193, time: 7.66 secs (speed 5567.8), loss (CCE): 21626.0566, validation accuracy: 0.6241
epoch: 194, time: 7.67 secs (speed 5572.6), loss (CCE): 21451.5273, validation accuracy: 0.6146
epoch: 195, time: 7.67 secs (speed 5579.1), loss (CCE): 21364.7305, validation accuracy: 0.6193
epoch: 196, time: 7.67 secs (speed 5573.6), loss (CCE): 21424.6992, validation accuracy: 0.6155
epoch: 197, time: 7.70 secs (speed 5523.8), loss (CCE): 21306.2461, validation accuracy: 0.6184
epoch: 198, time: 7.70 secs (speed 5545.3), loss (CCE): 21375.7949, validation accuracy: 0.6210
epoch: 199, time: 7.09 secs (speed 6074.4), loss (CCE): 21384.5645, validation accuracy: 0.6151
epoch: 200, time: 6.90 secs (speed 6240.7), loss (CCE): 21271.2695, validation accuracy: 0.6222
epoch: 201, time: 6.87 secs (speed 6254.8), loss (CCE): 21088.2227, validation accuracy: 0.6224
epoch: 202, time: 6.90 secs (speed 6249.0), loss (CCE): 21307.7363, validation accuracy: 0.6225
epoch: 203, time: 6.91 secs (speed 6242.9), loss (CCE): 21286.4473, validation accuracy: 0.6185
epoch: 204, time: 6.88 secs (speed 6257.0), loss (CCE): 21233.8047, validation accuracy: 0.6217
epoch: 205, time: 6.89 secs (speed 6257.7), loss (CCE): 21407.4199, validation accuracy: 0.6248
epoch: 206, time: 7.12 secs (speed 6050.3), loss (CCE): 21314.6797, validation accuracy: 0.6248
epoch: 207, time: 6.86 secs (speed 6271.6), loss (CCE): 21256.7363, validation accuracy: 0.6207
epoch: 208, time: 6.90 secs (speed 6257.1), loss (CCE): 21137.0117, validation accuracy: 0.6192
epoch: 209, time: 6.87 secs (speed 6249.4), loss (CCE): 21202.3711, validation accuracy: 0.6266
epoch: 210, time: 7.59 secs (speed 5666.7), loss (CCE): 21302.2480, validation accuracy: 0.6197
epoch: 211, time: 7.14 secs (speed 6070.4), loss (CCE): 21023.9121, validation accuracy: 0.6201
epoch: 212, time: 7.75 secs (speed 5510.3), loss (CCE): 20979.6426, validation accuracy: 0.6167
epoch: 213, time: 7.71 secs (speed 5526.3), loss (CCE): 21107.3574, validation accuracy: 0.6164
epoch: 214, time: 9.23 secs (speed 4945.3), loss (CCE): 21206.7207, validation accuracy: 0.6223
epoch: 215, time: 24.51 secs (speed 1712.5), loss (CCE): 21161.2012, validation accuracy: 0.6232
epoch: 216, time: 26.19 secs (speed 1479.8), loss (CCE): 21120.5586, validation accuracy: 0.6123
epoch: 217, time: 7.91 secs (speed 5401.4), loss (CCE): 21025.7539, validation accuracy: 0.6150
epoch: 218, time: 8.08 secs (speed 5235.1), loss (CCE): 21145.2949, validation accuracy: 0.6118
epoch: 219, time: 7.22 secs (speed 5898.7), loss (CCE): 21155.0684, validation accuracy: 0.6118
epoch: 220, time: 7.77 secs (speed 5505.8), loss (CCE): 21042.7754, validation accuracy: 0.6185
epoch: 221, time: 8.18 secs (speed 5334.8), loss (CCE): 20880.2676, validation accuracy: 0.6191
epoch: 222, time: 7.47 secs (speed 5648.0), loss (CCE): 20971.5527, validation accuracy: 0.6060
epoch: 223, time: 7.83 secs (speed 5463.3), loss (CCE): 20974.3398, validation accuracy: 0.6172
epoch: 224, time: 8.15 secs (speed 5344.4), loss (CCE): 20920.0039, validation accuracy: 0.6145
epoch: 225, time: 8.01 secs (speed 5317.5), loss (CCE): 20975.2832, validation accuracy: 0.6110
epoch: 226, time: 7.95 secs (speed 5360.3), loss (CCE): 20942.4316, validation accuracy: 0.6196
epoch: 227, time: 8.26 secs (speed 5332.6), loss (CCE): 20889.1367, validation accuracy: 0.6122
epoch: 228, time: 7.98 secs (speed 5319.7), loss (CCE): 21094.0059, validation accuracy: 0.6107
epoch: 229, time: 8.09 secs (speed 5246.0), loss (CCE): 20812.1816, validation accuracy: 0.6126
epoch: 230, time: 8.21 secs (speed 5343.2), loss (CCE): 20771.4551, validation accuracy: 0.6155
epoch: 231, time: 7.78 secs (speed 5478.4), loss (CCE): 20994.9941, validation accuracy: 0.6210
epoch: 232, time: 7.14 secs (speed 5978.6), loss (CCE): 20733.6426, validation accuracy: 0.6122
epoch: 233, time: 7.66 secs (speed 5581.2), loss (CCE): 20858.3262, validation accuracy: 0.6047
epoch: 234, time: 8.30 secs (speed 5111.5), loss (CCE): 20967.0488, validation accuracy: 0.6167
epoch: 235, time: 7.70 secs (speed 5415.3), loss (CCE): 21056.7441, validation accuracy: 0.6148
epoch: 236, time: 8.00 secs (speed 5320.4), loss (CCE): 20737.3008, validation accuracy: 0.6063
epoch: 237, time: 8.33 secs (speed 5035.1), loss (CCE): 20873.8574, validation accuracy: 0.6158
epoch: 238, time: 7.98 secs (speed 5323.5), loss (CCE): 20950.8691, validation accuracy: 0.6146
epoch: 239, time: 8.09 secs (speed 5248.0), loss (CCE): 20701.3066, validation accuracy: 0.6212
epoch: 240, time: 8.34 secs (speed 5030.2), loss (CCE): 20829.7793, validation accuracy: 0.6086
epoch: 241, time: 7.65 secs (speed 5602.3), loss (CCE): 20820.4316, validation accuracy: 0.6110
epoch: 242, time: 7.78 secs (speed 5391.8), loss (CCE): 20814.6934, validation accuracy: 0.6161
epoch: 243, time: 7.43 secs (speed 5991.4), loss (CCE): 20788.9844, validation accuracy: 0.6155
epoch: 244, time: 7.28 secs (speed 5925.9), loss (CCE): 20753.0469, validation accuracy: 0.6116
epoch: 245, time: 7.95 secs (speed 5359.9), loss (CCE): 20591.6074, validation accuracy: 0.6127
epoch: 246, time: 8.19 secs (speed 5343.8), loss (CCE): 20670.2969, validation accuracy: 0.6141
epoch: 247, time: 7.64 secs (speed 5587.1), loss (CCE): 20763.2305, validation accuracy: 0.6169
epoch: 248, time: 7.12 secs (speed 6025.0), loss (CCE): 20710.5273, validation accuracy: 0.6052
epoch: 249, time: 7.20 secs (speed 5950.1), loss (CCE): 20883.4023, validation accuracy: 0.6157
epoch: 250, time: 7.62 secs (speed 5654.7), loss (CCE): 20679.6289, validation accuracy: 0.6166
epoch: 251, time: 7.62 secs (speed 5601.1), loss (CCE): 20470.7344, validation accuracy: 0.6146
epoch: 252, time: 7.20 secs (speed 5951.5), loss (CCE): 20711.4453, validation accuracy: 0.6156
epoch: 253, time: 7.18 secs (speed 5966.4), loss (CCE): 20582.7207, validation accuracy: 0.6204
epoch: 254, time: 7.13 secs (speed 5997.4), loss (CCE): 20715.7852, validation accuracy: 0.6144
epoch: 255, time: 7.45 secs (speed 5961.8), loss (CCE): 20699.5645, validation accuracy: 0.6142
epoch: 256, time: 7.80 secs (speed 5416.9), loss (CCE): 20700.1523, validation accuracy: 0.6062
epoch: 257, time: 8.05 secs (speed 5286.2), loss (CCE): 20607.4023, validation accuracy: 0.6095
epoch: 258, time: 8.23 secs (speed 5337.0), loss (CCE): 20636.2832, validation accuracy: 0.6152
epoch: 259, time: 7.95 secs (speed 5359.2), loss (CCE): 20489.1270, validation accuracy: 0.6118
epoch: 260, time: 8.02 secs (speed 5300.9), loss (CCE): 20680.4746, validation accuracy: 0.6110
epoch: 261, time: 8.38 secs (speed 5270.9), loss (CCE): 20695.9277, validation accuracy: 0.6053
epoch: 262, time: 7.86 secs (speed 5420.4), loss (CCE): 20566.5527, validation accuracy: 0.6113
epoch: 263, time: 8.00 secs (speed 5307.4), loss (CCE): 20672.0176, validation accuracy: 0.6214
epoch: 264, time: 8.30 secs (speed 5243.2), loss (CCE): 20570.2246, validation accuracy: 0.5986
epoch: 265, time: 8.04 secs (speed 5287.1), loss (CCE): 20360.1152, validation accuracy: 0.6166
epoch: 266, time: 7.96 secs (speed 5340.9), loss (CCE): 20518.8574, validation accuracy: 0.6173
epoch: 267, time: 8.27 secs (speed 5166.3), loss (CCE): 20277.4590, validation accuracy: 0.6119
epoch: 268, time: 7.72 secs (speed 5537.0), loss (CCE): 20461.0059, validation accuracy: 0.6141
epoch: 269, time: 7.85 secs (speed 5443.4), loss (CCE): 20397.4531, validation accuracy: 0.6081
epoch: 270, time: 7.22 secs (speed 6113.0), loss (CCE): 20529.1191, validation accuracy: 0.6077
epoch: 271, time: 7.91 secs (speed 5394.2), loss (CCE): 20330.5957, validation accuracy: 0.6102
epoch: 272, time: 7.49 secs (speed 5651.6), loss (CCE): 20409.1191, validation accuracy: 0.6193
epoch: 273, time: 7.13 secs (speed 5989.7), loss (CCE): 20399.5703, validation accuracy: 0.6057
epoch: 274, time: 7.10 secs (speed 6016.3), loss (CCE): 20378.1152, validation accuracy: 0.6116
epoch: 275, time: 7.38 secs (speed 6006.3), loss (CCE): 20558.0176, validation accuracy: 0.6174
epoch: 276, time: 7.09 secs (speed 6027.6), loss (CCE): 20259.9766, validation accuracy: 0.6117
epoch: 277, time: 7.12 secs (speed 6002.7), loss (CCE): 20585.8145, validation accuracy: 0.6030
epoch: 278, time: 7.26 secs (speed 5849.7), loss (CCE): 20584.1035, validation accuracy: 0.6033
epoch: 279, time: 7.63 secs (speed 5800.5), loss (CCE): 20415.6484, validation accuracy: 0.6159
epoch: 280, time: 7.31 secs (speed 5831.2), loss (CCE): 20488.8145, validation accuracy: 0.6087
epoch: 281, time: 7.58 secs (speed 5651.5), loss (CCE): 20533.2617, validation accuracy: 0.6170
epoch: 282, time: 7.45 secs (speed 5679.9), loss (CCE): 20310.9414, validation accuracy: 0.6094
epoch: 283, time: 7.21 secs (speed 5924.9), loss (CCE): 20366.2148, validation accuracy: 0.6072
epoch: 284, time: 7.32 secs (speed 6054.2), loss (CCE): 20174.4336, validation accuracy: 0.6155
epoch: 285, time: 8.04 secs (speed 5281.7), loss (CCE): 20565.0039, validation accuracy: 0.6105
epoch: 286, time: 7.37 secs (speed 5741.8), loss (CCE): 20431.1230, validation accuracy: 0.6046
epoch: 287, time: 7.35 secs (speed 5918.9), loss (CCE): 20401.3730, validation accuracy: 0.6082
epoch: 288, time: 7.97 secs (speed 5329.5), loss (CCE): 20218.2129, validation accuracy: 0.6185
epoch: 289, time: 7.33 secs (speed 5795.4), loss (CCE): 20372.1055, validation accuracy: 0.6074
epoch: 290, time: 7.04 secs (speed 6085.1), loss (CCE): 20511.9980, validation accuracy: 0.6162
epoch: 291, time: 7.91 secs (speed 5513.2), loss (CCE): 20420.3184, validation accuracy: 0.6146
epoch: 292, time: 7.93 secs (speed 5360.2), loss (CCE): 20278.5898, validation accuracy: 0.6063
epoch: 293, time: 7.81 secs (speed 5462.9), loss (CCE): 20195.6406, validation accuracy: 0.6064
epoch: 294, time: 7.10 secs (speed 6048.0), loss (CCE): 20272.3477, validation accuracy: 0.6062
epoch: 295, time: 7.48 secs (speed 5963.0), loss (CCE): 20193.3711, validation accuracy: 0.6121
epoch: 296, time: 7.09 secs (speed 6029.9), loss (CCE): 20161.8594, validation accuracy: 0.6116
epoch: 297, time: 7.11 secs (speed 6013.3), loss (CCE): 20173.1230, validation accuracy: 0.6120
epoch: 298, time: 7.08 secs (speed 6038.9), loss (CCE): 20290.8320, validation accuracy: 0.6119
epoch: 299, time: 7.24 secs (speed 5921.7), loss (CCE): 20302.9277, validation accuracy: 0.6190
epoch: 300, time: 7.43 secs (speed 5968.8), loss (CCE): 20248.9512, validation accuracy: 0.6188
epoch: 301, time: 7.20 secs (speed 5931.9), loss (CCE): 20225.0078, validation accuracy: 0.6117
epoch: 302, time: 7.79 secs (speed 5462.5), loss (CCE): 20250.1582, validation accuracy: 0.6134
epoch: 303, time: 7.80 secs (speed 5462.0), loss (CCE): 20286.0098, validation accuracy: 0.6071
epoch: 304, time: 8.08 secs (speed 5272.0), loss (CCE): 20203.2949, validation accuracy: 0.6052
epoch: 305, time: 7.25 secs (speed 5904.2), loss (CCE): 20215.9883, validation accuracy: 0.6003
epoch: 306, time: 7.06 secs (speed 6081.9), loss (CCE): 20240.7070, validation accuracy: 0.6096
epoch: 307, time: 7.58 secs (speed 5627.1), loss (CCE): 20227.4629, validation accuracy: 0.6120
epoch: 308, time: 8.17 secs (speed 5227.0), loss (CCE): 20034.1680, validation accuracy: 0.6076
epoch: 309, time: 8.01 secs (speed 5271.2), loss (CCE): 20128.0957, validation accuracy: 0.6082
epoch: 310, time: 7.17 secs (speed 5956.3), loss (CCE): 19982.4180, validation accuracy: 0.6001
epoch: 311, time: 7.12 secs (speed 5994.0), loss (CCE): 20205.3066, validation accuracy: 0.6048
epoch: 312, time: 8.10 secs (speed 5227.0), loss (CCE): 20134.8340, validation accuracy: 0.6131
epoch: 313, time: 7.91 secs (speed 5400.9), loss (CCE): 20325.9316, validation accuracy: 0.6077
epoch: 314, time: 7.77 secs (speed 5467.4), loss (CCE): 20103.8848, validation accuracy: 0.6079
epoch: 315, time: 7.49 secs (speed 5924.9), loss (CCE): 20077.0938, validation accuracy: 0.6078
epoch: 316, time: 7.86 secs (speed 5415.3), loss (CCE): 20137.6152, validation accuracy: 0.6072
epoch: 317, time: 7.93 secs (speed 5372.7), loss (CCE): 20211.8574, validation accuracy: 0.6093
epoch: 318, time: 7.24 secs (speed 5981.5), loss (CCE): 20006.4258, validation accuracy: 0.6122
epoch: 319, time: 7.31 secs (speed 5958.3), loss (CCE): 20315.5879, validation accuracy: 0.6046
epoch: 320, time: 7.29 secs (speed 5916.9), loss (CCE): 20223.5117, validation accuracy: 0.6137
epoch: 321, time: 8.01 secs (speed 5311.4), loss (CCE): 20166.8945, validation accuracy: 0.6136
epoch: 322, time: 8.36 secs (speed 5188.8), loss (CCE): 20096.7246, validation accuracy: 0.6039
epoch: 323, time: 7.95 secs (speed 5347.0), loss (CCE): 20146.2578, validation accuracy: 0.6123
epoch: 324, time: 7.89 secs (speed 5383.5), loss (CCE): 20225.4746, validation accuracy: 0.6151
epoch: 325, time: 8.25 secs (speed 5238.7), loss (CCE): 19973.7363, validation accuracy: 0.6098
epoch: 326, time: 7.89 secs (speed 5381.6), loss (CCE): 20295.1855, validation accuracy: 0.5909
epoch: 327, time: 7.39 secs (speed 5744.9), loss (CCE): 20029.8770, validation accuracy: 0.6068
epoch: 328, time: 7.18 secs (speed 5933.6), loss (CCE): 20180.4805, validation accuracy: 0.5998
epoch: 329, time: 8.39 secs (speed 5011.5), loss (CCE): 20009.2266, validation accuracy: 0.6041
epoch: 330, time: 7.98 secs (speed 5318.9), loss (CCE): 20058.0020, validation accuracy: 0.6102
epoch: 331, time: 7.43 secs (speed 5663.2), loss (CCE): 20125.6406, validation accuracy: 0.6088
epoch: 332, time: 7.81 secs (speed 5467.7), loss (CCE): 19983.7402, validation accuracy: 0.6082
epoch: 333, time: 7.90 secs (speed 5398.8), loss (CCE): 19887.3633, validation accuracy: 0.6010
epoch: 334, time: 7.65 secs (speed 5502.8), loss (CCE): 20190.6719, validation accuracy: 0.6104
epoch: 335, time: 7.86 secs (speed 5636.6), loss (CCE): 19933.9609, validation accuracy: 0.6045
epoch: 336, time: 7.15 secs (speed 5972.2), loss (CCE): 20089.2109, validation accuracy: 0.6023
epoch: 337, time: 7.17 secs (speed 5953.4), loss (CCE): 19927.8965, validation accuracy: 0.6016
epoch: 338, time: 7.14 secs (speed 5973.4), loss (CCE): 20107.0430, validation accuracy: 0.6053
epoch: 339, time: 7.92 secs (speed 5426.0), loss (CCE): 20026.9570, validation accuracy: 0.6065
epoch: 340, time: 7.63 secs (speed 5597.2), loss (CCE): 20066.8418, validation accuracy: 0.6004
epoch: 341, time: 7.44 secs (speed 5779.8), loss (CCE): 19976.0430, validation accuracy: 0.6050
epoch: 342, time: 7.92 secs (speed 5388.0), loss (CCE): 19951.6777, validation accuracy: 0.6038
epoch: 343, time: 8.20 secs (speed 5239.2), loss (CCE): 20086.9785, validation accuracy: 0.6053
epoch: 344, time: 7.21 secs (speed 5893.6), loss (CCE): 20035.9414, validation accuracy: 0.6028
epoch: 345, time: 7.16 secs (speed 5956.1), loss (CCE): 20002.8652, validation accuracy: 0.6056
epoch: 346, time: 7.05 secs (speed 6069.0), loss (CCE): 20053.3789, validation accuracy: 0.6063
epoch: 347, time: 8.07 secs (speed 5474.6), loss (CCE): 19972.7051, validation accuracy: 0.6098
epoch: 348, time: 7.63 secs (speed 5586.9), loss (CCE): 19907.5957, validation accuracy: 0.6003
epoch: 349, time: 7.12 secs (speed 6041.2), loss (CCE): 20085.0273, validation accuracy: 0.5955
epoch: 350, time: 7.64 secs (speed 5576.1), loss (CCE): 19990.8203, validation accuracy: 0.6008
epoch: 351, time: 7.65 secs (speed 5796.9), loss (CCE): 19744.0566, validation accuracy: 0.6059
epoch: 352, time: 7.22 secs (speed 5907.9), loss (CCE): 20224.8223, validation accuracy: 0.6104
epoch: 353, time: 7.50 secs (speed 5602.8), loss (CCE): 19824.1152, validation accuracy: 0.5947
epoch: 354, time: 7.21 secs (speed 5933.5), loss (CCE): 19898.0605, validation accuracy: 0.6096
epoch: 355, time: 7.17 secs (speed 5945.1), loss (CCE): 19903.7305, validation accuracy: 0.6086
epoch: 356, time: 7.76 secs (speed 5486.8), loss (CCE): 19998.3809, validation accuracy: 0.6102
epoch: 357, time: 7.94 secs (speed 5361.2), loss (CCE): 20050.1094, validation accuracy: 0.6004
epoch: 358, time: 7.98 secs (speed 5344.9), loss (CCE): 19863.9062, validation accuracy: 0.6063
epoch: 359, time: 8.15 secs (speed 5203.2), loss (CCE): 20129.0195, validation accuracy: 0.6100
epoch: 360, time: 7.90 secs (speed 5396.1), loss (CCE): 19870.0684, validation accuracy: 0.6042
epoch: 361, time: 7.94 secs (speed 5371.3), loss (CCE): 19914.9297, validation accuracy: 0.6036
epoch: 362, time: 7.73 secs (speed 5630.7), loss (CCE): 19890.4453, validation accuracy: 0.6080
epoch: 363, time: 7.17 secs (speed 5969.8), loss (CCE): 19965.9434, validation accuracy: 0.6109
epoch: 364, time: 7.87 secs (speed 5429.5), loss (CCE): 19991.5742, validation accuracy: 0.6123
epoch: 365, time: 8.28 secs (speed 5346.7), loss (CCE): 19900.0547, validation accuracy: 0.6000
epoch: 366, time: 7.92 secs (speed 5379.7), loss (CCE): 19811.7324, validation accuracy: 0.6071
epoch: 367, time: 8.02 secs (speed 5310.9), loss (CCE): 20025.3984, validation accuracy: 0.6003
epoch: 368, time: 8.27 secs (speed 5325.1), loss (CCE): 20039.4453, validation accuracy: 0.6051
epoch: 369, time: 8.02 secs (speed 5303.7), loss (CCE): 19862.0859, validation accuracy: 0.6050
epoch: 370, time: 8.00 secs (speed 5314.4), loss (CCE): 19772.8516, validation accuracy: 0.6055
epoch: 371, time: 8.37 secs (speed 5281.1), loss (CCE): 20033.0586, validation accuracy: 0.6030
epoch: 372, time: 7.81 secs (speed 5444.2), loss (CCE): 19831.9473, validation accuracy: 0.6021
epoch: 373, time: 7.14 secs (speed 6019.9), loss (CCE): 19738.0156, validation accuracy: 0.6145
epoch: 374, time: 7.11 secs (speed 6018.0), loss (CCE): 19857.1445, validation accuracy: 0.6078
epoch: 375, time: 8.22 secs (speed 5222.0), loss (CCE): 19953.4844, validation accuracy: 0.6096
epoch: 376, time: 7.86 secs (speed 5389.6), loss (CCE): 20033.5547, validation accuracy: 0.6028
epoch: 377, time: 7.18 secs (speed 5957.0), loss (CCE): 20101.2168, validation accuracy: 0.6035
epoch: 378, time: 7.09 secs (speed 6030.6), loss (CCE): 19979.2832, validation accuracy: 0.6006
epoch: 379, time: 7.59 secs (speed 5635.9), loss (CCE): 20086.2656, validation accuracy: 0.6086
epoch: 380, time: 7.14 secs (speed 6004.0), loss (CCE): 19768.1660, validation accuracy: 0.6045
epoch: 381, time: 7.20 secs (speed 5949.6), loss (CCE): 19835.8398, validation accuracy: 0.6097
epoch: 382, time: 7.19 secs (speed 5937.4), loss (CCE): 19952.7422, validation accuracy: 0.6041
epoch: 383, time: 8.02 secs (speed 5543.7), loss (CCE): 19798.4688, validation accuracy: 0.6017
epoch: 384, time: 7.12 secs (speed 5998.7), loss (CCE): 19618.8477, validation accuracy: 0.6083
epoch: 385, time: 7.43 secs (speed 5800.5), loss (CCE): 19735.3691, validation accuracy: 0.5975
epoch: 386, time: 7.96 secs (speed 5341.7), loss (CCE): 19958.4160, validation accuracy: 0.6050
epoch: 387, time: 8.21 secs (speed 5185.4), loss (CCE): 19785.1504, validation accuracy: 0.6019
epoch: 388, time: 7.07 secs (speed 6063.5), loss (CCE): 19713.8320, validation accuracy: 0.5963
epoch: 389, time: 7.19 secs (speed 5923.2), loss (CCE): 19775.1133, validation accuracy: 0.6039
epoch: 390, time: 7.71 secs (speed 5549.4), loss (CCE): 19825.4492, validation accuracy: 0.6004
epoch: 391, time: 8.22 secs (speed 5148.1), loss (CCE): 19763.5469, validation accuracy: 0.6117
epoch: 392, time: 7.84 secs (speed 5410.2), loss (CCE): 20063.2754, validation accuracy: 0.6098
epoch: 393, time: 7.13 secs (speed 6017.7), loss (CCE): 19732.9375, validation accuracy: 0.6100
epoch: 394, time: 8.04 secs (speed 5504.9), loss (CCE): 19885.0352, validation accuracy: 0.5972
epoch: 395, time: 7.92 secs (speed 5379.3), loss (CCE): 19870.9746, validation accuracy: 0.6143
epoch: 396, time: 7.88 secs (speed 5411.6), loss (CCE): 19610.4824, validation accuracy: 0.6054
epoch: 397, time: 8.29 secs (speed 5306.8), loss (CCE): 19718.5254, validation accuracy: 0.6026
epoch: 398, time: 7.86 secs (speed 5413.7), loss (CCE): 19756.5742, validation accuracy: 0.6104
epoch: 399, time: 7.89 secs (speed 5408.3), loss (CCE): 19922.4336, validation accuracy: 0.6103
epoch: 400, time: 8.11 secs (speed 5401.7), loss (CCE): 19741.5547, validation accuracy: 0.5998
epoch: 401, time: 7.91 secs (speed 5391.8), loss (CCE): 19565.3340, validation accuracy: 0.6064
epoch: 402, time: 7.13 secs (speed 5997.7), loss (CCE): 19868.8086, validation accuracy: 0.6059
epoch: 403, time: 7.15 secs (speed 5974.9), loss (CCE): 19666.4160, validation accuracy: 0.6041
epoch: 404, time: 7.06 secs (speed 6066.2), loss (CCE): 19856.1523, validation accuracy: 0.6067
epoch: 405, time: 7.31 secs (speed 6062.2), loss (CCE): 19802.1953, validation accuracy: 0.6012
epoch: 406, time: 7.11 secs (speed 6003.3), loss (CCE): 19752.7227, validation accuracy: 0.6058
epoch: 407, time: 7.11 secs (speed 6022.6), loss (CCE): 20046.3887, validation accuracy: 0.6056
epoch: 408, time: 7.11 secs (speed 6004.7), loss (CCE): 19954.6992, validation accuracy: 0.6010
epoch: 409, time: 7.15 secs (speed 5997.0), loss (CCE): 19763.1953, validation accuracy: 0.6059
epoch: 410, time: 7.46 secs (speed 5989.4), loss (CCE): 19692.0957, validation accuracy: 0.6068
epoch: 411, time: 8.05 secs (speed 5283.9), loss (CCE): 19648.6426, validation accuracy: 0.6081
epoch: 412, time: 7.95 secs (speed 5336.4), loss (CCE): 19719.8203, validation accuracy: 0.6031
epoch: 413, time: 8.31 secs (speed 5178.0), loss (CCE): 19814.2363, validation accuracy: 0.6009
epoch: 414, time: 7.97 secs (speed 5315.9), loss (CCE): 19809.3047, validation accuracy: 0.6052
epoch: 415, time: 7.44 secs (speed 5696.6), loss (CCE): 19811.9434, validation accuracy: 0.6141
epoch: 416, time: 7.60 secs (speed 5826.6), loss (CCE): 19972.7949, validation accuracy: 0.6092
epoch: 417, time: 7.86 secs (speed 5423.6), loss (CCE): 19846.5352, validation accuracy: 0.6038
epoch: 418, time: 7.50 secs (speed 5611.6), loss (CCE): 19600.6484, validation accuracy: 0.6004
epoch: 419, time: 7.18 secs (speed 5932.8), loss (CCE): 19557.8984, validation accuracy: 0.6103
epoch: 420, time: 7.18 secs (speed 6024.2), loss (CCE): 19933.9785, validation accuracy: 0.6033
epoch: 421, time: 7.47 secs (speed 5788.5), loss (CCE): 19800.5410, validation accuracy: 0.6076
epoch: 422, time: 7.17 secs (speed 5925.0), loss (CCE): 19759.4766, validation accuracy: 0.6124
epoch: 423, time: 7.17 secs (speed 6019.3), loss (CCE): 19566.2539, validation accuracy: 0.5999
epoch: 424, time: 7.84 secs (speed 5426.8), loss (CCE): 19836.9766, validation accuracy: 0.6045
epoch: 425, time: 8.09 secs (speed 5244.0), loss (CCE): 19736.0547, validation accuracy: 0.6111
epoch: 426, time: 7.85 secs (speed 5436.2), loss (CCE): 19797.3340, validation accuracy: 0.6032
epoch: 427, time: 7.92 secs (speed 5388.6), loss (CCE): 19740.6211, validation accuracy: 0.6071
epoch: 428, time: 8.09 secs (speed 5248.0), loss (CCE): 19730.0703, validation accuracy: 0.6091
epoch: 429, time: 8.00 secs (speed 5335.5), loss (CCE): 19881.8711, validation accuracy: 0.6045
epoch: 430, time: 7.55 secs (speed 5580.8), loss (CCE): 19667.4863, validation accuracy: 0.6023
epoch: 431, time: 7.83 secs (speed 5546.1), loss (CCE): 19931.4492, validation accuracy: 0.6053
epoch: 432, time: 7.97 secs (speed 5330.4), loss (CCE): 19548.2539, validation accuracy: 0.6029
epoch: 433, time: 8.07 secs (speed 5288.5), loss (CCE): 19693.2949, validation accuracy: 0.5984
epoch: 434, time: 8.26 secs (speed 5160.1), loss (CCE): 19591.0977, validation accuracy: 0.6062
epoch: 435, time: 7.99 secs (speed 5321.2), loss (CCE): 19815.3711, validation accuracy: 0.6031
epoch: 436, time: 7.92 secs (speed 5384.7), loss (CCE): 19999.9062, validation accuracy: 0.6045
epoch: 437, time: 8.30 secs (speed 5092.4), loss (CCE): 19788.0332, validation accuracy: 0.5977
epoch: 438, time: 7.85 secs (speed 5377.4), loss (CCE): 19624.8379, validation accuracy: 0.5954
epoch: 439, time: 7.20 secs (speed 5934.7), loss (CCE): 19671.0137, validation accuracy: 0.6026
epoch: 440, time: 8.16 secs (speed 5387.2), loss (CCE): 19737.8945, validation accuracy: 0.6161
epoch: 441, time: 7.87 secs (speed 5422.1), loss (CCE): 19836.6445, validation accuracy: 0.6049
epoch: 442, time: 7.96 secs (speed 5357.1), loss (CCE): 19439.2871, validation accuracy: 0.6074
epoch: 443, time: 7.12 secs (speed 6009.6), loss (CCE): 19762.0059, validation accuracy: 0.6059
epoch: 444, time: 7.49 secs (speed 5943.5), loss (CCE): 19753.2891, validation accuracy: 0.5998
epoch: 445, time: 7.16 secs (speed 5978.1), loss (CCE): 19666.9863, validation accuracy: 0.6063
epoch: 446, time: 7.18 secs (speed 5936.0), loss (CCE): 19693.5898, validation accuracy: 0.6026
epoch: 447, time: 7.14 secs (speed 5979.7), loss (CCE): 19784.4570, validation accuracy: 0.6057
epoch: 448, time: 7.16 secs (speed 5957.1), loss (CCE): 19638.8398, validation accuracy: 0.5981
epoch: 449, time: 7.35 secs (speed 5991.0), loss (CCE): 19704.0703, validation accuracy: 0.6040
epoch: 450, time: 7.17 secs (speed 5932.1), loss (CCE): 19431.6172, validation accuracy: 0.6076
epoch: 451, time: 7.20 secs (speed 5947.5), loss (CCE): 19764.4570, validation accuracy: 0.6044
epoch: 452, time: 7.15 secs (speed 5962.5), loss (CCE): 19794.4297, validation accuracy: 0.6056
epoch: 453, time: 7.18 secs (speed 5984.0), loss (CCE): 19750.0352, validation accuracy: 0.5985
epoch: 454, time: 7.41 secs (speed 5906.0), loss (CCE): 19629.1621, validation accuracy: 0.6028
epoch: 455, time: 7.42 secs (speed 5680.9), loss (CCE): 19624.8809, validation accuracy: 0.6012
epoch: 456, time: 7.31 secs (speed 5888.0), loss (CCE): 19453.2305, validation accuracy: 0.5946
epoch: 457, time: 8.08 secs (speed 5347.8), loss (CCE): 19447.3965, validation accuracy: 0.5923
epoch: 458, time: 7.96 secs (speed 5338.6), loss (CCE): 19724.5547, validation accuracy: 0.6053
epoch: 459, time: 7.63 secs (speed 5614.7), loss (CCE): 19682.6328, validation accuracy: 0.5973
epoch: 460, time: 7.16 secs (speed 5982.8), loss (CCE): 19780.6211, validation accuracy: 0.6065
epoch: 461, time: 7.67 secs (speed 5813.6), loss (CCE): 19476.0371, validation accuracy: 0.6020
epoch: 462, time: 7.82 secs (speed 5422.2), loss (CCE): 19706.8477, validation accuracy: 0.6033
epoch: 463, time: 7.39 secs (speed 5829.4), loss (CCE): 19640.1016, validation accuracy: 0.6056
epoch: 464, time: 7.95 secs (speed 5353.1), loss (CCE): 19580.0371, validation accuracy: 0.5993
epoch: 465, time: 8.37 secs (speed 5033.1), loss (CCE): 19459.6191, validation accuracy: 0.6034
epoch: 466, time: 7.97 secs (speed 5330.3), loss (CCE): 19520.1406, validation accuracy: 0.6010
epoch: 467, time: 8.11 secs (speed 5337.9), loss (CCE): 19598.7207, validation accuracy: 0.6048
epoch: 468, time: 7.97 secs (speed 5364.4), loss (CCE): 19688.9883, validation accuracy: 0.6019
epoch: 469, time: 7.10 secs (speed 6025.3), loss (CCE): 19611.7520, validation accuracy: 0.6089
epoch: 470, time: 7.15 secs (speed 6037.2), loss (CCE): 19730.0801, validation accuracy: 0.6032
epoch: 471, time: 8.09 secs (speed 5442.7), loss (CCE): 19752.1797, validation accuracy: 0.5993
epoch: 472, time: 7.90 secs (speed 5367.5), loss (CCE): 19657.6484, validation accuracy: 0.5972
epoch: 473, time: 7.55 secs (speed 5584.2), loss (CCE): 19470.4004, validation accuracy: 0.5983
epoch: 474, time: 7.14 secs (speed 5978.2), loss (CCE): 19443.3086, validation accuracy: 0.6006
epoch: 475, time: 7.45 secs (speed 5959.8), loss (CCE): 19764.9727, validation accuracy: 0.6040
epoch: 476, time: 7.87 secs (speed 5410.8), loss (CCE): 19477.7773, validation accuracy: 0.6019
epoch: 477, time: 7.90 secs (speed 5413.7), loss (CCE): 19618.4277, validation accuracy: 0.6019
epoch: 478, time: 8.12 secs (speed 5435.0), loss (CCE): 19705.5664, validation accuracy: 0.6026
epoch: 479, time: 7.96 secs (speed 5340.7), loss (CCE): 19471.0781, validation accuracy: 0.6036
epoch: 480, time: 7.49 secs (speed 5645.1), loss (CCE): 19620.1660, validation accuracy: 0.6024
epoch: 481, time: 7.16 secs (speed 6015.6), loss (CCE): 19505.8574, validation accuracy: 0.6007
epoch: 482, time: 8.30 secs (speed 5210.3), loss (CCE): 19438.7031, validation accuracy: 0.6056
epoch: 483, time: 7.19 secs (speed 5934.2), loss (CCE): 19671.3926, validation accuracy: 0.6019
epoch: 484, time: 7.17 secs (speed 5970.7), loss (CCE): 19597.8926, validation accuracy: 0.5993
epoch: 485, time: 7.29 secs (speed 5840.6), loss (CCE): 19315.4434, validation accuracy: 0.6068
epoch: 486, time: 7.64 secs (speed 5718.1), loss (CCE): 19606.2656, validation accuracy: 0.6053
epoch: 487, time: 7.16 secs (speed 5951.8), loss (CCE): 19592.4863, validation accuracy: 0.6088
epoch: 488, time: 7.14 secs (speed 5973.4), loss (CCE): 19447.1289, validation accuracy: 0.6055
epoch: 489, time: 7.12 secs (speed 6000.0), loss (CCE): 19623.5332, validation accuracy: 0.5979
epoch: 490, time: 7.06 secs (speed 6066.1), loss (CCE): 19590.4941, validation accuracy: 0.6076
epoch: 491, time: 7.58 secs (speed 5903.7), loss (CCE): 19641.6191, validation accuracy: 0.6080
epoch: 492, time: 7.75 secs (speed 5479.5), loss (CCE): 19430.3750, validation accuracy: 0.6131
epoch: 493, time: 7.19 secs (speed 5940.8), loss (CCE): 19516.3223, validation accuracy: 0.6020
epoch: 494, time: 7.58 secs (speed 5650.7), loss (CCE): 19544.2598, validation accuracy: 0.5971
epoch: 495, time: 8.33 secs (speed 5131.2), loss (CCE): 19759.8945, validation accuracy: 0.6067
epoch: 496, time: 7.88 secs (speed 5398.7), loss (CCE): 19680.2480, validation accuracy: 0.5937
epoch: 497, time: 8.00 secs (speed 5328.9), loss (CCE): 19549.8848, validation accuracy: 0.6010
epoch: 498, time: 7.55 secs (speed 5824.3), loss (CCE): 19392.1250, validation accuracy: 0.6037
epoch: 499, time: 7.92 secs (speed 5365.2), loss (CCE): 19423.6230, validation accuracy: 0.5969
epoch: 500, time: 7.90 secs (speed 5384.2), loss (CCE): 19629.7363, validation accuracy: 0.6004
epoch: 501, time: 7.51 secs (speed 5868.7), loss (CCE): 19489.0645, validation accuracy: 0.6054
epoch: 502, time: 7.18 secs (speed 5966.8), loss (CCE): 19463.7832, validation accuracy: 0.6064
epoch: 503, time: 7.12 secs (speed 6010.6), loss (CCE): 19453.6094, validation accuracy: 0.6014
epoch: 504, time: 7.10 secs (speed 6017.9), loss (CCE): 19460.1543, validation accuracy: 0.6083
epoch: 505, time: 7.11 secs (speed 6027.3), loss (CCE): 19404.5098, validation accuracy: 0.6003
epoch: 506, time: 7.23 secs (speed 5984.4), loss (CCE): 19404.2695, validation accuracy: 0.5996
epoch: 507, time: 7.33 secs (speed 5971.5), loss (CCE): 19643.5410, validation accuracy: 0.5941
epoch: 508, time: 7.09 secs (speed 6025.3), loss (CCE): 19417.0957, validation accuracy: 0.6025
epoch: 509, time: 7.16 secs (speed 5974.4), loss (CCE): 19535.6699, validation accuracy: 0.6086
epoch: 510, time: 7.11 secs (speed 6021.6), loss (CCE): 19435.1660, validation accuracy: 0.6090
epoch: 511, time: 7.09 secs (speed 6033.9), loss (CCE): 19490.9941, validation accuracy: 0.6034
epoch: 512, time: 7.33 secs (speed 6025.6), loss (CCE): 19433.8145, validation accuracy: 0.6025
epoch: 513, time: 7.12 secs (speed 5999.3), loss (CCE): 19882.8027, validation accuracy: 0.6011
epoch: 514, time: 7.30 secs (speed 5907.2), loss (CCE): 19566.4082, validation accuracy: 0.5994
epoch: 515, time: 7.80 secs (speed 5460.2), loss (CCE): 19704.7383, validation accuracy: 0.6038
epoch: 516, time: 8.31 secs (speed 5072.4), loss (CCE): 19589.5176, validation accuracy: 0.5980
epoch: 517, time: 7.53 secs (speed 5685.1), loss (CCE): 19477.6465, validation accuracy: 0.6009
epoch: 518, time: 7.13 secs (speed 6018.4), loss (CCE): 19389.6211, validation accuracy: 0.6002
epoch: 519, time: 8.00 secs (speed 5492.3), loss (CCE): 19464.6016, validation accuracy: 0.6014
epoch: 520, time: 7.84 secs (speed 5429.1), loss (CCE): 19423.0234, validation accuracy: 0.6092
epoch: 521, time: 7.89 secs (speed 5414.1), loss (CCE): 19463.6367, validation accuracy: 0.6084
epoch: 522, time: 7.88 secs (speed 5452.6), loss (CCE): 19752.2812, validation accuracy: 0.5981
epoch: 523, time: 8.08 secs (speed 5269.9), loss (CCE): 19604.9023, validation accuracy: 0.5965
epoch: 524, time: 7.87 secs (speed 5395.7), loss (CCE): 19570.9277, validation accuracy: 0.6043
epoch: 525, time: 7.92 secs (speed 5386.5), loss (CCE): 19642.5645, validation accuracy: 0.6016
epoch: 526, time: 7.45 secs (speed 5848.6), loss (CCE): 19494.7363, validation accuracy: 0.6058
epoch: 527, time: 7.10 secs (speed 6021.3), loss (CCE): 19552.6953, validation accuracy: 0.6030
epoch: 528, time: 7.46 secs (speed 5764.0), loss (CCE): 19327.4160, validation accuracy: 0.5967
epoch: 529, time: 7.91 secs (speed 5391.0), loss (CCE): 19410.5723, validation accuracy: 0.5997
epoch: 530, time: 8.10 secs (speed 5225.0), loss (CCE): 19319.5176, validation accuracy: 0.6036
epoch: 531, time: 7.75 secs (speed 5494.1), loss (CCE): 19542.4395, validation accuracy: 0.5998
epoch: 532, time: 7.18 secs (speed 6000.6), loss (CCE): 19557.5977, validation accuracy: 0.6059
epoch: 533, time: 8.39 secs (speed 5207.1), loss (CCE): 19739.3809, validation accuracy: 0.6140
epoch: 534, time: 7.98 secs (speed 5325.7), loss (CCE): 19671.1777, validation accuracy: 0.6058
epoch: 535, time: 8.07 secs (speed 5285.8), loss (CCE): 19518.3965, validation accuracy: 0.5928
epoch: 536, time: 8.17 secs (speed 5171.6), loss (CCE): 19404.0000, validation accuracy: 0.6047
epoch: 537, time: 7.15 secs (speed 5978.1), loss (CCE): 19337.6094, validation accuracy: 0.6049
epoch: 538, time: 7.85 secs (speed 5433.3), loss (CCE): 19562.9473, validation accuracy: 0.6028
epoch: 539, time: 8.20 secs (speed 5366.6), loss (CCE): 19401.8887, validation accuracy: 0.6028
epoch: 540, time: 7.88 secs (speed 5388.7), loss (CCE): 19499.8789, validation accuracy: 0.5975
epoch: 541, time: 7.91 secs (speed 5389.8), loss (CCE): 19460.1855, validation accuracy: 0.6056
epoch: 542, time: 7.24 secs (speed 5953.9), loss (CCE): 19228.1836, validation accuracy: 0.6018
epoch: 543, time: 8.18 secs (speed 5167.4), loss (CCE): 19293.8984, validation accuracy: 0.6011
epoch: 544, time: 7.36 secs (speed 5755.1), loss (CCE): 19455.4941, validation accuracy: 0.6006
epoch: 545, time: 7.12 secs (speed 6002.0), loss (CCE): 19614.7129, validation accuracy: 0.5971
epoch: 546, time: 7.10 secs (speed 6018.6), loss (CCE): 19580.4082, validation accuracy: 0.6005
epoch: 547, time: 7.52 secs (speed 5911.3), loss (CCE): 19417.6504, validation accuracy: 0.6061
epoch: 548, time: 7.49 secs (speed 5717.5), loss (CCE): 19479.3555, validation accuracy: 0.5996
epoch: 549, time: 7.87 secs (speed 5439.5), loss (CCE): 19393.5020, validation accuracy: 0.6014
epoch: 550, time: 8.12 secs (speed 5429.5), loss (CCE): 19337.8496, validation accuracy: 0.5963
epoch: 551, time: 7.17 secs (speed 5951.5), loss (CCE): 19404.0684, validation accuracy: 0.6024
epoch: 552, time: 7.89 secs (speed 5393.3), loss (CCE): 19513.3184, validation accuracy: 0.6069
epoch: 553, time: 7.92 secs (speed 5358.6), loss (CCE): 19391.4531, validation accuracy: 0.6008
epoch: 554, time: 7.40 secs (speed 6036.7), loss (CCE): 19476.8359, validation accuracy: 0.5991
epoch: 555, time: 7.63 secs (speed 5614.6), loss (CCE): 19440.2910, validation accuracy: 0.6033
epoch: 556, time: 7.06 secs (speed 6082.4), loss (CCE): 19544.5430, validation accuracy: 0.5993
epoch: 557, time: 7.67 secs (speed 5593.5), loss (CCE): 19361.8047, validation accuracy: 0.6007
epoch: 558, time: 8.09 secs (speed 5319.7), loss (CCE): 19404.4258, validation accuracy: 0.5971
epoch: 559, time: 7.92 secs (speed 5371.2), loss (CCE): 19579.4199, validation accuracy: 0.5982
epoch: 560, time: 7.87 secs (speed 5412.4), loss (CCE): 19211.3652, validation accuracy: 0.6044
epoch: 561, time: 8.20 secs (speed 5171.5), loss (CCE): 19343.7109, validation accuracy: 0.6053
epoch: 562, time: 7.11 secs (speed 6004.6), loss (CCE): 19294.9570, validation accuracy: 0.5931
epoch: 563, time: 7.08 secs (speed 6049.2), loss (CCE): 19447.6895, validation accuracy: 0.5994
epoch: 564, time: 7.33 secs (speed 5880.2), loss (CCE): 19539.7637, validation accuracy: 0.6007
epoch: 565, time: 8.24 secs (speed 5301.5), loss (CCE): 19524.1230, validation accuracy: 0.5911
epoch: 566, time: 7.70 secs (speed 5545.3), loss (CCE): 19317.2070, validation accuracy: 0.6074
epoch: 567, time: 8.01 secs (speed 5329.7), loss (CCE): 19597.3867, validation accuracy: 0.5976
epoch: 568, time: 8.08 secs (speed 5378.3), loss (CCE): 19359.6270, validation accuracy: 0.6057
epoch: 569, time: 7.93 secs (speed 5374.8), loss (CCE): 19341.3516, validation accuracy: 0.6072
epoch: 570, time: 7.84 secs (speed 5409.9), loss (CCE): 19422.3281, validation accuracy: 0.6032
epoch: 571, time: 8.27 secs (speed 5296.2), loss (CCE): 19418.1211, validation accuracy: 0.6023
epoch: 572, time: 7.86 secs (speed 5423.7), loss (CCE): 19572.1875, validation accuracy: 0.6069
epoch: 573, time: 7.92 secs (speed 5374.9), loss (CCE): 19292.9961, validation accuracy: 0.6000
epoch: 574, time: 8.09 secs (speed 5451.2), loss (CCE): 19430.6152, validation accuracy: 0.6049
epoch: 575, time: 7.10 secs (speed 6040.8), loss (CCE): 19329.9863, validation accuracy: 0.6012
epoch: 576, time: 7.08 secs (speed 6041.0), loss (CCE): 19453.4023, validation accuracy: 0.6086
epoch: 577, time: 7.10 secs (speed 6026.6), loss (CCE): 19344.4355, validation accuracy: 0.5985
epoch: 578, time: 7.07 secs (speed 6054.2), loss (CCE): 19444.4297, validation accuracy: 0.6070
epoch: 579, time: 8.05 secs (speed 5389.5), loss (CCE): 19359.4609, validation accuracy: 0.5937
epoch: 580, time: 7.31 secs (speed 5797.4), loss (CCE): 19459.9004, validation accuracy: 0.6006
epoch: 581, time: 7.75 secs (speed 5527.5), loss (CCE): 19289.3281, validation accuracy: 0.6087
epoch: 582, time: 7.42 secs (speed 5715.7), loss (CCE): 19485.5254, validation accuracy: 0.5996
epoch: 583, time: 7.73 secs (speed 5522.6), loss (CCE): 19217.2422, validation accuracy: 0.6029
epoch: 584, time: 7.14 secs (speed 5997.1), loss (CCE): 19331.7656, validation accuracy: 0.6045
epoch: 585, time: 7.12 secs (speed 6019.4), loss (CCE): 19255.2793, validation accuracy: 0.6043
epoch: 586, time: 7.06 secs (speed 6069.8), loss (CCE): 19442.3027, validation accuracy: 0.6018
epoch: 587, time: 7.14 secs (speed 5980.1), loss (CCE): 19354.2051, validation accuracy: 0.5979
epoch: 588, time: 7.38 secs (speed 6035.2), loss (CCE): 19434.8398, validation accuracy: 0.5999
epoch: 589, time: 7.07 secs (speed 6053.8), loss (CCE): 19454.2246, validation accuracy: 0.5992
epoch: 590, time: 7.89 secs (speed 5386.3), loss (CCE): 19432.5781, validation accuracy: 0.5964
epoch: 591, time: 8.10 secs (speed 5369.0), loss (CCE): 19461.7773, validation accuracy: 0.5974
epoch: 592, time: 7.94 secs (speed 5365.6), loss (CCE): 19303.1973, validation accuracy: 0.6024
epoch: 593, time: 7.07 secs (speed 6051.8), loss (CCE): 19263.8027, validation accuracy: 0.5968
epoch: 594, time: 7.11 secs (speed 6016.6), loss (CCE): 19511.0078, validation accuracy: 0.5897
epoch: 595, time: 7.54 secs (speed 5697.7), loss (CCE): 19356.5273, validation accuracy: 0.5968
epoch: 596, time: 7.38 secs (speed 5986.7), loss (CCE): 19454.6289, validation accuracy: 0.5990
epoch: 597, time: 8.04 secs (speed 5287.8), loss (CCE): 19316.1152, validation accuracy: 0.6067
epoch: 598, time: 7.83 secs (speed 5440.0), loss (CCE): 19223.3516, validation accuracy: 0.5962
epoch: 599, time: 7.52 secs (speed 5910.1), loss (CCE): 19390.2109, validation accuracy: 0.6060
epoch: 600, time: 7.22 secs (speed 5883.6), loss (CCE): 19136.8086, validation accuracy: 0.5926
epoch: 601, time: 7.11 secs (speed 6019.6), loss (CCE): 19419.1250, validation accuracy: 0.5958
epoch: 602, time: 7.09 secs (speed 6026.6), loss (CCE): 19214.1777, validation accuracy: 0.6049
epoch: 603, time: 7.44 secs (speed 5791.1), loss (CCE): 19154.2285, validation accuracy: 0.5966
epoch: 604, time: 8.13 secs (speed 5214.0), loss (CCE): 19473.4004, validation accuracy: 0.5982
epoch: 605, time: 7.12 secs (speed 6014.9), loss (CCE): 19685.4277, validation accuracy: 0.5975
epoch: 606, time: 7.12 secs (speed 5985.7), loss (CCE): 19574.4980, validation accuracy: 0.6046
epoch: 607, time: 7.80 secs (speed 5480.6), loss (CCE): 19471.2207, validation accuracy: 0.6052
epoch: 608, time: 8.14 secs (speed 5191.1), loss (CCE): 19429.8691, validation accuracy: 0.6019
epoch: 609, time: 7.76 secs (speed 5503.3), loss (CCE): 19330.0020, validation accuracy: 0.6070
epoch: 610, time: 7.88 secs (speed 5380.7), loss (CCE): 19241.8320, validation accuracy: 0.6062
epoch: 611, time: 8.21 secs (speed 5161.7), loss (CCE): 19317.5605, validation accuracy: 0.6066
epoch: 612, time: 7.96 secs (speed 5337.1), loss (CCE): 19413.2031, validation accuracy: 0.6026
epoch: 613, time: 7.92 secs (speed 5391.3), loss (CCE): 19273.7793, validation accuracy: 0.5970
epoch: 614, time: 8.24 secs (speed 5124.1), loss (CCE): 19407.2949, validation accuracy: 0.5962
epoch: 615, time: 7.99 secs (speed 5331.8), loss (CCE): 19272.9121, validation accuracy: 0.6048
epoch: 616, time: 7.17 secs (speed 5976.2), loss (CCE): 19363.3242, validation accuracy: 0.5864
epoch: 617, time: 7.48 secs (speed 5941.6), loss (CCE): 19401.3418, validation accuracy: 0.6026
epoch: 618, time: 7.86 secs (speed 5430.6), loss (CCE): 19149.5078, validation accuracy: 0.6021
epoch: 619, time: 7.63 secs (speed 5482.7), loss (CCE): 19349.8086, validation accuracy: 0.6013
epoch: 620, time: 7.08 secs (speed 6045.9), loss (CCE): 19362.8652, validation accuracy: 0.5956
epoch: 621, time: 7.33 secs (speed 6031.5), loss (CCE): 19348.5293, validation accuracy: 0.5921
epoch: 622, time: 7.52 secs (speed 5720.2), loss (CCE): 19437.0996, validation accuracy: 0.5991
epoch: 623, time: 7.13 secs (speed 5995.3), loss (CCE): 19528.6074, validation accuracy: 0.6015
epoch: 624, time: 7.07 secs (speed 6048.5), loss (CCE): 19216.5605, validation accuracy: 0.5985
epoch: 625, time: 7.66 secs (speed 5575.7), loss (CCE): 19451.6777, validation accuracy: 0.5986
epoch: 626, time: 8.12 secs (speed 5220.8), loss (CCE): 19231.6016, validation accuracy: 0.5976
epoch: 627, time: 8.00 secs (speed 5318.7), loss (CCE): 19226.2305, validation accuracy: 0.6060
epoch: 628, time: 7.05 secs (speed 6076.1), loss (CCE): 19592.7969, validation accuracy: 0.5913
epoch: 629, time: 7.25 secs (speed 6033.2), loss (CCE): 19498.0566, validation accuracy: 0.6034
epoch: 630, time: 7.56 secs (speed 5662.6), loss (CCE): 19311.9395, validation accuracy: 0.6048
epoch: 631, time: 7.21 secs (speed 5941.7), loss (CCE): 19266.5000, validation accuracy: 0.5988
epoch: 632, time: 7.12 secs (speed 6032.7), loss (CCE): 19334.7266, validation accuracy: 0.5989
epoch: 633, time: 7.16 secs (speed 5980.9), loss (CCE): 19388.8789, validation accuracy: 0.6030
epoch: 634, time: 8.14 secs (speed 5261.5), loss (CCE): 19299.2754, validation accuracy: 0.6036
epoch: 635, time: 8.02 secs (speed 5330.3), loss (CCE): 19238.0176, validation accuracy: 0.5953
epoch: 636, time: 7.98 secs (speed 5314.3), loss (CCE): 19048.0137, validation accuracy: 0.6003
epoch: 637, time: 7.70 secs (speed 5541.9), loss (CCE): 19361.4668, validation accuracy: 0.5958
epoch: 638, time: 7.13 secs (speed 6027.8), loss (CCE): 19231.1445, validation accuracy: 0.6021
epoch: 639, time: 7.19 secs (speed 5935.4), loss (CCE): 19271.0723, validation accuracy: 0.5982
epoch: 640, time: 7.21 secs (speed 5917.8), loss (CCE): 19137.3984, validation accuracy: 0.5946
epoch: 641, time: 7.44 secs (speed 5774.9), loss (CCE): 19620.7441, validation accuracy: 0.5971
epoch: 642, time: 7.29 secs (speed 6000.7), loss (CCE): 19264.9707, validation accuracy: 0.5998
epoch: 643, time: 7.12 secs (speed 6009.6), loss (CCE): 19331.2363, validation accuracy: 0.5970
epoch: 644, time: 7.18 secs (speed 5935.7), loss (CCE): 19384.2344, validation accuracy: 0.6041
epoch: 645, time: 7.61 secs (speed 5625.2), loss (CCE): 19127.1621, validation accuracy: 0.5985
epoch: 646, time: 8.03 secs (speed 5300.4), loss (CCE): 19104.7266, validation accuracy: 0.5951
epoch: 647, time: 7.19 secs (speed 5949.3), loss (CCE): 19317.4648, validation accuracy: 0.6025
epoch: 648, time: 7.07 secs (speed 6052.4), loss (CCE): 19237.2754, validation accuracy: 0.6043
epoch: 649, time: 7.08 secs (speed 6078.7), loss (CCE): 19231.1016, validation accuracy: 0.5984
epoch: 650, time: 7.73 secs (speed 5627.1), loss (CCE): 19241.7012, validation accuracy: 0.5975
epoch: 651, time: 7.72 secs (speed 5535.5), loss (CCE): 19186.1367, validation accuracy: 0.5967
epoch: 652, time: 7.91 secs (speed 5398.0), loss (CCE): 19522.0371, validation accuracy: 0.5948
epoch: 653, time: 8.19 secs (speed 5302.6), loss (CCE): 19617.2070, validation accuracy: 0.5940
epoch: 654, time: 7.82 secs (speed 5465.0), loss (CCE): 19337.6230, validation accuracy: 0.5844
epoch: 655, time: 7.19 secs (speed 5979.7), loss (CCE): 19056.1094, validation accuracy: 0.6005
epoch: 656, time: 7.34 secs (speed 5804.1), loss (CCE): 19234.2676, validation accuracy: 0.6051
epoch: 657, time: 8.15 secs (speed 5441.1), loss (CCE): 19262.0859, validation accuracy: 0.5949
epoch: 658, time: 7.84 secs (speed 5418.4), loss (CCE): 19284.5801, validation accuracy: 0.5888
epoch: 659, time: 7.90 secs (speed 5385.2), loss (CCE): 19251.9043, validation accuracy: 0.6009
epoch: 660, time: 8.13 secs (speed 5438.1), loss (CCE): 19144.3555, validation accuracy: 0.5984
epoch: 661, time: 7.89 secs (speed 5394.7), loss (CCE): 19172.9590, validation accuracy: 0.6025
epoch: 662, time: 7.46 secs (speed 5671.7), loss (CCE): 19330.7637, validation accuracy: 0.5989
epoch: 663, time: 7.72 secs (speed 5534.0), loss (CCE): 19221.1348, validation accuracy: 0.5963
epoch: 664, time: 8.25 secs (speed 5134.5), loss (CCE): 19423.2383, validation accuracy: 0.5957
epoch: 665, time: 7.45 secs (speed 5678.9), loss (CCE): 19192.8535, validation accuracy: 0.6018
epoch: 666, time: 7.12 secs (speed 6001.3), loss (CCE): 19130.1621, validation accuracy: 0.5957
epoch: 667, time: 7.19 secs (speed 5932.5), loss (CCE): 19161.0000, validation accuracy: 0.6016
epoch: 668, time: 7.45 secs (speed 5960.8), loss (CCE): 19320.5137, validation accuracy: 0.5977
epoch: 669, time: 7.13 secs (speed 6005.3), loss (CCE): 19408.6113, validation accuracy: 0.6041
epoch: 670, time: 7.54 secs (speed 5686.7), loss (CCE): 19115.8789, validation accuracy: 0.6065
epoch: 671, time: 7.72 secs (speed 5441.4), loss (CCE): 19227.2832, validation accuracy: 0.5956
epoch: 672, time: 7.40 secs (speed 5997.0), loss (CCE): 19204.9395, validation accuracy: 0.6032
epoch: 673, time: 7.64 secs (speed 5611.4), loss (CCE): 19295.6113, validation accuracy: 0.5949
epoch: 674, time: 7.83 secs (speed 5415.0), loss (CCE): 19395.8809, validation accuracy: 0.6117
epoch: 675, time: 8.23 secs (speed 5328.8), loss (CCE): 19335.2207, validation accuracy: 0.6010
epoch: 676, time: 7.25 secs (speed 5858.1), loss (CCE): 19020.8594, validation accuracy: 0.5998
epoch: 677, time: 7.34 secs (speed 5868.7), loss (CCE): 19129.7031, validation accuracy: 0.6024
epoch: 678, time: 7.98 secs (speed 5308.3), loss (CCE): 19149.3398, validation accuracy: 0.6015
epoch: 679, time: 7.87 secs (speed 5521.3), loss (CCE): 19158.0566, validation accuracy: 0.6012
epoch: 680, time: 7.38 secs (speed 5748.3), loss (CCE): 19451.4238, validation accuracy: 0.6022
epoch: 681, time: 7.21 secs (speed 5924.3), loss (CCE): 19201.0410, validation accuracy: 0.6000
epoch: 682, time: 7.79 secs (speed 5430.5), loss (CCE): 19212.1523, validation accuracy: 0.6016
epoch: 683, time: 8.36 secs (speed 5083.3), loss (CCE): 19096.3320, validation accuracy: 0.5997
epoch: 684, time: 7.74 secs (speed 5512.5), loss (CCE): 19476.1973, validation accuracy: 0.5886
epoch: 685, time: 7.19 secs (speed 5937.2), loss (CCE): 19109.7598, validation accuracy: 0.6033
epoch: 686, time: 7.17 secs (speed 5948.5), loss (CCE): 19250.7344, validation accuracy: 0.5981
epoch: 687, time: 7.85 secs (speed 5395.5), loss (CCE): 19242.4434, validation accuracy: 0.5993
epoch: 688, time: 7.08 secs (speed 6064.2), loss (CCE): 19173.7051, validation accuracy: 0.5966
epoch: 689, time: 7.09 secs (speed 6055.0), loss (CCE): 19258.0195, validation accuracy: 0.6008
epoch: 690, time: 7.61 secs (speed 5617.6), loss (CCE): 19266.9863, validation accuracy: 0.6029
epoch: 691, time: 7.99 secs (speed 5372.7), loss (CCE): 19274.8789, validation accuracy: 0.6013
epoch: 692, time: 7.07 secs (speed 6051.5), loss (CCE): 19494.7773, validation accuracy: 0.6061
epoch: 693, time: 7.20 secs (speed 5908.5), loss (CCE): 19397.5820, validation accuracy: 0.6007
epoch: 694, time: 7.72 secs (speed 5518.3), loss (CCE): 18966.8477, validation accuracy: 0.5995
epoch: 695, time: 7.84 secs (speed 5451.1), loss (CCE): 19076.2441, validation accuracy: 0.6004
epoch: 696, time: 7.07 secs (speed 6081.4), loss (CCE): 19331.1035, validation accuracy: 0.5919
epoch: 697, time: 7.12 secs (speed 6023.5), loss (CCE): 19209.3340, validation accuracy: 0.6035
epoch: 698, time: 7.08 secs (speed 6049.4), loss (CCE): 19148.4766, validation accuracy: 0.6051
epoch: 699, time: 8.12 secs (speed 5416.7), loss (CCE): 19240.6641, validation accuracy: 0.6013
epoch: 700, time: 7.86 secs (speed 5422.9), loss (CCE): 19320.0293, validation accuracy: 0.5950
epoch: 701, time: 7.90 secs (speed 5404.1), loss (CCE): 19359.9629, validation accuracy: 0.5984
epoch: 702, time: 8.12 secs (speed 5411.8), loss (CCE): 19154.7988, validation accuracy: 0.5984
epoch: 703, time: 7.75 secs (speed 5476.1), loss (CCE): 19226.8086, validation accuracy: 0.6006
epoch: 704, time: 7.78 secs (speed 5461.4), loss (CCE): 19151.5371, validation accuracy: 0.5934
epoch: 705, time: 7.96 secs (speed 5430.6), loss (CCE): 19189.2656, validation accuracy: 0.5958
epoch: 706, time: 7.47 secs (speed 5764.3), loss (CCE): 19132.0254, validation accuracy: 0.5962
epoch: 707, time: 7.17 secs (speed 5960.5), loss (CCE): 19095.0000, validation accuracy: 0.6010
epoch: 708, time: 7.19 secs (speed 5917.6), loss (CCE): 19255.7852, validation accuracy: 0.5950
epoch: 709, time: 7.81 secs (speed 5482.9), loss (CCE): 19377.1309, validation accuracy: 0.5923
epoch: 710, time: 8.22 secs (speed 5128.3), loss (CCE): 19140.4590, validation accuracy: 0.5999
epoch: 711, time: 7.47 secs (speed 5640.7), loss (CCE): 19173.5996, validation accuracy: 0.5970
epoch: 712, time: 7.15 secs (speed 5969.8), loss (CCE): 19123.7871, validation accuracy: 0.5958
epoch: 713, time: 8.02 secs (speed 5516.8), loss (CCE): 19041.6621, validation accuracy: 0.6011
epoch: 714, time: 7.78 secs (speed 5445.3), loss (CCE): 19137.7031, validation accuracy: 0.5930
epoch: 715, time: 7.21 secs (speed 5944.3), loss (CCE): 19200.2109, validation accuracy: 0.5943
epoch: 716, time: 7.57 secs (speed 5542.6), loss (CCE): 19182.1953, validation accuracy: 0.6009
epoch: 717, time: 7.44 secs (speed 5973.4), loss (CCE): 19265.0000, validation accuracy: 0.5965
epoch: 718, time: 7.12 secs (speed 5998.3), loss (CCE): 19510.6016, validation accuracy: 0.5874
epoch: 719, time: 7.16 secs (speed 5966.1), loss (CCE): 19224.2461, validation accuracy: 0.5957
epoch: 720, time: 7.13 secs (speed 6012.9), loss (CCE): 19159.7832, validation accuracy: 0.5953
epoch: 721, time: 7.18 secs (speed 5938.0), loss (CCE): 19181.9688, validation accuracy: 0.5992
epoch: 722, time: 7.43 secs (speed 5966.1), loss (CCE): 19225.5469, validation accuracy: 0.6002
epoch: 723, time: 7.17 secs (speed 5971.4), loss (CCE): 19023.9746, validation accuracy: 0.5960
epoch: 724, time: 7.18 secs (speed 5922.6), loss (CCE): 19285.4648, validation accuracy: 0.5975
epoch: 725, time: 7.17 secs (speed 5949.0), loss (CCE): 18948.4355, validation accuracy: 0.6030
epoch: 726, time: 7.18 secs (speed 5925.9), loss (CCE): 19184.3574, validation accuracy: 0.5919
epoch: 727, time: 7.43 secs (speed 5971.4), loss (CCE): 19254.7578, validation accuracy: 0.5966
epoch: 728, time: 7.18 secs (speed 5929.6), loss (CCE): 19263.3750, validation accuracy: 0.6026
epoch: 729, time: 7.09 secs (speed 6049.5), loss (CCE): 19176.1016, validation accuracy: 0.5931
epoch: 730, time: 7.11 secs (speed 6004.0), loss (CCE): 19430.0137, validation accuracy: 0.5989
epoch: 731, time: 7.97 secs (speed 5422.7), loss (CCE): 18945.0137, validation accuracy: 0.6009
epoch: 732, time: 8.09 secs (speed 5240.1), loss (CCE): 19189.8477, validation accuracy: 0.5957
epoch: 733, time: 7.99 secs (speed 5333.3), loss (CCE): 19005.4863, validation accuracy: 0.5931
epoch: 734, time: 8.02 secs (speed 5414.6), loss (CCE): 19144.8242, validation accuracy: 0.6009
epoch: 735, time: 8.01 secs (speed 5301.8), loss (CCE): 19286.3691, validation accuracy: 0.6043
epoch: 736, time: 7.87 secs (speed 5402.4), loss (CCE): 19494.7715, validation accuracy: 0.6019
epoch: 737, time: 7.99 secs (speed 5403.0), loss (CCE): 19198.0020, validation accuracy: 0.5969
epoch: 738, time: 8.03 secs (speed 5291.0), loss (CCE): 18967.8438, validation accuracy: 0.5999
epoch: 739, time: 7.17 secs (speed 5985.7), loss (CCE): 19170.2070, validation accuracy: 0.6033
epoch: 740, time: 7.16 secs (speed 5972.1), loss (CCE): 19521.3535, validation accuracy: 0.5958
epoch: 741, time: 7.21 secs (speed 5918.5), loss (CCE): 18937.1992, validation accuracy: 0.6056
epoch: 742, time: 7.40 secs (speed 5992.0), loss (CCE): 19082.2461, validation accuracy: 0.6037
epoch: 743, time: 7.17 secs (speed 5952.1), loss (CCE): 19076.0469, validation accuracy: 0.5966
epoch: 744, time: 7.21 secs (speed 5996.3), loss (CCE): 19049.1211, validation accuracy: 0.6021
epoch: 745, time: 7.96 secs (speed 5352.3), loss (CCE): 19133.8340, validation accuracy: 0.5820
epoch: 746, time: 8.11 secs (speed 5160.8), loss (CCE): 19307.1445, validation accuracy: 0.5988
epoch: 747, time: 7.42 secs (speed 5804.2), loss (CCE): 19322.6602, validation accuracy: 0.5975
epoch: 748, time: 8.01 secs (speed 5304.6), loss (CCE): 19296.8477, validation accuracy: 0.6013
epoch: 749, time: 8.38 secs (speed 5221.0), loss (CCE): 18982.9336, validation accuracy: 0.6017
epoch: 750, time: 7.98 secs (speed 5331.1), loss (CCE): 18931.5625, validation accuracy: 0.6078
epoch: 751, time: 7.96 secs (speed 5339.4), loss (CCE): 19222.6484, validation accuracy: 0.5978
epoch: 752, time: 8.10 secs (speed 5241.4), loss (CCE): 18947.2656, validation accuracy: 0.6038
epoch: 753, time: 7.90 secs (speed 5401.3), loss (CCE): 18975.9062, validation accuracy: 0.6036
epoch: 754, time: 7.71 secs (speed 5541.2), loss (CCE): 19164.5391, validation accuracy: 0.5894
epoch: 755, time: 7.23 secs (speed 6044.7), loss (CCE): 19053.1914, validation accuracy: 0.5965
epoch: 756, time: 7.25 secs (speed 5941.6), loss (CCE): 19015.4648, validation accuracy: 0.5973
epoch: 757, time: 7.94 secs (speed 5363.6), loss (CCE): 19101.1406, validation accuracy: 0.6002
epoch: 758, time: 7.86 secs (speed 5411.9), loss (CCE): 19437.9238, validation accuracy: 0.5900
epoch: 759, time: 8.14 secs (speed 5222.8), loss (CCE): 18948.2969, validation accuracy: 0.5997
epoch: 760, time: 7.95 secs (speed 5346.7), loss (CCE): 19379.1816, validation accuracy: 0.5930
epoch: 761, time: 8.11 secs (speed 5222.2), loss (CCE): 18961.0820, validation accuracy: 0.5885
epoch: 762, time: 8.37 secs (speed 5012.1), loss (CCE): 19047.7090, validation accuracy: 0.5975
epoch: 763, time: 8.05 secs (speed 5271.0), loss (CCE): 19019.4062, validation accuracy: 0.5982
epoch: 764, time: 7.87 secs (speed 5413.9), loss (CCE): 19221.8066, validation accuracy: 0.5951
epoch: 765, time: 8.14 secs (speed 5208.6), loss (CCE): 19119.3848, validation accuracy: 0.5941
epoch: 766, time: 7.34 secs (speed 5748.6), loss (CCE): 19087.8594, validation accuracy: 0.6027
epoch: 767, time: 7.16 secs (speed 5953.8), loss (CCE): 19136.1016, validation accuracy: 0.5988
epoch: 768, time: 7.22 secs (speed 5924.9), loss (CCE): 19155.7441, validation accuracy: 0.5965
epoch: 769, time: 7.43 secs (speed 5950.1), loss (CCE): 19013.5176, validation accuracy: 0.5960
epoch: 770, time: 7.09 secs (speed 6034.9), loss (CCE): 19176.2852, validation accuracy: 0.5961
epoch: 771, time: 7.14 secs (speed 5990.7), loss (CCE): 19111.2461, validation accuracy: 0.5972
epoch: 772, time: 7.59 secs (speed 5635.1), loss (CCE): 19191.2988, validation accuracy: 0.5997
epoch: 773, time: 7.98 secs (speed 5483.0), loss (CCE): 19189.1016, validation accuracy: 0.6002
epoch: 774, time: 7.12 secs (speed 5994.7), loss (CCE): 18921.7539, validation accuracy: 0.6025
epoch: 775, time: 7.58 secs (speed 5649.2), loss (CCE): 19027.9902, validation accuracy: 0.5929
epoch: 776, time: 7.98 secs (speed 5341.9), loss (CCE): 18957.0742, validation accuracy: 0.6030
epoch: 777, time: 7.55 secs (speed 5792.1), loss (CCE): 19130.9258, validation accuracy: 0.5926
epoch: 778, time: 7.09 secs (speed 6027.3), loss (CCE): 19266.3848, validation accuracy: 0.5953
epoch: 779, time: 7.06 secs (speed 6069.5), loss (CCE): 19039.4062, validation accuracy: 0.5958
epoch: 780, time: 7.15 secs (speed 5964.5), loss (CCE): 19102.1719, validation accuracy: 0.6040
epoch: 781, time: 7.13 secs (speed 5992.0), loss (CCE): 18940.9336, validation accuracy: 0.5940
epoch: 782, time: 7.30 secs (speed 6074.5), loss (CCE): 19105.2930, validation accuracy: 0.5988
epoch: 783, time: 7.86 secs (speed 5415.4), loss (CCE): 19149.7012, validation accuracy: 0.6000
epoch: 784, time: 7.96 secs (speed 5348.9), loss (CCE): 19412.3359, validation accuracy: 0.5950
epoch: 785, time: 7.81 secs (speed 5561.9), loss (CCE): 19042.8691, validation accuracy: 0.5924
epoch: 786, time: 7.20 secs (speed 5917.3), loss (CCE): 18950.8809, validation accuracy: 0.5964
epoch: 787, time: 7.84 secs (speed 5397.1), loss (CCE): 19163.0371, validation accuracy: 0.5995
epoch: 788, time: 7.19 secs (speed 5941.7), loss (CCE): 19385.6074, validation accuracy: 0.5949
epoch: 789, time: 8.09 secs (speed 5444.7), loss (CCE): 18835.9258, validation accuracy: 0.5926
epoch: 790, time: 7.98 secs (speed 5309.0), loss (CCE): 19039.4375, validation accuracy: 0.5990
epoch: 791, time: 7.94 secs (speed 5371.1), loss (CCE): 19058.9609, validation accuracy: 0.6014
epoch: 792, time: 8.27 secs (speed 5354.3), loss (CCE): 19147.6582, validation accuracy: 0.5994
epoch: 793, time: 8.04 secs (speed 5287.2), loss (CCE): 19137.1289, validation accuracy: 0.5931
epoch: 794, time: 7.88 secs (speed 5406.1), loss (CCE): 18933.9883, validation accuracy: 0.5955
epoch: 795, time: 8.31 secs (speed 5228.2), loss (CCE): 19125.3203, validation accuracy: 0.5943
epoch: 796, time: 7.95 secs (speed 5353.7), loss (CCE): 19082.2461, validation accuracy: 0.6007
epoch: 797, time: 8.06 secs (speed 5284.7), loss (CCE): 19012.5195, validation accuracy: 0.5996
epoch: 798, time: 8.09 secs (speed 5225.8), loss (CCE): 19205.5371, validation accuracy: 0.6020
epoch: 799, time: 7.71 secs (speed 5554.4), loss (CCE): 18995.1230, validation accuracy: 0.5889
epoch: 800, time: 7.38 secs (speed 5743.7), loss (CCE): 19203.2402, validation accuracy: 0.6010
epoch: 801, time: 7.21 secs (speed 5927.7), loss (CCE): 18945.0273, validation accuracy: 0.6006
epoch: 802, time: 7.47 secs (speed 5953.8), loss (CCE): 19138.1797, validation accuracy: 0.5943
epoch: 803, time: 7.17 secs (speed 5932.5), loss (CCE): 19141.3301, validation accuracy: 0.5929
epoch: 804, time: 7.19 secs (speed 5916.9), loss (CCE): 19015.3652, validation accuracy: 0.5920
epoch: 805, time: 7.30 secs (speed 5931.5), loss (CCE): 19320.5039, validation accuracy: 0.5961
epoch: 806, time: 8.30 secs (speed 5323.5), loss (CCE): 19151.6445, validation accuracy: 0.6022
epoch: 807, time: 8.04 secs (speed 5284.7), loss (CCE): 19101.0547, validation accuracy: 0.5999
epoch: 808, time: 7.94 secs (speed 5361.4), loss (CCE): 18848.3770, validation accuracy: 0.5873
epoch: 809, time: 8.34 secs (speed 5175.8), loss (CCE): 19212.2031, validation accuracy: 0.6043
epoch: 810, time: 7.19 secs (speed 5936.9), loss (CCE): 19320.6934, validation accuracy: 0.5907
epoch: 811, time: 7.14 secs (speed 5990.1), loss (CCE): 19061.2598, validation accuracy: 0.5976
epoch: 812, time: 7.20 secs (speed 5901.6), loss (CCE): 19151.7988, validation accuracy: 0.5922
epoch: 813, time: 7.71 secs (speed 5756.1), loss (CCE): 19100.7812, validation accuracy: 0.6000
epoch: 814, time: 7.87 secs (speed 5416.7), loss (CCE): 18994.0059, validation accuracy: 0.5926
epoch: 815, time: 7.92 secs (speed 5392.7), loss (CCE): 19153.0234, validation accuracy: 0.5959
epoch: 816, time: 8.12 secs (speed 5416.1), loss (CCE): 19163.1680, validation accuracy: 0.5959
epoch: 817, time: 8.00 secs (speed 5324.4), loss (CCE): 18897.3496, validation accuracy: 0.6020
epoch: 818, time: 7.51 secs (speed 5610.2), loss (CCE): 19084.2773, validation accuracy: 0.6023
epoch: 819, time: 7.52 secs (speed 5601.1), loss (CCE): 19054.8711, validation accuracy: 0.5959
epoch: 820, time: 8.20 secs (speed 5136.8), loss (CCE): 19122.7539, validation accuracy: 0.5967
epoch: 821, time: 7.93 secs (speed 5375.8), loss (CCE): 19019.6211, validation accuracy: 0.5940
epoch: 822, time: 7.11 secs (speed 6021.6), loss (CCE): 18791.4746, validation accuracy: 0.6028
epoch: 823, time: 7.75 secs (speed 5738.2), loss (CCE): 19003.8574, validation accuracy: 0.5962
epoch: 824, time: 7.92 secs (speed 5369.7), loss (CCE): 19076.4473, validation accuracy: 0.5991
epoch: 825, time: 7.92 secs (speed 5387.9), loss (CCE): 19396.9512, validation accuracy: 0.6022
epoch: 826, time: 8.11 secs (speed 5451.2), loss (CCE): 18884.2773, validation accuracy: 0.6040
epoch: 827, time: 7.58 secs (speed 5620.1), loss (CCE): 19158.2656, validation accuracy: 0.5964
epoch: 828, time: 7.70 secs (speed 5542.7), loss (CCE): 18948.7109, validation accuracy: 0.6004
epoch: 829, time: 7.87 secs (speed 5432.1), loss (CCE): 19141.4512, validation accuracy: 0.5962
epoch: 830, time: 8.07 secs (speed 5270.8), loss (CCE): 18899.1777, validation accuracy: 0.6044
epoch: 831, time: 7.68 secs (speed 5475.2), loss (CCE): 19111.6211, validation accuracy: 0.5995
epoch: 832, time: 7.08 secs (speed 6034.9), loss (CCE): 19026.5508, validation accuracy: 0.5920
epoch: 833, time: 7.09 secs (speed 6043.7), loss (CCE): 18973.0723, validation accuracy: 0.5950
epoch: 834, time: 7.45 secs (speed 5917.3), loss (CCE): 19013.5254, validation accuracy: 0.5850
epoch: 835, time: 7.08 secs (speed 6048.7), loss (CCE): 19148.5762, validation accuracy: 0.5945
epoch: 836, time: 7.11 secs (speed 6001.3), loss (CCE): 19011.4121, validation accuracy: 0.5978
epoch: 837, time: 7.80 secs (speed 5481.5), loss (CCE): 18970.2168, validation accuracy: 0.5983
epoch: 838, time: 8.09 secs (speed 5280.3), loss (CCE): 18880.1875, validation accuracy: 0.5996
epoch: 839, time: 7.15 secs (speed 5985.1), loss (CCE): 18945.2109, validation accuracy: 0.6000
epoch: 840, time: 7.07 secs (speed 6060.6), loss (CCE): 19335.8477, validation accuracy: 0.5979
epoch: 841, time: 7.10 secs (speed 6039.5), loss (CCE): 19216.4648, validation accuracy: 0.5985
epoch: 842, time: 7.24 secs (speed 5869.1), loss (CCE): 19068.9375, validation accuracy: 0.5953
epoch: 843, time: 7.38 secs (speed 5998.3), loss (CCE): 18921.6934, validation accuracy: 0.6003
epoch: 844, time: 7.85 secs (speed 5412.4), loss (CCE): 19094.3555, validation accuracy: 0.5948
epoch: 845, time: 7.92 secs (speed 5392.7), loss (CCE): 18836.5664, validation accuracy: 0.5966
epoch: 846, time: 8.07 secs (speed 5368.5), loss (CCE): 18988.9434, validation accuracy: 0.5986
epoch: 847, time: 7.91 secs (speed 5379.8), loss (CCE): 18901.5586, validation accuracy: 0.5940
epoch: 848, time: 7.92 secs (speed 5379.8), loss (CCE): 19172.9355, validation accuracy: 0.5863
epoch: 849, time: 7.12 secs (speed 6046.3), loss (CCE): 19108.9316, validation accuracy: 0.5884
epoch: 850, time: 7.31 secs (speed 5938.2), loss (CCE): 18840.5801, validation accuracy: 0.5956
epoch: 851, time: 7.12 secs (speed 6014.9), loss (CCE): 19059.3750, validation accuracy: 0.5977
epoch: 852, time: 7.09 secs (speed 6022.3), loss (CCE): 19004.7656, validation accuracy: 0.6045
epoch: 853, time: 7.12 secs (speed 6016.6), loss (CCE): 18844.8672, validation accuracy: 0.5973
epoch: 854, time: 7.14 secs (speed 5985.7), loss (CCE): 19037.1387, validation accuracy: 0.5967
epoch: 855, time: 8.02 secs (speed 5252.8), loss (CCE): 18896.3887, validation accuracy: 0.6038
epoch: 856, time: 7.76 secs (speed 5488.3), loss (CCE): 18929.9473, validation accuracy: 0.5907
epoch: 857, time: 7.91 secs (speed 5378.0), loss (CCE): 18803.9043, validation accuracy: 0.6017
epoch: 858, time: 8.19 secs (speed 5185.4), loss (CCE): 18914.4902, validation accuracy: 0.5953
epoch: 859, time: 8.02 secs (speed 5299.4), loss (CCE): 19090.3750, validation accuracy: 0.5980
epoch: 860, time: 7.96 secs (speed 5336.3), loss (CCE): 19376.8652, validation accuracy: 0.6041
epoch: 861, time: 8.17 secs (speed 5194.5), loss (CCE): 18833.4277, validation accuracy: 0.6041
epoch: 862, time: 7.90 secs (speed 5380.4), loss (CCE): 18919.2949, validation accuracy: 0.6024
epoch: 863, time: 7.21 secs (speed 5936.4), loss (CCE): 18917.7852, validation accuracy: 0.5974
epoch: 864, time: 7.13 secs (speed 6002.0), loss (CCE): 18789.7441, validation accuracy: 0.5957
epoch: 865, time: 7.71 secs (speed 5540.0), loss (CCE): 19024.7305, validation accuracy: 0.6011
epoch: 866, time: 7.89 secs (speed 5401.7), loss (CCE): 18919.8691, validation accuracy: 0.5977
epoch: 867, time: 7.73 secs (speed 5520.5), loss (CCE): 18938.8359, validation accuracy: 0.5934
epoch: 868, time: 7.49 secs (speed 5914.3), loss (CCE): 19220.4473, validation accuracy: 0.5985
epoch: 869, time: 7.53 secs (speed 5674.3), loss (CCE): 19046.9902, validation accuracy: 0.5970
epoch: 870, time: 7.85 secs (speed 5401.2), loss (CCE): 18966.4121, validation accuracy: 0.5992
epoch: 871, time: 8.02 secs (speed 5393.4), loss (CCE): 19063.5801, validation accuracy: 0.5948
epoch: 872, time: 8.00 secs (speed 5312.8), loss (CCE): 18864.5801, validation accuracy: 0.5997
epoch: 873, time: 7.92 secs (speed 5388.6), loss (CCE): 18906.7051, validation accuracy: 0.5968
epoch: 874, time: 7.90 secs (speed 5414.6), loss (CCE): 19102.8008, validation accuracy: 0.5975
epoch: 875, time: 7.95 secs (speed 5333.3), loss (CCE): 18745.7207, validation accuracy: 0.5998
epoch: 876, time: 7.12 secs (speed 6024.9), loss (CCE): 19179.6465, validation accuracy: 0.6050
epoch: 877, time: 7.13 secs (speed 6021.8), loss (CCE): 18892.6523, validation accuracy: 0.5998
epoch: 878, time: 7.17 secs (speed 5959.6), loss (CCE): 18843.2012, validation accuracy: 0.5905
epoch: 879, time: 7.47 secs (speed 5933.3), loss (CCE): 18832.3379, validation accuracy: 0.5929
epoch: 880, time: 7.18 secs (speed 5938.5), loss (CCE): 19197.5137, validation accuracy: 0.5911
epoch: 881, time: 7.20 secs (speed 5910.6), loss (CCE): 18937.2910, validation accuracy: 0.5958
epoch: 882, time: 7.13 secs (speed 5988.7), loss (CCE): 19019.4902, validation accuracy: 0.6057
epoch: 883, time: 7.20 secs (speed 5914.7), loss (CCE): 18828.7070, validation accuracy: 0.5932
epoch: 884, time: 7.75 secs (speed 5505.9), loss (CCE): 18796.1309, validation accuracy: 0.6001
epoch: 885, time: 7.98 secs (speed 5334.8), loss (CCE): 19090.1270, validation accuracy: 0.5975
epoch: 886, time: 7.90 secs (speed 5393.7), loss (CCE): 19072.5879, validation accuracy: 0.5954
epoch: 887, time: 8.18 secs (speed 5185.2), loss (CCE): 18916.6094, validation accuracy: 0.6071
epoch: 888, time: 7.68 secs (speed 5455.5), loss (CCE): 19103.0039, validation accuracy: 0.6039
epoch: 889, time: 7.91 secs (speed 5391.7), loss (CCE): 18664.0898, validation accuracy: 0.5838
epoch: 890, time: 7.61 secs (speed 5770.3), loss (CCE): 19135.2891, validation accuracy: 0.5911
epoch: 891, time: 7.20 secs (speed 5954.8), loss (CCE): 18715.7246, validation accuracy: 0.5958
epoch: 892, time: 7.89 secs (speed 5402.3), loss (CCE): 18835.5703, validation accuracy: 0.5860
epoch: 893, time: 7.98 secs (speed 5333.3), loss (CCE): 18869.2832, validation accuracy: 0.5939
epoch: 894, time: 7.64 secs (speed 5875.6), loss (CCE): 19062.9277, validation accuracy: 0.5914
epoch: 895, time: 7.16 secs (speed 5966.2), loss (CCE): 19104.2773, validation accuracy: 0.5976
epoch: 896, time: 7.21 secs (speed 5908.3), loss (CCE): 18956.7500, validation accuracy: 0.5949
epoch: 897, time: 7.20 secs (speed 5912.2), loss (CCE): 18621.4551, validation accuracy: 0.6026
epoch: 898, time: 7.21 secs (speed 5990.4), loss (CCE): 18920.8320, validation accuracy: 0.5940
epoch: 899, time: 7.41 secs (speed 5921.9), loss (CCE): 18745.7402, validation accuracy: 0.5918
epoch: 900, time: 7.49 secs (speed 5727.8), loss (CCE): 18981.0762, validation accuracy: 0.5941
epoch: 901, time: 7.67 secs (speed 5593.4), loss (CCE): 18953.2578, validation accuracy: 0.5826
epoch: 902, time: 8.13 secs (speed 5387.5), loss (CCE): 18853.1523, validation accuracy: 0.5967
epoch: 903, time: 7.90 secs (speed 5398.6), loss (CCE): 18898.3828, validation accuracy: 0.6022
epoch: 904, time: 7.85 secs (speed 5400.0), loss (CCE): 19027.0996, validation accuracy: 0.5900
epoch: 905, time: 8.18 secs (speed 5368.3), loss (CCE): 18916.1445, validation accuracy: 0.6009
epoch: 906, time: 7.94 secs (speed 5362.1), loss (CCE): 19023.3398, validation accuracy: 0.5871
epoch: 907, time: 7.96 secs (speed 5337.1), loss (CCE): 18915.0176, validation accuracy: 0.5990
epoch: 908, time: 8.21 secs (speed 5374.9), loss (CCE): 18660.0859, validation accuracy: 0.5953
epoch: 909, time: 8.06 secs (speed 5262.1), loss (CCE): 19073.9688, validation accuracy: 0.5990
epoch: 910, time: 7.92 secs (speed 5364.5), loss (CCE): 18690.2695, validation accuracy: 0.5923
epoch: 911, time: 8.38 secs (speed 5275.7), loss (CCE): 18694.6211, validation accuracy: 0.5947
epoch: 912, time: 8.01 secs (speed 5299.9), loss (CCE): 18973.6250, validation accuracy: 0.6037
epoch: 913, time: 8.08 secs (speed 5272.0), loss (CCE): 18867.0781, validation accuracy: 0.5970
epoch: 914, time: 8.32 secs (speed 5131.7), loss (CCE): 19071.7539, validation accuracy: 0.5943
epoch: 915, time: 7.43 secs (speed 5700.4), loss (CCE): 19116.0215, validation accuracy: 0.5961
epoch: 916, time: 7.80 secs (speed 5465.0), loss (CCE): 18907.6504, validation accuracy: 0.6016
epoch: 917, time: 8.29 secs (speed 5250.5), loss (CCE): 18953.4336, validation accuracy: 0.5966
epoch: 918, time: 7.66 secs (speed 5568.1), loss (CCE): 18921.7559, validation accuracy: 0.5964
epoch: 919, time: 7.45 secs (speed 5762.7), loss (CCE): 19050.6973, validation accuracy: 0.5971
epoch: 920, time: 7.96 secs (speed 5433.6), loss (CCE): 19092.3711, validation accuracy: 0.5977
epoch: 921, time: 7.91 secs (speed 5364.9), loss (CCE): 18766.5684, validation accuracy: 0.5919
epoch: 922, time: 7.18 secs (speed 5951.9), loss (CCE): 19011.8164, validation accuracy: 0.5990
epoch: 923, time: 7.12 secs (speed 6005.6), loss (CCE): 19079.3398, validation accuracy: 0.5991
epoch: 924, time: 7.10 secs (speed 6019.6), loss (CCE): 18851.9941, validation accuracy: 0.5935
epoch: 925, time: 7.36 secs (speed 6052.5), loss (CCE): 18879.0137, validation accuracy: 0.5921
epoch: 926, time: 7.08 secs (speed 6038.5), loss (CCE): 18968.5664, validation accuracy: 0.5950
epoch: 927, time: 7.12 secs (speed 6009.3), loss (CCE): 18720.1133, validation accuracy: 0.6030
epoch: 928, time: 7.08 secs (speed 6050.5), loss (CCE): 18817.6211, validation accuracy: 0.6049
epoch: 929, time: 7.15 secs (speed 5986.7), loss (CCE): 19046.0605, validation accuracy: 0.5933
epoch: 930, time: 7.44 secs (speed 5961.1), loss (CCE): 18858.5547, validation accuracy: 0.6015
epoch: 931, time: 7.22 secs (speed 5908.3), loss (CCE): 18926.5547, validation accuracy: 0.5975
epoch: 932, time: 7.42 secs (speed 5787.6), loss (CCE): 18848.8867, validation accuracy: 0.6061
epoch: 933, time: 7.19 secs (speed 5953.8), loss (CCE): 18832.1484, validation accuracy: 0.5973
epoch: 934, time: 8.11 secs (speed 5460.2), loss (CCE): 18591.1992, validation accuracy: 0.5897
epoch: 935, time: 7.23 secs (speed 5891.4), loss (CCE): 18913.2578, validation accuracy: 0.5964
epoch: 936, time: 7.07 secs (speed 6052.2), loss (CCE): 18762.7129, validation accuracy: 0.5946
epoch: 937, time: 7.11 secs (speed 6019.6), loss (CCE): 18907.8750, validation accuracy: 0.5913
epoch: 938, time: 7.12 secs (speed 6028.9), loss (CCE): 18815.2012, validation accuracy: 0.5985
epoch: 939, time: 7.47 secs (speed 5944.9), loss (CCE): 18832.7305, validation accuracy: 0.5924
epoch: 940, time: 7.15 secs (speed 5953.2), loss (CCE): 19078.5488, validation accuracy: 0.5935
epoch: 941, time: 7.42 secs (speed 5814.8), loss (CCE): 18919.0176, validation accuracy: 0.5975
epoch: 942, time: 7.90 secs (speed 5396.3), loss (CCE): 18892.2520, validation accuracy: 0.5950
epoch: 943, time: 8.14 secs (speed 5270.6), loss (CCE): 19029.1641, validation accuracy: 0.5918
epoch: 944, time: 7.45 secs (speed 5642.8), loss (CCE): 18874.3164, validation accuracy: 0.6011
epoch: 945, time: 7.12 secs (speed 5996.3), loss (CCE): 18708.4043, validation accuracy: 0.6022
epoch: 946, time: 7.09 secs (speed 6025.6), loss (CCE): 18863.9434, validation accuracy: 0.5963
epoch: 947, time: 7.22 secs (speed 6013.3), loss (CCE): 19008.4180, validation accuracy: 0.5939
epoch: 948, time: 7.27 secs (speed 5981.1), loss (CCE): 18762.7461, validation accuracy: 0.5922
epoch: 949, time: 7.12 secs (speed 6002.7), loss (CCE): 18649.5156, validation accuracy: 0.5971
epoch: 950, time: 7.66 secs (speed 5581.1), loss (CCE): 18949.9082, validation accuracy: 0.5954
epoch: 951, time: 8.21 secs (speed 5368.6), loss (CCE): 18985.1230, validation accuracy: 0.5954
epoch: 952, time: 7.87 secs (speed 5407.3), loss (CCE): 18790.2656, validation accuracy: 0.5998
epoch: 953, time: 7.84 secs (speed 5327.5), loss (CCE): 18716.3750, validation accuracy: 0.5926
epoch: 954, time: 7.14 secs (speed 5979.8), loss (CCE): 18947.8184, validation accuracy: 0.5878
epoch: 955, time: 7.55 secs (speed 5906.9), loss (CCE): 18828.7734, validation accuracy: 0.5965
epoch: 956, time: 7.18 secs (speed 6034.2), loss (CCE): 18923.9180, validation accuracy: 0.5975
epoch: 957, time: 7.87 secs (speed 5417.7), loss (CCE): 18627.4902, validation accuracy: 0.5973
epoch: 958, time: 7.90 secs (speed 5401.8), loss (CCE): 18737.6367, validation accuracy: 0.5924
epoch: 959, time: 8.25 secs (speed 5113.3), loss (CCE): 18587.3125, validation accuracy: 0.5910
epoch: 960, time: 8.03 secs (speed 5297.2), loss (CCE): 19063.0898, validation accuracy: 0.5836
epoch: 961, time: 7.98 secs (speed 5380.1), loss (CCE): 18630.4355, validation accuracy: 0.5948
epoch: 962, time: 7.54 secs (speed 5689.4), loss (CCE): 18954.3496, validation accuracy: 0.5998
epoch: 963, time: 7.68 secs (speed 5574.2), loss (CCE): 18899.8477, validation accuracy: 0.5952
epoch: 964, time: 7.88 secs (speed 5413.7), loss (CCE): 18895.4902, validation accuracy: 0.5942
epoch: 965, time: 8.28 secs (speed 5134.2), loss (CCE): 18743.4375, validation accuracy: 0.5885
epoch: 966, time: 7.21 secs (speed 5913.7), loss (CCE): 18619.3926, validation accuracy: 0.5954
epoch: 967, time: 7.43 secs (speed 5693.7), loss (CCE): 18852.1914, validation accuracy: 0.5854
epoch: 968, time: 7.11 secs (speed 6004.3), loss (CCE): 18836.5605, validation accuracy: 0.6008
epoch: 969, time: 7.51 secs (speed 5952.1), loss (CCE): 18907.4746, validation accuracy: 0.5987
epoch: 970, time: 7.11 secs (speed 6010.0), loss (CCE): 18603.2441, validation accuracy: 0.6001
epoch: 971, time: 7.16 secs (speed 5954.1), loss (CCE): 18797.8867, validation accuracy: 0.5992
epoch: 972, time: 7.11 secs (speed 6015.0), loss (CCE): 18655.3496, validation accuracy: 0.6048
epoch: 973, time: 7.10 secs (speed 6028.6), loss (CCE): 18876.4160, validation accuracy: 0.6008
epoch: 974, time: 7.38 secs (speed 6009.6), loss (CCE): 18676.1152, validation accuracy: 0.6036
epoch: 975, time: 7.20 secs (speed 5956.0), loss (CCE): 18942.9746, validation accuracy: 0.6001
epoch: 976, time: 7.15 secs (speed 5957.4), loss (CCE): 18855.0059, validation accuracy: 0.5915
epoch: 977, time: 7.22 secs (speed 5900.6), loss (CCE): 18735.5742, validation accuracy: 0.6019
epoch: 978, time: 7.17 secs (speed 5937.8), loss (CCE): 18901.2930, validation accuracy: 0.5965
epoch: 979, time: 7.41 secs (speed 6005.6), loss (CCE): 18989.0488, validation accuracy: 0.6036
epoch: 980, time: 7.23 secs (speed 5980.7), loss (CCE): 18662.9512, validation accuracy: 0.5984
epoch: 981, time: 7.92 secs (speed 5387.9), loss (CCE): 18661.0254, validation accuracy: 0.5967
epoch: 982, time: 7.89 secs (speed 5401.1), loss (CCE): 18971.2617, validation accuracy: 0.5997
epoch: 983, time: 8.37 secs (speed 5036.9), loss (CCE): 18876.8770, validation accuracy: 0.6018
epoch: 984, time: 7.92 secs (speed 5376.6), loss (CCE): 18833.4766, validation accuracy: 0.6052
epoch: 985, time: 8.13 secs (speed 5309.5), loss (CCE): 18796.2051, validation accuracy: 0.5887
epoch: 986, time: 8.07 secs (speed 5250.1), loss (CCE): 18878.4023, validation accuracy: 0.5943
epoch: 987, time: 7.96 secs (speed 5359.9), loss (CCE): 18972.1562, validation accuracy: 0.5980
epoch: 988, time: 8.27 secs (speed 5301.1), loss (CCE): 18879.6152, validation accuracy: 0.5945
epoch: 989, time: 7.89 secs (speed 5409.2), loss (CCE): 18626.4941, validation accuracy: 0.6005
epoch: 990, time: 7.48 secs (speed 5619.5), loss (CCE): 18962.1914, validation accuracy: 0.5943
epoch: 991, time: 7.89 secs (speed 5406.3), loss (CCE): 18808.7793, validation accuracy: 0.5955
epoch: 992, time: 8.12 secs (speed 5219.9), loss (CCE): 18713.7656, validation accuracy: 0.5872
epoch: 993, time: 7.52 secs (speed 5587.4), loss (CCE): 18673.5879, validation accuracy: 0.5962
epoch: 994, time: 7.05 secs (speed 6072.8), loss (CCE): 18951.4766, validation accuracy: 0.5945
epoch: 995, time: 8.27 secs (speed 5325.7), loss (CCE): 18379.8984, validation accuracy: 0.6049
epoch: 996, time: 8.02 secs (speed 5277.9), loss (CCE): 18855.6426, validation accuracy: 0.6017
epoch: 997, time: 8.05 secs (speed 5276.3), loss (CCE): 18865.1992, validation accuracy: 0.5958
epoch: 998, time: 8.29 secs (speed 5333.3), loss (CCE): 18605.8457, validation accuracy: 0.5913
epoch: 999, time: 8.09 secs (speed 5242.9), loss (CCE): 18927.0000, validation accuracy: 0.5975
epoch: 1000, time: 7.23 secs (speed 5863.1), loss (CCE): 19057.8320, validation accuracy: 0.6072
Trained in 2.1 hours.
Training set predicted in 2.26 secs with 0.856075 accuracy.
Test set predicted in 0.52 secs with 0.6032 accuracy.
Accuracy  = 0.6032
Precision = 0.601559
Recall    = 0.6032
F1        = 0.602379
Confusion matrix:
 755   45   23   14    4    8   17    6   90   38
  61  688   14   12    4    8   28   19   52  114
  56    1  653   10   56  101   56   31    5   31
  18    9    9  701   23   47   86   84    6   17
  24   16   89   48  449   70  196   75   13   20
  17   21   89   65   30  512   95  119    9   43
  55   40   59   92  130   76  407   93   17   31
  25   31   47   81   62  101   81  470   13   89
 143   34    9    8    2    5   11   12  730   46
  57  100   16   20   10   26   21   44   39  667
