CPU: [AMD Ryzen 9 5900X 12-Core Processor]
12 threads with OpenMP
Training data: (2000,784) 6.0 MB
Validation data: (5000,784) 15.0 MB
Testing data: (10000,784) 29.9 MB
Network: mnistpso-ff
Input, shape:[28,28], parameters: 0, memory:3.1 KB
Dense(softmax), shape:[10], parameters:7850, memory:61.3 KB

Number of values in each chain: 20
Searching with 200 particles for 20 iterations...
Iteration   1, time: 15.82s, best minima: 0.334600, worst: 0.877400, mean: 0.637642
Iteration   2, time: 21.95s, best minima: 0.199600, worst: 0.651600, mean: 0.445468
Iteration   3, time: 17.86s, best minima: 0.199600, worst: 0.521000, mean: 0.332662
Iteration   4, time: 17.56s, best minima: 0.199600, worst: 0.468600, mean: 0.295488
Iteration   5, time: 18.93s, best minima: 0.136200, worst: 0.456400, mean: 0.268293
Iteration   6, time: 22.43s, best minima: 0.136200, worst: 0.399600, mean: 0.228478
Iteration   7, time: 21.36s, best minima: 0.136200, worst: 0.388400, mean: 0.210761
Iteration   8, time: 19.65s, best minima: 0.136200, worst: 0.364800, mean: 0.188091
Iteration   9, time: 20.82s, best minima: 0.136200, worst: 0.311600, mean: 0.172332
Iteration  10, time: 16.86s, best minima: 0.136200, worst: 0.311600, mean: 0.165124
Iteration  11, time: 16.13s, best minima: 0.136200, worst: 0.311600, mean: 0.157959
Iteration  12, time: 22.00s, best minima: 0.136200, worst: 0.311600, mean: 0.151957
Iteration  13, time: 23.12s, best minima: 0.136200, worst: 0.311600, mean: 0.147372
Iteration  14, time: 20.31s, best minima: 0.136200, worst: 0.311600, mean: 0.145504
Iteration  15, time: 19.88s, best minima: 0.136200, worst: 0.311600, mean: 0.143220
Iteration  16, time: 20.89s, best minima: 0.136200, worst: 0.259200, mean: 0.140743
Iteration  17, time: 21.71s, best minima: 0.136200, worst: 0.229400, mean: 0.139242
Iteration  18, time: 19.29s, best minima: 0.136200, worst: 0.229400, mean: 0.138988
Iteration  19, time: 20.08s, best minima: 0.136200, worst: 0.229400, mean: 0.138587
Iteration  20, time: 17.64s, best minima: 0.136200, worst: 0.229400, mean: 0.138186
PSO finished, top-10 particles:
particle   1, minima=0.1362
particle   2, minima=0.1362
particle   3, minima=0.1362
particle   4, minima=0.1362
particle   5, minima=0.1362
particle   6, minima=0.1362
particle   7, minima=0.1362
particle   8, minima=0.1362
particle   9, minima=0.1362
particle  10, minima=0.1362
Trained in  0.27s.
Validation set predicted with 0.869 accuracy.
Test set
Accuracy  = 0.8464
Precision = 0.851941
Recall    = 0.845309
F1        = 0.848612
Confusion matrix:
 920    0   10    4    0   13   23    2    6    2
   0 1072    2    2    0    5    4    0   48    2
  15   10  850    5   10    2   36   26   67   11
   6   12   43  748    1  114   16   14   40   16
   3   16    8    0  722    3   24   10   21  175
  18    9    6   19    6  739   27   20   27   21
  19    3   24    0   11   18  875    3    2    3
   2   27   31    3    3    0    1  857   25   79
  12   15   15   11    4   32   18   15  810   42
  13    6   13    9   23   12    3   33   26  871
CNN trained in  2.51s.
Accuracy  = 0.8998
Precision = 0.903
Recall    = 0.899781
F1        = 0.901387
Confusion matrix:
 963    0    1    0    0    0   10    1    3    2
   0 1108    2    1    0    0    5    1   15    3
  11    4  899    0    5    0   54   26   29    4
   4    1   80  751    1   98   10   25   23   17
   4   56    0    0  858    0    5    4   14   41
   6    3    2    0    0  832   17   12   17    3
  19    3    1    0    2    1  921    0    2    9
   3   13   39    3    0    0    0  899   15   56
  15    7    8    2    5    0   25   26  861   25
   9    9    2    0   10    5    7   35   26  906
