CPU: [AMD Ryzen 5 1600X Six-Core Processor]
12 threads with OpenMP
Training data: (2000,784) 6.0 MB
Validation data: (5000,784) 15.0 MB
Testing data: (10000,784) 29.9 MB
Network: mnistga-ff
Input, shape:[28,28], parameters: 0, memory:3.1 KB
Dense(softmax), shape:[10], parameters:7850, memory:61.3 KB

Number of bits in each bitstring: 2000
Evolving 500 members for 500 generations...
Generation   1, time: 42.04s, fitness max: 0.280846, min: 0.140230, mean: 0.203415
Generation   2, time: 36.71s, fitness max: 0.280846, min: 0.143057, mean: 0.207354
Generation   3, time: 36.25s, fitness max: 0.280846, min: 0.141272, mean: 0.209990
Generation   4, time: 35.53s, fitness max: 0.291504, min: 0.143057, mean: 0.211671
Generation   5, time: 35.69s, fitness max: 0.291504, min: 0.139194, mean: 0.214656
Generation   6, time: 35.55s, fitness max: 0.291504, min: 0.127719, mean: 0.216128
Generation   7, time: 35.76s, fitness max: 0.291504, min: 0.141900, mean: 0.218197
Generation   8, time: 35.74s, fitness max: 0.302483, min: 0.151701, mean: 0.221170
Generation   9, time: 36.17s, fitness max: 0.302483, min: 0.150268, mean: 0.223178
Generation  10, time: 35.58s, fitness max: 0.303830, min: 0.152810, mean: 0.225804
Generation  11, time: 35.49s, fitness max: 0.306539, min: 0.150378, mean: 0.225392
Generation  12, time: 35.60s, fitness max: 0.306539, min: 0.143585, mean: 0.228387
Generation  13, time: 35.99s, fitness max: 0.319570, min: 0.135315, mean: 0.233076
Generation  14, time: 35.66s, fitness max: 0.319570, min: 0.142740, mean: 0.235597
Generation  15, time: 35.50s, fitness max: 0.319570, min: 0.160989, mean: 0.238152
Generation  16, time: 35.31s, fitness max: 0.334703, min: 0.150159, mean: 0.242285
Generation  17, time: 35.60s, fitness max: 0.334703, min: 0.160873, mean: 0.242818
Generation  18, time: 35.58s, fitness max: 0.334703, min: 0.162620, mean: 0.243655
Generation  19, time: 35.88s, fitness max: 0.334703, min: 0.147328, mean: 0.244306
Generation  20, time: 35.74s, fitness max: 0.338259, min: 0.174530, mean: 0.248189
Generation  21, time: 35.31s, fitness max: 0.338259, min: 0.157996, mean: 0.249728
Generation  22, time: 35.19s, fitness max: 0.338259, min: 0.177018, mean: 0.254722
Generation  23, time: 36.28s, fitness max: 0.347818, min: 0.171093, mean: 0.255867
Generation  24, time: 35.75s, fitness max: 0.347818, min: 0.155273, mean: 0.254482
Generation  25, time: 35.58s, fitness max: 0.347818, min: 0.164146, mean: 0.258167
Generation  26, time: 35.73s, fitness max: 0.347818, min: 0.170121, mean: 0.260671
Generation  27, time: 36.45s, fitness max: 0.347818, min: 0.177519, mean: 0.263982
Generation  28, time: 35.71s, fitness max: 0.347818, min: 0.175522, mean: 0.267096
Generation  29, time: 35.48s, fitness max: 0.353657, min: 0.168912, mean: 0.270436
Generation  30, time: 35.96s, fitness max: 0.353657, min: 0.176394, mean: 0.269148
Generation  31, time: 36.46s, fitness max: 0.353657, min: 0.179789, mean: 0.276633
Generation  32, time: 36.05s, fitness max: 0.361564, min: 0.192553, mean: 0.276608
Generation  33, time: 35.57s, fitness max: 0.361564, min: 0.171825, mean: 0.278093
Generation  34, time: 35.49s, fitness max: 0.362451, min: 0.176893, mean: 0.280087
Generation  35, time: 36.30s, fitness max: 0.366465, min: 0.191218, mean: 0.281880
Generation  36, time: 35.70s, fitness max: 0.366465, min: 0.193089, mean: 0.282763
Generation  37, time: 35.54s, fitness max: 0.366465, min: 0.182722, mean: 0.283233
Generation  38, time: 36.12s, fitness max: 0.366465, min: 0.192419, mean: 0.286659
Generation  39, time: 35.96s, fitness max: 0.381719, min: 0.194974, mean: 0.288076
Generation  40, time: 35.82s, fitness max: 0.381719, min: 0.201828, mean: 0.291320
Generation  41, time: 35.67s, fitness max: 0.381719, min: 0.197557, mean: 0.292189
Generation  42, time: 35.72s, fitness max: 0.381719, min: 0.186735, mean: 0.297379
Generation  43, time: 35.97s, fitness max: 0.390829, min: 0.195651, mean: 0.299278
Generation  44, time: 36.56s, fitness max: 0.390829, min: 0.207023, mean: 0.302883
Generation  45, time: 35.62s, fitness max: 0.390829, min: 0.187258, mean: 0.305964
Generation  46, time: 35.47s, fitness max: 0.397715, min: 0.207876, mean: 0.305209
Generation  47, time: 36.14s, fitness max: 0.397715, min: 0.214067, mean: 0.308725
Generation  48, time: 35.56s, fitness max: 0.397715, min: 0.209446, mean: 0.310769
Generation  49, time: 36.24s, fitness max: 0.397715, min: 0.199614, mean: 0.314426
Generation  50, time: 36.06s, fitness max: 0.397715, min: 0.228270, mean: 0.315083
Generation  51, time: 36.34s, fitness max: 0.397715, min: 0.222501, mean: 0.314530
Generation  52, time: 35.77s, fitness max: 0.397715, min: 0.221751, mean: 0.315340
Generation  53, time: 35.86s, fitness max: 0.397715, min: 0.201134, mean: 0.316440
Generation  54, time: 35.04s, fitness max: 0.408349, min: 0.221003, mean: 0.318229
Generation  55, time: 36.15s, fitness max: 0.408349, min: 0.221003, mean: 0.318822
Generation  56, time: 35.76s, fitness max: 0.408349, min: 0.216115, mean: 0.319631
Generation  57, time: 35.88s, fitness max: 0.421959, min: 0.211458, mean: 0.321544
Generation  58, time: 35.49s, fitness max: 0.421959, min: 0.238891, mean: 0.325450
Generation  59, time: 35.97s, fitness max: 0.451062, min: 0.211314, mean: 0.329402
Generation  60, time: 36.15s, fitness max: 0.451062, min: 0.210450, mean: 0.330480
Generation  61, time: 35.29s, fitness max: 0.451062, min: 0.212180, mean: 0.332001
Generation  62, time: 36.25s, fitness max: 0.451062, min: 0.213922, mean: 0.334103
Generation  63, time: 35.17s, fitness max: 0.451062, min: 0.202246, mean: 0.335773
Generation  64, time: 42.64s, fitness max: 0.451062, min: 0.227963, mean: 0.336594
Generation  65, time: 36.11s, fitness max: 0.451062, min: 0.215089, mean: 0.339248
Generation  66, time: 35.68s, fitness max: 0.451062, min: 0.233845, mean: 0.342506
Generation  67, time: 1m 19s, fitness max: 0.451062, min: 0.216702, mean: 0.344512
Generation  68, time: 35.26s, fitness max: 0.451062, min: 0.223103, mean: 0.346937
Generation  69, time: 35.26s, fitness max: 0.451062, min: 0.233376, mean: 0.348395
Generation  70, time: 37.67s, fitness max: 0.451062, min: 0.231354, mean: 0.349257
Generation  71, time: 35.87s, fitness max: 0.451062, min: 0.238097, mean: 0.351523
Generation  72, time: 35.78s, fitness max: 0.451062, min: 0.259445, mean: 0.354422
Generation  73, time: 35.27s, fitness max: 0.451062, min: 0.261490, mean: 0.356413
Generation  74, time: 35.71s, fitness max: 0.451062, min: 0.235884, mean: 0.359458
Generation  75, time: 35.69s, fitness max: 0.451062, min: 0.243701, mean: 0.361719
Generation  76, time: 35.79s, fitness max: 0.451856, min: 0.250234, mean: 0.364250
Generation  77, time: 35.29s, fitness max: 0.451856, min: 0.254053, mean: 0.361504
Generation  78, time: 35.42s, fitness max: 0.451856, min: 0.253386, mean: 0.364323
Generation  79, time: 35.80s, fitness max: 0.451856, min: 0.247440, mean: 0.370131
Generation  80, time: 35.64s, fitness max: 0.451856, min: 0.274745, mean: 0.368184
Generation  81, time: 36.00s, fitness max: 0.461470, min: 0.250564, mean: 0.369209
Generation  82, time: 35.78s, fitness max: 0.461470, min: 0.237938, mean: 0.370287
Generation  83, time: 35.90s, fitness max: 0.461470, min: 0.263893, mean: 0.372359
Generation  84, time: 35.34s, fitness max: 0.463359, min: 0.276707, mean: 0.376174
Generation  85, time: 35.63s, fitness max: 0.463359, min: 0.279942, mean: 0.376090
Generation  86, time: 35.35s, fitness max: 0.463359, min: 0.265793, mean: 0.375414
Generation  87, time: 35.35s, fitness max: 0.465525, min: 0.274923, mean: 0.376863
Generation  88, time: 35.56s, fitness max: 0.465525, min: 0.272971, mean: 0.380713
Generation  89, time: 35.07s, fitness max: 0.465525, min: 0.296008, mean: 0.385249
Generation  90, time: 35.86s, fitness max: 0.480356, min: 0.258766, mean: 0.384670
Generation  91, time: 35.58s, fitness max: 0.480356, min: 0.253719, mean: 0.382980
Generation  92, time: 35.57s, fitness max: 0.483982, min: 0.285035, mean: 0.388665
Generation  93, time: 35.60s, fitness max: 0.483982, min: 0.272264, mean: 0.387823
Generation  94, time: 35.69s, fitness max: 0.483982, min: 0.264928, mean: 0.390652
Generation  95, time: 35.55s, fitness max: 0.483982, min: 0.282661, mean: 0.389827
Generation  96, time: 35.27s, fitness max: 0.496990, min: 0.271735, mean: 0.392285
Generation  97, time: 35.54s, fitness max: 0.496990, min: 0.268227, mean: 0.393647
Generation  98, time: 34.92s, fitness max: 0.496990, min: 0.262689, mean: 0.394958
Generation  99, time: 36.10s, fitness max: 0.496990, min: 0.262004, mean: 0.396290
Generation 100, time: 36.00s, fitness max: 0.496990, min: 0.278501, mean: 0.394904
Generation 101, time: 35.70s, fitness max: 0.496990, min: 0.282843, mean: 0.398617
Generation 102, time: 35.33s, fitness max: 0.496990, min: 0.300185, mean: 0.400535
Generation 103, time: 35.40s, fitness max: 0.496990, min: 0.306927, mean: 0.403917
Generation 104, time: 35.64s, fitness max: 0.496990, min: 0.265966, mean: 0.402884
Generation 105, time: 35.37s, fitness max: 0.496990, min: 0.295253, mean: 0.405854
Generation 106, time: 35.65s, fitness max: 0.501868, min: 0.304409, mean: 0.408808
Generation 107, time: 35.30s, fitness max: 0.501868, min: 0.288347, mean: 0.409143
Generation 108, time: 36.16s, fitness max: 0.501868, min: 0.300376, mean: 0.413869
Generation 109, time: 35.52s, fitness max: 0.503021, min: 0.277962, mean: 0.414137
Generation 110, time: 35.11s, fitness max: 0.509401, min: 0.286136, mean: 0.413566
Generation 111, time: 35.52s, fitness max: 0.509401, min: 0.304602, mean: 0.412153
Generation 112, time: 35.39s, fitness max: 0.520871, min: 0.287240, mean: 0.414333
Generation 113, time: 35.23s, fitness max: 0.520871, min: 0.313197, mean: 0.417013
Generation 114, time: 35.44s, fitness max: 0.520871, min: 0.297521, mean: 0.419482
Generation 115, time: 35.71s, fitness max: 0.520871, min: 0.303445, mean: 0.419732
Generation 116, time: 35.56s, fitness max: 0.520871, min: 0.296008, mean: 0.423489
Generation 117, time: 35.28s, fitness max: 0.520871, min: 0.322592, mean: 0.426141
Generation 118, time: 35.24s, fitness max: 0.520871, min: 0.343331, mean: 0.429569
Generation 119, time: 36.02s, fitness max: 0.520871, min: 0.300567, mean: 0.430424
Generation 120, time: 35.28s, fitness max: 0.520871, min: 0.275993, mean: 0.433890
Generation 121, time: 35.68s, fitness max: 0.520871, min: 0.351485, mean: 0.437615
Generation 122, time: 35.00s, fitness max: 0.520871, min: 0.322390, mean: 0.437418
Generation 123, time: 35.49s, fitness max: 0.531641, min: 0.334078, mean: 0.447216
Generation 124, time: 35.37s, fitness max: 0.531641, min: 0.306345, mean: 0.443309
Generation 125, time: 34.58s, fitness max: 0.531641, min: 0.334494, mean: 0.445526
Generation 126, time: 35.14s, fitness max: 0.531641, min: 0.346746, mean: 0.446643
Generation 127, time: 35.29s, fitness max: 0.531641, min: 0.347174, mean: 0.448138
Generation 128, time: 35.59s, fitness max: 0.547203, min: 0.336163, mean: 0.448781
Generation 129, time: 35.53s, fitness max: 0.547203, min: 0.313593, mean: 0.451509
Generation 130, time: 35.09s, fitness max: 0.547203, min: 0.318567, mean: 0.454514
Generation 131, time: 34.85s, fitness max: 0.547203, min: 0.300758, mean: 0.454702
Generation 132, time: 35.27s, fitness max: 0.547203, min: 0.347604, mean: 0.458029
Generation 133, time: 35.42s, fitness max: 0.547203, min: 0.284303, mean: 0.457047
Generation 134, time: 35.34s, fitness max: 0.547203, min: 0.334078, mean: 0.458837
Generation 135, time: 35.39s, fitness max: 0.547203, min: 0.356715, mean: 0.459922
Generation 136, time: 35.47s, fitness max: 0.547203, min: 0.346960, mean: 0.459920
Generation 137, time: 35.09s, fitness max: 0.547203, min: 0.281571, mean: 0.457378
Generation 138, time: 35.05s, fitness max: 0.547203, min: 0.329939, mean: 0.459468
Generation 139, time: 35.09s, fitness max: 0.547203, min: 0.364453, mean: 0.461847
Generation 140, time: 35.30s, fitness max: 0.547203, min: 0.308290, mean: 0.460787
Generation 141, time: 35.67s, fitness max: 0.547203, min: 0.356715, mean: 0.462109
Generation 142, time: 35.20s, fitness max: 0.548439, min: 0.348248, mean: 0.461504
Generation 143, time: 34.86s, fitness max: 0.548439, min: 0.310834, mean: 0.460687
Generation 144, time: 34.83s, fitness max: 0.548439, min: 0.300950, mean: 0.462650
Generation 145, time: 35.10s, fitness max: 0.548439, min: 0.350620, mean: 0.462694
Generation 146, time: 35.27s, fitness max: 0.548439, min: 0.342481, mean: 0.462823
Generation 147, time: 35.09s, fitness max: 0.549677, min: 0.348894, mean: 0.465063
Generation 148, time: 34.95s, fitness max: 0.549677, min: 0.352353, mean: 0.465106
Generation 149, time: 36.12s, fitness max: 0.549677, min: 0.355621, mean: 0.465196
Generation 150, time: 34.97s, fitness max: 0.549677, min: 0.314979, mean: 0.466681
Generation 151, time: 34.82s, fitness max: 0.550297, min: 0.354747, mean: 0.469176
Generation 152, time: 35.08s, fitness max: 0.550297, min: 0.332003, mean: 0.469518
Generation 153, time: 34.69s, fitness max: 0.553716, min: 0.370740, mean: 0.470009
Generation 154, time: 34.50s, fitness max: 0.553716, min: 0.361342, mean: 0.471366
Generation 155, time: 35.11s, fitness max: 0.553716, min: 0.343756, mean: 0.471240
Generation 156, time: 34.80s, fitness max: 0.553716, min: 0.355839, mean: 0.472864
Generation 157, time: 34.67s, fitness max: 0.553716, min: 0.349972, mean: 0.472608
Generation 158, time: 34.82s, fitness max: 0.556839, min: 0.369611, mean: 0.475910
Generation 159, time: 34.58s, fitness max: 0.556839, min: 0.379871, mean: 0.476869
Generation 160, time: 34.73s, fitness max: 0.556839, min: 0.373461, mean: 0.476938
Generation 161, time: 34.73s, fitness max: 0.556839, min: 0.363340, mean: 0.478317
Generation 162, time: 34.51s, fitness max: 0.556839, min: 0.369836, mean: 0.479825
Generation 163, time: 35.35s, fitness max: 0.559348, min: 0.379640, mean: 0.480831
Generation 164, time: 35.35s, fitness max: 0.559348, min: 0.384736, mean: 0.482645
Generation 165, time: 34.55s, fitness max: 0.559348, min: 0.370966, mean: 0.483607
Generation 166, time: 34.77s, fitness max: 0.559348, min: 0.370062, mean: 0.483888
Generation 167, time: 34.64s, fitness max: 0.563759, min: 0.374371, mean: 0.485470
Generation 168, time: 34.65s, fitness max: 0.563759, min: 0.380101, mean: 0.484195
Generation 169, time: 34.75s, fitness max: 0.563759, min: 0.362007, mean: 0.485015
Generation 170, time: 34.81s, fitness max: 0.563759, min: 0.339943, mean: 0.486083
Generation 171, time: 34.63s, fitness max: 0.580067, min: 0.395092, mean: 0.486672
Generation 172, time: 33.97s, fitness max: 0.580067, min: 0.362451, mean: 0.487281
Generation 173, time: 34.81s, fitness max: 0.580067, min: 0.378490, mean: 0.488370
Generation 174, time: 34.20s, fitness max: 0.580067, min: 0.377571, mean: 0.488528
Generation 175, time: 34.51s, fitness max: 0.580067, min: 0.374827, mean: 0.490623
Generation 176, time: 34.59s, fitness max: 0.580067, min: 0.356934, mean: 0.490626
Generation 177, time: 34.79s, fitness max: 0.580067, min: 0.368260, mean: 0.494712
Generation 178, time: 34.86s, fitness max: 0.580067, min: 0.366913, mean: 0.494360
Generation 179, time: 34.34s, fitness max: 0.580067, min: 0.357373, mean: 0.495371
Generation 180, time: 35.38s, fitness max: 0.580067, min: 0.382645, mean: 0.497653
Generation 181, time: 34.39s, fitness max: 0.580067, min: 0.370966, mean: 0.497668
Generation 182, time: 34.62s, fitness max: 0.580067, min: 0.351919, mean: 0.500233
Generation 183, time: 34.17s, fitness max: 0.580067, min: 0.383341, mean: 0.500116
Generation 184, time: 34.59s, fitness max: 0.580067, min: 0.401556, mean: 0.501320
Generation 185, time: 34.64s, fitness max: 0.580067, min: 0.389181, mean: 0.498491
Generation 186, time: 33.73s, fitness max: 0.580067, min: 0.346317, mean: 0.502168
Generation 187, time: 34.71s, fitness max: 0.580067, min: 0.367361, mean: 0.503716
Generation 188, time: 34.38s, fitness max: 0.580067, min: 0.389416, mean: 0.505917
Generation 189, time: 34.46s, fitness max: 0.580067, min: 0.385902, mean: 0.505400
Generation 190, time: 34.34s, fitness max: 0.585912, min: 0.415233, mean: 0.509987
Generation 191, time: 34.30s, fitness max: 0.586890, min: 0.396999, mean: 0.511820
Generation 192, time: 34.71s, fitness max: 0.586890, min: 0.395806, mean: 0.510536
Generation 193, time: 34.05s, fitness max: 0.586890, min: 0.384271, mean: 0.509621
Generation 194, time: 34.44s, fitness max: 0.604063, min: 0.408349, mean: 0.514555
Generation 195, time: 33.91s, fitness max: 0.604063, min: 0.357593, mean: 0.512959
Generation 196, time: 33.31s, fitness max: 0.604063, min: 0.379410, mean: 0.514861
Generation 197, time: 34.12s, fitness max: 0.604063, min: 0.400834, mean: 0.516649
Generation 198, time: 34.04s, fitness max: 0.604063, min: 0.373916, mean: 0.517052
Generation 199, time: 33.72s, fitness max: 0.604063, min: 0.407617, mean: 0.515464
Generation 200, time: 33.66s, fitness max: 0.604063, min: 0.392009, mean: 0.518027
Generation 201, time: 33.86s, fitness max: 0.604063, min: 0.396760, mean: 0.517274
Generation 202, time: 33.98s, fitness max: 0.604063, min: 0.403730, mean: 0.519814
Generation 203, time: 34.41s, fitness max: 0.604063, min: 0.430298, mean: 0.523699
Generation 204, time: 33.25s, fitness max: 0.604063, min: 0.404214, mean: 0.522527
Generation 205, time: 33.76s, fitness max: 0.604063, min: 0.406642, mean: 0.526888
Generation 206, time: 34.43s, fitness max: 0.604063, min: 0.399872, mean: 0.525695
Generation 207, time: 34.14s, fitness max: 0.604063, min: 0.390829, mean: 0.526129
Generation 208, time: 33.98s, fitness max: 0.604063, min: 0.421959, mean: 0.529090
Generation 209, time: 34.18s, fitness max: 0.604063, min: 0.389416, mean: 0.528394
Generation 210, time: 34.06s, fitness max: 0.604063, min: 0.414738, mean: 0.530698
Generation 211, time: 33.54s, fitness max: 0.604063, min: 0.456109, mean: 0.534055
Generation 212, time: 33.94s, fitness max: 0.604063, min: 0.396999, mean: 0.532540
Generation 213, time: 33.84s, fitness max: 0.609427, min: 0.402762, mean: 0.534886
Generation 214, time: 33.91s, fitness max: 0.609427, min: 0.406156, mean: 0.536238
Generation 215, time: 33.61s, fitness max: 0.609427, min: 0.393430, mean: 0.534687
Generation 216, time: 33.69s, fitness max: 0.609427, min: 0.422210, mean: 0.534771
Generation 217, time: 33.76s, fitness max: 0.609427, min: 0.381025, mean: 0.540732
Generation 218, time: 34.24s, fitness max: 0.609427, min: 0.463629, mean: 0.539176
Generation 219, time: 34.42s, fitness max: 0.609427, min: 0.436703, mean: 0.540003
Generation 220, time: 33.65s, fitness max: 0.609427, min: 0.406399, mean: 0.540204
Generation 221, time: 33.77s, fitness max: 0.609427, min: 0.443705, mean: 0.540426
Generation 222, time: 33.39s, fitness max: 0.609427, min: 0.399392, mean: 0.540054
Generation 223, time: 33.11s, fitness max: 0.609427, min: 0.417217, mean: 0.539646
Generation 224, time: 33.46s, fitness max: 0.627468, min: 0.436188, mean: 0.541594
Generation 225, time: 33.83s, fitness max: 0.627468, min: 0.440063, mean: 0.542074
Generation 226, time: 33.78s, fitness max: 0.627468, min: 0.417217, mean: 0.541663
Generation 227, time: 33.60s, fitness max: 0.627468, min: 0.451062, mean: 0.541756
Generation 228, time: 33.53s, fitness max: 0.627468, min: 0.410061, mean: 0.543721
Generation 229, time: 33.33s, fitness max: 0.627468, min: 0.454776, mean: 0.541872
Generation 230, time: 33.57s, fitness max: 0.627468, min: 0.404699, mean: 0.543890
Generation 231, time: 34.22s, fitness max: 0.627468, min: 0.412764, mean: 0.545939
Generation 232, time: 33.69s, fitness max: 0.627468, min: 0.432851, mean: 0.548159
Generation 233, time: 33.69s, fitness max: 0.627468, min: 0.436188, mean: 0.549475
Generation 234, time: 33.06s, fitness max: 0.627468, min: 0.441101, mean: 0.552488
Generation 235, time: 34.41s, fitness max: 0.627468, min: 0.468243, mean: 0.551033
Generation 236, time: 33.47s, fitness max: 0.627468, min: 0.463629, mean: 0.554118
Generation 237, time: 33.29s, fitness max: 0.627468, min: 0.437993, mean: 0.554065
Generation 238, time: 34.39s, fitness max: 0.627468, min: 0.454244, mean: 0.554686
Generation 239, time: 33.45s, fitness max: 0.627468, min: 0.391065, mean: 0.556862
Generation 240, time: 33.39s, fitness max: 0.627468, min: 0.429026, mean: 0.555208
Generation 241, time: 33.98s, fitness max: 0.627468, min: 0.420707, mean: 0.555195
Generation 242, time: 33.82s, fitness max: 0.627468, min: 0.454776, mean: 0.556862
Generation 243, time: 33.46s, fitness max: 0.627468, min: 0.429280, mean: 0.559057
Generation 244, time: 33.35s, fitness max: 0.627468, min: 0.422712, mean: 0.556551
Generation 245, time: 33.12s, fitness max: 0.627468, min: 0.444489, mean: 0.560192
Generation 246, time: 33.14s, fitness max: 0.627468, min: 0.464170, mean: 0.560773
Generation 247, time: 33.16s, fitness max: 0.627468, min: 0.473168, mean: 0.560305
Generation 248, time: 33.54s, fitness max: 0.631266, min: 0.401556, mean: 0.560116
Generation 249, time: 33.51s, fitness max: 0.631266, min: 0.457445, mean: 0.561837
Generation 250, time: 33.37s, fitness max: 0.631266, min: 0.411534, mean: 0.564201
Generation 251, time: 33.19s, fitness max: 0.631266, min: 0.469607, mean: 0.562758
Generation 252, time: 33.55s, fitness max: 0.634734, min: 0.428772, mean: 0.563442
Generation 253, time: 33.90s, fitness max: 0.634734, min: 0.445535, mean: 0.563355
Generation 254, time: 33.77s, fitness max: 0.634734, min: 0.466882, mean: 0.568031
Generation 255, time: 33.20s, fitness max: 0.636822, min: 0.428011, mean: 0.565694
Generation 256, time: 33.63s, fitness max: 0.636822, min: 0.489887, mean: 0.567262
Generation 257, time: 33.51s, fitness max: 0.636822, min: 0.464441, mean: 0.568799
Generation 258, time: 33.44s, fitness max: 0.636822, min: 0.469880, mean: 0.570174
Generation 259, time: 32.66s, fitness max: 0.636822, min: 0.443966, mean: 0.571052
Generation 260, time: 33.58s, fitness max: 0.636822, min: 0.437477, mean: 0.570768
Generation 261, time: 33.44s, fitness max: 0.636822, min: 0.457712, mean: 0.571758
Generation 262, time: 33.48s, fitness max: 0.636822, min: 0.458515, mean: 0.574118
Generation 263, time: 33.47s, fitness max: 0.650884, min: 0.447897, mean: 0.573793
Generation 264, time: 33.33s, fitness max: 0.650884, min: 0.493002, mean: 0.575755
Generation 265, time: 33.93s, fitness max: 0.650884, min: 0.473443, mean: 0.573962
Generation 266, time: 34.18s, fitness max: 0.650884, min: 0.436188, mean: 0.574887
Generation 267, time: 33.21s, fitness max: 0.650884, min: 0.405912, mean: 0.576495
Generation 268, time: 33.38s, fitness max: 0.650884, min: 0.433107, mean: 0.576318
Generation 269, time: 33.08s, fitness max: 0.650884, min: 0.474819, mean: 0.577780
Generation 270, time: 33.05s, fitness max: 0.650884, min: 0.440063, mean: 0.579074
Generation 271, time: 33.35s, fitness max: 0.650884, min: 0.458783, mean: 0.578777
Generation 272, time: 33.92s, fitness max: 0.650884, min: 0.456109, mean: 0.579531
Generation 273, time: 33.52s, fitness max: 0.650884, min: 0.460663, mean: 0.579906
Generation 274, time: 33.30s, fitness max: 0.650884, min: 0.480078, mean: 0.582060
Generation 275, time: 32.87s, fitness max: 0.650884, min: 0.475371, mean: 0.579716
Generation 276, time: 33.53s, fitness max: 0.650884, min: 0.463629, mean: 0.583095
Generation 277, time: 33.63s, fitness max: 0.650884, min: 0.464982, mean: 0.581346
Generation 278, time: 33.66s, fitness max: 0.650884, min: 0.411288, mean: 0.582679
Generation 279, time: 32.94s, fitness max: 0.650884, min: 0.476475, mean: 0.582850
Generation 280, time: 33.80s, fitness max: 0.650884, min: 0.423717, mean: 0.583820
Generation 281, time: 33.46s, fitness max: 0.650884, min: 0.482585, mean: 0.582404
Generation 282, time: 32.94s, fitness max: 0.650884, min: 0.481469, mean: 0.584580
Generation 283, time: 33.92s, fitness max: 0.650884, min: 0.483144, mean: 0.584440
Generation 284, time: 33.96s, fitness max: 0.650884, min: 0.472894, mean: 0.581106
Generation 285, time: 33.45s, fitness max: 0.650884, min: 0.452386, mean: 0.582124
Generation 286, time: 33.17s, fitness max: 0.650884, min: 0.450797, mean: 0.581629
Generation 287, time: 33.70s, fitness max: 0.650884, min: 0.472619, mean: 0.584307
Generation 288, time: 33.70s, fitness max: 0.650884, min: 0.491867, mean: 0.585103
Generation 289, time: 33.45s, fitness max: 0.650884, min: 0.467426, mean: 0.585429
Generation 290, time: 33.85s, fitness max: 0.650884, min: 0.463359, mean: 0.586283
Generation 291, time: 33.60s, fitness max: 0.650884, min: 0.474269, mean: 0.586727
Generation 292, time: 33.53s, fitness max: 0.650884, min: 0.503021, mean: 0.588288
Generation 293, time: 33.28s, fitness max: 0.650884, min: 0.489040, mean: 0.588601
Generation 294, time: 33.27s, fitness max: 0.650884, min: 0.427504, mean: 0.587905
Generation 295, time: 33.60s, fitness max: 0.650884, min: 0.460932, mean: 0.588670
Generation 296, time: 33.42s, fitness max: 0.650884, min: 0.462279, mean: 0.588982
Generation 297, time: 33.70s, fitness max: 0.650884, min: 0.488476, mean: 0.587848
Generation 298, time: 33.31s, fitness max: 0.651239, min: 0.436961, mean: 0.589309
Generation 299, time: 33.21s, fitness max: 0.651239, min: 0.468516, mean: 0.590137
Generation 300, time: 33.27s, fitness max: 0.657650, min: 0.489322, mean: 0.590227
Generation 301, time: 33.88s, fitness max: 0.657650, min: 0.498421, mean: 0.593757
Generation 302, time: 33.83s, fitness max: 0.657650, min: 0.485103, mean: 0.596449
Generation 303, time: 33.49s, fitness max: 0.659440, min: 0.457445, mean: 0.594170
Generation 304, time: 33.74s, fitness max: 0.659440, min: 0.514670, mean: 0.594649
Generation 305, time: 33.19s, fitness max: 0.659440, min: 0.501580, mean: 0.594188
Generation 306, time: 33.58s, fitness max: 0.663391, min: 0.467154, mean: 0.595304
Generation 307, time: 33.76s, fitness max: 0.663391, min: 0.487068, mean: 0.596392
Generation 308, time: 33.66s, fitness max: 0.663391, min: 0.491301, mean: 0.597503
Generation 309, time: 33.35s, fitness max: 0.663391, min: 0.499855, mean: 0.596676
Generation 310, time: 34.37s, fitness max: 0.663391, min: 0.449214, mean: 0.598523
Generation 311, time: 33.62s, fitness max: 0.663391, min: 0.481469, mean: 0.599731
Generation 312, time: 34.07s, fitness max: 0.664833, min: 0.440582, mean: 0.600517
Generation 313, time: 33.49s, fitness max: 0.664833, min: 0.442142, mean: 0.598445
Generation 314, time: 33.28s, fitness max: 0.664833, min: 0.489322, mean: 0.600418
Generation 315, time: 33.19s, fitness max: 0.664833, min: 0.483703, mean: 0.598473
Generation 316, time: 33.68s, fitness max: 0.664833, min: 0.500429, mean: 0.601193
Generation 317, time: 33.28s, fitness max: 0.664833, min: 0.506784, mean: 0.604330
Generation 318, time: 33.59s, fitness max: 0.664833, min: 0.529233, mean: 0.603532
Generation 319, time: 33.55s, fitness max: 0.664833, min: 0.491867, mean: 0.603153
Generation 320, time: 33.91s, fitness max: 0.664833, min: 0.500142, mean: 0.603045
Generation 321, time: 33.75s, fitness max: 0.672806, min: 0.491584, mean: 0.602855
Generation 322, time: 33.88s, fitness max: 0.672806, min: 0.489887, mean: 0.603494
Generation 323, time: 33.96s, fitness max: 0.672806, min: 0.507364, mean: 0.607077
Generation 324, time: 33.18s, fitness max: 0.672806, min: 0.504465, mean: 0.606702
Generation 325, time: 33.29s, fitness max: 0.672806, min: 0.459051, mean: 0.607371
Generation 326, time: 33.24s, fitness max: 0.672806, min: 0.504755, mean: 0.605161
Generation 327, time: 33.68s, fitness max: 0.672806, min: 0.500717, mean: 0.609685
Generation 328, time: 33.23s, fitness max: 0.672806, min: 0.514082, mean: 0.609124
Generation 329, time: 33.42s, fitness max: 0.672806, min: 0.489887, mean: 0.612110
Generation 330, time: 33.77s, fitness max: 0.672806, min: 0.459857, mean: 0.610568
Generation 331, time: 33.39s, fitness max: 0.672806, min: 0.509985, mean: 0.610923
Generation 332, time: 33.24s, fitness max: 0.672806, min: 0.496134, mean: 0.611434
Generation 333, time: 33.97s, fitness max: 0.672806, min: 0.522357, mean: 0.611408
Generation 334, time: 33.53s, fitness max: 0.672806, min: 0.517025, mean: 0.612654
Generation 335, time: 33.38s, fitness max: 0.672806, min: 0.495848, mean: 0.611664
Generation 336, time: 33.69s, fitness max: 0.672806, min: 0.535574, mean: 0.612440
Generation 337, time: 33.81s, fitness max: 0.672806, min: 0.526534, mean: 0.612518
Generation 338, time: 33.59s, fitness max: 0.672806, min: 0.487912, mean: 0.611876
Generation 339, time: 33.48s, fitness max: 0.672806, min: 0.509693, mean: 0.611901
Generation 340, time: 33.34s, fitness max: 0.672806, min: 0.494139, mean: 0.611207
Generation 341, time: 33.24s, fitness max: 0.672806, min: 0.511738, mean: 0.610745
Generation 342, time: 33.96s, fitness max: 0.672806, min: 0.521168, mean: 0.612459
Generation 343, time: 33.99s, fitness max: 0.672806, min: 0.490452, mean: 0.611892
Generation 344, time: 33.26s, fitness max: 0.672806, min: 0.522357, mean: 0.611531
Generation 345, time: 33.34s, fitness max: 0.672806, min: 0.523845, mean: 0.611588
Generation 346, time: 33.76s, fitness max: 0.672806, min: 0.510568, mean: 0.611792
Generation 347, time: 33.41s, fitness max: 0.672806, min: 0.538006, mean: 0.611364
Generation 348, time: 33.59s, fitness max: 0.672806, min: 0.496705, mean: 0.611269
Generation 349, time: 33.15s, fitness max: 0.672806, min: 0.502732, mean: 0.614631
Generation 350, time: 33.69s, fitness max: 0.675724, min: 0.477304, mean: 0.611991
Generation 351, time: 33.56s, fitness max: 0.675724, min: 0.487631, mean: 0.613147
Generation 352, time: 34.32s, fitness max: 0.675724, min: 0.508819, mean: 0.614140
Generation 353, time: 33.76s, fitness max: 0.675724, min: 0.520871, mean: 0.614749
Generation 354, time: 33.45s, fitness max: 0.675724, min: 0.490735, mean: 0.614615
Generation 355, time: 33.13s, fitness max: 0.675724, min: 0.499568, mean: 0.615379
Generation 356, time: 34.37s, fitness max: 0.675724, min: 0.520871, mean: 0.615187
Generation 357, time: 33.99s, fitness max: 0.675724, min: 0.525039, mean: 0.616879
Generation 358, time: 33.52s, fitness max: 0.675724, min: 0.517911, mean: 0.619631
Generation 359, time: 33.77s, fitness max: 0.675724, min: 0.523845, mean: 0.616535
Generation 360, time: 32.88s, fitness max: 0.675724, min: 0.490735, mean: 0.615941
Generation 361, time: 33.86s, fitness max: 0.675724, min: 0.507946, mean: 0.617318
Generation 362, time: 33.91s, fitness max: 0.675724, min: 0.512030, mean: 0.616917
Generation 363, time: 33.35s, fitness max: 0.675724, min: 0.518502, mean: 0.618155
Generation 364, time: 33.19s, fitness max: 0.675724, min: 0.508819, mean: 0.614493
Generation 365, time: 33.65s, fitness max: 0.675724, min: 0.512616, mean: 0.616279
Generation 366, time: 33.39s, fitness max: 0.675724, min: 0.508528, mean: 0.615042
Generation 367, time: 33.65s, fitness max: 0.675724, min: 0.501868, mean: 0.615033
Generation 368, time: 33.18s, fitness max: 0.675724, min: 0.456910, mean: 0.615628
Generation 369, time: 33.33s, fitness max: 0.675724, min: 0.520575, mean: 0.616718
Generation 370, time: 33.93s, fitness max: 0.675724, min: 0.498135, mean: 0.615206
Generation 371, time: 33.64s, fitness max: 0.675724, min: 0.506493, mean: 0.617348
Generation 372, time: 33.39s, fitness max: 0.675724, min: 0.548130, mean: 0.615988
Generation 373, time: 33.36s, fitness max: 0.675724, min: 0.530737, mean: 0.618695
Generation 374, time: 33.91s, fitness max: 0.675724, min: 0.502156, mean: 0.617885
Generation 375, time: 33.20s, fitness max: 0.677553, min: 0.531641, mean: 0.617350
Generation 376, time: 33.77s, fitness max: 0.677553, min: 0.523845, mean: 0.617493
Generation 377, time: 33.85s, fitness max: 0.677553, min: 0.477858, mean: 0.618827
Generation 378, time: 33.67s, fitness max: 0.677553, min: 0.515847, mean: 0.618438
Generation 379, time: 33.75s, fitness max: 0.677553, min: 0.517911, mean: 0.618194
Generation 380, time: 32.80s, fitness max: 0.677553, min: 0.524442, mean: 0.620311
Generation 381, time: 33.53s, fitness max: 0.677553, min: 0.511738, mean: 0.620975
Generation 382, time: 33.59s, fitness max: 0.677553, min: 0.521168, mean: 0.619446
Generation 383, time: 33.64s, fitness max: 0.677553, min: 0.508528, mean: 0.620323
Generation 384, time: 33.69s, fitness max: 0.677553, min: 0.556839, mean: 0.622481
Generation 385, time: 33.70s, fitness max: 0.677553, min: 0.534059, mean: 0.622475
Generation 386, time: 33.25s, fitness max: 0.677553, min: 0.505913, mean: 0.621999
Generation 387, time: 33.73s, fitness max: 0.677553, min: 0.515552, mean: 0.621029
Generation 388, time: 33.78s, fitness max: 0.677553, min: 0.486506, mean: 0.620851
Generation 389, time: 33.90s, fitness max: 0.677553, min: 0.534059, mean: 0.619977
Generation 390, time: 33.51s, fitness max: 0.677553, min: 0.542896, mean: 0.621383
Generation 391, time: 33.42s, fitness max: 0.677553, min: 0.523250, mean: 0.621219
Generation 392, time: 34.04s, fitness max: 0.677553, min: 0.514376, mean: 0.621160
Generation 393, time: 33.27s, fitness max: 0.677553, min: 0.485103, mean: 0.622347
Generation 394, time: 33.43s, fitness max: 0.677553, min: 0.533454, mean: 0.621945
Generation 395, time: 33.59s, fitness max: 0.677553, min: 0.524740, mean: 0.622383
Generation 396, time: 34.19s, fitness max: 0.677553, min: 0.511153, mean: 0.624875
Generation 397, time: 33.85s, fitness max: 0.677553, min: 0.515258, mean: 0.621654
Generation 398, time: 33.85s, fitness max: 0.677553, min: 0.519389, mean: 0.624480
Generation 399, time: 33.59s, fitness max: 0.677553, min: 0.514964, mean: 0.625181
Generation 400, time: 33.35s, fitness max: 0.677553, min: 0.504755, mean: 0.623386
Generation 401, time: 33.33s, fitness max: 0.677553, min: 0.486787, mean: 0.623652
Generation 402, time: 33.38s, fitness max: 0.686758, min: 0.496705, mean: 0.625112
Generation 403, time: 33.32s, fitness max: 0.686758, min: 0.516436, mean: 0.625612
Generation 404, time: 33.94s, fitness max: 0.686758, min: 0.496705, mean: 0.623390
Generation 405, time: 33.60s, fitness max: 0.686758, min: 0.531641, mean: 0.624599
Generation 406, time: 33.34s, fitness max: 0.686758, min: 0.502156, mean: 0.625919
Generation 407, time: 33.58s, fitness max: 0.686758, min: 0.531641, mean: 0.626745
Generation 408, time: 33.94s, fitness max: 0.686758, min: 0.538006, mean: 0.626210
Generation 409, time: 33.83s, fitness max: 0.686758, min: 0.491867, mean: 0.625702
Generation 410, time: 33.64s, fitness max: 0.686758, min: 0.536789, mean: 0.624591
Generation 411, time: 34.14s, fitness max: 0.686758, min: 0.497276, mean: 0.623349
Generation 412, time: 34.38s, fitness max: 0.686758, min: 0.473443, mean: 0.624230
Generation 413, time: 33.42s, fitness max: 0.686758, min: 0.526534, mean: 0.623081
Generation 414, time: 33.64s, fitness max: 0.686758, min: 0.502156, mean: 0.623182
Generation 415, time: 34.16s, fitness max: 0.686758, min: 0.553716, mean: 0.625241
Generation 416, time: 33.26s, fitness max: 0.686758, min: 0.487631, mean: 0.623854
Generation 417, time: 34.12s, fitness max: 0.686758, min: 0.533756, mean: 0.625444
Generation 418, time: 34.13s, fitness max: 0.686758, min: 0.502156, mean: 0.624575
Generation 419, time: 33.96s, fitness max: 0.686758, min: 0.505334, mean: 0.627223
Generation 420, time: 34.05s, fitness max: 0.686758, min: 0.544124, mean: 0.627195
Generation 421, time: 33.92s, fitness max: 0.686758, min: 0.531641, mean: 0.625254
Generation 422, time: 33.70s, fitness max: 0.686758, min: 0.494708, mean: 0.625680
Generation 423, time: 33.17s, fitness max: 0.686758, min: 0.539530, mean: 0.627174
Generation 424, time: 33.53s, fitness max: 0.686758, min: 0.521168, mean: 0.627711
Generation 425, time: 33.73s, fitness max: 0.686758, min: 0.520871, mean: 0.625607
Generation 426, time: 33.42s, fitness max: 0.686758, min: 0.520575, mean: 0.627437
Generation 427, time: 33.47s, fitness max: 0.686758, min: 0.507364, mean: 0.625256
Generation 428, time: 33.48s, fitness max: 0.686758, min: 0.489887, mean: 0.628688
Generation 429, time: 33.16s, fitness max: 0.686758, min: 0.507946, mean: 0.627296
Generation 430, time: 34.02s, fitness max: 0.686758, min: 0.535574, mean: 0.627269
Generation 431, time: 33.57s, fitness max: 0.686758, min: 0.528632, mean: 0.627360
Generation 432, time: 33.28s, fitness max: 0.686758, min: 0.499568, mean: 0.627971
Generation 433, time: 33.88s, fitness max: 0.686758, min: 0.537701, mean: 0.627437
Generation 434, time: 33.76s, fitness max: 0.686758, min: 0.531943, mean: 0.628503
Generation 435, time: 33.51s, fitness max: 0.686758, min: 0.548130, mean: 0.629179
Generation 436, time: 33.62s, fitness max: 0.686758, min: 0.517025, mean: 0.627237
Generation 437, time: 34.09s, fitness max: 0.686758, min: 0.521168, mean: 0.627312
Generation 438, time: 33.81s, fitness max: 0.686758, min: 0.504176, mean: 0.627531
Generation 439, time: 33.80s, fitness max: 0.686758, min: 0.477581, mean: 0.628048
Generation 440, time: 33.23s, fitness max: 0.686758, min: 0.529834, mean: 0.627208
Generation 441, time: 33.55s, fitness max: 0.686758, min: 0.503598, mean: 0.627345
Generation 442, time: 33.76s, fitness max: 0.686758, min: 0.518502, mean: 0.628351
Generation 443, time: 32.90s, fitness max: 0.686758, min: 0.519093, mean: 0.628281
Generation 444, time: 33.04s, fitness max: 0.686758, min: 0.539835, mean: 0.629491
Generation 445, time: 33.39s, fitness max: 0.686758, min: 0.549058, mean: 0.629325
Generation 446, time: 33.55s, fitness max: 0.686758, min: 0.516436, mean: 0.629516
Generation 447, time: 33.19s, fitness max: 0.686758, min: 0.496705, mean: 0.629203
Generation 448, time: 33.88s, fitness max: 0.686758, min: 0.486225, mean: 0.630083
Generation 449, time: 34.13s, fitness max: 0.686758, min: 0.533151, mean: 0.630684
Generation 450, time: 34.17s, fitness max: 0.686758, min: 0.526833, mean: 0.630179
Generation 451, time: 33.03s, fitness max: 0.692329, min: 0.504176, mean: 0.630375
Generation 452, time: 33.85s, fitness max: 0.692329, min: 0.526234, mean: 0.630594
Generation 453, time: 33.70s, fitness max: 0.692329, min: 0.538615, mean: 0.630619
Generation 454, time: 33.44s, fitness max: 0.692329, min: 0.487631, mean: 0.631966
Generation 455, time: 33.18s, fitness max: 0.692329, min: 0.551849, mean: 0.631577
Generation 456, time: 33.41s, fitness max: 0.692329, min: 0.489887, mean: 0.632619
Generation 457, time: 33.15s, fitness max: 0.692329, min: 0.529533, mean: 0.630728
Generation 458, time: 33.47s, fitness max: 0.692329, min: 0.485663, mean: 0.631161
Generation 459, time: 34.04s, fitness max: 0.692329, min: 0.416472, mean: 0.631503
Generation 460, time: 33.30s, fitness max: 0.692329, min: 0.522654, mean: 0.630854
Generation 461, time: 32.84s, fitness max: 0.692329, min: 0.471248, mean: 0.631474
Generation 462, time: 33.60s, fitness max: 0.692329, min: 0.511153, mean: 0.629591
Generation 463, time: 33.54s, fitness max: 0.692329, min: 0.528332, mean: 0.633730
Generation 464, time: 33.89s, fitness max: 0.692329, min: 0.491018, mean: 0.630889
Generation 465, time: 33.89s, fitness max: 0.692329, min: 0.515552, mean: 0.633186
Generation 466, time: 33.88s, fitness max: 0.692329, min: 0.537093, mean: 0.633030
Generation 467, time: 33.44s, fitness max: 0.692329, min: 0.525337, mean: 0.631825
Generation 468, time: 33.87s, fitness max: 0.692329, min: 0.476199, mean: 0.631038
Generation 469, time: 33.33s, fitness max: 0.692329, min: 0.550297, mean: 0.631722
Generation 470, time: 33.25s, fitness max: 0.692329, min: 0.467698, mean: 0.632416
Generation 471, time: 33.78s, fitness max: 0.692329, min: 0.537397, mean: 0.631109
Generation 472, time: 33.72s, fitness max: 0.692329, min: 0.500429, mean: 0.631545
Generation 473, time: 32.90s, fitness max: 0.692329, min: 0.502156, mean: 0.630925
Generation 474, time: 33.55s, fitness max: 0.692329, min: 0.515552, mean: 0.634036
Generation 475, time: 33.24s, fitness max: 0.692329, min: 0.525039, mean: 0.633142
Generation 476, time: 33.56s, fitness max: 0.692329, min: 0.481469, mean: 0.629632
Generation 477, time: 33.47s, fitness max: 0.692329, min: 0.527132, mean: 0.632478
Generation 478, time: 33.25s, fitness max: 0.692329, min: 0.490169, mean: 0.631968
Generation 479, time: 33.46s, fitness max: 0.692329, min: 0.492434, mean: 0.631798
Generation 480, time: 33.52s, fitness max: 0.692329, min: 0.524442, mean: 0.632189
Generation 481, time: 34.19s, fitness max: 0.692329, min: 0.476475, mean: 0.629865
Generation 482, time: 33.49s, fitness max: 0.692329, min: 0.524442, mean: 0.630961
Generation 483, time: 33.46s, fitness max: 0.692329, min: 0.494424, mean: 0.633264
Generation 484, time: 33.52s, fitness max: 0.692329, min: 0.485383, mean: 0.631539
Generation 485, time: 33.12s, fitness max: 0.692329, min: 0.514964, mean: 0.632543
Generation 486, time: 32.66s, fitness max: 0.692329, min: 0.514964, mean: 0.630492
Generation 487, time: 33.86s, fitness max: 0.692329, min: 0.510861, mean: 0.629967
Generation 488, time: 33.60s, fitness max: 0.692329, min: 0.463629, mean: 0.630464
Generation 489, time: 34.01s, fitness max: 0.692329, min: 0.473443, mean: 0.632304
Generation 490, time: 33.96s, fitness max: 0.692329, min: 0.520871, mean: 0.630343
Generation 491, time: 37.43s, fitness max: 0.692329, min: 0.499568, mean: 0.630060
Generation 492, time: 33.26s, fitness max: 0.692329, min: 0.513789, mean: 0.627915
Generation 493, time: 32.94s, fitness max: 0.692329, min: 0.405912, mean: 0.630682
Generation 494, time: 33.41s, fitness max: 0.692329, min: 0.513789, mean: 0.630570
Generation 495, time: 33.20s, fitness max: 0.692329, min: 0.492434, mean: 0.631385
Generation 496, time: 33.05s, fitness max: 0.692329, min: 0.503887, mean: 0.630449
Generation 497, time: 34.07s, fitness max: 0.692329, min: 0.534665, mean: 0.631817
Generation 498, time: 33.19s, fitness max: 0.692329, min: 0.484542, mean: 0.631037
Generation 499, time: 33.63s, fitness max: 0.692329, min: 0.490169, mean: 0.628640
Generation 500, time: 32.73s, fitness max: 0.692329, min: 0.471522, mean: 0.629753
Evolution finished, top-10 members:
member   1, fitness=0.692329
member   2, fitness=0.686758
member   3, fitness=0.686388
member   4, fitness=0.686388
member   5, fitness=0.685279
member   6, fitness=0.68454
member   7, fitness=0.683802
member   8, fitness=0.683433
member   9, fitness=0.683433
member  10, fitness=0.683064
Trained in  0.10s.
Validation set predicted with 0.8502 accuracy.
Accuracy  = 0.8175
Precision = 0.825437
Recall    = 0.814413
F1        = 0.819888
Confusion matrix:
 913    0    5   13    2    8   20   10    2    7
   0 1054   13    5    0    0    5    1   51    6
  10   16  841   14    9    0   34   28   63   17
   5    1   47  849    1   58    9   25    9    6
   2   45    9    0  667    0    8   10    8  233
  12   32    8   75    5  611   23   79   24   23
  21   13   26    2    7   21  822    5    4   37
   1   24   43   23    3    0    0  860   24   50
  17   15   15  118    4   17   12   23  714   39
   5    7   14   25   24    3    5   59   23  844
CNN trained in  2.08s.
Accuracy  = 0.815
Precision = 0.83146
Recall    = 0.812681
F1        = 0.821963
Confusion matrix:
 945    1    5    1    7    1    3    1    4   12
   0 1107    4    4    0    2    1    1   14    2
  12    4  853   23    9    1   71   26   14   19
   0    2   86  829    0   67    1    7   12    6
   4  141    0    1  693    0   12    0   15  116
  21    2   15   30    0  735    5   50   18   16
  51   10    7    0    6   10  710    0    3  161
   6   13   63   62    1    0    0  689   11  183
  20    7   38  106    5   23    8   13  673   81
  11    5    0   15   12    0    3   14   33  916
