Using CPU, 10 threads with OpenMP
Training data: [2000,784] 6.0 MB
Validation data: [5000,784] 15.0 MB
Testing data: [10000,784] 29.9 MB
Network: mnistcnn
Input layer, shape:[28,28]
Conv2D(ReLU) shape:[24,24,6] (k:5,s:1,pad:no), parameters:150, memory:14.1 KB
Maxpool2D shape:[12,12,6] (k:2,s:2), parameters:0, memory:3.4 KB
Conv2D(ReLU) shape:[8,8,16] (k:5,s:1,pad:no), parameters:2400, memory:13.4 KB
Maxpool2D shape:[4,4,16] (k:2,s:2), parameters:0, memory:1.0 KB
Conv2D(ReLU) shape:[1,120] (k:4,s:1,pad:no), parameters:30720, memory:120.5 KB
Dense(ReLU) shape:[84], parameters:10164, memory:40.0 KB
Softmax shape:[10], parameters:850, memory:3.4 KB

Training...
epoch: 1, time: 0.5 secs (speed 0.0), loss (SoftmaxCE): 4601.9839, validation accuracy: 0.1512
epoch: 2, time: 0.5 secs (speed 0.0), loss (SoftmaxCE): 4589.1040, validation accuracy: 0.1876
epoch: 3, time: 0.5 secs (speed 5000.0), loss (SoftmaxCE): 4572.9199, validation accuracy: 0.2478
epoch: 4, time: 0.5 secs (speed 5000.0), loss (SoftmaxCE): 4543.9780, validation accuracy: 0.3276
epoch: 5, time: 0.5 secs (speed 5000.0), loss (SoftmaxCE): 4480.8657, validation accuracy: 0.4364
epoch: 6, time: 0.6 secs (speed 5000.0), loss (SoftmaxCE): 4336.1724, validation accuracy: 0.6006
epoch: 7, time: 0.5 secs (speed 5000.0), loss (SoftmaxCE): 4127.4736, validation accuracy: 0.7170
epoch: 8, time: 0.5 secs (speed 5000.0), loss (SoftmaxCE): 3965.8367, validation accuracy: 0.7810
epoch: 9, time: 0.5 secs (speed 5000.0), loss (SoftmaxCE): 3857.2764, validation accuracy: 0.8172
epoch: 10, time: 0.5 secs (speed 5000.0), loss (SoftmaxCE): 3783.3713, validation accuracy: 0.8356
epoch: 11, time: 0.5 secs (speed 3333.3), loss (SoftmaxCE): 3727.2185, validation accuracy: 0.8444
epoch: 12, time: 0.5 secs (speed 3333.3), loss (SoftmaxCE): 3676.1152, validation accuracy: 0.8550
epoch: 13, time: 0.5 secs (speed 5000.0), loss (SoftmaxCE): 3630.8589, validation accuracy: 0.8578
epoch: 14, time: 0.5 secs (speed 5000.0), loss (SoftmaxCE): 3587.4556, validation accuracy: 0.8586
epoch: 15, time: 0.5 secs (speed 5000.0), loss (SoftmaxCE): 3546.5400, validation accuracy: 0.8588
Trained in 8.0 secs.
Training set predicted in 0.1 secs with 0.4685 accuracy.
Test set predicted in 0.3 secs with 0.8478 accuracy.
Accuracy  = 0.8478
Precision = 0.862046
Recall    = 0.846344
F1        = 0.854123
Confusion matrix:
 918   28   30    0    0   11   10    1    0   11
  29  853   17   12    7   19   23    5    1    8
  97   67  806    0    0   13    5   30    5    5
   3   25    2  889    5   22    1    3    2    6
  34   61    5   24  629   20   94    0    1   24
  88   54   14    1    0  797    5    1    0   22
  28   31   14    6    9   18  887   17    0    0
  26  129   13   38    1    9   25  772    1   18
   1   52    2    8    1   10   25    6 1030    0
   3   25    1   42    2    5    4    1    0  897
