Using CPU, 10 threads with OpenMP
Training data: [60000,784] 179.4 MB
Validation data: [0,0] 0 bytes
Testing data: [10000,784] 29.9 MB
=========== Training CNN(BP) ============
Network: 
Input layer, shape:[28,28]
Conv2D(ReLU) shape:[24,24,6] (k:5,s:1,pad:no), parameters:150, memory:14.1 KB
Maxpool2D shape:[12,12,6] (k:2,s:2), parameters:0, memory:3.4 KB
Dropout, ratio:0.25, shape:[12,12,6], parameters:0, memory:3.4 KB
Conv2D(ReLU) shape:[8,8,16] (k:5,s:1,pad:no), parameters:2400, memory:13.4 KB
Maxpool2D shape:[4,4,16] (k:2,s:2), parameters:0, memory:1.0 KB
Dropout, ratio:0.25, shape:[4,4,16], parameters:0, memory:1.0 KB
Conv2D(ReLU) shape:[1,120] (k:4,s:1,pad:no), parameters:30720, memory:120.5 KB
Dense(ReLU) shape:[84], parameters:10164, memory:40.0 KB
Softmax shape:[10], parameters:850, memory:3.4 KB

Training...
epoch: 1, time: 6.5 secs (speed 9270.9), loss (SoftmaxCE): 31204.2539
epoch: 2, time: 6.5 secs (speed 9262.4), loss (SoftmaxCE): 9549.9854
epoch: 3, time: 6.5 secs (speed 9203.7), loss (SoftmaxCE): 7784.0513
epoch: 4, time: 6.5 secs (speed 9229.4), loss (SoftmaxCE): 6600.4375
epoch: 5, time: 6.5 secs (speed 9243.8), loss (SoftmaxCE): 6176.3867
epoch: 6, time: 6.5 secs (speed 9239.2), loss (SoftmaxCE): 5551.4619
epoch: 7, time: 6.5 secs (speed 9237.5), loss (SoftmaxCE): 5235.2544
epoch: 8, time: 6.5 secs (speed 9246.1), loss (SoftmaxCE): 5091.7876
epoch: 9, time: 6.5 secs (speed 9236.5), loss (SoftmaxCE): 4982.2021
epoch: 10, time: 6.5 secs (speed 9221.5), loss (SoftmaxCE): 4555.2373
epoch: 11, time: 6.5 secs (speed 9200.3), loss (SoftmaxCE): 4389.2148
epoch: 12, time: 6.5 secs (speed 9173.3), loss (SoftmaxCE): 4326.1030
epoch: 13, time: 6.6 secs (speed 9179.8), loss (SoftmaxCE): 4269.5771
epoch: 14, time: 6.5 secs (speed 9199.5), loss (SoftmaxCE): 4107.6260
epoch: 15, time: 6.5 secs (speed 9201.4), loss (SoftmaxCE): 4030.9712
Trained in 1 mins and 37 secs.
Training set predicted in 0.8 secs with 0.99065 accuracy.
Test set predicted in 0.1 secs with 0.9901 accuracy.
Accuracy  = 0.9901
Precision = 0.990128
Recall    = 0.989923
F1        = 0.990025
Confusion matrix:
 993    1    6    0    2    6    0    0    1    0
   6  952    3    2    1    0    1    5    1    3
   0    0 1022    0    0    0    0    4    2    0
   0    1    0  947    1    1    0    0    2    6
   1    2    1    1  880    0    5    0    0    2
   8    0    0    3    0  971    0    0    0    0
   0    2    1    0    3    0 1002    2    0    0
   0    1    5    1    0    0    0 1024    0    1
   0    0    1    1    0    0    0    1 1132    0
   0    0    1    0    0    0    0    0    1  978
