CPU: [AMD Ryzen 9 5900X 12-Core Processor]
12 threads with OpenMP
Training data: (2000,784) 6.0 MB
Validation data: (5000,784) 15.0 MB
Testing data: (10000,784) 29.9 MB
Network: mnistga-ffnn-rarw
Input, shape:[28,28], parameters: 0, memory:3.1 KB
Dense(softmax), shape:[10], parameters:7850, memory:61.3 KB

Number of values in each bitstring: 20
Evolving 100 members for 10 generations...
Generation 1, time: 7.63 secs, fitness max: 0.603200, min: 0.124800, mean: 0.364866
Generation 2, time: 6.95 secs, fitness max: 0.603200, min: 0.151200, mean: 0.381976
Generation 3, time: 7.09 secs, fitness max: 0.698800, min: 0.165400, mean: 0.404460
Generation 4, time: 6.46 secs, fitness max: 0.698800, min: 0.169800, mean: 0.431370
Generation 5, time: 6.76 secs, fitness max: 0.730600, min: 0.207600, mean: 0.438512
Generation 6, time: 6.58 secs, fitness max: 0.789200, min: 0.203200, mean: 0.442396
Generation 7, time: 6.10 secs, fitness max: 0.789200, min: 0.180600, mean: 0.466524
Generation 8, time: 5.94 secs, fitness max: 0.789200, min: 0.195400, mean: 0.488600
Generation 9, time: 5.54 secs, fitness max: 0.789200, min: 0.171000, mean: 0.492600
Generation 10, time: 5.84 secs, fitness max: 0.789200, min: 0.260400, mean: 0.504870
Evolution finished, top-10 members:
member   1, 2 4 6 8 10 12 14 16 19 20 , fitness=0.7892
member   2, 2 3 4 6 10 12 14 16 18 20 , fitness=0.778
member   3, 2 3 4 6 10 12 14 16 18 20 , fitness=0.778
member   4, 2 3 4 6 8 10 12 16 18 20 , fitness=0.765
member   5, 2 3 4 6 10 12 14 16 17 20 , fitness=0.7306
member   6, 2 3 4 5 8 10 12 16 18 20 , fitness=0.7188
member   7, 2 3 4 6 8 10 12 16 19 20 , fitness=0.7158
member   8, 2 3 4 5 6 8 10 12 16 18 , fitness=0.6792
member   9, 1 2 4 6 8 11 12 14 16 20 , fitness=0.6232
member  10, 1 2 4 6 10 12 14 15 18 20 , fitness=0.6194
Trained in 0.13 secs.
Validation set predicted with 0.771 accuracy.
Accuracy  = 0.7545
Precision = 0.725719
Recall    = 0.751536
F1        = 0.738402
Confusion matrix:
 896    0   13    7    0   44   16    2    1    1
   0 1095   20    5    0   10    4    0    0    1
  12   39  886   12   23    7   20   26    2    5
   5   13   34  818    3   91    6   14   19    7
   3   19    9    0  817    2   13    6   46   67
  15   13    8   26   15  769   19   12    7    8
  22   10   23    1   25   35  839    2    0    1
   1   42   31    5   14    1    2  876   32   24
  19   67   96  139   11  427   34   16   50  115
  12   14   19   13   54   18    4   46  330  499
CNN trained in 1.38 secs.
Accuracy  = 0.7927
Precision = 0.779808
Recall    = 0.790951
F1        = 0.78534
Confusion matrix:
 959    2    7    0    0    2    7    2    1    0
   0 1125    4    2    0    1    3    0    0    0
  13   10  902   17   19    1   45   21    4    0
   5    1   52  883    0   43    0   12   10    4
   2   12    0    0  928    0    2    0   30    8
  11    3    3   23    5  825   13    3    2    4
  13   11    2    1   24   18  888    0    0    1
   2   15   38   18    5    0    0  891   43   16
  18  111   37   93   14  305   96   34  185   81
  11   14    3   12   47    4    5    7  565  341
