Using CPU, 10 threads with OpenMP
Training data: [10000,784] 29.9 MB
Validation data: [5000,784] 15.0 MB
Testing data: [10000,784] 29.9 MB
Network: mnistffnn
Input layer, shape:[28,28]
Dense(Logistic) shape:[32], parameters:25120, memory:98.2 KB
Dense(Logistic) shape:[32], parameters:1056, memory:4.2 KB
Softmax shape:[10], parameters:330, memory:1.3 KB

Training...
epoch: 1, time: 0.2 secs (speed 0.0), loss (SoftmaxCE): 23134.3008, validation accuracy: 0.1398
epoch: 2, time: 0.2 secs (speed 0.0), loss (SoftmaxCE): 22966.6426, validation accuracy: 0.1948
epoch: 3, time: 0.2 secs (speed 0.0), loss (SoftmaxCE): 22914.7305, validation accuracy: 0.1372
epoch: 4, time: 0.2 secs (speed 0.0), loss (SoftmaxCE): 22848.0547, validation accuracy: 0.2386
epoch: 5, time: 0.2 secs (speed 54615.4), loss (SoftmaxCE): 22756.3516, validation accuracy: 0.3178
epoch: 6, time: 0.2 secs (speed 54615.4), loss (SoftmaxCE): 22645.2363, validation accuracy: 0.3770
epoch: 7, time: 0.2 secs (speed 54615.4), loss (SoftmaxCE): 22492.3965, validation accuracy: 0.4034
epoch: 8, time: 0.2 secs (speed 54615.4), loss (SoftmaxCE): 22314.1113, validation accuracy: 0.4596
epoch: 9, time: 0.2 secs (speed 54615.4), loss (SoftmaxCE): 22113.4492, validation accuracy: 0.4334
epoch: 10, time: 0.2 secs (speed 53088.2), loss (SoftmaxCE): 21901.2852, validation accuracy: 0.4132
epoch: 11, time: 0.2 secs (speed 53088.2), loss (SoftmaxCE): 21701.5215, validation accuracy: 0.5306
epoch: 12, time: 0.2 secs (speed 53088.2), loss (SoftmaxCE): 21510.7812, validation accuracy: 0.5364
epoch: 13, time: 0.2 secs (speed 53088.2), loss (SoftmaxCE): 21342.9238, validation accuracy: 0.6004
epoch: 14, time: 0.3 secs (speed 53088.2), loss (SoftmaxCE): 21183.5762, validation accuracy: 0.5746
epoch: 15, time: 0.2 secs (speed 53088.2), loss (SoftmaxCE): 21046.1367, validation accuracy: 0.6292
Trained in 3.2 secs.
Training set predicted in 0.0 secs with 0.3292 accuracy.
Test set predicted in 0.0 secs with 0.6018 accuracy.
Accuracy  = 0.6018
Precision = 0.709154
Recall    = 0.592565
F1        = 0.645638
Confusion matrix:
  14    0  643    1    0  259   15    0   46   31
   1  447   44   22    0   20  159    1  186   94
   0    4  911    0    0   15    0    0   91    7
   0    4    1  802    0   58   11    1   39   42
   2   61   69   33    3   12  282    0   79  351
   0    0  130   41    0  745    1    0   64    1
   0    7   39    6    0    4  832    2   62   58
   0  110   21  224    0   66  103  181  276   51
   0    0    1    2    0    0    4    0 1128    0
   0    0    3    8    0    4    8    0    2  955
