CPU: [AMD Ryzen 5 1600X Six-Core Processor]
12 threads with OpenMP
Teacher data: X (50000,784) 149.5 MB, Y (50000,10)
Student data: X (50000,784) 149.5 MB, Y (50000,10)
Validation data: X (10000,784) 29.9 MB, Y (10000,10)
Testing data: X (10000,784) 29.9 MB, Y (10000,10)
Trained teacher test set predicted in 1.86 secs with 0.9921 accuracy.

Network: mnistkdga-trained-teacher(dropout)
Input, shape:[28,28], parameters: 0, memory:3.1 KB
Conv2D(ReLU), shape:[24,24,12] (k:5,s:1,pad:no), parameters:300, memory:29.3 KB
Maxpool2D shape:[12,12,12] (k:2,s:2), parameters:0, memory:6.8 KB
Dropout, ratio:0.25, shape:[12,12,12], parameters:0, memory:6.8 KB
Conv2D(ReLU), shape:[12,12,32] (k:5,s:1,pad:same), parameters:9600, memory:59.4 MB
Maxpool2D shape:[6,6,32] (k:2,s:2), parameters:0, memory:4.5 KB
Dropout, ratio:0.25, shape:[6,6,32], parameters:0, memory:4.5 KB
Conv2D(ReLU), shape:[5,5,120] (k:4,s:1,pad:same), parameters:61440, memory:19.5 MB
Dropout, ratio:0.25, shape:[5,5,120], parameters:0, memory:11.7 KB
Dense(ReLU), shape:[84], parameters:252084, memory:1.9 MB
Dense(Linear), shape:[10], parameters:850, memory:6.6 KB

Stats for mnistkdga-trained-teacher(dropout)
Layer 1 Conv2D
variance: 0.00933403
Bin  1 (-0.203,-0.155): *************
Bin  2 (-0.155,-0.107): *************************
Bin  3 (-0.107,-0.060): ********************************************************************************
Bin  4 (-0.060,-0.012): **********************************************************
Bin  5 (-0.012, 0.036): *****************************************************
Bin  6 ( 0.036, 0.083): ********************************************************
Bin  7 ( 0.083, 0.131): ************************************************
Bin  8 ( 0.131, 0.179): *****************************
Bin  9 ( 0.179, 0.226): ***********
Bin 10 ( 0.226, 0.274): ****
Layer 4 Conv2D
variance: 0.00245686
Bin  1 (-0.242,-0.201): 
Bin  2 (-0.201,-0.161): *
Bin  3 (-0.161,-0.121): ****
Bin  4 (-0.121,-0.081): ****************
Bin  5 (-0.081,-0.041): *********************************************
Bin  6 (-0.041,-0.000): ********************************************************************************
Bin  7 (-0.000, 0.040): ***************************************************************************
Bin  8 ( 0.040, 0.080): *************************************
Bin  9 ( 0.080, 0.120): *******
Bin 10 ( 0.120, 0.161): 
Layer 7 Conv2D
variance: 0.00249971
Bin  1 (-0.196,-0.159): 
Bin  2 (-0.159,-0.122): **
Bin  3 (-0.122,-0.085): *************
Bin  4 (-0.085,-0.048): ********************************************
Bin  5 (-0.048,-0.010): ***************************************************************************
Bin  6 (-0.010, 0.027): ********************************************************************************
Bin  7 ( 0.027, 0.064): ****************************************************************
Bin  8 ( 0.064, 0.101): ***************************
Bin  9 ( 0.101, 0.138): ****
Bin 10 ( 0.138, 0.175): 
Layer 9 Dense
variance: 0.0189116
Bin  1 (-0.345,-0.274): *
Bin  2 (-0.274,-0.203): ********************************
Bin  3 (-0.203,-0.131): *****************************************************************************
Bin  4 (-0.131,-0.060): *******************************************************************************
Bin  5 (-0.060, 0.011): ********************************************************************************
Bin  6 ( 0.011, 0.083): *******************************************************************************
Bin  7 ( 0.083, 0.154): ********************************************************************************
Bin  8 ( 0.154, 0.226): ***********************************************************************
Bin  9 ( 0.226, 0.297): ******************
Bin 10 ( 0.297, 0.368): 
Layer 10 Dense
variance: 0.0220889
Bin  1 (-0.322,-0.262): **********
Bin  2 (-0.262,-0.202): *************************************************************
Bin  3 (-0.202,-0.142): *******************************************************************************
Bin  4 (-0.142,-0.082): ********************************************************************************
Bin  5 (-0.082,-0.022): ****************************************************************
Bin  6 (-0.022, 0.038): *************************************************************************
Bin  7 ( 0.038, 0.097): *******************************************************************************
Bin  8 ( 0.097, 0.157): **********************************************************************
Bin  9 ( 0.157, 0.217): ********************************************************************
Bin 10 ( 0.217, 0.277): **************************************

Network: mnistkdga-student
Input, shape:[28,28], parameters: 0, memory:3.1 KB
Conv2D(ReLU), shape:[24,24,4] (k:5,s:1,pad:no), parameters:100, memory:9.8 KB
Maxpool2D shape:[12,12,4] (k:2,s:2), parameters:0, memory:2.2 KB
Conv2D(ReLU), shape:[12,12,10] (k:5,s:1,pad:same), parameters:1000, memory:13.4 KB
Maxpool2D shape:[6,6,10] (k:2,s:2), parameters:0, memory:1.4 KB
Conv2D(ReLU), shape:[5,5,40] (k:4,s:1,pad:same), parameters:6400, memory:53.9 KB
Dense(ReLU), shape:[20], parameters:20020, memory:156.4 KB
Dense(Linear), shape:[10], parameters:210, memory:1.6 KB


Stats for mnistkdga-student
Layer 1 Conv2D
variance: 0.0012017
Bin  1 (-0.062,-0.049): ******************************************
Bin  2 (-0.049,-0.037): ******************************************
Bin  3 (-0.037,-0.025): ***********************************************************************
Bin  4 (-0.025,-0.012): **************************************
Bin  5 (-0.012,-0.000): ***********************************************
Bin  6 (-0.000, 0.012): ********************************************************************************
Bin  7 ( 0.012, 0.025): ****************************
Bin  8 ( 0.025, 0.037): *********************************
Bin  9 ( 0.037, 0.049): **************************************
Bin 10 ( 0.049, 0.062): ****************************************************
Layer 3 Conv2D
variance: 0.00173097
Bin  1 (-0.072,-0.057): ************************************************************************
Bin  2 (-0.057,-0.043): **************************************************************
Bin  3 (-0.043,-0.029): *****************************************************************
Bin  4 (-0.029,-0.014): **************************************************************************
Bin  5 (-0.014, 0.000): ********************************************************************************
Bin  6 ( 0.000, 0.015): *****************************************************************
Bin  7 ( 0.015, 0.029): **************************************************************************
Bin  8 ( 0.029, 0.043): *****************************************************************
Bin  9 ( 0.043, 0.058): *********************************************************************
Bin 10 ( 0.058, 0.072): ***************************************************************************
Layer 5 Conv2D
variance: 0.00278599
Bin  1 (-0.091,-0.073): ***************************************************************************
Bin  2 (-0.073,-0.055): ********************************************************************************
Bin  3 (-0.055,-0.037): ******************************************************************************
Bin  4 (-0.037,-0.018): *******************************************************************************
Bin  5 (-0.018,-0.000): ************************************************************************
Bin  6 (-0.000, 0.018): ****************************************************************************
Bin  7 ( 0.018, 0.037): ********************************************************************************
Bin  8 ( 0.037, 0.055): **************************************************************************
Bin  9 ( 0.055, 0.073): ****************************************************************************
Bin 10 ( 0.073, 0.091): *****************************************************************************
Layer 6 Dense
variance: 0.044023
Bin  1 (-0.365,-0.292): *************************************************************************
Bin  2 (-0.292,-0.219): ***************************************************************************
Bin  3 (-0.219,-0.146): ****************************************************************************
Bin  4 (-0.146,-0.073): ***************************************************************************
Bin  5 (-0.073,-0.000): ***************************************************************************
Bin  6 (-0.000, 0.073): ********************************************************************************
Bin  7 ( 0.073, 0.146): **************************************************************************
Bin  8 ( 0.146, 0.219): **************************************************************************
Bin  9 ( 0.219, 0.292): **************************************************************************
Bin 10 ( 0.292, 0.365): ****************************************************************************
Layer 7 Dense
variance: 0.0747304
Bin  1 (-0.446,-0.357): ********************************************************************************
Bin  2 (-0.357,-0.268): *****************************************************************
Bin  3 (-0.268,-0.179): *****************************************************************
Bin  4 (-0.179,-0.089): ***********************************************
Bin  5 (-0.089,-0.000): *****************************************************
Bin  6 (-0.000, 0.089): *****************************************
Bin  7 ( 0.089, 0.179): *****************************************************************
Bin  8 ( 0.179, 0.268): ********************************************************
Bin  9 ( 0.268, 0.357): ***************************************
Bin 10 ( 0.357, 0.446): ********************************************************************************

Number of indeces in each chain: 54
Evolving 10 members for 15 generations...
Generation 1, time: 16 mins and 43 secs, fitness max: 0.963000, min: 0.942700, mean: 0.955690
Generation 2, time: 12 mins and 01 secs, fitness max: 0.971700, min: 0.950800, mean: 0.962820
Generation 3, time: 10 mins and 07 secs, fitness max: 0.971700, min: 0.946000, mean: 0.961700
Generation 4, time: 8 mins and 48 secs, fitness max: 0.971700, min: 0.953000, mean: 0.961020
Generation 5, time: 10 mins and 12 secs, fitness max: 0.971700, min: 0.948300, mean: 0.961140
Generation 6, time: 10 mins and 04 secs, fitness max: 0.971700, min: 0.956800, mean: 0.964810
Generation 7, time: 9 mins and 41 secs, fitness max: 0.971700, min: 0.956500, mean: 0.965150
Generation 8, time: 9 mins and 36 secs, fitness max: 0.973000, min: 0.958100, mean: 0.965230
Generation 9, time: 8 mins and 36 secs, fitness max: 0.973000, min: 0.952600, mean: 0.965560
Generation 10, time: 8 mins and 36 secs, fitness max: 0.973000, min: 0.962800, mean: 0.970320
Generation 11, time: 9 mins and 38 secs, fitness max: 0.973000, min: 0.938100, mean: 0.964760
Generation 12, time: 9 mins and 37 secs, fitness max: 0.973000, min: 0.940300, mean: 0.964350
Generation 13, time: 6 mins and 27 secs, fitness max: 0.973000, min: 0.944100, mean: 0.965700
Generation 14, time: 8 mins and 31 secs, fitness max: 0.973600, min: 0.955900, mean: 0.966980
Generation 15, time: 8 mins and 32 secs, fitness max: 0.973600, min: 0.957700, mean: 0.969430
Evolution finished, top-10 members:
member   1, fitness=0.973600, 7 4 5 6 3 19 0 7 27 5 30 22 13 14 24 46 38 57 106 42 105 55 28 114 27 41 12 21 39 63 74 115 107 93 17 109 44 72 82 80 81 47 104 98 59 15 94 23 6 56 61 16 20 32 
member   2, fitness=0.973600, 7 4 5 6 21 19 3 0 7 30 27 5 22 13 24 46 38 57 106 42 105 55 28 114 27 41 12 21 84 63 74 115 107 93 17 109 44 72 82 80 81 47 104 98 20 32 79 89 70 76 59 15 94 23 
member   3, fitness=0.973000, 7 4 5 6 3 19 0 7 27 5 22 13 14 30 24 46 38 57 106 42 105 55 28 114 27 41 12 21 39 63 74 115 107 93 17 109 44 72 82 80 81 47 104 98 59 15 94 23 6 56 61 16 60 20 
member   4, fitness=0.972500, 7 4 5 6 21 19 7 0 3 30 27 5 22 13 24 46 38 57 106 42 105 55 28 114 63 74 115 107 20 32 27 41 12 21 39 93 17 109 44 72 82 3 81 47 104 76 59 15 94 23 6 56 61 16 
member   5, fitness=0.971600, 7 4 5 6 3 19 0 7 30 27 5 22 13 14 24 46 38 57 106 42 105 55 28 114 27 41 12 21 39 63 74 115 107 93 17 109 22 72 82 80 81 47 104 98 20 32 79 89 70 76 59 15 94 23 
member   6, fitness=0.971500, 7 4 5 6 3 7 19 0 27 5 30 22 13 14 24 46 38 57 106 42 105 63 74 115 55 28 114 27 41 12 21 39 107 93 17 109 44 72 82 80 81 47 104 98 20 32 79 89 70 76 59 15 94 23 
member   7, fitness=0.971400, 7 4 5 6 3 19 0 7 30 27 5 22 13 14 24 46 38 57 106 42 105 55 63 74 115 107 20 32 28 114 27 41 12 21 39 93 17 109 44 72 82 80 81 47 104 98 59 15 94 23 6 56 61 16 
member   8, fitness=0.971300, 7 4 5 6 3 19 21 7 0 27 5 22 13 14 24 46 38 57 106 42 105 55 28 114 63 74 115 107 20 32 27 41 12 21 39 93 17 109 44 72 82 80 81 47 104 98 59 15 94 23 6 56 61 16 
member   9, fitness=0.958100, 7 4 9 3 3 19 0 7 30 27 5 22 13 9 24 46 38 57 106 42 105 55 28 114 63 74 115 27 41 107 20 32 12 93 39 17 109 44 72 82 80 81 47 104 98 59 79 21 89 70 76 97 26 116 
member  10, fitness=0.957700, 7 4 9 3 3 19 0 7 27 5 22 13 30 9 24 46 38 57 106 42 105 55 63 74 115 107 20 32 28 114 27 41 12 21 39 93 17 109 44 72 82 80 81 47 104 98 59 79 89 70 76 97 26 116 

Train student without KD but with GA initialized filters
Best member: 7 4 5 6 3 19 0 7 27 5 30 22 13 14 24 46 38 57 106 42 105 55 28 114 27 41 12 21 39 63 74 115 107 93 17 109 44 72 82 80 81 47 104 98 59 15 94 23 6 56 61 16 20 32 
Backprop: batch_size:20 epochs:25, Adam (α:0.0001 β1:0.9 β2:0.999), CCE
Training on CPU...
epoch: 1, time: 7.49 secs (speed 7056.3), loss (CCE): 23552.3184, validation accuracy: 0.9588
epoch: 2, time: 7.65 secs (speed 6868.4), loss (CCE): 6451.8306, validation accuracy: 0.9694
epoch: 3, time: 7.41 secs (speed 7159.2), loss (CCE): 4867.2339, validation accuracy: 0.9774
epoch: 4, time: 7.44 secs (speed 7102.8), loss (CCE): 4087.2874, validation accuracy: 0.9775
epoch: 5, time: 7.85 secs (speed 6759.6), loss (CCE): 3576.8906, validation accuracy: 0.9811
epoch: 6, time: 7.31 secs (speed 7174.4), loss (CCE): 3209.5422, validation accuracy: 0.9801
epoch: 7, time: 7.64 secs (speed 6915.4), loss (CCE): 2925.8218, validation accuracy: 0.9826
epoch: 8, time: 7.62 secs (speed 6934.2), loss (CCE): 2709.6838, validation accuracy: 0.9840
epoch: 9, time: 7.78 secs (speed 6988.6), loss (CCE): 2539.8132, validation accuracy: 0.9843
epoch: 10, time: 7.53 secs (speed 7022.4), loss (CCE): 2343.1929, validation accuracy: 0.9849
epoch: 11, time: 7.53 secs (speed 7064.4), loss (CCE): 2227.5891, validation accuracy: 0.9861
epoch: 12, time: 7.61 secs (speed 6936.2), loss (CCE): 2080.3987, validation accuracy: 0.9867
epoch: 13, time: 7.96 secs (speed 6624.9), loss (CCE): 2016.4907, validation accuracy: 0.9868
epoch: 14, time: 7.53 secs (speed 6989.6), loss (CCE): 1912.4558, validation accuracy: 0.9868
epoch: 15, time: 7.79 secs (speed 6715.4), loss (CCE): 1808.4644, validation accuracy: 0.9879
epoch: 16, time: 7.55 secs (speed 7020.8), loss (CCE): 1734.6080, validation accuracy: 0.9864
epoch: 17, time: 8.27 secs (speed 6299.7), loss (CCE): 1631.2870, validation accuracy: 0.9873
epoch: 18, time: 7.42 secs (speed 7054.1), loss (CCE): 1578.0940, validation accuracy: 0.9871
epoch: 19, time: 8.19 secs (speed 6401.1), loss (CCE): 1500.0702, validation accuracy: 0.9862
epoch: 20, time: 7.52 secs (speed 7034.2), loss (CCE): 1453.9463, validation accuracy: 0.9878
epoch: 21, time: 7.70 secs (speed 6794.4), loss (CCE): 1364.6045, validation accuracy: 0.9860
epoch: 22, time: 7.42 secs (speed 7111.8), loss (CCE): 1334.4237, validation accuracy: 0.9877
epoch: 23, time: 7.60 secs (speed 6970.8), loss (CCE): 1273.2815, validation accuracy: 0.9875
epoch: 24, time: 7.56 secs (speed 6955.7), loss (CCE): 1230.9851, validation accuracy: 0.9869
epoch: 25, time: 7.62 secs (speed 6913.0), loss (CCE): 1165.8418, validation accuracy: 0.9880
Trained in 3 mins and 11 secs.
Student without KD (but GA initialization): Test set predicted in 0.41 secs with 0.9873 accuracy.


Train student with KD, filters initialized by the GA (best member)
Best member: 7 4 5 6 3 19 0 7 27 5 30 22 13 14 24 46 38 57 106 42 105 55 28 114 27 41 12 21 39 63 74 115 107 93 17 109 44 72 82 80 81 47 104 98 59 15 94 23 6 56 61 16 20 32 
Backprop: batch_size:20 epochs:25, Adam (α:0.0001 β1:0.9 β2:0.999), KDloss (α:0.2 T:5)
Training on CPU...
epoch: 1, time: 7.66 secs (speed 6898.6), loss (KDloss): 62453.8047, validation accuracy: 0.9632
epoch: 2, time: 7.58 secs (speed 7067.9), loss (KDloss): 50571.2969, validation accuracy: 0.9721
epoch: 3, time: 7.49 secs (speed 7069.9), loss (KDloss): 49543.8086, validation accuracy: 0.9785
epoch: 4, time: 7.68 secs (speed 6903.6), loss (KDloss): 49027.3633, validation accuracy: 0.9801
epoch: 5, time: 7.55 secs (speed 6996.4), loss (KDloss): 48689.8867, validation accuracy: 0.9825
epoch: 6, time: 7.52 secs (speed 6982.6), loss (KDloss): 48444.9219, validation accuracy: 0.9844
epoch: 7, time: 7.45 secs (speed 7088.0), loss (KDloss): 48264.1719, validation accuracy: 0.9846
epoch: 8, time: 7.96 secs (speed 6577.8), loss (KDloss): 48115.1094, validation accuracy: 0.9847
epoch: 9, time: 7.37 secs (speed 7135.5), loss (KDloss): 48006.5156, validation accuracy: 0.9851
epoch: 10, time: 7.69 secs (speed 6822.1), loss (KDloss): 47911.7109, validation accuracy: 0.9861
epoch: 11, time: 7.57 secs (speed 7023.5), loss (KDloss): 47834.9922, validation accuracy: 0.9869
epoch: 12, time: 7.67 secs (speed 6870.1), loss (KDloss): 47770.4727, validation accuracy: 0.9881
epoch: 13, time: 7.50 secs (speed 6971.2), loss (KDloss): 47714.9844, validation accuracy: 0.9880
epoch: 14, time: 7.40 secs (speed 7124.6), loss (KDloss): 47668.3242, validation accuracy: 0.9878
epoch: 15, time: 7.49 secs (speed 7052.3), loss (KDloss): 47627.0391, validation accuracy: 0.9883
epoch: 16, time: 7.83 secs (speed 6678.9), loss (KDloss): 47591.1016, validation accuracy: 0.9882
epoch: 17, time: 7.37 secs (speed 7157.8), loss (KDloss): 47558.3047, validation accuracy: 0.9882
epoch: 18, time: 7.31 secs (speed 7221.7), loss (KDloss): 47523.9141, validation accuracy: 0.9889
epoch: 19, time: 7.81 secs (speed 6680.9), loss (KDloss): 47498.6289, validation accuracy: 0.9886
epoch: 20, time: 7.76 secs (speed 6808.5), loss (KDloss): 47475.7656, validation accuracy: 0.9890
epoch: 21, time: 7.69 secs (speed 6856.3), loss (KDloss): 47451.4766, validation accuracy: 0.9891
epoch: 22, time: 7.59 secs (speed 6945.5), loss (KDloss): 47432.4102, validation accuracy: 0.9894
epoch: 23, time: 7.49 secs (speed 7037.9), loss (KDloss): 47417.8242, validation accuracy: 0.9897
epoch: 24, time: 7.62 secs (speed 6964.7), loss (KDloss): 47392.2344, validation accuracy: 0.9891
epoch: 25, time: 7.54 secs (speed 6937.0), loss (KDloss): 47377.9648, validation accuracy: 0.9889
Trained in 3 mins and 09 secs.
Student with KD (GA optimized): Test set predicted in 0.39 secs with 0.9904 accuracy.


Train student with KD, filters choosen by the GA (worst member)
Worst member: 7 4 9 3 3 19 0 7 27 5 22 13 30 9 24 46 38 57 106 42 105 55 63 74 115 107 20 32 28 114 27 41 12 21 39 93 17 109 44 72 82 80 81 47 104 98 59 79 89 70 76 97 26 116 
Backprop: batch_size:20 epochs:25, Adam (α:0.0001 β1:0.9 β2:0.999), KDloss (α:0.2 T:5)
Training on CPU...
epoch: 1, time: 7.68 secs (speed 6828.1), loss (KDloss): 63264.5195, validation accuracy: 0.9560
epoch: 2, time: 7.68 secs (speed 6767.0), loss (KDloss): 51084.2422, validation accuracy: 0.9668
epoch: 3, time: 7.69 secs (speed 6847.0), loss (KDloss): 49965.1758, validation accuracy: 0.9741
epoch: 4, time: 7.46 secs (speed 7063.8), loss (KDloss): 49376.0781, validation accuracy: 0.9787
epoch: 5, time: 7.52 secs (speed 7030.2), loss (KDloss): 48981.4453, validation accuracy: 0.9795
epoch: 6, time: 7.45 secs (speed 7087.7), loss (KDloss): 48696.2266, validation accuracy: 0.9825
epoch: 7, time: 7.87 secs (speed 6737.0), loss (KDloss): 48483.6016, validation accuracy: 0.9825
epoch: 8, time: 7.53 secs (speed 6964.7), loss (KDloss): 48316.4766, validation accuracy: 0.9838
epoch: 9, time: 7.40 secs (speed 7109.6), loss (KDloss): 48189.4102, validation accuracy: 0.9842
epoch: 10, time: 7.49 secs (speed 7071.1), loss (KDloss): 48073.2461, validation accuracy: 0.9864
epoch: 11, time: 7.70 secs (speed 6837.7), loss (KDloss): 47983.6953, validation accuracy: 0.9861
epoch: 12, time: 7.48 secs (speed 7056.1), loss (KDloss): 47907.5430, validation accuracy: 0.9866
epoch: 13, time: 7.39 secs (speed 7171.6), loss (KDloss): 47842.7070, validation accuracy: 0.9865
epoch: 14, time: 7.57 secs (speed 6920.7), loss (KDloss): 47779.8047, validation accuracy: 0.9872
epoch: 15, time: 7.80 secs (speed 6751.1), loss (KDloss): 47731.4336, validation accuracy: 0.9867
epoch: 16, time: 7.57 secs (speed 6914.3), loss (KDloss): 47686.6758, validation accuracy: 0.9879
epoch: 17, time: 7.43 secs (speed 7118.0), loss (KDloss): 47641.3008, validation accuracy: 0.9883
epoch: 18, time: 7.75 secs (speed 6877.7), loss (KDloss): 47606.1602, validation accuracy: 0.9883
epoch: 19, time: 7.76 secs (speed 6796.8), loss (KDloss): 47576.8828, validation accuracy: 0.9887
epoch: 20, time: 7.52 secs (speed 7104.0), loss (KDloss): 47545.9883, validation accuracy: 0.9881
epoch: 21, time: 7.63 secs (speed 6887.8), loss (KDloss): 47520.6797, validation accuracy: 0.9880
epoch: 22, time: 7.91 secs (speed 6664.0), loss (KDloss): 47496.9727, validation accuracy: 0.9890
epoch: 23, time: 7.58 secs (speed 6967.2), loss (KDloss): 47476.4219, validation accuracy: 0.9881
epoch: 24, time: 7.69 secs (speed 6865.9), loss (KDloss): 47454.1797, validation accuracy: 0.9885
epoch: 25, time: 7.88 secs (speed 6731.9), loss (KDloss): 47436.2344, validation accuracy: 0.9891
Trained in 3 mins and 10 secs.
Student with KD (GA optimized): Test set predicted in 0.41 secs with 0.9895 accuracy.


Train student with KD, filters choosen randomly (full training)
Random1: 2 4 10 9 7 20 13 24 12 18 17 4 19 10 77 98 99 26 93 73 54 91 40 23 65 112 115 42 92 0 64 17 119 21 101 72 109 82 94 9 113 56 84 61 43 89 5 10 49 105 62 55 95 111 
Backprop: batch_size:20 epochs:25, Adam (α:0.0001 β1:0.9 β2:0.999), KDloss (α:0.2 T:5)
Training on CPU...
epoch: 1, time: 7.70 secs (speed 6813.1), loss (KDloss): 64297.5312, validation accuracy: 0.9552
epoch: 2, time: 7.59 secs (speed 6931.0), loss (KDloss): 51077.1641, validation accuracy: 0.9712
epoch: 3, time: 7.70 secs (speed 6844.1), loss (KDloss): 49861.2891, validation accuracy: 0.9768
epoch: 4, time: 7.69 secs (speed 6788.6), loss (KDloss): 49246.7461, validation accuracy: 0.9793
epoch: 5, time: 8.00 secs (speed 6537.6), loss (KDloss): 48876.3398, validation accuracy: 0.9806
epoch: 6, time: 7.63 secs (speed 6931.1), loss (KDloss): 48606.4648, validation accuracy: 0.9830
epoch: 7, time: 7.45 secs (speed 7068.9), loss (KDloss): 48423.8672, validation accuracy: 0.9836
epoch: 8, time: 8.18 secs (speed 6356.8), loss (KDloss): 48269.7148, validation accuracy: 0.9841
epoch: 9, time: 7.90 secs (speed 6597.4), loss (KDloss): 48155.8906, validation accuracy: 0.9841
epoch: 10, time: 7.55 secs (speed 6979.3), loss (KDloss): 48049.4922, validation accuracy: 0.9851
epoch: 11, time: 7.50 secs (speed 7019.3), loss (KDloss): 47960.8320, validation accuracy: 0.9860
epoch: 12, time: 7.67 secs (speed 6888.0), loss (KDloss): 47892.1133, validation accuracy: 0.9852
epoch: 13, time: 7.81 secs (speed 6735.4), loss (KDloss): 47825.4414, validation accuracy: 0.9859
epoch: 14, time: 7.68 secs (speed 6891.0), loss (KDloss): 47775.2539, validation accuracy: 0.9859
epoch: 15, time: 7.61 secs (speed 6916.6), loss (KDloss): 47722.5859, validation accuracy: 0.9866
epoch: 16, time: 7.58 secs (speed 6950.5), loss (KDloss): 47679.6641, validation accuracy: 0.9875
epoch: 17, time: 7.65 secs (speed 6921.4), loss (KDloss): 47638.5469, validation accuracy: 0.9867
epoch: 18, time: 7.46 secs (speed 7070.6), loss (KDloss): 47601.1523, validation accuracy: 0.9869
epoch: 19, time: 7.66 secs (speed 6879.6), loss (KDloss): 47567.3398, validation accuracy: 0.9876
epoch: 20, time: 7.58 secs (speed 6944.8), loss (KDloss): 47533.8438, validation accuracy: 0.9871
epoch: 21, time: 7.87 secs (speed 6686.3), loss (KDloss): 47505.1758, validation accuracy: 0.9875
epoch: 22, time: 7.41 secs (speed 7111.1), loss (KDloss): 47480.1992, validation accuracy: 0.9882
epoch: 23, time: 7.57 secs (speed 6926.8), loss (KDloss): 47454.7305, validation accuracy: 0.9884
epoch: 24, time: 7.54 secs (speed 6982.9), loss (KDloss): 47431.2266, validation accuracy: 0.9881
epoch: 25, time: 7.68 secs (speed 6839.1), loss (KDloss): 47410.1055, validation accuracy: 0.9879
Trained in 3 mins and 11 secs.
Student with KD (Random): Test set predicted in 0.41 secs with 0.9897 accuracy.


Train student with KD, filters choosen randomly (full training)
Random2: 10 3 0 9 22 0 10 19 6 25 5 15 20 26 10 110 77 21 82 70 83 107 20 47 30 3 50 24 97 69 7 64 111 22 78 14 36 112 116 109 44 87 90 18 61 88 23 62 81 95 48 41 13 117 
Backprop: batch_size:20 epochs:25, Adam (α:0.0001 β1:0.9 β2:0.999), KDloss (α:0.2 T:5)
Training on CPU...
epoch: 1, time: 7.56 secs (speed 6994.3), loss (KDloss): 63666.2852, validation accuracy: 0.9530
epoch: 2, time: 7.31 secs (speed 7269.9), loss (KDloss): 50996.3008, validation accuracy: 0.9687
epoch: 3, time: 7.54 secs (speed 6925.1), loss (KDloss): 49688.7109, validation accuracy: 0.9777
epoch: 4, time: 7.70 secs (speed 6857.5), loss (KDloss): 49063.1602, validation accuracy: 0.9809
epoch: 5, time: 7.81 secs (speed 6738.3), loss (KDloss): 48689.8125, validation accuracy: 0.9820
epoch: 6, time: 7.62 secs (speed 6988.2), loss (KDloss): 48442.3477, validation accuracy: 0.9836
epoch: 7, time: 7.67 secs (speed 6866.6), loss (KDloss): 48252.9609, validation accuracy: 0.9846
epoch: 8, time: 7.66 secs (speed 6844.2), loss (KDloss): 48106.7891, validation accuracy: 0.9863
epoch: 9, time: 7.62 secs (speed 6910.8), loss (KDloss): 48003.6641, validation accuracy: 0.9870
epoch: 10, time: 7.67 secs (speed 6884.1), loss (KDloss): 47906.6953, validation accuracy: 0.9870
epoch: 11, time: 8.00 secs (speed 6753.7), loss (KDloss): 47820.0820, validation accuracy: 0.9875
epoch: 12, time: 7.60 secs (speed 7053.2), loss (KDloss): 47756.8828, validation accuracy: 0.9876
epoch: 13, time: 7.71 secs (speed 6851.5), loss (KDloss): 47695.9336, validation accuracy: 0.9878
epoch: 14, time: 7.56 secs (speed 6992.0), loss (KDloss): 47643.6172, validation accuracy: 0.9880
epoch: 15, time: 7.80 secs (speed 6769.2), loss (KDloss): 47599.1953, validation accuracy: 0.9884
epoch: 16, time: 7.57 secs (speed 6983.2), loss (KDloss): 47562.2109, validation accuracy: 0.9883
epoch: 17, time: 7.66 secs (speed 6859.0), loss (KDloss): 47524.6797, validation accuracy: 0.9888
epoch: 18, time: 7.66 secs (speed 6910.5), loss (KDloss): 47490.9883, validation accuracy: 0.9889
epoch: 19, time: 8.07 secs (speed 6489.0), loss (KDloss): 47467.7109, validation accuracy: 0.9887
epoch: 20, time: 7.58 secs (speed 6905.5), loss (KDloss): 47440.1758, validation accuracy: 0.9882
epoch: 21, time: 7.66 secs (speed 6937.7), loss (KDloss): 47417.6641, validation accuracy: 0.9883
epoch: 22, time: 7.77 secs (speed 6707.4), loss (KDloss): 47398.6602, validation accuracy: 0.9894
epoch: 23, time: 8.04 secs (speed 6523.5), loss (KDloss): 47380.8281, validation accuracy: 0.9890
epoch: 24, time: 7.65 secs (speed 6887.8), loss (KDloss): 47357.8672, validation accuracy: 0.9896
epoch: 25, time: 7.66 secs (speed 6833.6), loss (KDloss): 47341.9297, validation accuracy: 0.9892
Trained in 3 mins and 12 secs.
Student with KD (Random): Test set predicted in 0.41 secs with 0.9891 accuracy.


Train student with KD, filters choosen randomly (full training)
Random3: 8 11 3 5 16 11 4 28 24 10 2 3 6 31 85 56 30 35 91 18 71 28 45 40 64 103 29 61 44 73 79 1 66 13 72 31 112 65 108 89 83 69 10 113 15 27 115 3 36 118 51 119 76 98 
Backprop: batch_size:20 epochs:25, Adam (α:0.0001 β1:0.9 β2:0.999), KDloss (α:0.2 T:5)
Training on CPU...
epoch: 1, time: 7.72 secs (speed 6848.9), loss (KDloss): 63007.0117, validation accuracy: 0.9523
epoch: 2, time: 8.02 secs (speed 6568.3), loss (KDloss): 51517.7227, validation accuracy: 0.9660
epoch: 3, time: 7.60 secs (speed 6874.6), loss (KDloss): 50252.7227, validation accuracy: 0.9720
epoch: 4, time: 7.72 secs (speed 6883.6), loss (KDloss): 49558.8281, validation accuracy: 0.9765
epoch: 5, time: 7.54 secs (speed 7049.9), loss (KDloss): 49114.4336, validation accuracy: 0.9796
epoch: 6, time: 7.98 secs (speed 6575.6), loss (KDloss): 48788.3320, validation accuracy: 0.9801
epoch: 7, time: 7.58 secs (speed 6951.0), loss (KDloss): 48553.2383, validation accuracy: 0.9824
epoch: 8, time: 7.70 secs (speed 6845.4), loss (KDloss): 48364.9219, validation accuracy: 0.9844
epoch: 9, time: 7.65 secs (speed 6894.3), loss (KDloss): 48226.8516, validation accuracy: 0.9846
epoch: 10, time: 7.97 secs (speed 6611.7), loss (KDloss): 48106.6484, validation accuracy: 0.9854
epoch: 11, time: 7.71 secs (speed 6856.5), loss (KDloss): 48007.9609, validation accuracy: 0.9867
epoch: 12, time: 7.58 secs (speed 6953.2), loss (KDloss): 47930.1211, validation accuracy: 0.9857
epoch: 13, time: 7.45 secs (speed 7105.5), loss (KDloss): 47863.3242, validation accuracy: 0.9864
epoch: 14, time: 8.15 secs (speed 6458.8), loss (KDloss): 47803.6680, validation accuracy: 0.9867
epoch: 15, time: 7.52 secs (speed 7032.3), loss (KDloss): 47749.5352, validation accuracy: 0.9879
epoch: 16, time: 7.72 secs (speed 6813.2), loss (KDloss): 47699.4648, validation accuracy: 0.9880
epoch: 17, time: 7.90 secs (speed 6877.9), loss (KDloss): 47653.8789, validation accuracy: 0.9882
epoch: 18, time: 7.80 secs (speed 6767.3), loss (KDloss): 47616.7031, validation accuracy: 0.9881
epoch: 19, time: 7.44 secs (speed 7078.8), loss (KDloss): 47580.1562, validation accuracy: 0.9872
epoch: 20, time: 7.50 secs (speed 7039.0), loss (KDloss): 47546.3125, validation accuracy: 0.9884
epoch: 21, time: 8.03 secs (speed 6545.9), loss (KDloss): 47515.2578, validation accuracy: 0.9883
epoch: 22, time: 7.61 secs (speed 6909.5), loss (KDloss): 47492.7695, validation accuracy: 0.9889
epoch: 23, time: 7.56 secs (speed 6957.4), loss (KDloss): 47463.0703, validation accuracy: 0.9892
epoch: 24, time: 7.65 secs (speed 6884.8), loss (KDloss): 47439.3242, validation accuracy: 0.9892
epoch: 25, time: 7.88 secs (speed 6625.0), loss (KDloss): 47420.6602, validation accuracy: 0.9886
Trained in 3 mins and 12 secs.
Student with KD (Random): Test set predicted in 0.41 secs with 0.9899 accuracy.


Train student with KD, filters choosen randomly (full training)
Random4: 6 7 1 11 18 14 5 23 12 7 31 17 19 9 90 45 106 109 43 93 37 15 2 20 39 55 18 13 10 113 11 14 58 92 117 73 76 70 59 26 42 31 80 102 87 100 50 98 28 27 111 78 30 17 
Backprop: batch_size:20 epochs:25, Adam (α:0.0001 β1:0.9 β2:0.999), KDloss (α:0.2 T:5)
Training on CPU...
epoch: 1, time: 7.61 secs (speed 6961.4), loss (KDloss): 66570.3906, validation accuracy: 0.9371
epoch: 2, time: 7.58 secs (speed 7034.6), loss (KDloss): 52505.1641, validation accuracy: 0.9588
epoch: 3, time: 7.71 secs (speed 6866.5), loss (KDloss): 50411.3711, validation accuracy: 0.9711
epoch: 4, time: 7.82 secs (speed 6730.0), loss (KDloss): 49515.7148, validation accuracy: 0.9760
epoch: 5, time: 7.68 secs (speed 6865.9), loss (KDloss): 49011.9844, validation accuracy: 0.9788
epoch: 6, time: 7.51 secs (speed 7046.9), loss (KDloss): 48685.0156, validation accuracy: 0.9807
epoch: 7, time: 7.56 secs (speed 6956.3), loss (KDloss): 48453.9180, validation accuracy: 0.9817
epoch: 8, time: 7.51 secs (speed 7030.0), loss (KDloss): 48280.1680, validation accuracy: 0.9830
epoch: 9, time: 8.03 secs (speed 6627.8), loss (KDloss): 48137.8320, validation accuracy: 0.9829
epoch: 10, time: 7.40 secs (speed 7177.8), loss (KDloss): 48020.4727, validation accuracy: 0.9854
epoch: 11, time: 7.93 secs (speed 6644.3), loss (KDloss): 47930.6133, validation accuracy: 0.9846
epoch: 12, time: 7.79 secs (speed 6753.1), loss (KDloss): 47850.0820, validation accuracy: 0.9857
epoch: 13, time: 7.76 secs (speed 6759.3), loss (KDloss): 47778.8867, validation accuracy: 0.9852
epoch: 14, time: 7.42 secs (speed 7158.0), loss (KDloss): 47724.3516, validation accuracy: 0.9854
epoch: 15, time: 7.72 secs (speed 6818.5), loss (KDloss): 47667.6562, validation accuracy: 0.9865
epoch: 16, time: 7.78 secs (speed 6767.5), loss (KDloss): 47627.9414, validation accuracy: 0.9860
epoch: 17, time: 7.55 secs (speed 6950.6), loss (KDloss): 47584.8672, validation accuracy: 0.9866
epoch: 18, time: 7.71 secs (speed 6848.3), loss (KDloss): 47546.5156, validation accuracy: 0.9870
epoch: 19, time: 7.71 secs (speed 6779.7), loss (KDloss): 47513.2305, validation accuracy: 0.9877
epoch: 20, time: 7.78 secs (speed 6736.9), loss (KDloss): 47489.8867, validation accuracy: 0.9867
epoch: 21, time: 7.66 secs (speed 6898.8), loss (KDloss): 47458.0547, validation accuracy: 0.9874
epoch: 22, time: 7.68 secs (speed 6856.4), loss (KDloss): 47435.2305, validation accuracy: 0.9878
epoch: 23, time: 7.64 secs (speed 6907.6), loss (KDloss): 47415.0859, validation accuracy: 0.9875
epoch: 24, time: 7.68 secs (speed 6831.8), loss (KDloss): 47393.7461, validation accuracy: 0.9879
epoch: 25, time: 7.66 secs (speed 6963.9), loss (KDloss): 47376.3281, validation accuracy: 0.9886
Trained in 3 mins and 11 secs.
Student with KD (Random): Test set predicted in 0.39 secs with 0.9904 accuracy.


Train student with KD, filters choosen randomly (full training)
Random5: 9 1 10 4 16 2 30 1 0 18 21 7 22 14 39 73 67 20 25 18 106 114 89 47 74 24 29 3 94 48 0 100 1 75 30 17 91 22 105 13 26 14 19 84 80 97 68 64 55 8 78 108 53 32 
Backprop: batch_size:20 epochs:25, Adam (α:0.0001 β1:0.9 β2:0.999), KDloss (α:0.2 T:5)
Training on CPU...
epoch: 1, time: 7.84 secs (speed 6661.9), loss (KDloss): 63083.4727, validation accuracy: 0.9579
epoch: 2, time: 7.88 secs (speed 6781.1), loss (KDloss): 50744.3125, validation accuracy: 0.9695
epoch: 3, time: 7.58 secs (speed 7024.4), loss (KDloss): 49576.2188, validation accuracy: 0.9757
epoch: 4, time: 7.90 secs (speed 6659.1), loss (KDloss): 48997.8867, validation accuracy: 0.9795
epoch: 5, time: 7.35 secs (speed 7165.7), loss (KDloss): 48648.0078, validation accuracy: 0.9807
epoch: 6, time: 7.78 secs (speed 6786.0), loss (KDloss): 48387.8242, validation accuracy: 0.9834
epoch: 7, time: 7.51 secs (speed 7042.5), loss (KDloss): 48211.0273, validation accuracy: 0.9837
epoch: 8, time: 7.48 secs (speed 7065.7), loss (KDloss): 48064.5312, validation accuracy: 0.9851
epoch: 9, time: 7.62 secs (speed 6885.6), loss (KDloss): 47948.1055, validation accuracy: 0.9856
epoch: 10, time: 7.90 secs (speed 6624.9), loss (KDloss): 47868.4766, validation accuracy: 0.9865
epoch: 11, time: 7.51 secs (speed 6950.9), loss (KDloss): 47785.2148, validation accuracy: 0.9862
epoch: 12, time: 7.61 secs (speed 6951.0), loss (KDloss): 47725.3633, validation accuracy: 0.9866
epoch: 13, time: 7.55 secs (speed 6989.8), loss (KDloss): 47670.6484, validation accuracy: 0.9877
epoch: 14, time: 7.97 secs (speed 6622.0), loss (KDloss): 47625.6641, validation accuracy: 0.9878
epoch: 15, time: 7.77 secs (speed 6764.6), loss (KDloss): 47585.1914, validation accuracy: 0.9882
epoch: 16, time: 7.72 secs (speed 6815.9), loss (KDloss): 47547.4023, validation accuracy: 0.9881
epoch: 17, time: 7.42 secs (speed 7099.3), loss (KDloss): 47513.7266, validation accuracy: 0.9888
epoch: 18, time: 7.89 secs (speed 6662.1), loss (KDloss): 47481.5977, validation accuracy: 0.9886
epoch: 19, time: 7.67 secs (speed 6963.4), loss (KDloss): 47461.3867, validation accuracy: 0.9888
epoch: 20, time: 7.73 secs (speed 6868.9), loss (KDloss): 47431.2578, validation accuracy: 0.9891
epoch: 21, time: 7.75 secs (speed 6807.9), loss (KDloss): 47413.7188, validation accuracy: 0.9892
epoch: 22, time: 7.56 secs (speed 6974.2), loss (KDloss): 47391.8477, validation accuracy: 0.9901
epoch: 23, time: 8.09 secs (speed 6451.9), loss (KDloss): 47371.6289, validation accuracy: 0.9887
epoch: 24, time: 7.56 secs (speed 6971.5), loss (KDloss): 47354.9688, validation accuracy: 0.9895
epoch: 25, time: 7.74 secs (speed 6779.8), loss (KDloss): 47337.1797, validation accuracy: 0.9887
Trained in 3 mins and 12 secs.
Student with KD (Random): Test set predicted in 0.41 secs with 0.9895 accuracy.


Train student without KD
Backprop: batch_size:20 epochs:25, Adam (α:0.0001 β1:0.9 β2:0.999), CCE
Training on CPU...
epoch: 1, time: 7.95 secs (speed 6595.5), loss (CCE): 33351.7070, validation accuracy: 0.9318
epoch: 2, time: 7.68 secs (speed 6877.6), loss (CCE): 10596.1934, validation accuracy: 0.9487
epoch: 3, time: 7.60 secs (speed 6880.7), loss (CCE): 7727.2544, validation accuracy: 0.9641
epoch: 4, time: 7.53 secs (speed 7012.1), loss (CCE): 6344.3755, validation accuracy: 0.9669
epoch: 5, time: 7.80 secs (speed 6764.9), loss (CCE): 5473.0479, validation accuracy: 0.9698
epoch: 6, time: 7.54 secs (speed 7038.8), loss (CCE): 4889.8501, validation accuracy: 0.9728
epoch: 7, time: 7.57 secs (speed 6960.0), loss (CCE): 4451.6372, validation accuracy: 0.9726
epoch: 8, time: 7.78 secs (speed 6749.3), loss (CCE): 4144.9399, validation accuracy: 0.9775
epoch: 9, time: 7.73 secs (speed 6813.2), loss (CCE): 3873.4392, validation accuracy: 0.9750
epoch: 10, time: 7.52 secs (speed 7014.3), loss (CCE): 3599.5232, validation accuracy: 0.9789
epoch: 11, time: 7.66 secs (speed 6883.9), loss (CCE): 3391.5195, validation accuracy: 0.9799
epoch: 12, time: 7.63 secs (speed 6933.4), loss (CCE): 3250.2922, validation accuracy: 0.9803
epoch: 13, time: 7.81 secs (speed 6721.7), loss (CCE): 3080.8569, validation accuracy: 0.9785
epoch: 14, time: 7.55 secs (speed 6940.1), loss (CCE): 2933.0308, validation accuracy: 0.9787
epoch: 15, time: 7.51 secs (speed 7048.9), loss (CCE): 2768.7651, validation accuracy: 0.9826
epoch: 16, time: 7.65 secs (speed 6978.3), loss (CCE): 2688.4084, validation accuracy: 0.9804
epoch: 17, time: 7.86 secs (speed 6685.6), loss (CCE): 2582.2173, validation accuracy: 0.9829
epoch: 18, time: 7.79 secs (speed 6775.9), loss (CCE): 2480.3931, validation accuracy: 0.9827
epoch: 19, time: 7.62 secs (speed 6926.5), loss (CCE): 2386.0317, validation accuracy: 0.9821
epoch: 20, time: 7.64 secs (speed 6919.1), loss (CCE): 2248.2659, validation accuracy: 0.9836
epoch: 21, time: 7.66 secs (speed 6888.2), loss (CCE): 2150.4597, validation accuracy: 0.9811
epoch: 22, time: 7.37 secs (speed 7194.6), loss (CCE): 2145.9353, validation accuracy: 0.9835
epoch: 23, time: 7.47 secs (speed 7066.4), loss (CCE): 2052.4644, validation accuracy: 0.9844
epoch: 24, time: 7.96 secs (speed 6512.8), loss (CCE): 1975.8013, validation accuracy: 0.9839
epoch: 25, time: 7.65 secs (speed 6926.2), loss (CCE): 1891.1383, validation accuracy: 0.9839
Trained in 3 mins and 11 secs.
Student without KD: Test set predicted in 0.40 secs with 0.985 accuracy.


Train student with normal KD
Backprop: batch_size:20 epochs:25, Adam (α:0.0001 β1:0.9 β2:0.999), KDloss (α:0.2 T:5)
Training on CPU...
epoch: 1, time: 7.44 secs (speed 7093.7), loss (KDloss): 69320.2109, validation accuracy: 0.9312
epoch: 2, time: 7.75 secs (speed 6848.3), loss (KDloss): 53499.1250, validation accuracy: 0.9541
epoch: 3, time: 7.79 secs (speed 6751.0), loss (KDloss): 51230.5391, validation accuracy: 0.9672
epoch: 4, time: 7.57 secs (speed 6959.4), loss (KDloss): 50216.7227, validation accuracy: 0.9723
epoch: 5, time: 7.53 secs (speed 7034.2), loss (KDloss): 49622.0156, validation accuracy: 0.9768
epoch: 6, time: 7.67 secs (speed 6951.4), loss (KDloss): 49219.1523, validation accuracy: 0.9772
epoch: 7, time: 7.64 secs (speed 6892.7), loss (KDloss): 48935.4648, validation accuracy: 0.9788
epoch: 8, time: 7.48 secs (speed 7028.1), loss (KDloss): 48724.6289, validation accuracy: 0.9812
epoch: 9, time: 7.61 secs (speed 6918.0), loss (KDloss): 48561.6680, validation accuracy: 0.9817
epoch: 10, time: 7.83 secs (speed 6743.2), loss (KDloss): 48397.5742, validation accuracy: 0.9822
epoch: 11, time: 7.71 secs (speed 6846.8), loss (KDloss): 48283.5078, validation accuracy: 0.9835
epoch: 12, time: 7.65 secs (speed 6817.0), loss (KDloss): 48186.9844, validation accuracy: 0.9840
epoch: 13, time: 7.54 secs (speed 7037.0), loss (KDloss): 48096.6133, validation accuracy: 0.9847
epoch: 14, time: 7.75 secs (speed 6755.9), loss (KDloss): 48022.4297, validation accuracy: 0.9860
epoch: 15, time: 7.78 secs (speed 6823.2), loss (KDloss): 47949.8555, validation accuracy: 0.9868
epoch: 16, time: 7.58 secs (speed 6983.9), loss (KDloss): 47891.9141, validation accuracy: 0.9852
epoch: 17, time: 7.43 secs (speed 7108.9), loss (KDloss): 47837.2734, validation accuracy: 0.9868
epoch: 18, time: 7.69 secs (speed 6837.9), loss (KDloss): 47786.8477, validation accuracy: 0.9875
epoch: 19, time: 7.71 secs (speed 6794.7), loss (KDloss): 47742.4297, validation accuracy: 0.9873
epoch: 20, time: 7.46 secs (speed 7021.9), loss (KDloss): 47701.0469, validation accuracy: 0.9881
epoch: 21, time: 7.47 secs (speed 7062.3), loss (KDloss): 47664.2109, validation accuracy: 0.9881
epoch: 22, time: 7.62 secs (speed 6971.6), loss (KDloss): 47631.0000, validation accuracy: 0.9878
epoch: 23, time: 7.96 secs (speed 6642.0), loss (KDloss): 47600.8516, validation accuracy: 0.9880
epoch: 24, time: 7.55 secs (speed 6985.3), loss (KDloss): 47570.9023, validation accuracy: 0.9885
epoch: 25, time: 7.62 secs (speed 6923.5), loss (KDloss): 47540.8867, validation accuracy: 0.9882
Trained in 3 mins and 10 secs.
Student with KD: Test set predicted in 0.41 secs with 0.9882 accuracy.

RESULTS:
0.987300 Student without KD (but GA initialization)
0.990400 Student with KD (best)
0.989500 Student with KD (worst)
0.989720 Student with KD (Random, Average)
0.985000 Student without KD (normal initialization)
0.988200 Student with KD (normal initialization)
