Using CPU, 10 threads with OpenMP
Training data: [2000,784] 6.0 MB
Validation data: [5000,784] 15.0 MB
Testing data: [10000,784] 29.9 MB
Network: mnistcnn
Input layer, shape:[28,28]
Conv2D(ReLU) shape:[24,24,6] (k:5,s:1,pad:no), parameters:150, memory:14.1 KB
Maxpool2D shape:[12,12,6] (k:2,s:2), parameters:0, memory:3.4 KB
Conv2D(ReLU) shape:[8,8,16] (k:5,s:1,pad:no), parameters:2400, memory:13.4 KB
Maxpool2D shape:[4,4,16] (k:2,s:2), parameters:0, memory:1.0 KB
Conv2D(ReLU) shape:[1,120] (k:4,s:1,pad:no), parameters:30720, memory:120.5 KB
Dense(ReLU) shape:[84], parameters:10164, memory:40.0 KB
Softmax shape:[10], parameters:850, memory:3.4 KB

Training...
epoch: 1, time: 0.5 secs (speed 0.0), loss (SoftmaxCE): 4557.3701, validation accuracy: 0.0988
epoch: 2, time: 0.5 secs (speed 0.0), loss (SoftmaxCE): 4412.0098, validation accuracy: 0.1122
epoch: 3, time: 0.5 secs (speed 5000.0), loss (SoftmaxCE): 3933.5632, validation accuracy: 0.2996
epoch: 4, time: 0.5 secs (speed 5000.0), loss (SoftmaxCE): 3163.7778, validation accuracy: 0.3784
epoch: 5, time: 0.5 secs (speed 5000.0), loss (SoftmaxCE): 2712.4016, validation accuracy: 0.4590
epoch: 6, time: 0.5 secs (speed 5000.0), loss (SoftmaxCE): 2427.7344, validation accuracy: 0.4726
epoch: 7, time: 0.5 secs (speed 5000.0), loss (SoftmaxCE): 2228.2136, validation accuracy: 0.4802
epoch: 8, time: 0.5 secs (speed 5000.0), loss (SoftmaxCE): 2083.0137, validation accuracy: 0.5012
epoch: 9, time: 0.5 secs (speed 5000.0), loss (SoftmaxCE): 1961.5177, validation accuracy: 0.5072
epoch: 10, time: 0.5 secs (speed 5000.0), loss (SoftmaxCE): 1856.1166, validation accuracy: 0.5068
epoch: 11, time: 0.5 secs (speed 5000.0), loss (SoftmaxCE): 1769.9110, validation accuracy: 0.5196
epoch: 12, time: 0.5 secs (speed 5000.0), loss (SoftmaxCE): 1690.2921, validation accuracy: 0.5226
epoch: 13, time: 0.5 secs (speed 5000.0), loss (SoftmaxCE): 1622.4720, validation accuracy: 0.5330
epoch: 14, time: 0.5 secs (speed 5000.0), loss (SoftmaxCE): 1556.0992, validation accuracy: 0.5396
epoch: 15, time: 0.5 secs (speed 5000.0), loss (SoftmaxCE): 1492.4578, validation accuracy: 0.5372
Trained in 7.9 secs.
Training set predicted in 0.1 secs with 0.64 accuracy.
Test set predicted in 0.3 secs with 0.5401 accuracy.
Accuracy  = 0.5401
Precision = 0.554474
Recall    = 0.550807
F1        = 0.552634
Confusion matrix:
 790  138   10   18    3    6   23   18    0    3
  23  580    8   42    8    5  284   19    2    3
  47   18  585   39    1    1  272   61    0    4
  31    6    6  892   10    9    0    2    0    2
   8    8  199   24  627    1    7   15    0    3
  89   20    2   14    0  714    0    7  134    2
   5    3   19   11   16    0  153  803    0    0
   9   14    3  353    0    5   13  633    0    2
   0 1111    0    7    1    0    2    6    8    0
   3    7    1   56    1  489    2    2    0  419
