Using CPU, 10 threads with OpenMP
Training data: [2000,784] 6.0 MB
Validation data: [5000,784] 15.0 MB
Testing data: [10000,784] 29.9 MB
Network: mnistcnn
Input layer, shape:[28,28]
Conv2D(ReLU) shape:[24,24,6] (k:5,s:1,pad:no), parameters:150, memory:14.1 KB
Maxpool2D shape:[12,12,6] (k:2,s:2), parameters:0, memory:3.4 KB
Conv2D(ReLU) shape:[8,8,16] (k:5,s:1,pad:no), parameters:2400, memory:13.4 KB
Maxpool2D shape:[4,4,16] (k:2,s:2), parameters:0, memory:1.0 KB
Conv2D(ReLU) shape:[1,120] (k:4,s:1,pad:no), parameters:30720, memory:120.5 KB
Dense(ReLU) shape:[84], parameters:10164, memory:40.0 KB
Softmax shape:[10], parameters:850, memory:3.4 KB

Training...
epoch: 1, time: 0.5 secs (speed 0.0), loss (SoftmaxCE): 4551.6733, validation accuracy: 0.3722
epoch: 2, time: 0.5 secs (speed 0.0), loss (SoftmaxCE): 3983.4404, validation accuracy: 0.5228
epoch: 3, time: 0.5 secs (speed 3333.3), loss (SoftmaxCE): 1877.2881, validation accuracy: 0.8314
epoch: 4, time: 0.5 secs (speed 3333.3), loss (SoftmaxCE): 1033.8997, validation accuracy: 0.8900
epoch: 5, time: 0.5 secs (speed 5000.0), loss (SoftmaxCE): 732.5731, validation accuracy: 0.9102
epoch: 6, time: 0.5 secs (speed 5000.0), loss (SoftmaxCE): 568.7690, validation accuracy: 0.9128
epoch: 7, time: 0.5 secs (speed 5000.0), loss (SoftmaxCE): 469.3616, validation accuracy: 0.9122
epoch: 8, time: 0.5 secs (speed 5000.0), loss (SoftmaxCE): 397.7026, validation accuracy: 0.9100
epoch: 9, time: 0.5 secs (speed 5000.0), loss (SoftmaxCE): 342.2959, validation accuracy: 0.9078
epoch: 10, time: 0.5 secs (speed 5000.0), loss (SoftmaxCE): 294.7741, validation accuracy: 0.9114
epoch: 11, time: 0.5 secs (speed 5000.0), loss (SoftmaxCE): 254.4238, validation accuracy: 0.9118
epoch: 12, time: 0.5 secs (speed 5000.0), loss (SoftmaxCE): 220.9445, validation accuracy: 0.9140
epoch: 13, time: 0.5 secs (speed 5000.0), loss (SoftmaxCE): 192.4197, validation accuracy: 0.9144
epoch: 14, time: 0.5 secs (speed 5000.0), loss (SoftmaxCE): 167.4724, validation accuracy: 0.9170
epoch: 15, time: 0.5 secs (speed 5000.0), loss (SoftmaxCE): 145.3113, validation accuracy: 0.9276
Trained in 8.0 secs.
Training set predicted in 0.1 secs with 0.9565 accuracy.
Test set predicted in 0.3 secs with 0.9157 accuracy.
Accuracy  = 0.9157
Precision = 0.923501
Recall    = 0.915396
F1        = 0.91943
Confusion matrix:
 916    2    5    0   23   11   33   12    2    5
   7  853    0   11   18    6   55   18    0    6
  33    1  784    0    1    3  125   79    1    1
   0    1    0  911   12   12    4   10    3    5
   1    5    1    9  808    0   60    3    1    4
  47    7    1   15    0  892   12    5    0    3
   2    2    2    0   11    0  975   18    0    0
   0    5    1    5    4    5    7 1003    0    2
   0   12    0    3    3    0   24   11 1082    0
   0    2    1   18    7    0    5   14    0  933
