CPU: [AMD Ryzen 5 1600X Six-Core Processor]
12 threads with OpenMP
Teacher data: X (50000,784) 149.5 MB, Y (50000,10)
Student data: X (50000,784) 149.5 MB, Y (50000,10)
Validation data: X (10000,784) 29.9 MB, Y (10000,10)
Testing data: X (10000,784) 29.9 MB, Y (10000,10)

Network: mnistkdmerge-trained-teacher
Input, shape:[28,28], parameters: 0, memory:3.1 KB
Conv2D(ReLU), shape:[24,24,18] (k:5,s:1,pad:no), parameters:450, memory:44.0 KB
Maxpool2D shape:[6,6,18] (k:4,s:4), parameters:0, memory:2.5 KB
Dense(ReLU), shape:[84], parameters:54516, memory:425.9 KB
Dense(Linear), shape:[10], parameters:850, memory:6.6 KB

Stats for mnistkdmerge-trained-teacher
Layer 1 Conv2D
variance: 0.0208656
Bin  1 (-0.283,-0.215): *********
Bin  2 (-0.215,-0.147): ********************************************
Bin  3 (-0.147,-0.079): ****************************************************************
Bin  4 (-0.079,-0.012): ********************************************************************************
Bin  5 (-0.012, 0.056): ****************************
Bin  6 ( 0.056, 0.124): ********************************************
Bin  7 ( 0.124, 0.192): *****************************************
Bin  8 ( 0.192, 0.259): ************************
Bin  9 ( 0.259, 0.327): ************
Bin 10 ( 0.327, 0.395): *******
Layer 3 Dense
variance: 0.0197193
Bin  1 (-0.517,-0.414): 
Bin  2 (-0.414,-0.311): **
Bin  3 (-0.311,-0.207): *******************
Bin  4 (-0.207,-0.104): *******************************************************************
Bin  5 (-0.104,-0.000): ******************************************************************************
Bin  6 (-0.000, 0.103): ********************************************************************************
Bin  7 ( 0.103, 0.206): **********************************************************************
Bin  8 ( 0.206, 0.310): *************************
Bin  9 ( 0.310, 0.413): **
Bin 10 ( 0.413, 0.517): 
Layer 4 Dense
variance: 0.0381779
Bin  1 (-0.472,-0.385): **********
Bin  2 (-0.385,-0.298): *******************************************
Bin  3 (-0.298,-0.211): ***************************************************************
Bin  4 (-0.211,-0.123): *******************************************************************************
Bin  5 (-0.123,-0.036): ************************************************************************
Bin  6 (-0.036, 0.051): ********************************************************************************
Bin  7 ( 0.051, 0.139): ********************************************************************************
Bin  8 ( 0.139, 0.226): ***************************************************************************
Bin  9 ( 0.226, 0.313): ****************************************************
Bin 10 ( 0.313, 0.400): ************
Trained teacher test set predicted in 0.32 secs with 0.9847 accuracy.


Network: mnistkdmerge-student
Input, shape:[28,28], parameters: 0, memory:3.1 KB
Conv2D(ReLU), shape:[24,24,6] (k:5,s:1,pad:no), parameters:150, memory:14.7 KB
Maxpool2D shape:[6,6,6] (k:4,s:4), parameters:0, memory:864 bytes
Dense(ReLU), shape:[14], parameters:3038, memory:23.7 KB
Dense(Linear), shape:[10], parameters:150, memory:1.2 KB

Stats for mnistkdmerge-student
Layer 1 Conv2D
variance: 0.153706
Bin  1 (-0.601,-0.452): ************************************
Bin  2 (-0.452,-0.303): ********************************************************************************
Bin  3 (-0.303,-0.155): **********************************************************************
Bin  4 (-0.155,-0.006): ************************************************
Bin  5 (-0.006, 0.142): *******************
Bin  6 ( 0.142, 0.291): ***************
Bin  7 ( 0.291, 0.440): **********************************
Bin  8 ( 0.440, 0.588): *******************
Bin  9 ( 0.588, 0.737): *****************************
Bin 10 ( 0.737, 0.885): ************
Layer 3 Dense
variance: 0.0385577
Bin  1 (-0.807,-0.637): 
Bin  2 (-0.637,-0.468): **
Bin  3 (-0.468,-0.298): ***********
Bin  4 (-0.298,-0.129): ***************************************
Bin  5 (-0.129, 0.040): ********************************************************************************
Bin  6 ( 0.040, 0.210): ******************************************************************************
Bin  7 ( 0.210, 0.379): ******************************
Bin  8 ( 0.379, 0.549): *******
Bin  9 ( 0.549, 0.718): *
Bin 10 ( 0.718, 0.888): 
Layer 4 Dense
variance: 0.0987709
Bin  1 (-0.808,-0.655): *******
Bin  2 (-0.655,-0.503): *******************************************
Bin  3 (-0.503,-0.350): *********************************************************
Bin  4 (-0.350,-0.198): ***************************************************************
Bin  5 (-0.198,-0.046): *****************************************************************************
Bin  6 (-0.046, 0.107): ********************************************************************************
Bin  7 ( 0.107, 0.259): ***************************************************************
Bin  8 ( 0.259, 0.412): *********************************************************
Bin  9 ( 0.412, 0.564): *************
Bin 10 ( 0.564, 0.716): *******
Student with KD: Test set predicted in 0.14 secs with 0.9772 accuracy.

Number of values in each chain: 20
