CPU: [AMD Ryzen 9 5900X 12-Core Processor]
12 threads with OpenMP
Training data: (2000,784) 6.0 MB
Validation data: (5000,784) 15.0 MB
Testing data: (10000,784) 29.9 MB
Network: mnistga-ffnn
Input, shape:[28,28], parameters: 0, memory:3.1 KB
Dense(softmax), shape:[10], parameters:7850, memory:61.3 KB

Number of symbols in each bitstring: 20
Evolving 200 members for 20 generations...
Generation   1, time: 14.31s, fitness max: 0.676000, min: 0.087800, mean: 0.335598
Generation   2, time: 10.78s, fitness max: 0.676000, min: 0.093200, mean: 0.372028
Generation   3, time: 11.31s, fitness max: 0.695200, min: 0.188200, mean: 0.424313
Generation   4, time: 12.22s, fitness max: 0.700800, min: 0.155600, mean: 0.468468
Generation   5, time: 11.90s, fitness max: 0.713600, min: 0.151800, mean: 0.504181
Generation   6, time: 12.80s, fitness max: 0.713600, min: 0.255200, mean: 0.522504
Generation   7, time: 11.75s, fitness max: 0.801400, min: 0.224000, mean: 0.560617
Generation   8, time: 12.48s, fitness max: 0.801400, min: 0.275800, mean: 0.563954
Generation   9, time: 12.24s, fitness max: 0.801400, min: 0.181600, mean: 0.566711
Generation  10, time: 11.51s, fitness max: 0.807800, min: 0.255800, mean: 0.587603
Generation  11, time: 12.33s, fitness max: 0.825600, min: 0.274600, mean: 0.604737
Generation  12, time: 11.77s, fitness max: 0.825600, min: 0.263800, mean: 0.608057
Generation  13, time: 11.81s, fitness max: 0.825600, min: 0.298000, mean: 0.617803
Generation  14, time: 11.78s, fitness max: 0.825600, min: 0.262200, mean: 0.630494
Generation  15, time: 12.32s, fitness max: 0.841800, min: 0.379200, mean: 0.641502
Generation  16, time: 12.00s, fitness max: 0.841800, min: 0.269800, mean: 0.661236
Generation  17, time: 12.69s, fitness max: 0.865000, min: 0.364600, mean: 0.663908
Generation  18, time: 12.66s, fitness max: 0.865000, min: 0.409200, mean: 0.672780
Generation  19, time: 13.15s, fitness max: 0.865000, min: 0.221600, mean: 0.670586
Generation  20, time: 13.36s, fitness max: 0.865000, min: 0.339600, mean: 0.677670
Evolution finished, top-10 members:
G.O.A.T.  fitness=0.865
member   1, fitness=0.865
member   2, fitness=0.865
member   3, fitness=0.865
member   4, fitness=0.865
member   5, fitness=0.865
member   6, fitness=0.865
member   7, fitness=0.865
member   8, fitness=0.8418
member   9, fitness=0.8418
member  10, fitness=0.8418
Trained in  0.10s.
Validation set predicted with 0.8768 accuracy.
Accuracy  = 0.8467
Precision = 0.846378
Recall    = 0.845415
F1        = 0.845896
Confusion matrix:
 892    0   13   11    0   44   15    2    2    1
   0 1085    6    6    0    9    4    0   25    0
  12   31  849   14   20    2   20   27   52    5
   5   11   30  834    3   82    5   15   21    4
   3   20    7    0  818    5   10   13   13   93
  13   14    4   33   12  761   19   13   15    8
  22   10   21    3   20   31  846    2    2    1
   1   40   30    7   13    1    3  887   12   34
  12   22   23   56    6   61   15   16  726   37
  12   18   21   16   68   18    4   69   14  769
CNN trained in  1.47s.
Accuracy  = 0.8828
Precision = 0.892022
Recall    = 0.881647
F1        = 0.886804
Confusion matrix:
 952    2    1    8    4    3    5    2    3    0
   0 1125    1    4    0    2    3    0    0    0
  16   14  850   45   28    0   51   17   10    1
   2   14   18  934    1   28    2    7    2    2
   1   19    1    0  947    0    1    1    4    8
   8    6    0   51    3  784   16   14    6    4
  23   11    1    0   43    5  874    0    1    0
   4   32   15   68    5    0    0  893    3    8
   2   37    7  116   10   23   35   19  710   15
   7   34   13   29  124    8    0   27    8  759
