CPU: [11th Gen Intel(R) Core(TM) i5-11400F @ 2.60GHz]
12 threads with OpenMP
Teacher data: X (40000,3072) 468.8 MB, Y (40000,10)
Student data: X (40000,3072) 468.8 MB, Y (40000,10)
Validation data: X (10000,3072) 117.2 MB, Y (10000,10)
Testing data: X (10000,3072) 117.2 MB, Y (10000,10)
Trained teacher test set predicted in  3.40s with 0.7365 accuracy.

Network: c10kdga-trained-teacher(dropout)
Input, shape:[32,32,3], parameters: 0, memory:12.0 KB
Conv2D(ReLU), shape:[30,30,32] (k:3,s:1,pad:no), parameters:864, memory:119.2 KB
Maxpool2D shape:[15,15,32] (k:2,s:2), parameters:0, memory:28.1 KB
Dropout, ratio:0.25, shape:[15,15,32], parameters:0, memory:28.1 KB
Conv2D(ReLU), shape:[13,13,64] (k:3,s:1,pad:no), parameters:18432, memory:186.2 KB
Maxpool2D shape:[6,6,64] (k:2,s:2), parameters:0, memory:9.0 KB
Dropout, ratio:0.25, shape:[6,6,64], parameters:0, memory:9.0 KB
Conv2D(ReLU), shape:[4,4,128] (k:3,s:1,pad:no), parameters:73728, memory:584.0 KB
Maxpool2D shape:[2,2,128] (k:2,s:2), parameters:0, memory:2.0 KB
Dropout, ratio:0.25, shape:[2,2,128], parameters:0, memory:2.0 KB
Dense(ReLU), shape:[128], parameters:65664, memory:513.0 KB
Dense(Linear), shape:[10], parameters:1290, memory:10.1 KB

Stats for c10kdga-trained-teacher(dropout)
Layer 1 Conv2D
variance: 0.00804128
Scale: 0..150
 1 (-0.214,-0.172): ██████
 2 (-0.172,-0.129): ████████████████████████████
 3 (-0.129,-0.086): ████████████████████████████████████████████████████
 4 (-0.086,-0.043): ███████████████████████████████████████████████████████████████████████
 5 (-0.043,-0.001): ████████████████████████████████████████████████████████████████████████████████
 6 (-0.001, 0.042): ███████████████████████████████████████████████████████████████████
 7 ( 0.042, 0.085): ████████████████████████████████████████████████████████████████████
 8 ( 0.085, 0.128): ███████████████████████████████████████████████
 9 ( 0.128, 0.170): ██████████████████████████████
10 ( 0.170, 0.213): ███████████
Layer 4 Conv2D
variance: 0.00561014
Scale: 0..9225
 1 (-0.573,-0.480): 
 2 (-0.480,-0.386): 
 3 (-0.386,-0.292): █
 4 (-0.292,-0.199): ███
 5 (-0.199,-0.105): ██████████
 6 (-0.105,-0.012): ██████████████████████████████████████████████████████
 7 (-0.012, 0.082): ████████████████████████████████████████████████████████████████████████████████
 8 ( 0.082, 0.176): ███████████
 9 ( 0.176, 0.269): █
10 ( 0.269, 0.363): 
Layer 7 Conv2D
variance: 0.00264033
Scale: 0..32670
 1 (-0.349,-0.294): 
 2 (-0.294,-0.240): 
 3 (-0.240,-0.185): █
 4 (-0.185,-0.131): ███
 5 (-0.131,-0.076): █████████████
 6 (-0.076,-0.022): ████████████████████████████████████████████████
 7 (-0.022, 0.033): ████████████████████████████████████████████████████████████████████████████████
 8 ( 0.033, 0.088): █████████████████████████████████
 9 ( 0.088, 0.142): ████
10 ( 0.142, 0.197): 
Layer 10 Dense
variance: 0.0195917
Scale: 0..15323
 1 (-0.521,-0.423): 
 2 (-0.423,-0.325): ██
 3 (-0.325,-0.227): █████████████
 4 (-0.227,-0.129): █████████████████████████████████████████████████
 5 (-0.129,-0.031): ████████████████████████████████████████████████████████████████████████████
 6 (-0.031, 0.067): ████████████████████████████████████████████████████████████████████████████████
 7 ( 0.067, 0.165): █████████████████████████████████████████████████████████████████████████
 8 ( 0.165, 0.263): ██████████████████████████████████████████
 9 ( 0.263, 0.361): ████████
10 ( 0.361, 0.459): 
Layer 11 Dense
variance: 0.0365235
Scale: 0..208
 1 (-0.485,-0.386): █████
 2 (-0.386,-0.287): █████████████████████████████████
 3 (-0.287,-0.188): ████████████████████████████████████████████████████████████████████████████████
 4 (-0.188,-0.089): █████████████████████████████████████████████████████████████████████████████
 5 (-0.089, 0.010): █████████████████████████████████████████████████████████████████████████
 6 ( 0.010, 0.109): ████████████████████████████████████████████████████████████████████████
 7 ( 0.109, 0.209): ████████████████████████████████████████████████████████████████████████████████
 8 ( 0.209, 0.308): ████████████████████████████████████████████████████████████
 9 ( 0.308, 0.407): ██████████
10 ( 0.407, 0.506): ██

Network: c10kdga-student
Input, shape:[32,32,3], parameters: 0, memory:12.0 KB
Conv2D(ReLU), shape:[30,30,8] (k:3,s:1,pad:no), parameters:216, memory:29.8 KB
Maxpool2D shape:[15,15,8] (k:2,s:2), parameters:0, memory:7.0 KB
Conv2D(ReLU), shape:[13,13,16] (k:3,s:1,pad:no), parameters:1152, memory:19.6 KB
Maxpool2D shape:[6,6,16] (k:2,s:2), parameters:0, memory:2.2 KB
Conv2D(ReLU), shape:[4,4,32] (k:3,s:1,pad:no), parameters:4608, memory:38.0 KB
Dense(ReLU), shape:[64], parameters:32832, memory:256.5 KB
Dense(Linear), shape:[10], parameters:650, memory:5.1 KB


Stats for c10kdga-student
Layer 1 Conv2D
variance: 0.000348763
Scale: 0..30
 1 (-0.031,-0.025): ████████████████████████████████████████████████████████
 2 (-0.025,-0.019): ████████████████████████████████████████████████████████████████████████████████
 3 (-0.019,-0.012): █████████████████████████████████████████████████████████████
 4 (-0.012,-0.006): ███████████████████████████████████████████████████
 5 (-0.006, 0.000): ████████████████████████████████████████████████
 6 ( 0.000, 0.006): ████████████████████████████████████████████████████████
 7 ( 0.006, 0.013): █████████████████████████████████████████████████████████████
 8 ( 0.013, 0.019): ████████████████████████████████████████████████
 9 ( 0.019, 0.025): ███████████████████████████████████████████
10 ( 0.025, 0.031): ████████████████████████████████████████████████████████████████████████
Layer 3 Conv2D
variance: 0.000554329
Scale: 0..130
 1 (-0.041,-0.033): ███████████████████████████████████████████████████████████████████████
 2 (-0.033,-0.024): ██████████████████████████████████████████████████████████████████████████
 3 (-0.024,-0.016): ██████████████████████████████████████████████████████████████████████████
 4 (-0.016,-0.008): ██████████████████████████████████████████████████████████████████████████
 5 (-0.008,-0.000): ████████████████████████████████████████████████████████████████████████████████
 6 (-0.000, 0.008): ████████████████████████████████████████████████████████████████
 7 ( 0.008, 0.016): ███████████████████████████████████████████████████████████████████████
 8 ( 0.016, 0.024): ███████████████████████████████████████████████████████
 9 ( 0.024, 0.033): █████████████████████████████████████████████████████████████████████████
10 ( 0.033, 0.041): ███████████████████████████████████████████████████████████████████████
Layer 5 Conv2D
variance: 0.00171469
Scale: 0..475
 1 (-0.072,-0.058): ████████████████████████████████████████████████████████████████████████
 2 (-0.058,-0.043): ████████████████████████████████████████████████████████████████████████████████
 3 (-0.043,-0.029): ███████████████████████████████████████████████████████████████████████████████
 4 (-0.029,-0.014): ██████████████████████████████████████████████████████████████████████████████
 5 (-0.014, 0.000): ███████████████████████████████████████████████████████████████████████████
 6 ( 0.000, 0.014): ████████████████████████████████████████████████████████████████████████████████
 7 ( 0.014, 0.029): █████████████████████████████████████████████████████████████████████████████
 8 ( 0.029, 0.043): ████████████████████████████████████████████████████████████████████████████████
 9 ( 0.043, 0.058): ████████████████████████████████████████████████████████████████████████████████
10 ( 0.058, 0.072): ████████████████████████████████████████████████████████████████████████████
Layer 6 Dense
variance: 0.0248981
Scale: 0..3381
 1 (-0.274,-0.219): ██████████████████████████████████████████████████████████████████████████████
 2 (-0.219,-0.164): ███████████████████████████████████████████████████████████████████████████████
 3 (-0.164,-0.110): ██████████████████████████████████████████████████████████████████████████████
 4 (-0.110,-0.055): ██████████████████████████████████████████████████████████████████████████████
 5 (-0.055, 0.000): █████████████████████████████████████████████████████████████████████████████
 6 ( 0.000, 0.055): ███████████████████████████████████████████████████████████████████████████████
 7 ( 0.055, 0.110): ████████████████████████████████████████████████████████████████████████████
 8 ( 0.110, 0.164): ████████████████████████████████████████████████████████████████████████████████
 9 ( 0.164, 0.219): █████████████████████████████████████████████████████████████████████████████
10 ( 0.219, 0.274): ████████████████████████████████████████████████████████████████████████████
Layer 7 Dense
variance: 0.0274658
Scale: 0..80
 1 (-0.284,-0.228): ████████████████████████████████████████████████████████████
 2 (-0.228,-0.171): █████████████████████████████████████████████████████████████████
 3 (-0.171,-0.114): █████████████████████████████████████████████████████████████
 4 (-0.114,-0.057): ████████████████████████████████████████████████████████
 5 (-0.057, 0.000): ████████████████████████████████████████████████████████████████
 6 ( 0.000, 0.057): ███████████████████████████████████████████████████████████████
 7 ( 0.057, 0.114): █████████████████████████████████████████████████████████████
 8 ( 0.114, 0.171): ████████████████████████████████████████████████████████████████████████████████
 9 ( 0.171, 0.228): █████████████████████████████████████████████████████████████
10 ( 0.228, 0.285): █████████████████████████████████████████████████████████████████████

Number of indeces in each chain: 56
Evolving 200 members for 100 generations...
Generation   1, time: 41m 42s, fitness max: 0.382100, min: 0.268500, mean: 0.329943
Generation   2, time: 41m 13s, fitness max: 0.382100, min: 0.279200, mean: 0.330010
Generation   3, time: 41m 18s, fitness max: 0.382100, min: 0.285300, mean: 0.340562
Generation   4, time: 41m 56s, fitness max: 0.413900, min: 0.274700, mean: 0.349912
Generation   5, time: 41m 02s, fitness max: 0.413900, min: 0.307800, mean: 0.357333
Generation   6, time: 38m 35s, fitness max: 0.413900, min: 0.308100, mean: 0.358592
Generation   7, time: 34m 05s, fitness max: 0.413900, min: 0.313200, mean: 0.361569
Generation   8, time: 32m 03s, fitness max: 0.413900, min: 0.306700, mean: 0.361772
Generation   9, time: 26m 02s, fitness max: 0.413900, min: 0.313200, mean: 0.365330
Generation  10, time: 24m 34s, fitness max: 0.413900, min: 0.313200, mean: 0.365455
Generation  11, time: 23m 00s, fitness max: 0.413900, min: 0.329900, mean: 0.365563
Generation  12, time: 21m 58s, fitness max: 0.413900, min: 0.319100, mean: 0.364395
Generation  13, time: 23m 30s, fitness max: 0.413900, min: 0.317200, mean: 0.361945
Generation  14, time: 23m 02s, fitness max: 0.413900, min: 0.323500, mean: 0.363278
Generation  15, time: 24m 10s, fitness max: 0.413900, min: 0.316600, mean: 0.362623
Generation  16, time: 25m 38s, fitness max: 0.413900, min: 0.324800, mean: 0.363335
Generation  17, time: 25m 18s, fitness max: 0.413900, min: 0.322400, mean: 0.364076
Generation  18, time: 21m 18s, fitness max: 0.413900, min: 0.322400, mean: 0.365600
Generation  19, time: 19m 49s, fitness max: 0.413900, min: 0.328700, mean: 0.367175
Generation  20, time: 21m 04s, fitness max: 0.413900, min: 0.328700, mean: 0.367890
Generation  21, time: 22m 23s, fitness max: 0.413900, min: 0.331500, mean: 0.367271
Generation  22, time: 23m 10s, fitness max: 0.413900, min: 0.330200, mean: 0.368705
Generation  23, time: 20m 08s, fitness max: 0.413900, min: 0.330200, mean: 0.369670
Generation  24, time: 17m 34s, fitness max: 0.413900, min: 0.325700, mean: 0.368856
Generation  25, time: 18m 30s, fitness max: 0.413900, min: 0.325400, mean: 0.368421
Generation  26, time: 20m 32s, fitness max: 0.413900, min: 0.326900, mean: 0.369274
Generation  27, time: 20m 01s, fitness max: 0.413900, min: 0.314600, mean: 0.368416
Generation  28, time: 19m 40s, fitness max: 0.414900, min: 0.327000, mean: 0.369814
Generation  29, time: 21m 51s, fitness max: 0.414900, min: 0.327600, mean: 0.368954
Generation  30, time: 20m 03s, fitness max: 0.414900, min: 0.321500, mean: 0.370443
Generation  31, time: 20m 07s, fitness max: 0.414900, min: 0.332300, mean: 0.369606
Generation  32, time: 19m 34s, fitness max: 0.414900, min: 0.332000, mean: 0.369837
Generation  33, time: 19m 31s, fitness max: 0.414900, min: 0.323700, mean: 0.369346
Generation  34, time: 17m 56s, fitness max: 0.414900, min: 0.332700, mean: 0.367701
Generation  35, time: 17m 35s, fitness max: 0.414900, min: 0.326200, mean: 0.366296
Generation  36, time: 17m 09s, fitness max: 0.414900, min: 0.326200, mean: 0.369200
Generation  37, time: 18m 31s, fitness max: 0.414900, min: 0.326200, mean: 0.369723
Generation  38, time: 20m 20s, fitness max: 0.414900, min: 0.321800, mean: 0.368817
Generation  39, time: 19m 17s, fitness max: 0.414900, min: 0.325900, mean: 0.367286
Generation  40, time: 19m 39s, fitness max: 0.414900, min: 0.320300, mean: 0.366557
Generation  41, time: 17m 00s, fitness max: 0.414900, min: 0.326700, mean: 0.366597
Generation  42, time: 19m 03s, fitness max: 0.414900, min: 0.332200, mean: 0.366986
Generation  43, time: 19m 12s, fitness max: 0.414900, min: 0.326100, mean: 0.365596
Generation  44, time: 18m 56s, fitness max: 0.414900, min: 0.323700, mean: 0.365747
Generation  45, time: 19m 26s, fitness max: 0.414900, min: 0.317000, mean: 0.367203
Generation  46, time: 19m 38s, fitness max: 0.414900, min: 0.317000, mean: 0.366812
Generation  47, time: 18m 22s, fitness max: 0.414900, min: 0.325600, mean: 0.366984
Generation  48, time: 17m 27s, fitness max: 0.414900, min: 0.327300, mean: 0.365335
Generation  49, time: 18m 34s, fitness max: 0.414900, min: 0.327300, mean: 0.365568
Generation  50, time: 16m 29s, fitness max: 0.414900, min: 0.312900, mean: 0.364597
Generation  51, time: 16m 51s, fitness max: 0.414900, min: 0.325400, mean: 0.365810
Generation  52, time: 18m 55s, fitness max: 0.414900, min: 0.314600, mean: 0.368399
Generation  53, time: 18m 29s, fitness max: 0.414900, min: 0.330000, mean: 0.369065
Generation  54, time: 15m 36s, fitness max: 0.414900, min: 0.333200, mean: 0.369123
Generation  55, time: 18m 01s, fitness max: 0.414900, min: 0.315400, mean: 0.368403
Generation  56, time: 14m 31s, fitness max: 0.414900, min: 0.315400, mean: 0.366101
Generation  57, time: 14m 28s, fitness max: 0.414900, min: 0.330200, mean: 0.367705
Generation  58, time: 16m 46s, fitness max: 0.414900, min: 0.332100, mean: 0.368589
Generation  59, time: 18m 31s, fitness max: 0.414900, min: 0.322800, mean: 0.365667
Generation  60, time: 18m 52s, fitness max: 0.414900, min: 0.322100, mean: 0.365877
Generation  61, time: 16m 52s, fitness max: 0.414900, min: 0.318600, mean: 0.364726
Generation  62, time: 18m 37s, fitness max: 0.414900, min: 0.318600, mean: 0.365483
Generation  63, time: 17m 59s, fitness max: 0.414900, min: 0.318600, mean: 0.366537
Generation  64, time: 17m 19s, fitness max: 0.414900, min: 0.318600, mean: 0.369727
Generation  65, time: 20m 50s, fitness max: 0.414900, min: 0.330000, mean: 0.365804
Generation  66, time: 19m 52s, fitness max: 0.414900, min: 0.322100, mean: 0.368271
Generation  67, time: 16m 20s, fitness max: 0.414900, min: 0.319000, mean: 0.367714
Generation  68, time: 19m 02s, fitness max: 0.414900, min: 0.329000, mean: 0.366588
Generation  69, time: 19m 55s, fitness max: 0.414900, min: 0.329000, mean: 0.368459
Generation  70, time: 16m 24s, fitness max: 0.414900, min: 0.322200, mean: 0.366185
Generation  71, time: 17m 37s, fitness max: 0.414900, min: 0.318200, mean: 0.365663
Generation  72, time: 15m 06s, fitness max: 0.414900, min: 0.318200, mean: 0.366945
Generation  73, time: 16m 17s, fitness max: 0.414900, min: 0.319400, mean: 0.369089
Generation  74, time: 16m 48s, fitness max: 0.414900, min: 0.317200, mean: 0.366785
Generation  75, time: 19m 20s, fitness max: 0.414900, min: 0.319400, mean: 0.366804
Generation  76, time: 18m 54s, fitness max: 0.414900, min: 0.310100, mean: 0.365903
Generation  77, time: 18m 35s, fitness max: 0.414900, min: 0.313000, mean: 0.367158
Generation  78, time: 19m 59s, fitness max: 0.414900, min: 0.313000, mean: 0.367041
Generation  79, time: 16m 39s, fitness max: 0.414900, min: 0.313000, mean: 0.365055
Generation  80, time: 16m 05s, fitness max: 0.414900, min: 0.321500, mean: 0.367823
Generation  81, time: 18m 11s, fitness max: 0.414900, min: 0.325200, mean: 0.369811
Generation  82, time: 18m 40s, fitness max: 0.414900, min: 0.321900, mean: 0.367394
Generation  83, time: 15m 42s, fitness max: 0.414900, min: 0.321900, mean: 0.368259
Generation  84, time: 19m 17s, fitness max: 0.414900, min: 0.325200, mean: 0.369649
Generation  85, time: 17m 18s, fitness max: 0.414900, min: 0.325200, mean: 0.366833
Generation  86, time: 14m 42s, fitness max: 0.414900, min: 0.325000, mean: 0.367652
Generation  87, time: 17m 29s, fitness max: 0.414900, min: 0.329900, mean: 0.369014
Generation  88, time: 18m 37s, fitness max: 0.414900, min: 0.321800, mean: 0.369457
Generation  89, time: 15m 09s, fitness max: 0.414900, min: 0.321800, mean: 0.370505
Generation  90, time: 13m 41s, fitness max: 0.414900, min: 0.317400, mean: 0.369605
Generation  91, time: 16m 50s, fitness max: 0.414900, min: 0.326000, mean: 0.368739
Generation  92, time: 15m 48s, fitness max: 0.414900, min: 0.325200, mean: 0.368615
Generation  93, time: 20m 24s, fitness max: 0.414900, min: 0.322100, mean: 0.368600
Generation  94, time: 17m 17s, fitness max: 0.414900, min: 0.321500, mean: 0.368114
Generation  95, time: 16m 40s, fitness max: 0.414900, min: 0.321500, mean: 0.368395
Generation  96, time: 15m 21s, fitness max: 0.414900, min: 0.314600, mean: 0.368618
Generation  97, time: 14m 45s, fitness max: 0.415200, min: 0.321500, mean: 0.370382
Generation  98, time: 15m 29s, fitness max: 0.415200, min: 0.321500, mean: 0.368895
Generation  99, time: 16m 47s, fitness max: 0.415200, min: 0.309800, mean: 0.368209
Generation 100, time: 15m 36s, fitness max: 0.415200, min: 0.318300, mean: 0.369009
Evolution finished, top-10 members:
member   1, fitness=0.415200, 0 1 2 3 4 5 7 9 0 1 2 3 5 6 7 9 13 14 17 20 22 23 26 55 0 1 2 3 4 5 6 7 8 9 10 11 12 13 19 20 21 23 25 26 27 28 30 31 33 36 41 43 44 45 50 56 
member   2, fitness=0.414900, 0 1 2 3 4 5 7 9 0 1 2 3 5 6 7 9 13 14 17 20 22 23 26 55 0 1 2 3 4 5 6 7 10 12 13 14 19 20 21 23 25 26 27 28 30 31 33 36 41 43 44 45 56 57 63 64 
member   3, fitness=0.414900, 0 1 2 3 4 5 7 9 0 1 2 3 5 6 7 9 13 14 17 20 22 23 26 55 0 1 2 3 4 5 6 7 10 12 13 14 19 20 21 23 25 26 27 28 30 31 33 36 41 43 44 45 56 57 63 64 
member   4, fitness=0.414900, 0 1 2 3 4 5 7 9 0 1 2 3 5 6 7 9 13 14 17 20 22 23 26 55 0 1 2 3 4 5 6 7 10 12 13 14 19 20 21 23 25 26 27 28 30 31 33 36 41 43 44 45 56 57 63 64 
member   5, fitness=0.414900, 0 1 2 3 4 5 7 9 0 1 2 3 5 6 7 9 13 14 17 20 22 23 26 55 0 1 2 3 4 5 6 7 10 12 13 14 19 20 21 23 25 26 27 28 30 31 33 36 41 43 44 45 56 57 63 64 
member   6, fitness=0.402900, 0 1 2 3 4 5 7 9 0 1 3 4 5 6 7 8 9 10 11 12 13 14 17 46 0 1 2 3 4 5 6 7 8 9 10 11 12 13 14 15 16 17 18 19 20 21 22 23 24 25 26 27 28 30 31 33 
member   7, fitness=0.401700, 0 1 2 3 4 5 7 9 0 1 2 3 4 5 6 7 9 10 11 12 13 14 17 37 0 1 2 3 4 5 6 7 8 9 10 11 12 13 14 15 16 17 18 19 20 21 22 23 25 26 27 28 30 31 36 41 
member   8, fitness=0.400300, 0 1 2 3 4 5 7 9 0 1 2 3 4 5 7 8 9 10 11 12 13 14 17 21 0 1 2 3 4 5 6 7 8 9 10 11 12 13 14 15 16 18 19 20 21 22 23 24 25 26 27 28 30 31 33 40 
member   9, fitness=0.398600, 0 1 2 3 4 5 7 9 0 1 3 4 5 6 7 8 9 10 11 12 13 14 22 60 0 1 2 3 4 5 6 7 8 9 10 11 12 13 14 15 16 17 18 19 20 21 22 23 24 25 26 28 30 31 33 36 
member  10, fitness=0.398400, 0 1 2 3 4 5 7 9 0 1 2 3 4 5 6 8 9 10 11 12 13 14 15 17 0 1 2 3 4 5 6 7 8 9 10 11 12 13 14 15 16 17 18 19 20 21 22 23 24 25 26 27 28 30 31 33 
member 200, fitness=0.318300, 0 1 2 3 4 5 7 19 0 1 2 3 4 5 6 7 8 9 10 12 13 14 17 50 0 1 2 3 4 5 6 7 8 9 10 11 12 13 14 15 16 17 18 19 20 21 22 23 24 25 26 27 28 30 31 33 

Train student without KD but with GA initialized filters
Best member: 0 1 2 3 4 5 7 9 0 1 2 3 5 6 7 9 13 14 17 20 22 23 26 55 0 1 2 3 4 5 6 7 8 9 10 11 12 13 19 20 21 23 25 26 27 28 30 31 33 36 41 43 44 45 50 56 
Backprop: batch_size:20 epochs:25, Adam (α:0.0001 β1:0.9 β2:0.999), CCE
Training on CPU...
epoch:  10, time: 10.65s (speed 3920.3), loss (CCE): 48092.3867, validation accuracy: 0.5690
epoch:  20, time: 10.42s (speed 4018.6), loss (CCE): 42617.5664, validation accuracy: 0.6180
epoch:  25, time:  0.00s (speed 4078.8), loss (CCE): 40921.9180, validation accuracy: 0.6276
Trained in 4m 25s.
Student without KD (but GA initialization): Test set predicted in  0.50s with 0.6198 accuracy.


Train student with KD, filters initialized by the GA (best member)
Best member: 0 1 2 3 4 5 7 9 0 1 2 3 5 6 7 9 13 14 17 20 22 23 26 55 0 1 2 3 4 5 6 7 8 9 10 11 12 13 19 20 21 23 25 26 27 28 30 31 33 36 41 43 44 45 50 56 
Backprop: batch_size:20 epochs:25, Adam (α:0.0001 β1:0.9 β2:0.999), KDloss (α:0.2 T:5)
Training on CPU...
epoch:  10, time: 10.55s (speed 3966.9), loss (KDloss): 78202.1250, validation accuracy: 0.5733
epoch:  20, time: 10.55s (speed 3961.4), loss (KDloss): 76697.4766, validation accuracy: 0.6210
epoch:  25, time:  0.00s (speed 3951.4), loss (KDloss): 76276.2422, validation accuracy: 0.6349
Trained in 4m 25s.
Student with KD (GA optimized): Test set predicted in  0.48s with 0.6256 accuracy.


Train student with KD, filters choosen by the GA (worst member)
Worst member: 0 1 2 3 4 5 7 19 0 1 2 3 4 5 6 7 8 9 10 12 13 14 17 50 0 1 2 3 4 5 6 7 8 9 10 11 12 13 14 15 16 17 18 19 20 21 22 23 24 25 26 27 28 30 31 33 
Backprop: batch_size:20 epochs:25, Adam (α:0.0001 β1:0.9 β2:0.999), KDloss (α:0.2 T:5)
Training on CPU...
epoch:  10, time: 10.80s (speed 3866.4), loss (KDloss): 78570.6719, validation accuracy: 0.5692
epoch:  20, time: 10.28s (speed 4077.5), loss (KDloss): 77077.9453, validation accuracy: 0.6145
epoch:  25, time:  0.00s (speed 4076.6), loss (KDloss): 76624.5859, validation accuracy: 0.6264
Trained in 4m 25s.
Student with KD (GA optimized): Test set predicted in  0.52s with 0.6195 accuracy.


Train student with KD, filters choosen randomly (full training)
Random1: 9 11 12 13 15 17 18 22 1 4 8 9 10 12 17 21 31 38 44 49 51 54 59 63 1 10 11 15 24 26 29 34 37 40 41 42 49 50 61 72 73 75 78 80 84 91 101 102 103 106 109 113 116 120 121 127 
Backprop: batch_size:20 epochs:25, Adam (α:0.0001 β1:0.9 β2:0.999), KDloss (α:0.2 T:5)
Training on CPU...
epoch:  10, time: 10.59s (speed 3948.2), loss (KDloss): 78620.7188, validation accuracy: 0.5557
epoch:  20, time: 10.45s (speed 4012.8), loss (KDloss): 77075.1172, validation accuracy: 0.6048
epoch:  25, time:  0.00s (speed 4000.0), loss (KDloss): 76569.7422, validation accuracy: 0.6169
Trained in 4m 24s.
Student with KD (Random): Test set predicted in  0.50s with 0.6201 accuracy.


Train student with KD, filters choosen randomly (full training)
Random2: 6 9 16 17 22 23 27 28 0 1 3 8 12 15 17 20 23 35 38 40 42 53 57 61 8 14 15 18 21 22 25 26 28 29 33 48 53 65 66 67 76 77 80 81 88 90 95 99 105 106 108 110 111 116 119 124 
Backprop: batch_size:20 epochs:25, Adam (α:0.0001 β1:0.9 β2:0.999), KDloss (α:0.2 T:5)
Training on CPU...
epoch:  10, time: 10.63s (speed 3932.3), loss (KDloss): 79201.1562, validation accuracy: 0.5335
epoch:  20, time: 10.41s (speed 4023.0), loss (KDloss): 77560.7500, validation accuracy: 0.5893
epoch:  25, time:  0.00s (speed 4041.2), loss (KDloss): 77063.0000, validation accuracy: 0.6012
Trained in 4m 23s.
Student with KD (Random): Test set predicted in  0.51s with 0.6059 accuracy.


Train student with KD, filters choosen randomly (full training)
Random3: 1 8 12 17 19 24 27 30 5 6 9 14 15 16 18 23 26 37 43 46 51 58 60 63 3 11 13 14 15 16 19 23 24 28 32 33 41 42 43 47 51 67 76 77 85 93 99 100 102 103 107 109 113 122 123 125 
Backprop: batch_size:20 epochs:25, Adam (α:0.0001 β1:0.9 β2:0.999), KDloss (α:0.2 T:5)
Training on CPU...
epoch:  10, time: 10.01s (speed 4187.9), loss (KDloss): 79062.0859, validation accuracy: 0.5332
epoch:  20, time: 10.00s (speed 4187.6), loss (KDloss): 77467.4375, validation accuracy: 0.5838
epoch:  25, time:  0.00s (speed 4184.4), loss (KDloss): 76993.0156, validation accuracy: 0.5998
Trained in 4m 12s.
Student with KD (Random): Test set predicted in  0.48s with 0.6063 accuracy.


Train student with KD, filters choosen randomly (full training)
Random4: 5 6 8 15 21 27 28 30 0 3 12 19 20 30 32 34 35 37 38 41 42 44 46 60 10 11 13 14 33 50 51 57 59 64 69 71 75 79 81 82 91 92 93 94 95 96 97 99 101 103 107 109 113 115 119 127 
Backprop: batch_size:20 epochs:25, Adam (α:0.0001 β1:0.9 β2:0.999), KDloss (α:0.2 T:5)
Training on CPU...
epoch:  10, time: 10.59s (speed 3946.6), loss (KDloss): 78998.1797, validation accuracy: 0.5406
epoch:  20, time:  9.65s (speed 4349.8), loss (KDloss): 77320.0391, validation accuracy: 0.5880
epoch:  25, time:  0.00s (speed 2839.5), loss (KDloss): 76798.0938, validation accuracy: 0.6042
Trained in 4m 21s.
Student with KD (Random): Test set predicted in  0.60s with 0.6077 accuracy.


Train student with KD, filters choosen randomly (full training)
Random5: 0 8 11 16 21 22 26 29 2 5 6 10 14 16 19 23 25 31 33 34 47 51 56 59 0 1 3 4 13 17 30 31 35 36 41 45 46 51 54 61 66 68 70 81 82 84 85 87 94 101 102 106 107 117 119 121 
Backprop: batch_size:20 epochs:25, Adam (α:0.0001 β1:0.9 β2:0.999), KDloss (α:0.2 T:5)
Training on CPU...
epoch:  10, time: 15.08s (speed 2753.3), loss (KDloss): 78541.8047, validation accuracy: 0.5615
epoch:  20, time:  9.56s (speed 4385.1), loss (KDloss): 77008.4766, validation accuracy: 0.6084
epoch:  25, time:  0.00s (speed 4211.8), loss (KDloss): 76520.9922, validation accuracy: 0.6209
Trained in 5m 34s.
Student with KD (Random): Test set predicted in  0.47s with 0.6202 accuracy.


Train student without KD
Backprop: batch_size:20 epochs:25, Adam (α:0.0001 β1:0.9 β2:0.999), CCE
Training on CPU...
epoch:  10, time: 10.05s (speed 4162.9), loss (CCE): 57515.9258, validation accuracy: 0.4741
epoch:  20, time:  9.65s (speed 4347.3), loss (CCE): 49426.2852, validation accuracy: 0.5527
epoch:  25, time:  0.00s (speed 4382.5), loss (CCE): 46592.5156, validation accuracy: 0.5751
Trained in 4m 07s.
Student without KD: Test set predicted in  0.47s with 0.5712 accuracy.


Train student with normal KD
Backprop: batch_size:20 epochs:25, Adam (α:0.0001 β1:0.9 β2:0.999), KDloss (α:0.2 T:5)
Training on CPU...
epoch:  10, time: 10.39s (speed 4020.8), loss (KDloss): 81009.5469, validation accuracy: 0.4811
epoch:  20, time: 10.23s (speed 4086.0), loss (KDloss): 78464.6016, validation accuracy: 0.5649
epoch:  25, time:  0.00s (speed 4317.1), loss (KDloss): 77694.0391, validation accuracy: 0.5846
Trained in 4m 14s.
Student with KD: Test set predicted in  0.55s with 0.5815 accuracy.

RESULTS:
0.619800 Student without KD (but GA initialization)
0.625600 Student with KD (best)
0.619500 Student with KD (worst)
0.612040 Student with KD (Random, Average)
0.571200 Student without KD (normal initialization)
0.581500 Student with KD (normal initialization)
