CPU: [Intel(R) Core(TM) i5-7200U CPU @ 2.50GHz]
4 threads with OpenMP
Teacher data: X (50000,784) 149.5 MB, Y (50000,10)
Student data: X (50000,784) 149.5 MB, Y (50000,10)
Validation data: X (10000,784) 29.9 MB, Y (10000,10)
Testing data: X (10000,784) 29.9 MB, Y (10000,10)
Trained teacher test set predicted in 6.45 secs with 0.9914 accuracy.

w1:300/1
w2:9600/142
w3:61440/831

Network: mnistkdga-trained-teacher(nodropout)
Input, shape:[28,28], parameters: 0, memory:3.1 KB
Conv2D(ReLU), shape:[24,24,12] (k:5,s:1,pad:no), parameters:300, memory:29.3 KB
Maxpool2D shape:[12,12,12] (k:2,s:2), parameters:0, memory:6.8 KB
Conv2D(ReLU), shape:[12,12,32] (k:5,s:1,pad:same), parameters:9600, memory:59.4 MB
Maxpool2D shape:[6,6,32] (k:2,s:2), parameters:0, memory:4.5 KB
Conv2D(ReLU), shape:[5,5,120] (k:4,s:1,pad:same), parameters:61440, memory:19.5 MB
Dense(ReLU), shape:[84], parameters:252084, memory:1.9 MB
Dense(Linear), shape:[10], parameters:850, memory:6.6 KB

Network: mnistkdga-student
Input, shape:[28,28], parameters: 0, memory:3.1 KB
Conv2D(ReLU), shape:[24,24,4] (k:5,s:1,pad:no), parameters:100, memory:9.8 KB
Maxpool2D shape:[12,12,4] (k:2,s:2), parameters:0, memory:2.2 KB
Conv2D(ReLU), shape:[12,12,10] (k:5,s:1,pad:same), parameters:1000, memory:13.4 KB
Maxpool2D shape:[6,6,10] (k:2,s:2), parameters:0, memory:1.4 KB
Conv2D(ReLU), shape:[5,5,40] (k:4,s:1,pad:same), parameters:6400, memory:53.9 KB
Dense(ReLU), shape:[20], parameters:20020, memory:156.4 KB
Dense(Linear), shape:[10], parameters:210, memory:1.6 KB


Number of indeces in each chain: 54
Evolution finished, top-10 members:
member   1, fitness=0.953800, 2 10 0 7 23 28 24 17 15 10 25 18 5 7 65 38 119 46 77 1 32 15 24 35 111 104 13 112 96 17 59 80 42 33 113 41 81 30 63 92 50 44 98 118 116 107 78 115 0 4 12 79 57 3 
member   2, fitness=0.950700, 11 5 6 7 17 25 18 5 14 13 0 24 28 15 112 84 33 113 41 13 96 17 57 3 51 81 24 46 53 31 59 4 65 67 82 21 48 22 107 78 44 98 118 116 38 119 77 1 0 115 32 15 103 111 
member   3, fitness=0.950400, 7 6 5 0 15 14 5 13 25 20 24 6 17 16 33 113 84 41 13 112 96 53 65 67 81 38 119 46 77 1 32 15 24 44 98 118 4 21 48 0 57 49 62 68 59 80 17 107 78 115 103 111 104 56 
member   4, fitness=0.949900, 11 5 7 6 17 25 18 5 14 13 0 24 28 11 112 84 33 113 41 13 96 17 57 3 51 81 24 46 53 31 59 4 65 67 82 21 48 22 107 78 44 98 118 116 38 119 77 1 0 115 32 15 94 86 
member   5, fitness=0.948500, 7 10 5 6 15 30 24 13 14 5 25 10 28 4 33 113 41 53 65 67 81 13 112 96 57 3 21 48 0 17 107 78 115 38 44 98 118 116 94 86 74 119 46 77 1 32 60 24 109 35 39 101 20 26 
member   6, fitness=0.948400, 6 5 10 7 15 31 14 13 16 10 24 5 25 26 33 113 53 65 67 13 112 96 4 41 38 119 46 77 1 32 15 24 103 21 61 0 17 107 78 115 44 98 118 116 94 86 74 81 109 60 35 39 101 20 
member   7, fitness=0.948000, 7 5 10 2 15 24 13 17 25 10 18 5 19 4 33 113 41 74 65 13 112 96 4 21 48 0 17 107 78 115 38 119 53 44 98 118 116 94 86 109 35 22 84 87 111 1 42 81 39 101 20 26 2 97 
member   8, fitness=0.947000, 11 5 7 4 17 25 15 31 24 11 0 14 13 16 112 13 96 53 65 67 33 44 98 118 116 94 86 74 109 113 41 4 21 48 0 17 107 78 115 38 119 45 77 84 87 111 57 49 37 35 46 81 24 63 
member   9, fitness=0.946600, 10 5 6 7 24 13 28 25 15 23 17 10 14 16 53 21 48 22 17 107 78 44 98 118 65 38 119 46 77 1 32 60 24 0 115 116 94 86 74 109 35 39 101 20 26 2 97 105 114 84 14 104 23 13 
member  10, fitness=0.946100, 10 2 0 7 24 16 14 13 15 23 28 17 10 25 53 44 34 118 116 94 86 74 109 35 65 38 119 46 77 13 112 96 4 21 1 32 15 24 33 113 41 81 30 63 92 98 95 0 17 84 111 104 59 80 
member 100, fitness=0.917500, 6 5 11 10 14 13 24 28 17 25 0 11 15 5 44 98 118 116 94 86 74 109 35 13 112 96 53 33 113 41 81 24 17 65 38 119 46 77 1 21 48 0 84 87 107 78 115 32 15 95 4 57 49 67 

Train student with KD, filters choosen by the GA (train only dense layers)
Best member: 2 10 0 7 23 28 24 17 15 10 25 18 5 7 65 38 119 46 77 1 32 15 24 35 111 104 13 112 96 17 59 80 42 33 113 41 81 30 63 92 50 44 98 118 116 107 78 115 0 4 12 79 57 3 
Backprop: batch_size:20 epochs:25, Adam (α:0.0001 β1:0.9 β2:0.999), KDloss (α:0.2 T:5)
Training on CPU...
epoch: 1, time: 8.32 secs (speed 6968.8), loss (KDloss): 96541.0859, validation accuracy: 0.8734
epoch: 2, time: 8.43 secs (speed 6717.8), loss (KDloss): 67692.0078, validation accuracy: 0.9115
epoch: 3, time: 8.25 secs (speed 6932.3), loss (KDloss): 51779.0234, validation accuracy: 0.9258
epoch: 4, time: 8.20 secs (speed 6943.0), loss (KDloss): 43444.9531, validation accuracy: 0.9351
epoch: 5, time: 8.78 secs (speed 6389.9), loss (KDloss): 39071.7266, validation accuracy: 0.9409
epoch: 6, time: 8.16 secs (speed 6990.5), loss (KDloss): 36572.1914, validation accuracy: 0.9457
epoch: 7, time: 8.46 secs (speed 6741.8), loss (KDloss): 34969.7305, validation accuracy: 0.9507
epoch: 8, time: 8.19 secs (speed 6975.2), loss (KDloss): 33862.8164, validation accuracy: 0.9541
epoch: 9, time: 8.72 secs (speed 6702.8), loss (KDloss): 33049.9961, validation accuracy: 0.9575
epoch: 10, time: 8.20 secs (speed 6950.8), loss (KDloss): 32428.1738, validation accuracy: 0.9604
epoch: 11, time: 8.21 secs (speed 6943.0), loss (KDloss): 31931.1973, validation accuracy: 0.9614
epoch: 12, time: 8.74 secs (speed 6459.0), loss (KDloss): 31524.3145, validation accuracy: 0.9631
epoch: 13, time: 9.80 secs (speed 5584.2), loss (KDloss): 31182.2949, validation accuracy: 0.9639
epoch: 14, time: 8.38 secs (speed 6771.2), loss (KDloss): 30889.4180, validation accuracy: 0.9659
epoch: 15, time: 8.38 secs (speed 6965.8), loss (KDloss): 30634.8262, validation accuracy: 0.9669
epoch: 16, time: 8.62 secs (speed 6603.2), loss (KDloss): 30411.0684, validation accuracy: 0.9689
epoch: 17, time: 8.27 secs (speed 6876.4), loss (KDloss): 30215.3242, validation accuracy: 0.9696
epoch: 18, time: 8.29 secs (speed 6893.6), loss (KDloss): 30040.0547, validation accuracy: 0.9699
epoch: 19, time: 8.65 secs (speed 6485.6), loss (KDloss): 29879.5703, validation accuracy: 0.9708
epoch: 20, time: 8.20 secs (speed 6954.4), loss (KDloss): 29733.5898, validation accuracy: 0.9707
epoch: 21, time: 8.23 secs (speed 6948.6), loss (KDloss): 29604.8750, validation accuracy: 0.9717
epoch: 22, time: 8.44 secs (speed 6694.2), loss (KDloss): 29484.0938, validation accuracy: 0.9719
epoch: 23, time: 8.61 secs (speed 6595.7), loss (KDloss): 29371.4766, validation accuracy: 0.9725
epoch: 24, time: 8.45 secs (speed 6712.9), loss (KDloss): 29271.3496, validation accuracy: 0.9728
epoch: 25, time: 8.19 secs (speed 6965.7), loss (KDloss): 29171.0918, validation accuracy: 0.9737
Trained in 3 mins and 31 secs.
Student with KD (GA optimized): Test set predicted in 1.03 secs with 0.9724 accuracy.


Train student with KD, filters choosen by the GA (full training)
Best member: 2 10 0 7 23 28 24 17 15 10 25 18 5 7 65 38 119 46 77 1 32 15 24 35 111 104 13 112 96 17 59 80 42 33 113 41 81 30 63 92 50 44 98 118 116 107 78 115 0 4 12 79 57 3 
Backprop: batch_size:20 epochs:25, Adam (α:0.0001 β1:0.9 β2:0.999), KDloss (α:0.2 T:5)
Training on CPU...
epoch: 1, time: 18.16 secs (speed 2923.4), loss (KDloss): 46667.9180, validation accuracy: 0.9636
epoch: 2, time: 18.38 secs (speed 2883.4), loss (KDloss): 30020.4707, validation accuracy: 0.9718
epoch: 3, time: 18.06 secs (speed 2935.7), loss (KDloss): 28764.4629, validation accuracy: 0.9775
epoch: 4, time: 18.43 secs (speed 2870.3), loss (KDloss): 28105.2793, validation accuracy: 0.9791
epoch: 5, time: 17.71 secs (speed 2991.1), loss (KDloss): 27669.3750, validation accuracy: 0.9798
epoch: 6, time: 18.32 secs (speed 2889.2), loss (KDloss): 27329.5762, validation accuracy: 0.9823
epoch: 7, time: 18.31 secs (speed 2893.9), loss (KDloss): 27081.7930, validation accuracy: 0.9821
epoch: 8, time: 18.31 secs (speed 2894.7), loss (KDloss): 26875.6270, validation accuracy: 0.9852
epoch: 9, time: 18.35 secs (speed 2881.5), loss (KDloss): 26715.6445, validation accuracy: 0.9853
epoch: 10, time: 18.09 secs (speed 2928.5), loss (KDloss): 26592.7734, validation accuracy: 0.9852
epoch: 11, time: 18.78 secs (speed 2800.5), loss (KDloss): 26484.5957, validation accuracy: 0.9847
epoch: 12, time: 18.20 secs (speed 2915.5), loss (KDloss): 26397.9375, validation accuracy: 0.9863
epoch: 13, time: 18.01 secs (speed 2933.8), loss (KDloss): 26325.1758, validation accuracy: 0.9851
epoch: 14, time: 18.46 secs (speed 2862.3), loss (KDloss): 26267.0879, validation accuracy: 0.9864
epoch: 15, time: 18.10 secs (speed 2965.8), loss (KDloss): 26204.1758, validation accuracy: 0.9864
epoch: 16, time: 17.99 secs (speed 2945.2), loss (KDloss): 26157.8301, validation accuracy: 0.9868
epoch: 17, time: 18.13 secs (speed 2913.8), loss (KDloss): 26110.5020, validation accuracy: 0.9870
epoch: 18, time: 17.94 secs (speed 2991.5), loss (KDloss): 26068.2617, validation accuracy: 0.9876
epoch: 19, time: 18.86 secs (speed 2794.6), loss (KDloss): 26033.4238, validation accuracy: 0.9876
epoch: 20, time: 18.05 secs (speed 2930.8), loss (KDloss): 26001.6562, validation accuracy: 0.9866
epoch: 21, time: 18.32 secs (speed 2885.7), loss (KDloss): 25970.8086, validation accuracy: 0.9864
epoch: 22, time: 18.67 secs (speed 2832.1), loss (KDloss): 25944.4375, validation accuracy: 0.9870
epoch: 23, time: 18.01 secs (speed 2939.0), loss (KDloss): 25920.2910, validation accuracy: 0.9876
epoch: 24, time: 18.01 secs (speed 2937.9), loss (KDloss): 25891.4824, validation accuracy: 0.9876
epoch: 25, time: 18.66 secs (speed 2904.4), loss (KDloss): 25868.9336, validation accuracy: 0.9869
Trained in 7 mins and 36 secs.
Student with KD (GA optimized): Test set predicted in 1.03 secs with 0.9898 accuracy.


Train student with KD, filters choosen by the GA (full training)
Worst member: 6 5 11 10 14 13 24 28 17 25 0 11 15 5 44 98 118 116 94 86 74 109 35 13 112 96 53 33 113 41 81 24 17 65 38 119 46 77 1 21 48 0 84 87 107 78 115 32 15 95 4 57 49 67 
Backprop: batch_size:20 epochs:25, Adam (α:0.0001 β1:0.9 β2:0.999), KDloss (α:0.2 T:5)
Training on CPU...
epoch: 1, time: 17.92 secs (speed 2969.3), loss (KDloss): 53697.1680, validation accuracy: 0.9354
epoch: 2, time: 18.75 secs (speed 2834.0), loss (KDloss): 33607.5781, validation accuracy: 0.9578
epoch: 3, time: 19.10 secs (speed 2764.4), loss (KDloss): 30709.9629, validation accuracy: 0.9673
epoch: 4, time: 18.89 secs (speed 2789.6), loss (KDloss): 29465.0547, validation accuracy: 0.9713
epoch: 5, time: 18.78 secs (speed 2811.1), loss (KDloss): 28761.8066, validation accuracy: 0.9754
epoch: 6, time: 18.68 secs (speed 2843.8), loss (KDloss): 28272.9941, validation accuracy: 0.9756
epoch: 7, time: 18.77 secs (speed 2865.5), loss (KDloss): 27898.9512, validation accuracy: 0.9766
epoch: 8, time: 18.54 secs (speed 2850.1), loss (KDloss): 27622.3926, validation accuracy: 0.9802
epoch: 9, time: 18.81 secs (speed 2815.5), loss (KDloss): 27392.7402, validation accuracy: 0.9795
epoch: 10, time: 19.00 secs (speed 2783.8), loss (KDloss): 27195.1348, validation accuracy: 0.9822
epoch: 11, time: 18.36 secs (speed 2884.2), loss (KDloss): 27023.1816, validation accuracy: 0.9825
epoch: 12, time: 18.84 secs (speed 2801.8), loss (KDloss): 26892.2715, validation accuracy: 0.9831
epoch: 13, time: 19.02 secs (speed 2779.9), loss (KDloss): 26774.8867, validation accuracy: 0.9836
epoch: 14, time: 18.71 secs (speed 2828.6), loss (KDloss): 26664.1523, validation accuracy: 0.9836
epoch: 15, time: 18.97 secs (speed 2787.1), loss (KDloss): 26574.9121, validation accuracy: 0.9840
epoch: 16, time: 18.92 secs (speed 2796.2), loss (KDloss): 26496.7773, validation accuracy: 0.9844
epoch: 17, time: 18.09 secs (speed 2929.0), loss (KDloss): 26426.2070, validation accuracy: 0.9848
epoch: 18, time: 18.99 secs (speed 2815.7), loss (KDloss): 26361.3301, validation accuracy: 0.9858
epoch: 19, time: 19.24 secs (speed 2747.3), loss (KDloss): 26305.0234, validation accuracy: 0.9858
epoch: 20, time: 18.86 secs (speed 2800.3), loss (KDloss): 26253.2227, validation accuracy: 0.9850
epoch: 21, time: 18.74 secs (speed 2817.5), loss (KDloss): 26208.6328, validation accuracy: 0.9844
epoch: 22, time: 18.99 secs (speed 2824.3), loss (KDloss): 26164.0410, validation accuracy: 0.9867
epoch: 23, time: 18.39 secs (speed 2875.2), loss (KDloss): 26127.3945, validation accuracy: 0.9864
epoch: 24, time: 18.74 secs (speed 2827.9), loss (KDloss): 26092.8984, validation accuracy: 0.9863
epoch: 25, time: 18.51 secs (speed 2859.6), loss (KDloss): 26065.2617, validation accuracy: 0.9858
Trained in 7 mins and 48 secs.
Student with KD (GA optimized): Test set predicted in 1.03 secs with 0.988 accuracy.


Train student with KD, filters choosen randomly (full training)
Random0: 2 3 1 11 28 30 15 7 24 23 12 29 21 14 32 51 64 77 33 17 8 102 7 86 94 82 69 50 88 107 27 109 115 119 29 38 110 89 49 5 48 12 36 45 65 106 93 13 18 79 118 58 40 16 
Backprop: batch_size:20 epochs:25, Adam (α:0.0001 β1:0.9 β2:0.999), KDloss (α:0.2 T:5)
Training on CPU...
epoch: 1, time: 18.38 secs (speed 2885.3), loss (KDloss): 55279.4688, validation accuracy: 0.9307
epoch: 2, time: 18.80 secs (speed 2811.5), loss (KDloss): 34384.0273, validation accuracy: 0.9523
epoch: 3, time: 19.02 secs (speed 2822.2), loss (KDloss): 31256.8711, validation accuracy: 0.9670
epoch: 4, time: 18.81 secs (speed 2800.4), loss (KDloss): 29948.2988, validation accuracy: 0.9726
epoch: 5, time: 18.76 secs (speed 2813.8), loss (KDloss): 29204.7461, validation accuracy: 0.9740
epoch: 6, time: 18.92 secs (speed 2784.4), loss (KDloss): 28694.7324, validation accuracy: 0.9765
epoch: 7, time: 19.06 secs (speed 2769.7), loss (KDloss): 28329.9570, validation accuracy: 0.9776
epoch: 8, time: 18.73 secs (speed 2869.9), loss (KDloss): 28027.7500, validation accuracy: 0.9808
epoch: 9, time: 18.98 secs (speed 2780.3), loss (KDloss): 27789.3457, validation accuracy: 0.9814
epoch: 10, time: 18.95 secs (speed 2829.3), loss (KDloss): 27569.4648, validation accuracy: 0.9824
epoch: 11, time: 18.78 secs (speed 2816.3), loss (KDloss): 27402.1055, validation accuracy: 0.9836
epoch: 12, time: 19.09 secs (speed 2761.2), loss (KDloss): 27247.0469, validation accuracy: 0.9838
epoch: 13, time: 18.53 secs (speed 2902.5), loss (KDloss): 27120.7168, validation accuracy: 0.9833
epoch: 14, time: 18.57 secs (speed 2855.8), loss (KDloss): 27006.6309, validation accuracy: 0.9845
epoch: 15, time: 19.23 secs (speed 2744.4), loss (KDloss): 26896.2188, validation accuracy: 0.9835
epoch: 16, time: 18.90 secs (speed 2803.9), loss (KDloss): 26802.1016, validation accuracy: 0.9854
epoch: 17, time: 19.11 secs (speed 2761.7), loss (KDloss): 26713.3945, validation accuracy: 0.9864
epoch: 18, time: 19.03 secs (speed 2876.7), loss (KDloss): 26634.3125, validation accuracy: 0.9847
epoch: 19, time: 18.45 secs (speed 2865.7), loss (KDloss): 26567.8887, validation accuracy: 0.9865
epoch: 20, time: 18.83 secs (speed 2796.9), loss (KDloss): 26497.9258, validation accuracy: 0.9852
epoch: 21, time: 18.72 secs (speed 2824.1), loss (KDloss): 26435.1602, validation accuracy: 0.9844
epoch: 22, time: 18.98 secs (speed 2777.5), loss (KDloss): 26397.2812, validation accuracy: 0.9868
epoch: 23, time: 19.12 secs (speed 2759.9), loss (KDloss): 26343.4492, validation accuracy: 0.9872
epoch: 24, time: 18.36 secs (speed 2884.4), loss (KDloss): 26298.0859, validation accuracy: 0.9867
epoch: 25, time: 19.40 secs (speed 2715.0), loss (KDloss): 26264.1172, validation accuracy: 0.9872
Trained in 7 mins and 51 secs.
Student with KD (random filters): Test set predicted in 1.03 secs with 0.9869 accuracy.


Train student with KD, filters choosen randomly (full training)
Random1: 11 3 6 7 15 29 0 3 28 30 31 7 23 27 44 59 26 32 60 15 75 111 0 102 18 70 73 103 117 7 49 51 55 53 113 88 112 116 45 12 37 25 40 23 64 58 52 3 56 4 63 21 74 92 
Backprop: batch_size:20 epochs:25, Adam (α:0.0001 β1:0.9 β2:0.999), KDloss (α:0.2 T:5)
Training on CPU...
epoch: 1, time: 18.24 secs (speed 2904.3), loss (KDloss): 51957.8398, validation accuracy: 0.9443
epoch: 2, time: 18.18 secs (speed 2901.7), loss (KDloss): 32236.8730, validation accuracy: 0.9609
epoch: 3, time: 18.49 secs (speed 2865.1), loss (KDloss): 30012.3066, validation accuracy: 0.9698
epoch: 4, time: 17.83 secs (speed 2981.8), loss (KDloss): 28891.5000, validation accuracy: 0.9728
epoch: 5, time: 18.33 secs (speed 2887.0), loss (KDloss): 28189.3066, validation accuracy: 0.9798
epoch: 6, time: 18.27 secs (speed 2903.6), loss (KDloss): 27715.5664, validation accuracy: 0.9803
epoch: 7, time: 18.13 secs (speed 2924.5), loss (KDloss): 27388.6016, validation accuracy: 0.9817
epoch: 8, time: 18.09 secs (speed 2926.1), loss (KDloss): 27118.8613, validation accuracy: 0.9831
epoch: 9, time: 18.13 secs (speed 2912.1), loss (KDloss): 26928.1387, validation accuracy: 0.9835
epoch: 10, time: 18.41 secs (speed 2869.1), loss (KDloss): 26761.7695, validation accuracy: 0.9844
epoch: 11, time: 18.59 secs (speed 2847.8), loss (KDloss): 26621.7148, validation accuracy: 0.9855
epoch: 12, time: 18.06 secs (speed 2925.5), loss (KDloss): 26516.7520, validation accuracy: 0.9859
epoch: 13, time: 18.05 secs (speed 2936.1), loss (KDloss): 26423.7617, validation accuracy: 0.9869
epoch: 14, time: 18.04 secs (speed 2933.0), loss (KDloss): 26349.5918, validation accuracy: 0.9869
epoch: 15, time: 18.08 secs (speed 2926.8), loss (KDloss): 26269.1367, validation accuracy: 0.9873
epoch: 16, time: 18.01 secs (speed 2948.3), loss (KDloss): 26213.5156, validation accuracy: 0.9871
epoch: 17, time: 18.38 secs (speed 2878.7), loss (KDloss): 26155.5176, validation accuracy: 0.9872
epoch: 18, time: 17.94 secs (speed 2950.3), loss (KDloss): 26106.8164, validation accuracy: 0.9882
epoch: 19, time: 17.86 secs (speed 2972.3), loss (KDloss): 26063.4004, validation accuracy: 0.9878
epoch: 20, time: 18.03 secs (speed 2937.0), loss (KDloss): 26028.9375, validation accuracy: 0.9878
epoch: 21, time: 17.70 secs (speed 2998.0), loss (KDloss): 25991.6094, validation accuracy: 0.9883
epoch: 22, time: 17.79 secs (speed 2984.0), loss (KDloss): 25956.6680, validation accuracy: 0.9886
epoch: 23, time: 18.14 secs (speed 2912.1), loss (KDloss): 25930.8184, validation accuracy: 0.9891
epoch: 24, time: 17.94 secs (speed 3015.4), loss (KDloss): 25895.0039, validation accuracy: 0.9890
epoch: 25, time: 17.64 secs (speed 3001.3), loss (KDloss): 25873.8867, validation accuracy: 0.9880
Trained in 7 mins and 32 secs.
Student with KD (random filters): Test set predicted in 1.04 secs with 0.9886 accuracy.


Train student with KD, filters choosen randomly (full training)
Random2: 10 7 0 1 18 24 10 15 28 31 4 25 23 13 2 70 110 84 6 50 37 78 33 107 91 71 58 15 99 73 96 111 41 1 97 79 5 46 49 83 72 116 34 0 64 40 67 114 52 11 43 62 14 30 
Backprop: batch_size:20 epochs:25, Adam (α:0.0001 β1:0.9 β2:0.999), KDloss (α:0.2 T:5)
Training on CPU...
epoch: 1, time: 19.30 secs (speed 2743.0), loss (KDloss): 52105.9766, validation accuracy: 0.9453
epoch: 2, time: 19.18 secs (speed 2751.3), loss (KDloss): 31871.2441, validation accuracy: 0.9642
epoch: 3, time: 19.02 secs (speed 2779.2), loss (KDloss): 29662.8164, validation accuracy: 0.9729
epoch: 4, time: 18.55 secs (speed 2852.3), loss (KDloss): 28649.1387, validation accuracy: 0.9761
epoch: 5, time: 18.73 secs (speed 2827.6), loss (KDloss): 28031.1309, validation accuracy: 0.9798
epoch: 6, time: 20.31 secs (speed 2571.7), loss (KDloss): 27609.5078, validation accuracy: 0.9810
epoch: 7, time: 18.95 secs (speed 2779.6), loss (KDloss): 27291.0273, validation accuracy: 0.9812
epoch: 8, time: 19.11 secs (speed 2811.8), loss (KDloss): 27062.7188, validation accuracy: 0.9827
epoch: 9, time: 18.48 secs (speed 2863.7), loss (KDloss): 26884.1621, validation accuracy: 0.9838
epoch: 10, time: 18.30 secs (speed 2890.8), loss (KDloss): 26744.4551, validation accuracy: 0.9847
epoch: 11, time: 18.81 secs (speed 2808.7), loss (KDloss): 26618.6504, validation accuracy: 0.9852
epoch: 12, time: 18.59 secs (speed 2896.0), loss (KDloss): 26521.9863, validation accuracy: 0.9851
epoch: 13, time: 18.55 secs (speed 2851.3), loss (KDloss): 26435.3672, validation accuracy: 0.9867
epoch: 14, time: 19.79 secs (speed 2662.1), loss (KDloss): 26358.3379, validation accuracy: 0.9868
epoch: 15, time: 18.68 secs (speed 2831.2), loss (KDloss): 26292.5156, validation accuracy: 0.9865
epoch: 16, time: 18.36 secs (speed 2881.0), loss (KDloss): 26232.5996, validation accuracy: 0.9868
epoch: 17, time: 19.16 secs (speed 2760.8), loss (KDloss): 26184.2188, validation accuracy: 0.9873
epoch: 18, time: 18.10 secs (speed 2920.8), loss (KDloss): 26135.7324, validation accuracy: 0.9876
epoch: 19, time: 18.98 secs (speed 2771.7), loss (KDloss): 26096.5176, validation accuracy: 0.9878
epoch: 20, time: 18.59 secs (speed 2853.1), loss (KDloss): 26052.3633, validation accuracy: 0.9875
epoch: 21, time: 17.98 secs (speed 2945.2), loss (KDloss): 26017.5000, validation accuracy: 0.9877
epoch: 22, time: 18.58 secs (speed 2845.3), loss (KDloss): 25987.0957, validation accuracy: 0.9883
epoch: 23, time: 18.66 secs (speed 2873.4), loss (KDloss): 25957.1660, validation accuracy: 0.9890
epoch: 24, time: 18.84 secs (speed 2830.9), loss (KDloss): 25927.2793, validation accuracy: 0.9878
epoch: 25, time: 18.46 secs (speed 2867.8), loss (KDloss): 25902.7793, validation accuracy: 0.9889
Trained in 7 mins and 50 secs.
Student with KD (random filters): Test set predicted in 1.03 secs with 0.9883 accuracy.


Train student without KD
Backprop: batch_size:20 epochs:25, Adam (α:0.0001 β1:0.9 β2:0.999), CCE
Training on CPU...
epoch: 1, time: 18.49 secs (speed 2867.0), loss (CCE): 34074.5312, validation accuracy: 0.9322
epoch: 2, time: 19.11 secs (speed 2764.5), loss (CCE): 10612.6641, validation accuracy: 0.9526
epoch: 3, time: 19.25 secs (speed 2740.6), loss (CCE): 7652.6621, validation accuracy: 0.9645
epoch: 4, time: 18.54 secs (speed 2853.3), loss (CCE): 6291.0806, validation accuracy: 0.9662
epoch: 5, time: 19.33 secs (speed 2730.0), loss (CCE): 5460.3516, validation accuracy: 0.9712
epoch: 6, time: 19.71 secs (speed 2677.2), loss (CCE): 4873.5264, validation accuracy: 0.9721
epoch: 7, time: 19.12 secs (speed 2765.2), loss (CCE): 4461.9175, validation accuracy: 0.9749
epoch: 8, time: 19.30 secs (speed 2732.4), loss (CCE): 4154.6401, validation accuracy: 0.9764
epoch: 9, time: 19.14 secs (speed 2802.8), loss (CCE): 3857.2588, validation accuracy: 0.9739
epoch: 10, time: 19.00 secs (speed 2771.6), loss (CCE): 3602.4224, validation accuracy: 0.9794
epoch: 11, time: 19.43 secs (speed 2720.3), loss (CCE): 3365.0005, validation accuracy: 0.9795
epoch: 12, time: 19.05 secs (speed 2776.7), loss (CCE): 3212.8064, validation accuracy: 0.9804
epoch: 13, time: 19.37 secs (speed 2767.1), loss (CCE): 3040.1882, validation accuracy: 0.9789
epoch: 14, time: 19.15 secs (speed 2760.8), loss (CCE): 2881.2219, validation accuracy: 0.9808
epoch: 15, time: 19.57 secs (speed 2694.6), loss (CCE): 2724.8652, validation accuracy: 0.9821
epoch: 16, time: 19.36 secs (speed 2728.3), loss (CCE): 2623.0625, validation accuracy: 0.9822
epoch: 17, time: 19.51 secs (speed 2702.4), loss (CCE): 2516.2622, validation accuracy: 0.9836
epoch: 18, time: 18.76 secs (speed 2820.4), loss (CCE): 2408.5471, validation accuracy: 0.9840
epoch: 19, time: 19.26 secs (speed 2739.3), loss (CCE): 2292.3733, validation accuracy: 0.9831
epoch: 20, time: 19.24 secs (speed 2743.9), loss (CCE): 2163.2405, validation accuracy: 0.9843
epoch: 21, time: 19.12 secs (speed 2779.8), loss (CCE): 2070.9827, validation accuracy: 0.9822
epoch: 22, time: 19.04 secs (speed 2774.5), loss (CCE): 2041.5203, validation accuracy: 0.9843
epoch: 23, time: 19.37 secs (speed 2761.9), loss (CCE): 1912.1901, validation accuracy: 0.9837
epoch: 24, time: 19.21 secs (speed 2750.7), loss (CCE): 1849.6927, validation accuracy: 0.9822
epoch: 25, time: 19.48 secs (speed 2710.1), loss (CCE): 1770.5673, validation accuracy: 0.9846
Trained in 7 mins and 59 secs.
Student without KD: Test set predicted in 1.06 secs with 0.9824 accuracy.


Train student with normal KD
Backprop: batch_size:20 epochs:25, Adam (α:0.0001 β1:0.9 β2:0.999), KDloss (α:0.2 T:5)
Training on CPU...
epoch: 1, time: 18.48 secs (speed 2917.2), loss (KDloss): 56950.8008, validation accuracy: 0.9235
epoch: 2, time: 18.72 secs (speed 2823.5), loss (KDloss): 35137.7227, validation accuracy: 0.9512
epoch: 3, time: 19.08 secs (speed 2761.3), loss (KDloss): 31857.5293, validation accuracy: 0.9639
epoch: 4, time: 18.83 secs (speed 2807.5), loss (KDloss): 30279.8691, validation accuracy: 0.9684
epoch: 5, time: 19.43 secs (speed 2711.3), loss (KDloss): 29383.5918, validation accuracy: 0.9734
epoch: 6, time: 19.17 secs (speed 2754.2), loss (KDloss): 28800.5938, validation accuracy: 0.9755
epoch: 7, time: 18.48 secs (speed 2866.5), loss (KDloss): 28394.1660, validation accuracy: 0.9738
epoch: 8, time: 19.02 secs (speed 2766.9), loss (KDloss): 28082.3242, validation accuracy: 0.9777
epoch: 9, time: 19.11 secs (speed 2817.6), loss (KDloss): 27846.5020, validation accuracy: 0.9791
epoch: 10, time: 18.42 secs (speed 2867.8), loss (KDloss): 27614.5215, validation accuracy: 0.9809
epoch: 11, time: 19.00 secs (speed 2770.6), loss (KDloss): 27437.6953, validation accuracy: 0.9806
epoch: 12, time: 18.58 secs (speed 2845.8), loss (KDloss): 27290.7910, validation accuracy: 0.9805
epoch: 13, time: 18.59 secs (speed 2837.2), loss (KDloss): 27159.1523, validation accuracy: 0.9835
epoch: 14, time: 18.37 secs (speed 2884.5), loss (KDloss): 27043.7344, validation accuracy: 0.9831
epoch: 15, time: 18.32 secs (speed 2891.9), loss (KDloss): 26921.4453, validation accuracy: 0.9835
epoch: 16, time: 18.77 secs (speed 2819.6), loss (KDloss): 26830.2207, validation accuracy: 0.9836
epoch: 17, time: 17.92 secs (speed 2959.7), loss (KDloss): 26741.7773, validation accuracy: 0.9843
epoch: 18, time: 18.53 secs (speed 2852.3), loss (KDloss): 26657.3203, validation accuracy: 0.9846
epoch: 19, time: 18.76 secs (speed 2817.5), loss (KDloss): 26587.1387, validation accuracy: 0.9851
epoch: 20, time: 18.27 secs (speed 2899.6), loss (KDloss): 26515.6914, validation accuracy: 0.9847
epoch: 21, time: 18.67 secs (speed 2832.4), loss (KDloss): 26455.9512, validation accuracy: 0.9848
epoch: 22, time: 18.52 secs (speed 2899.4), loss (KDloss): 26405.3340, validation accuracy: 0.9854
epoch: 23, time: 18.29 secs (speed 2896.2), loss (KDloss): 26358.7422, validation accuracy: 0.9861
epoch: 24, time: 18.23 secs (speed 2907.0), loss (KDloss): 26308.9805, validation accuracy: 0.9861
epoch: 25, time: 18.19 secs (speed 2913.9), loss (KDloss): 26273.7266, validation accuracy: 0.9862
Trained in 7 mins and 45 secs.
Student with KD: Test set predicted in 1.03 secs with 0.9852 accuracy.

