CPU: [AMD Ryzen 9 5900X 12-Core Processor]
12 threads with OpenMP
Training data: (2000,784) 6.0 MB
Validation data: (5000,784) 15.0 MB
Testing data: (10000,784) 29.9 MB
Network: mnistga-ffnn
Input, shape:[28,28], parameters: 0, memory:3.1 KB
Dense(softmax), shape:[10], parameters:7850, memory:61.3 KB

Number of bits in each bitstring: 200
Evolving 200 members for 100 generations...
Generation   1, time: 22.72s, fitness max: 0.591200, min: 0.265200, mean: 0.431396
Generation   2, time: 22.84s, fitness max: 0.591200, min: 0.279000, mean: 0.433625
Generation   3, time: 19.61s, fitness max: 0.610000, min: 0.233000, mean: 0.436472
Generation   4, time: 25.30s, fitness max: 0.610000, min: 0.289000, mean: 0.452446
Generation   5, time: 23.85s, fitness max: 0.639000, min: 0.314200, mean: 0.462892
Generation   6, time: 23.92s, fitness max: 0.639000, min: 0.300200, mean: 0.478058
Generation   7, time: 23.39s, fitness max: 0.666000, min: 0.342600, mean: 0.494731
Generation   8, time: 23.18s, fitness max: 0.693000, min: 0.314400, mean: 0.506834
Generation   9, time: 26.01s, fitness max: 0.693000, min: 0.389600, mean: 0.521131
Generation  10, time: 23.07s, fitness max: 0.693000, min: 0.356800, mean: 0.521877
Generation  11, time: 25.08s, fitness max: 0.693000, min: 0.378400, mean: 0.534946
Generation  12, time: 26.27s, fitness max: 0.693000, min: 0.347800, mean: 0.548715
Generation  13, time: 26.49s, fitness max: 0.715400, min: 0.387600, mean: 0.553926
Generation  14, time: 25.54s, fitness max: 0.715400, min: 0.384800, mean: 0.563332
Generation  15, time: 21.10s, fitness max: 0.715400, min: 0.327400, mean: 0.564348
Generation  16, time: 20.16s, fitness max: 0.715400, min: 0.369600, mean: 0.569074
Generation  17, time: 23.39s, fitness max: 0.715400, min: 0.405400, mean: 0.579654
Generation  18, time: 19.71s, fitness max: 0.717000, min: 0.383000, mean: 0.578004
Generation  19, time: 25.16s, fitness max: 0.722400, min: 0.402800, mean: 0.585309
Generation  20, time: 21.38s, fitness max: 0.722400, min: 0.421400, mean: 0.593306
Generation  21, time: 21.29s, fitness max: 0.732400, min: 0.430200, mean: 0.592190
Generation  22, time: 22.08s, fitness max: 0.735200, min: 0.449800, mean: 0.597960
Generation  23, time: 20.51s, fitness max: 0.735200, min: 0.389600, mean: 0.601129
Generation  24, time: 22.90s, fitness max: 0.757200, min: 0.404200, mean: 0.601227
Generation  25, time: 22.84s, fitness max: 0.757200, min: 0.396800, mean: 0.605202
Generation  26, time: 24.68s, fitness max: 0.774600, min: 0.448400, mean: 0.610055
Generation  27, time: 21.78s, fitness max: 0.774600, min: 0.428200, mean: 0.614719
Generation  28, time: 23.07s, fitness max: 0.774600, min: 0.434800, mean: 0.627145
Generation  29, time: 21.89s, fitness max: 0.774600, min: 0.455600, mean: 0.632388
Generation  30, time: 22.24s, fitness max: 0.774600, min: 0.474000, mean: 0.630533
Generation  31, time: 21.55s, fitness max: 0.774600, min: 0.504400, mean: 0.641378
Generation  32, time: 22.67s, fitness max: 0.775600, min: 0.463600, mean: 0.652939
Generation  33, time: 20.77s, fitness max: 0.775600, min: 0.520200, mean: 0.651524
Generation  34, time: 18.96s, fitness max: 0.775600, min: 0.492400, mean: 0.650483
Generation  35, time: 17.02s, fitness max: 0.788200, min: 0.501200, mean: 0.663430
Generation  36, time: 21.45s, fitness max: 0.788200, min: 0.530400, mean: 0.665316
Generation  37, time: 23.08s, fitness max: 0.788200, min: 0.504800, mean: 0.670043
Generation  38, time: 26.86s, fitness max: 0.788200, min: 0.500800, mean: 0.668664
Generation  39, time: 24.14s, fitness max: 0.788200, min: 0.533200, mean: 0.674055
Generation  40, time: 20.94s, fitness max: 0.788200, min: 0.525000, mean: 0.680133
Generation  41, time: 23.64s, fitness max: 0.797000, min: 0.533800, mean: 0.686008
Generation  42, time: 21.83s, fitness max: 0.808200, min: 0.541000, mean: 0.691792
Generation  43, time: 19.98s, fitness max: 0.810200, min: 0.507400, mean: 0.693863
Generation  44, time: 22.10s, fitness max: 0.810200, min: 0.563400, mean: 0.704546
Generation  45, time: 21.26s, fitness max: 0.811800, min: 0.581600, mean: 0.711430
Generation  46, time: 21.59s, fitness max: 0.811800, min: 0.512200, mean: 0.705663
Generation  47, time: 23.98s, fitness max: 0.811800, min: 0.563000, mean: 0.706520
Generation  48, time: 21.15s, fitness max: 0.811800, min: 0.567800, mean: 0.709172
Generation  49, time: 21.83s, fitness max: 0.811800, min: 0.585000, mean: 0.717486
Generation  50, time: 23.46s, fitness max: 0.824200, min: 0.596800, mean: 0.717792
Generation  51, time: 22.85s, fitness max: 0.824200, min: 0.593800, mean: 0.724122
Generation  52, time: 16.70s, fitness max: 0.824200, min: 0.544000, mean: 0.725011
Generation  53, time: 19.96s, fitness max: 0.824400, min: 0.629000, mean: 0.734426
Generation  54, time: 17.79s, fitness max: 0.824400, min: 0.613800, mean: 0.739251
Generation  55, time: 18.29s, fitness max: 0.824400, min: 0.611800, mean: 0.741283
Generation  56, time: 17.66s, fitness max: 0.832600, min: 0.642200, mean: 0.743076
Generation  57, time: 16.43s, fitness max: 0.832600, min: 0.626800, mean: 0.748285
Generation  58, time: 17.58s, fitness max: 0.832600, min: 0.621600, mean: 0.751014
Generation  59, time: 21.07s, fitness max: 0.832600, min: 0.656800, mean: 0.757103
Generation  60, time: 17.91s, fitness max: 0.832600, min: 0.658200, mean: 0.757285
Generation  61, time: 18.85s, fitness max: 0.832600, min: 0.641400, mean: 0.763905
Generation  62, time: 20.44s, fitness max: 0.841200, min: 0.678800, mean: 0.769338
Generation  63, time: 18.42s, fitness max: 0.841200, min: 0.587200, mean: 0.769930
Generation  64, time: 21.18s, fitness max: 0.841200, min: 0.651400, mean: 0.769714
Generation  65, time: 20.01s, fitness max: 0.841200, min: 0.599800, mean: 0.773252
Generation  66, time: 21.65s, fitness max: 0.841200, min: 0.671200, mean: 0.774573
Generation  67, time: 20.36s, fitness max: 0.843800, min: 0.617400, mean: 0.776436
Generation  68, time: 25.73s, fitness max: 0.843800, min: 0.701200, mean: 0.777578
Generation  69, time: 25.62s, fitness max: 0.851600, min: 0.677400, mean: 0.778889
Generation  70, time: 24.64s, fitness max: 0.851600, min: 0.658800, mean: 0.780201
Generation  71, time: 20.97s, fitness max: 0.851600, min: 0.652200, mean: 0.777790
Generation  72, time: 21.85s, fitness max: 0.851600, min: 0.666200, mean: 0.782251
Generation  73, time: 21.38s, fitness max: 0.851600, min: 0.709800, mean: 0.785680
Generation  74, time: 20.25s, fitness max: 0.851600, min: 0.649400, mean: 0.783223
Generation  75, time: 19.39s, fitness max: 0.851600, min: 0.634800, mean: 0.785666
Generation  76, time: 17.77s, fitness max: 0.851600, min: 0.639800, mean: 0.785202
Generation  77, time: 19.96s, fitness max: 0.851600, min: 0.665000, mean: 0.786227
Generation  78, time: 17.64s, fitness max: 0.851600, min: 0.681400, mean: 0.784135
Generation  79, time: 19.82s, fitness max: 0.851600, min: 0.655800, mean: 0.788157
Generation  80, time: 19.56s, fitness max: 0.851600, min: 0.679800, mean: 0.791128
Generation  81, time: 21.82s, fitness max: 0.851600, min: 0.694200, mean: 0.793365
Generation  82, time: 25.18s, fitness max: 0.856200, min: 0.679800, mean: 0.794400
Generation  83, time: 22.34s, fitness max: 0.856200, min: 0.698200, mean: 0.795289
Generation  84, time: 21.53s, fitness max: 0.856200, min: 0.701200, mean: 0.796453
Generation  85, time: 20.21s, fitness max: 0.856200, min: 0.727400, mean: 0.795556
Generation  86, time: 17.02s, fitness max: 0.856200, min: 0.684400, mean: 0.796623
Generation  87, time: 19.06s, fitness max: 0.856200, min: 0.685000, mean: 0.798090
Generation  88, time: 22.31s, fitness max: 0.856200, min: 0.707400, mean: 0.800997
Generation  89, time: 19.80s, fitness max: 0.856200, min: 0.704400, mean: 0.800593
Generation  90, time: 18.55s, fitness max: 0.856200, min: 0.696600, mean: 0.802992
Generation  91, time: 19.32s, fitness max: 0.856200, min: 0.694000, mean: 0.804805
Generation  92, time: 19.47s, fitness max: 0.856200, min: 0.746400, mean: 0.808123
Generation  93, time: 17.07s, fitness max: 0.856200, min: 0.721800, mean: 0.812664
Generation  94, time: 20.69s, fitness max: 0.865800, min: 0.743000, mean: 0.814543
Generation  95, time: 16.88s, fitness max: 0.865800, min: 0.756400, mean: 0.817666
Generation  96, time: 21.16s, fitness max: 0.865800, min: 0.718800, mean: 0.820785
Generation  97, time: 17.92s, fitness max: 0.865800, min: 0.741600, mean: 0.822121
Generation  98, time: 19.82s, fitness max: 0.865800, min: 0.754800, mean: 0.821993
Generation  99, time: 18.71s, fitness max: 0.865800, min: 0.746600, mean: 0.825480
Generation 100, time: 20.14s, fitness max: 0.865800, min: 0.762400, mean: 0.825014
Evolution finished, top-10 members:
member   1, fitness=0.8658
member   2, fitness=0.8652
member   3, fitness=0.8642
member   4, fitness=0.8624
member   5, fitness=0.862
member   6, fitness=0.8592
member   7, fitness=0.8578
member   8, fitness=0.857
member   9, fitness=0.8548
member  10, fitness=0.8544
Trained in  0.10s.
Validation set predicted with 0.8656 accuracy.
Accuracy  = 0.8306
Precision = 0.838746
Recall    = 0.82819
F1        = 0.833435
Confusion matrix:
 858    0   15   33    4   38   25    3    4    0
   0 1053    8   41    1    3    4    0   25    0
   9   21  852   44   19    2   19   17   47    2
   3    4   12  915    4   45    6    7   10    4
   2   16    6    9  850    1   11    4   14   69
  13   38    6  100   18  649   21   15   25    7
  17    7   40    6   35   17  833    2    1    0
   2   33   31   30   19    0    2  851   20   40
   7   16   17  177    8   25   14    8  688   14
   9   11   20   62   87    6    3   36   18  757
CNN trained in  1.70s.
Accuracy  = 0.8766
Precision = 0.893028
Recall    = 0.874916
F1        = 0.883879
Confusion matrix:
 903    3    1   13   21    5   25    1    8    0
   0 1109    3    4    2    1    4    0   12    0
   5    1  943   44    7    1   15    4   12    0
   0    2   22  978    2    1    0    1    4    0
   0   24    3    4  924    0    4    2    2   19
   6    4    2  115    3  723    7    5   20    7
  11    6   12    1   25   22  871    0    9    1
   2   16   38  164    3    0    0  763   15   27
   1   11   12  147    6   11   10    0  773    3
   3   14    9   58   84    0    2   24   36  779
