CPU: [AMD Ryzen 9 5900X 12-Core Processor]
12 threads with OpenMP
Training data: (2000,784) 6.0 MB
Validation data: (5000,784) 15.0 MB
Testing data: (10000,784) 29.9 MB
Network: mnistga-ffnn
Input, shape:[28,28], parameters: 0, memory:3.1 KB
Dense(softmax), shape:[10], parameters:7850, memory:61.3 KB

Number of symbols in each bitstring: 20
Evolving 200 members for 10 generations...
Generation   1, time: 16.92s, fitness max: 0.676000, min: 0.087800, mean: 0.335598
Generation   2, time: 12.15s, fitness max: 0.676000, min: 0.106400, mean: 0.388260
Generation   3, time: 15.39s, fitness max: 0.676000, min: 0.169800, mean: 0.425346
Generation   4, time: 17.08s, fitness max: 0.690000, min: 0.168800, mean: 0.453472
Generation   5, time: 14.31s, fitness max: 0.708800, min: 0.191200, mean: 0.477804
Generation   6, time: 13.54s, fitness max: 0.717000, min: 0.186400, mean: 0.508907
Generation   7, time: 14.08s, fitness max: 0.817000, min: 0.230200, mean: 0.524453
Generation   8, time: 21.38s, fitness max: 0.865000, min: 0.252400, mean: 0.547394
Generation   9, time: 17.77s, fitness max: 0.865000, min: 0.201000, mean: 0.562006
Generation  10, time: 17.81s, fitness max: 0.865000, min: 0.232800, mean: 0.576128
Evolution finished, top-10 members:
G.O.A.T.  fitness=0.865
member   1, fitness=0.865
member   2, fitness=0.817
member   3, fitness=0.7784
member   4, fitness=0.7678
member   5, fitness=0.7572
member   6, fitness=0.7546
member   7, fitness=0.7388
member   8, fitness=0.7378
member   9, fitness=0.7342
member  10, fitness=0.7286
Trained in  0.28s.
Validation set predicted with 0.8768 accuracy.
Accuracy  = 0.8467
Precision = 0.846378
Recall    = 0.845415
F1        = 0.845896
Confusion matrix:
 892    0   13   11    0   44   15    2    2    1
   0 1085    6    6    0    9    4    0   25    0
  12   31  849   14   20    2   20   27   52    5
   5   11   30  834    3   82    5   15   21    4
   3   20    7    0  818    5   10   13   13   93
  13   14    4   33   12  761   19   13   15    8
  22   10   21    3   20   31  846    2    2    1
   1   40   30    7   13    1    3  887   12   34
  12   22   23   56    6   61   15   16  726   37
  12   18   21   16   68   18    4   69   14  769
CNN trained in  1.89s.
Accuracy  = 0.9035
Precision = 0.90852
Recall    = 0.902413
F1        = 0.905456
Confusion matrix:
 929    3   12   10    0   14    5    3    4    0
   0 1121    1    6    0    1    5    0    1    0
  13    3  930   34   10    7   13   17    5    0
   0    0   18  966    0   16    0    8    0    2
   1   16    1    0  940    0    2   10    2   10
   6    1    2   38    2  817    3   13    6    4
  21    9    8    2   30   26  856    0    5    1
   2   11   38   56    0    0    0  905    3   13
   1   14    4  103    6   47    9   23  755   12
   3   27   12   30   42   27    0   48    4  816
