CPU: [AMD Ryzen 9 5900X 12-Core Processor]
12 threads with OpenMP
Training data: (2000,784) 6.0 MB
Validation data: (5000,784) 15.0 MB
Testing data: (10000,784) 29.9 MB
Network: mnistga-ffnn
Input, shape:[28,28], parameters: 0, memory:3.1 KB
Dense(softmax), shape:[10], parameters:7850, memory:61.3 KB

Number of bits in each bitstring: 2000
Evolving 200 members for 100 generations...
Generation   1, time: 20.51s, fitness max: 0.549400, min: 0.334800, mean: 0.444235
Generation   2, time: 24.21s, fitness max: 0.549400, min: 0.323400, mean: 0.444608
Generation   3, time: 20.31s, fitness max: 0.549400, min: 0.333800, mean: 0.449221
Generation   4, time: 17.20s, fitness max: 0.557600, min: 0.353400, mean: 0.449800
Generation   5, time: 17.08s, fitness max: 0.557600, min: 0.348400, mean: 0.454894
Generation   6, time: 17.50s, fitness max: 0.557600, min: 0.358600, mean: 0.455551
Generation   7, time: 17.69s, fitness max: 0.575000, min: 0.365800, mean: 0.461999
Generation   8, time: 17.36s, fitness max: 0.575000, min: 0.361400, mean: 0.468017
Generation   9, time: 17.11s, fitness max: 0.575000, min: 0.329000, mean: 0.470751
Generation  10, time: 18.33s, fitness max: 0.575000, min: 0.355400, mean: 0.472039
Generation  11, time: 17.37s, fitness max: 0.575000, min: 0.372600, mean: 0.475064
Generation  12, time: 17.30s, fitness max: 0.586200, min: 0.382200, mean: 0.477449
Generation  13, time: 18.10s, fitness max: 0.586200, min: 0.358600, mean: 0.484424
Generation  14, time: 17.84s, fitness max: 0.586200, min: 0.382400, mean: 0.484523
Generation  15, time: 17.91s, fitness max: 0.586200, min: 0.362400, mean: 0.489238
Generation  16, time: 16.67s, fitness max: 0.586200, min: 0.399000, mean: 0.494188
Generation  17, time: 17.91s, fitness max: 0.586200, min: 0.366200, mean: 0.490170
Generation  18, time: 17.84s, fitness max: 0.586200, min: 0.381400, mean: 0.495761
Generation  19, time: 16.98s, fitness max: 0.588400, min: 0.412400, mean: 0.494329
Generation  20, time: 17.53s, fitness max: 0.588400, min: 0.382400, mean: 0.495984
Generation  21, time: 17.09s, fitness max: 0.588400, min: 0.396800, mean: 0.503618
Generation  22, time: 18.05s, fitness max: 0.588400, min: 0.417200, mean: 0.502486
Generation  23, time: 17.69s, fitness max: 0.588400, min: 0.357000, mean: 0.504978
Generation  24, time: 17.04s, fitness max: 0.588400, min: 0.420600, mean: 0.505946
Generation  25, time: 16.98s, fitness max: 0.588400, min: 0.386200, mean: 0.511494
Generation  26, time: 21.86s, fitness max: 0.588400, min: 0.427000, mean: 0.517062
Generation  27, time: 18.06s, fitness max: 0.593200, min: 0.427600, mean: 0.516182
Generation  28, time: 19.35s, fitness max: 0.599400, min: 0.385400, mean: 0.517308
Generation  29, time: 17.96s, fitness max: 0.599400, min: 0.425400, mean: 0.522515
Generation  30, time: 18.85s, fitness max: 0.610000, min: 0.379800, mean: 0.522198
Generation  31, time: 16.43s, fitness max: 0.610000, min: 0.386200, mean: 0.526102
Generation  32, time: 17.13s, fitness max: 0.612200, min: 0.428000, mean: 0.530579
Generation  33, time: 16.83s, fitness max: 0.612200, min: 0.430400, mean: 0.531468
Generation  34, time: 16.48s, fitness max: 0.612200, min: 0.395800, mean: 0.531327
Generation  35, time: 17.66s, fitness max: 0.616000, min: 0.438400, mean: 0.534740
Generation  36, time: 18.15s, fitness max: 0.616000, min: 0.453800, mean: 0.537877
Generation  37, time: 18.04s, fitness max: 0.621600, min: 0.435400, mean: 0.537317
Generation  38, time: 18.60s, fitness max: 0.621600, min: 0.426400, mean: 0.542280
Generation  39, time: 16.64s, fitness max: 0.621600, min: 0.455800, mean: 0.543794
Generation  40, time: 17.54s, fitness max: 0.628800, min: 0.443400, mean: 0.550426
Generation  41, time: 17.17s, fitness max: 0.628800, min: 0.445000, mean: 0.548880
Generation  42, time: 18.40s, fitness max: 0.628800, min: 0.444800, mean: 0.550329
Generation  43, time: 17.63s, fitness max: 0.628800, min: 0.437600, mean: 0.554739
Generation  44, time: 18.34s, fitness max: 0.634000, min: 0.417400, mean: 0.556128
Generation  45, time: 23.92s, fitness max: 0.634000, min: 0.418000, mean: 0.562181
Generation  46, time: 19.89s, fitness max: 0.634000, min: 0.475200, mean: 0.560448
Generation  47, time: 20.70s, fitness max: 0.634000, min: 0.484600, mean: 0.562561
Generation  48, time: 22.49s, fitness max: 0.651800, min: 0.465000, mean: 0.561490
Generation  49, time: 25.90s, fitness max: 0.651800, min: 0.465000, mean: 0.562566
Generation  50, time: 27.61s, fitness max: 0.651800, min: 0.450600, mean: 0.566953
Generation  51, time: 28.92s, fitness max: 0.651800, min: 0.466000, mean: 0.568572
Generation  52, time: 39.65s, fitness max: 0.651800, min: 0.482000, mean: 0.573031
Generation  53, time: 23.90s, fitness max: 0.651800, min: 0.436800, mean: 0.568977
Generation  54, time: 25.51s, fitness max: 0.651800, min: 0.465400, mean: 0.573228
Generation  55, time: 22.58s, fitness max: 0.651800, min: 0.478800, mean: 0.576527
Generation  56, time: 24.36s, fitness max: 0.655600, min: 0.502200, mean: 0.576484
Generation  57, time: 19.15s, fitness max: 0.655600, min: 0.461600, mean: 0.578277
Generation  58, time: 19.18s, fitness max: 0.655600, min: 0.483800, mean: 0.578369
Generation  59, time: 19.21s, fitness max: 0.658200, min: 0.459800, mean: 0.576717
Generation  60, time: 16.01s, fitness max: 0.658200, min: 0.477000, mean: 0.579508
Generation  61, time: 20.75s, fitness max: 0.658200, min: 0.468400, mean: 0.576019
Generation  62, time: 16.28s, fitness max: 0.658200, min: 0.473200, mean: 0.581187
Generation  63, time: 15.87s, fitness max: 0.658200, min: 0.490800, mean: 0.581490
Generation  64, time: 16.00s, fitness max: 0.658200, min: 0.478800, mean: 0.587057
Generation  65, time: 15.07s, fitness max: 0.658200, min: 0.483200, mean: 0.594188
Generation  66, time: 14.54s, fitness max: 0.658200, min: 0.521800, mean: 0.592713
Generation  67, time: 15.49s, fitness max: 0.673000, min: 0.496600, mean: 0.591705
Generation  68, time: 15.15s, fitness max: 0.673000, min: 0.476200, mean: 0.597384
Generation  69, time: 15.22s, fitness max: 0.673000, min: 0.513200, mean: 0.600218
Generation  70, time: 15.11s, fitness max: 0.673000, min: 0.485800, mean: 0.602147
Generation  71, time: 14.61s, fitness max: 0.673000, min: 0.500400, mean: 0.603759
Generation  72, time: 15.30s, fitness max: 0.686200, min: 0.501200, mean: 0.605439
Generation  73, time: 14.77s, fitness max: 0.686200, min: 0.500400, mean: 0.605278
Generation  74, time: 15.25s, fitness max: 0.686200, min: 0.512200, mean: 0.606193
Generation  75, time: 16.69s, fitness max: 0.686200, min: 0.524000, mean: 0.607134
Generation  76, time: 22.66s, fitness max: 0.686200, min: 0.452600, mean: 0.608245
Generation  77, time: 14.93s, fitness max: 0.686200, min: 0.521000, mean: 0.608616
Generation  78, time: 16.47s, fitness max: 0.686200, min: 0.521600, mean: 0.611756
Generation  79, time: 15.85s, fitness max: 0.686200, min: 0.516000, mean: 0.610275
Generation  80, time: 18.33s, fitness max: 0.686200, min: 0.509400, mean: 0.611399
Generation  81, time: 19.56s, fitness max: 0.686200, min: 0.491200, mean: 0.613588
Generation  82, time: 19.72s, fitness max: 0.686200, min: 0.474800, mean: 0.613895
Generation  83, time: 19.75s, fitness max: 0.686200, min: 0.512600, mean: 0.616556
Generation  84, time: 21.18s, fitness max: 0.686200, min: 0.516000, mean: 0.615546
Generation  85, time: 18.68s, fitness max: 0.686200, min: 0.533800, mean: 0.620822
Generation  86, time: 19.07s, fitness max: 0.686200, min: 0.526600, mean: 0.624787
Generation  87, time: 19.80s, fitness max: 0.686200, min: 0.534400, mean: 0.623856
Generation  88, time: 15.00s, fitness max: 0.688200, min: 0.478200, mean: 0.624366
Generation  89, time: 14.78s, fitness max: 0.695200, min: 0.530000, mean: 0.626996
Generation  90, time: 18.22s, fitness max: 0.695200, min: 0.510000, mean: 0.627080
Generation  91, time: 18.67s, fitness max: 0.695200, min: 0.517600, mean: 0.626757
Generation  92, time: 17.67s, fitness max: 0.695200, min: 0.546800, mean: 0.631104
Generation  93, time: 17.92s, fitness max: 0.700000, min: 0.553200, mean: 0.633921
Generation  94, time: 19.02s, fitness max: 0.700000, min: 0.545600, mean: 0.629494
Generation  95, time: 17.59s, fitness max: 0.700000, min: 0.563800, mean: 0.629735
Generation  96, time: 19.19s, fitness max: 0.700000, min: 0.520000, mean: 0.630098
Generation  97, time: 19.98s, fitness max: 0.700000, min: 0.559600, mean: 0.633943
Generation  98, time: 18.05s, fitness max: 0.700000, min: 0.525200, mean: 0.634258
Generation  99, time: 17.51s, fitness max: 0.700000, min: 0.528800, mean: 0.635805
Generation 100, time: 19.80s, fitness max: 0.700000, min: 0.538200, mean: 0.635546
Evolution finished, top-10 members:
member   1, fitness=0.7
member   2, fitness=0.6952
member   3, fitness=0.6952
member   4, fitness=0.6942
member   5, fitness=0.6934
member   6, fitness=0.691
member   7, fitness=0.6892
member   8, fitness=0.6886
member   9, fitness=0.6878
member  10, fitness=0.6794
Trained in  0.14s.
Validation set predicted with 0.6844 accuracy.
Accuracy  = 0.6552
Precision = 0.681491
Recall    = 0.651305
F1        = 0.666056
Confusion matrix:
 653    1   22   26  202   23   30   14    6    3
   0 1005    3    2    0    0    6    3  116    0
   4   45  653   31   14    1  163   14  101    6
   0   18  232  625    2   36   14   41   41    1
   0  434    5    2  373    0    7    8   44  109
   1   90   10   54   40  513   28  101   44   11
   5   38    3    0   81   10  740    1    6   74
   0   44   26  107   13    0    1  752   67   18
   3   35   25  149   26   15   19   19  669   14
   6   53   19   32   36    0    6   78  210  569
CNN trained in  2.18s.
Accuracy  = 0.6293
Precision = 0.684274
Recall    = 0.627321
F1        = 0.654561
Confusion matrix:
 404    0    2    0  525    1   32    6   10    0
   0  967    4   27    0    0    7    0  129    1
   0    1  752   34    2    1  222    7   10    3
   0    0  594  385    0    2    6   20    3    0
   0  247    1    0  663    0   10    0   54    7
   4    1    7   25    7  617   20  191   12    8
   4    0    0    0  111    2  815    1    4   21
   1    8   83  180   13    0    0  672   68    3
   5    0   39  292   15    7   54   22  531    9
   2    9    9   27   68    5    8   37  357  487
